
D:\Personal\sparql-query-benchmarking\trunk\cmd>java -jar target/sparql-query-bm-cli.jar http://localhost/sp2b/50k ../core/queries/sp2b.txt -f dotnetrdf_070_50k.csv -x dotnetrdf_070_50k.xml 
log4j:WARN No appenders could be found for logger (net.sf.sparql.query.benchmarking.queries.BenchmarkQueryMix).
log4j:WARN Please initialize the log4j system properly.
log4j:WARN See http://logging.apache.org/log4j/1.2/faq.html#noconfig for more info.
Running in verbose mode, run with -q or --quiet to disable
Benchmark Options
-----------------

Endpoint = http://localhost/sp2b/50k
Sanity Checking Level = 2
Warmups = 5
Runs = 25
Random Query Order = On
Outliers = 1
Timeout = 300 seconds
Max Delay between Queries = 1000 milliseconds
Result Limit = Query Specified
CSV Results File = dotnetrdf_070_50k.csv
XML Results File = dotnetrdf_070_50k.xml
Halt on Timeout = false
Halt on Error = false
Halt Any = false
ASK Results Format = application/sparql-results+xml
Graph Results Format = application/rdf+xml
SELECT Results Format = application/sparql-results+xml
GZip Encoding = disabled
Deflate Encoding = disabled
Parallel Threads = 1
Result Counting = enabled

Sanity checking the user specified endpoint...
Sanity Check 1 of 3...OK
Sanity Check 2 of 3...started responding in 0.004970097s...OK
Sanity Check 3 of 3...started responding in 0.003907346s...OK
Sanity Checks passed required sanity level...

Starting Benchmarking...
17 Queries were loaded:
Query ID 0 (1.txt)
PREFIX  dc:   <http://purl.org/dc/elements/1.1/>
PREFIX  bench: <http://localhost/vocabulary/bench/>
PREFIX  xsd:  <http://www.w3.org/2001/XMLSchema#>
PREFIX  rdf:  <http://www.w3.org/1999/02/22-rdf-syntax-ns#>
PREFIX  dcterms: <http://purl.org/dc/terms/>

SELECT  ?yr
WHERE
  { ?journal rdf:type bench:Journal .
    ?journal dc:title "Journal 1 (1940)"^^xsd:string .
    ?journal dcterms:issued ?yr
  }


Query ID 1 (2.txt)
PREFIX  dc:   <http://purl.org/dc/elements/1.1/>
PREFIX  rdfs: <http://www.w3.org/2000/01/rdf-schema#>
PREFIX  foaf: <http://xmlns.com/foaf/0.1/>
PREFIX  bench: <http://localhost/vocabulary/bench/>
PREFIX  rdf:  <http://www.w3.org/1999/02/22-rdf-syntax-ns#>
PREFIX  swrc: <http://swrc.ontoware.org/ontology#>
PREFIX  dcterms: <http://purl.org/dc/terms/>

SELECT  ?inproc ?author ?booktitle ?title ?proc ?ee ?page ?url ?yr ?abstract
WHERE
  { ?inproc rdf:type bench:Inproceedings .
    ?inproc dc:creator ?author .
    ?inproc bench:booktitle ?booktitle .
    ?inproc dc:title ?title .
    ?inproc dcterms:partOf ?proc .
    ?inproc rdfs:seeAlso ?ee .
    ?inproc swrc:pages ?page .
    ?inproc foaf:homepage ?url .
    ?inproc dcterms:issued ?yr
    OPTIONAL
      { ?inproc bench:abstract ?abstract }
  }
ORDER BY ?yr


Query ID 2 (3a.txt)
PREFIX  bench: <http://localhost/vocabulary/bench/>
PREFIX  rdf:  <http://www.w3.org/1999/02/22-rdf-syntax-ns#>
PREFIX  swrc: <http://swrc.ontoware.org/ontology#>

SELECT  ?article
WHERE
  { ?article rdf:type bench:Article .
    ?article ?property ?value
    FILTER ( ?property = swrc:pages )
  }


Query ID 3 (3b.txt)
PREFIX  bench: <http://localhost/vocabulary/bench/>
PREFIX  rdf:  <http://www.w3.org/1999/02/22-rdf-syntax-ns#>
PREFIX  swrc: <http://swrc.ontoware.org/ontology#>

SELECT  ?article
WHERE
  { ?article rdf:type bench:Article .
    ?article ?property ?value
    FILTER ( ?property = swrc:month )
  }


Query ID 4 (3c.txt)
PREFIX  bench: <http://localhost/vocabulary/bench/>
PREFIX  rdf:  <http://www.w3.org/1999/02/22-rdf-syntax-ns#>
PREFIX  swrc: <http://swrc.ontoware.org/ontology#>

SELECT  ?article
WHERE
  { ?article rdf:type bench:Article .
    ?article ?property ?value
    FILTER ( ?property = swrc:isbn )
  }


Query ID 5 (4.txt)
PREFIX  dc:   <http://purl.org/dc/elements/1.1/>
PREFIX  bench: <http://localhost/vocabulary/bench/>
PREFIX  foaf: <http://xmlns.com/foaf/0.1/>
PREFIX  rdf:  <http://www.w3.org/1999/02/22-rdf-syntax-ns#>
PREFIX  swrc: <http://swrc.ontoware.org/ontology#>
PREFIX  dcterms: <http://purl.org/dc/terms/>

SELECT DISTINCT  ?name1 ?name2
WHERE
  { ?article1 rdf:type bench:Article .
    ?article2 rdf:type bench:Article .
    ?article1 dc:creator ?author1 .
    ?author1 foaf:name ?name1 .
    ?article2 dc:creator ?author2 .
    ?author2 foaf:name ?name2 .
    ?article1 swrc:journal ?journal .
    ?article2 swrc:journal ?journal
    FILTER ( ?name1 < ?name2 )
  }


Query ID 6 (5a.txt)
PREFIX  dc:   <http://purl.org/dc/elements/1.1/>
PREFIX  foaf: <http://xmlns.com/foaf/0.1/>
PREFIX  bench: <http://localhost/vocabulary/bench/>
PREFIX  rdf:  <http://www.w3.org/1999/02/22-rdf-syntax-ns#>

SELECT DISTINCT  ?person ?name
WHERE
  { ?article rdf:type bench:Article .
    ?article dc:creator ?person .
    ?inproc rdf:type bench:Inproceedings .
    ?inproc dc:creator ?person2 .
    ?person foaf:name ?name .
    ?person2 foaf:name ?name2
    FILTER ( ?name = ?name2 )
  }


Query ID 7 (5b.txt)
PREFIX  dc:   <http://purl.org/dc/elements/1.1/>
PREFIX  foaf: <http://xmlns.com/foaf/0.1/>
PREFIX  bench: <http://localhost/vocabulary/bench/>
PREFIX  rdf:  <http://www.w3.org/1999/02/22-rdf-syntax-ns#>

SELECT DISTINCT  ?person ?name
WHERE
  { ?article rdf:type bench:Article .
    ?article dc:creator ?person .
    ?inproc rdf:type bench:Inproceedings .
    ?inproc dc:creator ?person .
    ?person foaf:name ?name
  }


Query ID 8 (6.txt)
PREFIX  dc:   <http://purl.org/dc/elements/1.1/>
PREFIX  rdfs: <http://www.w3.org/2000/01/rdf-schema#>
PREFIX  foaf: <http://xmlns.com/foaf/0.1/>
PREFIX  rdf:  <http://www.w3.org/1999/02/22-rdf-syntax-ns#>
PREFIX  dcterms: <http://purl.org/dc/terms/>

SELECT  ?yr ?name ?document
WHERE
  { ?class rdfs:subClassOf foaf:Document .
    ?document rdf:type ?class .
    ?document dcterms:issued ?yr .
    ?document dc:creator ?author .
    ?author foaf:name ?name
    OPTIONAL
      { ?class2 rdfs:subClassOf foaf:Document .
        ?document2 rdf:type ?class2 .
        ?document2 dcterms:issued ?yr2 .
        ?document2 dc:creator ?author2
        FILTER ( ( ?author = ?author2 ) && ( ?yr2 < ?yr ) )
      }
    FILTER ( ! bound(?author2) )
  }


Query ID 9 (7.txt)
PREFIX  dc:   <http://purl.org/dc/elements/1.1/>
PREFIX  rdfs: <http://www.w3.org/2000/01/rdf-schema#>
PREFIX  foaf: <http://xmlns.com/foaf/0.1/>
PREFIX  rdf:  <http://www.w3.org/1999/02/22-rdf-syntax-ns#>
PREFIX  dcterms: <http://purl.org/dc/terms/>

SELECT DISTINCT  ?title
WHERE
  { ?class rdfs:subClassOf foaf:Document .
    ?doc rdf:type ?class .
    ?doc dc:title ?title .
    ?bag2 ?member2 ?doc .
    ?doc2 dcterms:references ?bag2
    OPTIONAL
      { ?class3 rdfs:subClassOf foaf:Document .
        ?doc3 rdf:type ?class3 .
        ?doc3 dcterms:references ?bag3 .
        ?bag3 ?member3 ?doc
        OPTIONAL
          { ?class4 rdfs:subClassOf foaf:Document .
            ?doc4 rdf:type ?class4 .
            ?doc4 dcterms:references ?bag4 .
            ?bag4 ?member4 ?doc3
          }
        FILTER ( ! bound(?doc4) )
      }
    FILTER ( ! bound(?doc3) )
  }


Query ID 10 (8.txt)
PREFIX  dc:   <http://purl.org/dc/elements/1.1/>
PREFIX  foaf: <http://xmlns.com/foaf/0.1/>
PREFIX  xsd:  <http://www.w3.org/2001/XMLSchema#>
PREFIX  rdf:  <http://www.w3.org/1999/02/22-rdf-syntax-ns#>

SELECT DISTINCT  ?name
WHERE
  { ?erdoes rdf:type foaf:Person .
    ?erdoes foaf:name "Paul Erdoes"^^xsd:string
      { ?document dc:creator ?erdoes .
        ?document dc:creator ?author .
        ?document2 dc:creator ?author .
        ?document2 dc:creator ?author2 .
        ?author2 foaf:name ?name
        FILTER ( ( ( ( ?author != ?erdoes ) && ( ?document2 != ?document ) ) && ( ?author2 != ?erdoes ) ) && ( ?author2 != ?author ) )
      }
    UNION
      { ?document dc:creator ?erdoes .
        ?document dc:creator ?author .
        ?author foaf:name ?name
        FILTER ( ?author != ?erdoes )
      }
  }


Query ID 11 (9.txt)
PREFIX  foaf: <http://xmlns.com/foaf/0.1/>
PREFIX  rdf:  <http://www.w3.org/1999/02/22-rdf-syntax-ns#>

SELECT DISTINCT  ?predicate
WHERE
  {   { ?person rdf:type foaf:Person .
        ?subject ?predicate ?person
      }
    UNION
      { ?person rdf:type foaf:Person .
        ?person ?predicate ?object
      }
  }


Query ID 12 (10.txt)
PREFIX  person: <http://localhost/persons/>

SELECT  ?subject ?predicate
WHERE
  { ?subject ?predicate person:Paul_Erdoes }


Query ID 13 (11.txt)
PREFIX  rdfs: <http://www.w3.org/2000/01/rdf-schema#>

SELECT  ?ee
WHERE
  { ?publication rdfs:seeAlso ?ee }
ORDER BY ?ee
OFFSET  50
LIMIT   10


Query ID 14 (12a.txt)
PREFIX  dc:   <http://purl.org/dc/elements/1.1/>
PREFIX  foaf: <http://xmlns.com/foaf/0.1/>
PREFIX  bench: <http://localhost/vocabulary/bench/>
PREFIX  rdf:  <http://www.w3.org/1999/02/22-rdf-syntax-ns#>

ASK
WHERE
  { ?article rdf:type bench:Article .
    ?article dc:creator ?person1 .
    ?inproc rdf:type bench:Inproceedings .
    ?inproc dc:creator ?person2 .
    ?person1 foaf:name ?name1 .
    ?person2 foaf:name ?name2
    FILTER ( ?name1 = ?name2 )
  }


Query ID 15 (12b.txt)
PREFIX  dc:   <http://purl.org/dc/elements/1.1/>
PREFIX  foaf: <http://xmlns.com/foaf/0.1/>
PREFIX  xsd:  <http://www.w3.org/2001/XMLSchema#>
PREFIX  rdf:  <http://www.w3.org/1999/02/22-rdf-syntax-ns#>

ASK
WHERE
  { ?erdoes rdf:type foaf:Person .
    ?erdoes foaf:name "Paul Erdoes"^^xsd:string
      { ?document dc:creator ?erdoes .
        ?document dc:creator ?author .
        ?document2 dc:creator ?author .
        ?document2 dc:creator ?author2 .
        ?author2 foaf:name ?name
        FILTER ( ( ( ( ?author != ?erdoes ) && ( ?document2 != ?document ) ) && ( ?author2 != ?erdoes ) ) && ( ?author2 != ?author ) )
      }
    UNION
      { ?document dc:creator ?erdoes .
        ?document dc:creator ?author .
        ?author foaf:name ?name
        FILTER ( ?author != ?erdoes )
      }
  }


Query ID 16 (12c.txt)
PREFIX  person: <http://localhost/persons/>
PREFIX  foaf: <http://xmlns.com/foaf/0.1/>
PREFIX  rdf:  <http://www.w3.org/1999/02/22-rdf-syntax-ns#>

ASK
WHERE
  { person:John_Q_Public rdf:type foaf:Person }


Running Warmups...

Warmup Run 1 of 5
Query Order for this Run is 6, 7, 11, 1, 2, 9, 3, 14, 5, 15, 8, 13, 4, 12, 0, 16, 10
Running Query 5a.txt...got error after 180.522220984s: Query Runner encountered an error - HttpException: 500 Internal Server Error
Error
-----

1: PREFIX  dc:   <http://purl.org/dc/elements/1.1/>
2: PREFIX  foaf: <http://xmlns.com/foaf/0.1/>
3: PREFIX  bench: <http://localhost/vocabulary/bench/>
4: PREFIX  rdf:  <http://www.w3.org/1999/02/22-rdf-syntax-ns#>
5: 
6: SELECT DISTINCT  ?person ?name
7: WHERE
8:   { ?article rdf:type bench:Article .
9:     ?article dc:creator ?person .
10:     ?inproc rdf:type bench:Inproceedings .
11:     ?inproc dc:creator ?person2 .
12:     ?person foaf:name ?name .
13:     ?person2 foaf:name ?name2
14:     FILTER ( ?name = ?name2 )
15:   }
16: 


One or more errors occurred.
   at System.Linq.Parallel.QueryTaskGroupState.QueryEnd(Boolean userInitiatedDispose)
   at System.Linq.Parallel.MergeExecutor`1.Execute[TKey](PartitionedStream`2 partitions, Boolean ignoreOutput, ParallelMergeOptions options, TaskScheduler taskScheduler, Boolean isOrdered, CancellationState cancellationState, Int32 queryId)
   at System.Linq.Parallel.PartitionedStreamMerger`1.Receive[TKey](PartitionedStream`2 partitionedStream)
   at System.Linq.Parallel.ForAllOperator`1.WrapPartitionedStream[TKey](PartitionedStream`2 inputStream, IPartitionedStreamRecipient`1 recipient, Boolean preferStriping, QuerySettings settings)
   at System.Linq.Parallel.UnaryQueryOperator`2.UnaryQueryOperatorResults.ChildResultsRecipient.Receive[TKey](PartitionedStream`2 inputStream)
   at System.Linq.Parallel.ScanQueryOperator`1.ScanEnumerableQueryOperatorResults.GivePartitionedStream(IPartitionedStreamRecipient`1 recipient)
   at System.Linq.Parallel.UnaryQueryOperator`2.UnaryQueryOperatorResults.GivePartitionedStream(IPartitionedStreamRecipient`1 recipient)
   at System.Linq.Parallel.QueryOperator`1.GetOpenedEnumerator(Nullable`1 mergeOptions, Boolean suppressOrder, Boolean forEffect, QuerySettings querySettings)
   at System.Linq.Parallel.ForAllOperator`1.RunSynchronously()
   at VDS.RDF.Query.Algebra.FilteredProduct.Evaluate(SparqlEvaluationContext context) in D:\PhD\dotnetrdf\Trunk\Libraries\core\Query\Algebra\FilteredProduct.cs:line 103
   at VDS.RDF.Query.SparqlEvaluationContext.Evaluate(ISparqlAlgebra algebra) in D:\PhD\dotnetrdf\Trunk\Libraries\core\Query\SparqlEvaluationContext.cs:line 409
   at VDS.RDF.Query.Algebra.Project.Evaluate(SparqlEvaluationContext context) in D:\PhD\dotnetrdf\Trunk\Libraries\core\Query\Algebra\Project.cs:line 74
   at VDS.RDF.Query.SparqlEvaluationContext.Evaluate(ISparqlAlgebra algebra) in D:\PhD\dotnetrdf\Trunk\Libraries\core\Query\SparqlEvaluationContext.cs:line 409
   at VDS.RDF.Query.Algebra.Select.Evaluate(SparqlEvaluationContext context) in D:\PhD\dotnetrdf\Trunk\Libraries\core\Query\Algebra\Project.cs:line 344
   at VDS.RDF.Query.SparqlEvaluationContext.Evaluate(ISparqlAlgebra algebra) in D:\PhD\dotnetrdf\Trunk\Libraries\core\Query\SparqlEvaluationContext.cs:line 409
   at VDS.RDF.Query.Algebra.Distinct.Evaluate(SparqlEvaluationContext context) in D:\PhD\dotnetrdf\Trunk\Libraries\core\Query\Algebra\Distinct.cs:line 68
   at VDS.RDF.Query.SparqlEvaluationContext.Evaluate(ISparqlAlgebra algebra) in D:\PhD\dotnetrdf\Trunk\Libraries\core\Query\SparqlEvaluationContext.cs:line 409
   at VDS.RDF.Query.LeviathanQueryProcessor.ProcessQuery(IRdfHandler rdfHandler, ISparqlResultsHandler resultsHandler, SparqlQuery query) in D:\PhD\dotnetrdf\Trunk\Libraries\core\Query\LeviathanQueryProcessor.cs:line 289
   at VDS.RDF.Query.LeviathanQueryProcessor.ProcessQuery(SparqlQuery query) in D:\PhD\dotnetrdf\Trunk\Libraries\core\Query\LeviathanQueryProcessor.cs:line 112
   at VDS.RDF.Web.BaseSparqlQueryHandler.ProcessQuery(SparqlQuery query) in D:\PhD\dotnetrdf\Trunk\Libraries\core\Web\BaseSparqlQueryHandler.cs:line 336
   at VDS.RDF.Web.BaseSparqlQueryHandler.ProcessRequest(HttpContext context) in D:\PhD\dotnetrdf\Trunk\Libraries\core\Web\BaseSparqlQueryHandler.cs:line 285

Query Execution Time exceeded the Timeout of 180000ms, query aborted after 180002ms
   at VDS.RDF.Query.SparqlEvaluationContext.CheckTimeout() in D:\PhD\dotnetrdf\Trunk\Libraries\core\Query\SparqlEvaluationContext.cs:line 286
   at VDS.RDF.Query.Algebra.FilteredProduct.EvalFilteredProduct(SparqlEvaluationContext context, ISet x, BaseMultiset other, PartitionedMultiset partitionedSet) in D:\PhD\dotnetrdf\Trunk\Libraries\core\Query\Algebra\FilteredProduct.cs:line 178
   at VDS.RDF.Query.Algebra.FilteredProduct.<>c__DisplayClass8.<Evaluate>b__0(ISet x) in D:\PhD\dotnetrdf\Trunk\Libraries\core\Query\Algebra\FilteredProduct.cs:line 103
   at System.Linq.Parallel.ForAllOperator`1.ForAllEnumerator`1.MoveNext(TInput& currentElement, Int32& currentKey)
   at System.Linq.Parallel.ForAllSpoolingTask`2.SpoolingWork()
   at System.Linq.Parallel.SpoolingTaskBase.Work()
   at System.Linq.Parallel.QueryTask.BaseWork(Object unused)
   at System.Threading.Tasks.Task.Execute()


Sleeping for 0.237s before next query
Running Query 5b.txt...started responding in 1.035241397s...got 1085 result(s) in 1.448165215s
Sleeping for 0.408s before next query
Running Query 9.txt...started responding in 0.473179464s...got 4 result(s) in 0.473691775s
Sleeping for 0.921s before next query
Running Query 2.txt...started responding in 0.277947082s...got 965 result(s) in 0.7310163989999999s
Sleeping for 0.54s before next query
Running Query 3a.txt...started responding in 0.102917238s...got 3647 result(s) in 0.13667596499999998s
Sleeping for 0.282s before next query
Running Query 7.txt...started responding in 1.710672583s...got 13 result(s) in 1.7110362849999998s
Sleeping for 0.359s before next query
Running Query 3b.txt...started responding in 0.03185516s...got 25 result(s) in 0.032159712s
Sleeping for 0.224s before next query
Running Query 12a.txt...got 1 result(s) in 0.55745847s
Sleeping for 0.744s before next query
Running Query 4.txt...started responding in 17.043537114s...got 104746 result(s) in 18.491520966s
Sleeping for 0.807s before next query
Running Query 12b.txt...got 1 result(s) in 0.010607958s
Sleeping for 0.034s before next query
Running Query 6.txt...Terminate batch job (Y/N)? 
