Running in verbose mode, run with -q or --quiet to disable
Benchmark Options
-----------------

Endpoint = http://localhost:8080/openrdf-sesame/repositories/10k-owlim
Sanity Checking Level = 2
Warmups = 5
Runs = 25
Random Query Order = On
Outliers = 1
Timeout = 300 seconds
Max Delay between Queries = 1000 milliseconds
Result Limit = Query Specified
CSV Results File = owlim_lite_10k.csv
XML Results File = owlim_lite_10k.xml
Halt on Timeout = false
Halt on Error = false
Halt Any = false
ASK Results Format = application/sparql-results+xml
Graph Results Format = application/rdf+xml
SELECT Results Format = application/sparql-results+xml
GZip Encoding = disabled
Deflate Encoding = disabled
Parallel Threads = 1
Result Counting = enabled

Sanity checking the user specified endpoint...
Sanity Check 1 of 3...OK
Sanity Check 2 of 3...started responding in 0.003754s...OK
Sanity Check 3 of 3...started responding in 0.0046879999999999995s...OK
Sanity Checks passed required sanity level...

Starting Benchmarking...
17 Queries were loaded:
Query ID 0 (1.txt)
PREFIX  dc:   <http://purl.org/dc/elements/1.1/>
PREFIX  bench: <http://localhost/vocabulary/bench/>
PREFIX  xsd:  <http://www.w3.org/2001/XMLSchema#>
PREFIX  rdf:  <http://www.w3.org/1999/02/22-rdf-syntax-ns#>
PREFIX  dcterms: <http://purl.org/dc/terms/>

SELECT  ?yr
WHERE
  { ?journal rdf:type bench:Journal .
    ?journal dc:title "Journal 1 (1940)"^^xsd:string .
    ?journal dcterms:issued ?yr
  }


Query ID 1 (2.txt)
PREFIX  dc:   <http://purl.org/dc/elements/1.1/>
PREFIX  rdfs: <http://www.w3.org/2000/01/rdf-schema#>
PREFIX  foaf: <http://xmlns.com/foaf/0.1/>
PREFIX  bench: <http://localhost/vocabulary/bench/>
PREFIX  rdf:  <http://www.w3.org/1999/02/22-rdf-syntax-ns#>
PREFIX  swrc: <http://swrc.ontoware.org/ontology#>
PREFIX  dcterms: <http://purl.org/dc/terms/>

SELECT  ?inproc ?author ?booktitle ?title ?proc ?ee ?page ?url ?yr ?abstract
WHERE
  { ?inproc rdf:type bench:Inproceedings .
    ?inproc dc:creator ?author .
    ?inproc bench:booktitle ?booktitle .
    ?inproc dc:title ?title .
    ?inproc dcterms:partOf ?proc .
    ?inproc rdfs:seeAlso ?ee .
    ?inproc swrc:pages ?page .
    ?inproc foaf:homepage ?url .
    ?inproc dcterms:issued ?yr
    OPTIONAL
      { ?inproc bench:abstract ?abstract }
  }
ORDER BY ?yr


Query ID 2 (3a.txt)
PREFIX  bench: <http://localhost/vocabulary/bench/>
PREFIX  rdf:  <http://www.w3.org/1999/02/22-rdf-syntax-ns#>
PREFIX  swrc: <http://swrc.ontoware.org/ontology#>

SELECT  ?article
WHERE
  { ?article rdf:type bench:Article .
    ?article ?property ?value
    FILTER ( ?property = swrc:pages )
  }


Query ID 3 (3b.txt)
PREFIX  bench: <http://localhost/vocabulary/bench/>
PREFIX  rdf:  <http://www.w3.org/1999/02/22-rdf-syntax-ns#>
PREFIX  swrc: <http://swrc.ontoware.org/ontology#>

SELECT  ?article
WHERE
  { ?article rdf:type bench:Article .
    ?article ?property ?value
    FILTER ( ?property = swrc:month )
  }


Query ID 4 (3c.txt)
PREFIX  bench: <http://localhost/vocabulary/bench/>
PREFIX  rdf:  <http://www.w3.org/1999/02/22-rdf-syntax-ns#>
PREFIX  swrc: <http://swrc.ontoware.org/ontology#>

SELECT  ?article
WHERE
  { ?article rdf:type bench:Article .
    ?article ?property ?value
    FILTER ( ?property = swrc:isbn )
  }


Query ID 5 (4.txt)
PREFIX  dc:   <http://purl.org/dc/elements/1.1/>
PREFIX  bench: <http://localhost/vocabulary/bench/>
PREFIX  foaf: <http://xmlns.com/foaf/0.1/>
PREFIX  rdf:  <http://www.w3.org/1999/02/22-rdf-syntax-ns#>
PREFIX  swrc: <http://swrc.ontoware.org/ontology#>
PREFIX  dcterms: <http://purl.org/dc/terms/>

SELECT DISTINCT  ?name1 ?name2
WHERE
  { ?article1 rdf:type bench:Article .
    ?article2 rdf:type bench:Article .
    ?article1 dc:creator ?author1 .
    ?author1 foaf:name ?name1 .
    ?article2 dc:creator ?author2 .
    ?author2 foaf:name ?name2 .
    ?article1 swrc:journal ?journal .
    ?article2 swrc:journal ?journal
    FILTER ( ?name1 < ?name2 )
  }


Query ID 6 (5a.txt)
PREFIX  dc:   <http://purl.org/dc/elements/1.1/>
PREFIX  foaf: <http://xmlns.com/foaf/0.1/>
PREFIX  bench: <http://localhost/vocabulary/bench/>
PREFIX  rdf:  <http://www.w3.org/1999/02/22-rdf-syntax-ns#>

SELECT DISTINCT  ?person ?name
WHERE
  { ?article rdf:type bench:Article .
    ?article dc:creator ?person .
    ?inproc rdf:type bench:Inproceedings .
    ?inproc dc:creator ?person2 .
    ?person foaf:name ?name .
    ?person2 foaf:name ?name2
    FILTER ( ?name = ?name2 )
  }


Query ID 7 (5b.txt)
PREFIX  dc:   <http://purl.org/dc/elements/1.1/>
PREFIX  foaf: <http://xmlns.com/foaf/0.1/>
PREFIX  bench: <http://localhost/vocabulary/bench/>
PREFIX  rdf:  <http://www.w3.org/1999/02/22-rdf-syntax-ns#>

SELECT DISTINCT  ?person ?name
WHERE
  { ?article rdf:type bench:Article .
    ?article dc:creator ?person .
    ?inproc rdf:type bench:Inproceedings .
    ?inproc dc:creator ?person .
    ?person foaf:name ?name
  }


Query ID 8 (6.txt)
PREFIX  dc:   <http://purl.org/dc/elements/1.1/>
PREFIX  rdfs: <http://www.w3.org/2000/01/rdf-schema#>
PREFIX  foaf: <http://xmlns.com/foaf/0.1/>
PREFIX  rdf:  <http://www.w3.org/1999/02/22-rdf-syntax-ns#>
PREFIX  dcterms: <http://purl.org/dc/terms/>

SELECT  ?yr ?name ?document
WHERE
  { ?class rdfs:subClassOf foaf:Document .
    ?document rdf:type ?class .
    ?document dcterms:issued ?yr .
    ?document dc:creator ?author .
    ?author foaf:name ?name
    OPTIONAL
      { ?class2 rdfs:subClassOf foaf:Document .
        ?document2 rdf:type ?class2 .
        ?document2 dcterms:issued ?yr2 .
        ?document2 dc:creator ?author2
        FILTER ( ( ?author = ?author2 ) && ( ?yr2 < ?yr ) )
      }
    FILTER ( ! bound(?author2) )
  }


Query ID 9 (7.txt)
PREFIX  dc:   <http://purl.org/dc/elements/1.1/>
PREFIX  rdfs: <http://www.w3.org/2000/01/rdf-schema#>
PREFIX  foaf: <http://xmlns.com/foaf/0.1/>
PREFIX  rdf:  <http://www.w3.org/1999/02/22-rdf-syntax-ns#>
PREFIX  dcterms: <http://purl.org/dc/terms/>

SELECT DISTINCT  ?title
WHERE
  { ?class rdfs:subClassOf foaf:Document .
    ?doc rdf:type ?class .
    ?doc dc:title ?title .
    ?bag2 ?member2 ?doc .
    ?doc2 dcterms:references ?bag2
    OPTIONAL
      { ?class3 rdfs:subClassOf foaf:Document .
        ?doc3 rdf:type ?class3 .
        ?doc3 dcterms:references ?bag3 .
        ?bag3 ?member3 ?doc
        OPTIONAL
          { ?class4 rdfs:subClassOf foaf:Document .
            ?doc4 rdf:type ?class4 .
            ?doc4 dcterms:references ?bag4 .
            ?bag4 ?member4 ?doc3
          }
        FILTER ( ! bound(?doc4) )
      }
    FILTER ( ! bound(?doc3) )
  }


Query ID 10 (8.txt)
PREFIX  dc:   <http://purl.org/dc/elements/1.1/>
PREFIX  foaf: <http://xmlns.com/foaf/0.1/>
PREFIX  xsd:  <http://www.w3.org/2001/XMLSchema#>
PREFIX  rdf:  <http://www.w3.org/1999/02/22-rdf-syntax-ns#>

SELECT DISTINCT  ?name
WHERE
  { ?erdoes rdf:type foaf:Person .
    ?erdoes foaf:name "Paul Erdoes"^^xsd:string
      { ?document dc:creator ?erdoes .
        ?document dc:creator ?author .
        ?document2 dc:creator ?author .
        ?document2 dc:creator ?author2 .
        ?author2 foaf:name ?name
        FILTER ( ( ( ( ?author != ?erdoes ) && ( ?document2 != ?document ) ) && ( ?author2 != ?erdoes ) ) && ( ?author2 != ?author ) )
      }
    UNION
      { ?document dc:creator ?erdoes .
        ?document dc:creator ?author .
        ?author foaf:name ?name
        FILTER ( ?author != ?erdoes )
      }
  }


Query ID 11 (9.txt)
PREFIX  foaf: <http://xmlns.com/foaf/0.1/>
PREFIX  rdf:  <http://www.w3.org/1999/02/22-rdf-syntax-ns#>

SELECT DISTINCT  ?predicate
WHERE
  {   { ?person rdf:type foaf:Person .
        ?subject ?predicate ?person
      }
    UNION
      { ?person rdf:type foaf:Person .
        ?person ?predicate ?object
      }
  }


Query ID 12 (10.txt)
PREFIX  person: <http://localhost/persons/>

SELECT  ?subject ?predicate
WHERE
  { ?subject ?predicate person:Paul_Erdoes }


Query ID 13 (11.txt)
PREFIX  rdfs: <http://www.w3.org/2000/01/rdf-schema#>

SELECT  ?ee
WHERE
  { ?publication rdfs:seeAlso ?ee }
ORDER BY ?ee
OFFSET  50
LIMIT   10


Query ID 14 (12a.txt)
PREFIX  dc:   <http://purl.org/dc/elements/1.1/>
PREFIX  foaf: <http://xmlns.com/foaf/0.1/>
PREFIX  bench: <http://localhost/vocabulary/bench/>
PREFIX  rdf:  <http://www.w3.org/1999/02/22-rdf-syntax-ns#>

ASK
WHERE
  { ?article rdf:type bench:Article .
    ?article dc:creator ?person1 .
    ?inproc rdf:type bench:Inproceedings .
    ?inproc dc:creator ?person2 .
    ?person1 foaf:name ?name1 .
    ?person2 foaf:name ?name2
    FILTER ( ?name1 = ?name2 )
  }


Query ID 15 (12b.txt)
PREFIX  dc:   <http://purl.org/dc/elements/1.1/>
PREFIX  foaf: <http://xmlns.com/foaf/0.1/>
PREFIX  xsd:  <http://www.w3.org/2001/XMLSchema#>
PREFIX  rdf:  <http://www.w3.org/1999/02/22-rdf-syntax-ns#>

ASK
WHERE
  { ?erdoes rdf:type foaf:Person .
    ?erdoes foaf:name "Paul Erdoes"^^xsd:string
      { ?document dc:creator ?erdoes .
        ?document dc:creator ?author .
        ?document2 dc:creator ?author .
        ?document2 dc:creator ?author2 .
        ?author2 foaf:name ?name
        FILTER ( ( ( ( ?author != ?erdoes ) && ( ?document2 != ?document ) ) && ( ?author2 != ?erdoes ) ) && ( ?author2 != ?author ) )
      }
    UNION
      { ?document dc:creator ?erdoes .
        ?document dc:creator ?author .
        ?author foaf:name ?name
        FILTER ( ?author != ?erdoes )
      }
  }


Query ID 16 (12c.txt)
PREFIX  person: <http://localhost/persons/>
PREFIX  foaf: <http://xmlns.com/foaf/0.1/>
PREFIX  rdf:  <http://www.w3.org/1999/02/22-rdf-syntax-ns#>

ASK
WHERE
  { person:John_Q_Public rdf:type foaf:Person }


Running Warmups...

Warmup Run 1 of 5
Query Order for this Run is 9, 11, 4, 2, 14, 3, 5, 8, 7, 1, 16, 10, 15, 6, 13, 12, 0
Running Query 7.txt...started responding in 0.83574s...got 0 result(s) in 0.8357910000000001s
Sleeping for 0.808s before next query
Running Query 9.txt...started responding in 0.044612s...got 4 result(s) in 0.044935s
Sleeping for 0.28s before next query
Running Query 3c.txt...started responding in 0.009336s...got 0 result(s) in 0.009404s
Sleeping for 0.139s before next query
Running Query 3a.txt...started responding in 0.017277999999999998s...got 846 result(s) in 0.076557s
Sleeping for 0.775s before next query
Running Query 12a.txt...got 1 result(s) in 0.006108s
Sleeping for 0.559s before next query
Running Query 3b.txt...started responding in 0.009188s...got 9 result(s) in 0.009766s
Sleeping for 0.558s before next query
Running Query 4.txt...started responding in 0.134857s...got 23226 result(s) in 11.582514s
Sleeping for 0.607s before next query
Running Query 6.txt...started responding in 0.175588s...got 229 result(s) in 0.840149s
Sleeping for 0.959s before next query
Running Query 5b.txt...started responding in 0.148124s...got 155 result(s) in 0.306181s
Sleeping for 0.852s before next query
Running Query 2.txt...started responding in 0.011996s...got 147 result(s) in 0.024053s
Sleeping for 0.6s before next query
Running Query 12c.txt...got 1 result(s) in 0.003385s
Sleeping for 0.393s before next query
Running Query 8.txt...started responding in 0.021122s...got 184 result(s) in 0.024255s
Sleeping for 0.969s before next query
Running Query 12b.txt...got 1 result(s) in 0.010695999999999999s
Sleeping for 0.252s before next query
Running Query 5a.txt...started responding in 0.890515s...got 155 result(s) in 1.8296510000000001s
Sleeping for 0.543s before next query
Running Query 11.txt...started responding in 0.030785s...got 10 result(s) in 0.031028s
Sleeping for 0.824s before next query
Running Query 10.txt...started responding in 0.006842s...got 166 result(s) in 0.009356999999999999s
Sleeping for 0.388s before next query
Running Query 1.txt...started responding in 0.007831000000000001s...got 1 result(s) in 0.007937s
Sleeping for 0.781s before next query

Total Response Time: 2.3640030000000003s
Total Runtime: 15.651767s
Minimum Query Runtime: 0.003385s (Query 12c.txt)
Maximum Query Runtime: 11.582514s (Query 4.txt)

Warmup Run 2 of 5
Query Order for this Run is 10, 12, 3, 6, 5, 13, 2, 0, 11, 4, 1, 15, 9, 8, 14, 7, 16
Running Query 8.txt...started responding in 0.013942s...got 184 result(s) in 0.016114999999999997s
Sleeping for 0.645s before next query
Running Query 10.txt...started responding in 0.006847000000000001s...got 166 result(s) in 0.008842000000000001s
Sleeping for 0.88s before next query
Running Query 3b.txt...started responding in 0.009446999999999999s...got 9 result(s) in 0.009627s
Sleeping for 0.514s before next query
Running Query 5a.txt...started responding in 0.853792s...got 155 result(s) in 1.795008s
Sleeping for 0.868s before next query
Running Query 4.txt...started responding in 0.052632s...got 23226 result(s) in 11.17671s
Sleeping for 0.423s before next query
Running Query 11.txt...started responding in 0.015095s...got 10 result(s) in 0.015196999999999999s
Sleeping for 0.0030s before next query
Running Query 3a.txt...started responding in 0.004939s...got 846 result(s) in 0.015373s
Sleeping for 0.626s before next query
Running Query 1.txt...started responding in 0.0062510000000000005s...got 1 result(s) in 0.00641s
Sleeping for 0.922s before next query
Running Query 9.txt...started responding in 0.032483s...got 4 result(s) in 0.032554s
Sleeping for 0.039s before next query
Running Query 3c.txt...started responding in 0.008039999999999999s...got 0 result(s) in 0.008093999999999999s
Sleeping for 0.122s before next query
Running Query 2.txt...started responding in 0.014665s...got 147 result(s) in 0.020305s
Sleeping for 0.603s before next query
Running Query 12b.txt...got 1 result(s) in 0.011809s
Sleeping for 0.744s before next query
Running Query 7.txt...started responding in 0.36147s...got 0 result(s) in 0.361511s
Sleeping for 0.053s before next query
Running Query 6.txt...started responding in 0.15004499999999998s...got 229 result(s) in 0.778409s
Sleeping for 0.288s before next query
Running Query 12a.txt...got 1 result(s) in 0.00897s
Sleeping for 0.096s before next query
Running Query 5b.txt...started responding in 0.140357s...got 155 result(s) in 0.287492s
Sleeping for 0.56s before next query
Running Query 12c.txt...got 1 result(s) in 0.006076s
Sleeping for 0.77s before next query

Total Response Time: 1.6968599999999998s
Total Runtime: 14.558502s
Minimum Query Runtime: 0.006076s (Query 12c.txt)
Maximum Query Runtime: 11.17671s (Query 4.txt)

Warmup Run 3 of 5
Query Order for this Run is 3, 6, 7, 15, 0, 9, 1, 4, 14, 11, 8, 10, 5, 13, 2, 12, 16
Running Query 3b.txt...started responding in 0.008266s...got 9 result(s) in 0.008353s
Sleeping for 0.863s before next query
Running Query 5a.txt...started responding in 0.862719s...got 155 result(s) in 1.789843s
Sleeping for 0.907s before next query
Running Query 5b.txt...started responding in 0.14074199999999998s...got 155 result(s) in 0.290323s
Sleeping for 0.553s before next query
Running Query 12b.txt...got 1 result(s) in 0.010358000000000001s
Sleeping for 0.072s before next query
Running Query 1.txt...started responding in 0.006745s...got 1 result(s) in 0.006822s
Sleeping for 0.369s before next query
Running Query 7.txt...started responding in 0.34979899999999997s...got 0 result(s) in 0.34984699999999996s
Sleeping for 0.557s before next query
Running Query 2.txt...started responding in 0.009793s...got 147 result(s) in 0.01577s
Sleeping for 0.29s before next query
Running Query 3c.txt...started responding in 0.008175s...got 0 result(s) in 0.008226s
Sleeping for 0.298s before next query
Running Query 12a.txt...got 1 result(s) in 0.006405999999999999s
Sleeping for 0.927s before next query
Running Query 9.txt...started responding in 0.030822s...got 4 result(s) in 0.030904s
Sleeping for 0.856s before next query
Running Query 6.txt...started responding in 0.14772900000000003s...got 229 result(s) in 0.765364s
Sleeping for 0.57s before next query
Running Query 8.txt...started responding in 0.017358000000000002s...got 184 result(s) in 0.018642s
Sleeping for 0.393s before next query
Running Query 4.txt...started responding in 0.053703s...got 23226 result(s) in 11.1059s
Sleeping for 0.138s before next query
Running Query 11.txt...started responding in 0.016221s...got 10 result(s) in 0.01632s
Sleeping for 0.426s before next query
Running Query 3a.txt...started responding in 0.008186s...got 846 result(s) in 0.017633s
Sleeping for 0.357s before next query
Running Query 10.txt...started responding in 0.008851000000000001s...got 166 result(s) in 0.010381s
Sleeping for 0.662s before next query
Running Query 12c.txt...got 1 result(s) in 0.005809s
Sleeping for 0.305s before next query

Total Response Time: 1.691682s
Total Runtime: 14.456901s
Minimum Query Runtime: 0.005809s (Query 12c.txt)
Maximum Query Runtime: 11.1059s (Query 4.txt)

Warmup Run 4 of 5
Query Order for this Run is 10, 3, 4, 1, 14, 13, 16, 5, 0, 12, 11, 9, 8, 2, 7, 15, 6
Running Query 8.txt...started responding in 0.015773s...got 184 result(s) in 0.01721s
Sleeping for 0.927s before next query
Running Query 3b.txt...started responding in 0.007957s...got 9 result(s) in 0.008085s
Sleeping for 0.865s before next query
Running Query 3c.txt...started responding in 0.008041s...got 0 result(s) in 0.008095000000000001s
Sleeping for 0.959s before next query
Running Query 2.txt...started responding in 0.013382999999999999s...got 147 result(s) in 0.018609s
Sleeping for 0.056s before next query
Running Query 12a.txt...got 1 result(s) in 0.008067s
Sleeping for 0.594s before next query
Running Query 11.txt...started responding in 0.015773s...got 10 result(s) in 0.015865999999999998s
Sleeping for 0.256s before next query
Running Query 12c.txt...got 1 result(s) in 0.005694s
Sleeping for 0.258s before next query
Running Query 4.txt...started responding in 0.058567999999999995s...got 23226 result(s) in 11.091063s
Sleeping for 0.166s before next query
Running Query 1.txt...started responding in 0.007503999999999999s...got 1 result(s) in 0.0076100000000000004s
Sleeping for 0.928s before next query
Running Query 10.txt...started responding in 0.006725s...got 166 result(s) in 0.008205s
Sleeping for 0.138s before next query
Running Query 9.txt...started responding in 0.030533s...got 4 result(s) in 0.030602s
Sleeping for 0.308s before next query
Running Query 7.txt...started responding in 0.34733600000000003s...got 0 result(s) in 0.347382s
Sleeping for 0.11s before next query
Running Query 6.txt...started responding in 0.14626s...got 229 result(s) in 0.7691749999999999s
Sleeping for 0.097s before next query
Running Query 3a.txt...started responding in 0.007181s...got 846 result(s) in 0.016684s
Sleeping for 0.714s before next query
Running Query 5b.txt...started responding in 0.198252s...got 155 result(s) in 0.35374500000000003s
Sleeping for 0.702s before next query
Running Query 12b.txt...got 1 result(s) in 0.012054s
Sleeping for 0.028s before next query
Running Query 5a.txt...started responding in 0.886293s...got 155 result(s) in 1.843108s
Sleeping for 0.386s before next query

Total Response Time: 1.775394s
Total Runtime: 14.561254000000002s
Minimum Query Runtime: 0.005694s (Query 12c.txt)
Maximum Query Runtime: 11.091063s (Query 4.txt)

Warmup Run 5 of 5
Query Order for this Run is 16, 7, 0, 1, 9, 14, 15, 13, 11, 4, 3, 5, 6, 12, 2, 8, 10
Running Query 12c.txt...got 1 result(s) in 0.003251s
Sleeping for 0.195s before next query
Running Query 5b.txt...started responding in 0.14064400000000002s...got 155 result(s) in 0.289657s
Sleeping for 0.272s before next query
Running Query 1.txt...started responding in 0.006547s...got 1 result(s) in 0.0066500000000000005s
Sleeping for 0.196s before next query
Running Query 2.txt...started responding in 0.012992s...got 147 result(s) in 0.017974s
Sleeping for 0.169s before next query
Running Query 7.txt...started responding in 0.35019799999999995s...got 0 result(s) in 0.35024500000000003s
Sleeping for 0.628s before next query
Running Query 12a.txt...got 1 result(s) in 0.007105s
Sleeping for 0.314s before next query
Running Query 12b.txt...got 1 result(s) in 0.011006s
Sleeping for 0.032s before next query
Running Query 11.txt...started responding in 0.01219s...got 10 result(s) in 0.012275000000000001s
Sleeping for 0.025s before next query
Running Query 9.txt...started responding in 0.02945s...got 4 result(s) in 0.029514s
Sleeping for 0.92s before next query
Running Query 3c.txt...started responding in 0.0077069999999999994s...got 0 result(s) in 0.007764s
Sleeping for 0.283s before next query
Running Query 3b.txt...started responding in 0.00654s...got 9 result(s) in 0.006627s
Sleeping for 0.642s before next query
Running Query 4.txt...started responding in 0.056006s...got 23226 result(s) in 11.752276s
Sleeping for 0.429s before next query
Running Query 5a.txt...started responding in 0.891086s...got 155 result(s) in 1.85204s
Sleeping for 0.181s before next query
Running Query 10.txt...started responding in 0.004883s...got 166 result(s) in 0.006188s
Sleeping for 0.644s before next query
Running Query 3a.txt...started responding in 0.007931s...got 846 result(s) in 0.016972s
Sleeping for 0.602s before next query
Running Query 6.txt...started responding in 0.147894s...got 229 result(s) in 0.783168s
Sleeping for 0.853s before next query
Running Query 8.txt...started responding in 0.013948s...got 184 result(s) in 0.016587s
Sleeping for 0.46s before next query

Total Response Time: 1.7093779999999998s
Total Runtime: 15.169299s
Minimum Query Runtime: 0.003251s (Query 12c.txt)
Maximum Query Runtime: 11.752276s (Query 4.txt)

Running Benchmarks...

Query Mix Run 1 of 25
Query Order for this Run is 12, 4, 2, 7, 10, 14, 5, 9, 11, 1, 15, 3, 0, 16, 6, 13, 8
Running Query 10.txt...started responding in 0.006051999999999999s...got 166 result(s) in 0.0069900000000000006s
Sleeping for 0.577s before next query
Running Query 3c.txt...started responding in 0.003852s...got 0 result(s) in 0.003887s
Sleeping for 0.756s before next query
Running Query 3a.txt...started responding in 0.00428s...got 846 result(s) in 0.011921s
Sleeping for 0.209s before next query
Running Query 5b.txt...started responding in 0.14053200000000002s...got 155 result(s) in 0.28925599999999996s
Sleeping for 0.25s before next query
Running Query 8.txt...started responding in 0.010230000000000001s...got 184 result(s) in 0.011465s
Sleeping for 0.223s before next query
Running Query 12a.txt...got 1 result(s) in 0.005919s
Sleeping for 0.658s before next query
Running Query 4.txt...started responding in 0.057982s...got 23226 result(s) in 11.464488s
Sleeping for 0.503s before next query
Running Query 7.txt...started responding in 0.37976499999999996s...got 0 result(s) in 0.37981400000000004s
Sleeping for 0.742s before next query
Running Query 9.txt...started responding in 0.03025s...got 4 result(s) in 0.030313s
Sleeping for 0.432s before next query
Running Query 2.txt...started responding in 0.012468s...got 147 result(s) in 0.017707999999999998s
Sleeping for 0.69s before next query
Running Query 12b.txt...got 1 result(s) in 0.010471s
Sleeping for 0.147s before next query
Running Query 3b.txt...started responding in 0.007244s...got 9 result(s) in 0.007335s
Sleeping for 0.519s before next query
Running Query 1.txt...started responding in 0.00763s...got 1 result(s) in 0.007723s
Sleeping for 0.927s before next query
Running Query 12c.txt...got 1 result(s) in 0.005613000000000001s
Sleeping for 0.977s before next query
Running Query 5a.txt...started responding in 0.8914500000000001s...got 155 result(s) in 1.850514s
Sleeping for 0.533s before next query
Running Query 11.txt...started responding in 0.013574999999999999s...got 10 result(s) in 0.013656s
Sleeping for 0.44s before next query
Running Query 6.txt...started responding in 0.14879900000000001s...got 229 result(s) in 0.7766770000000001s
Sleeping for 0.321s before next query

Total Response Time: 1.736112s
Total Runtime: 14.89375s
Minimum Query Runtime: 0.003887s (Query 3c.txt)
Maximum Query Runtime: 11.464488s (Query 4.txt)

Query Mix Run 2 of 25
Query Order for this Run is 12, 4, 9, 16, 7, 5, 0, 6, 13, 15, 3, 2, 14, 8, 10, 1, 11
Running Query 10.txt...started responding in 0.005471s...got 166 result(s) in 0.006834s
Sleeping for 0.698s before next query
Running Query 3c.txt...started responding in 0.008106s...got 0 result(s) in 0.008173999999999999s
Sleeping for 0.442s before next query
Running Query 7.txt...started responding in 0.346335s...got 0 result(s) in 0.34638s
Sleeping for 0.623s before next query
Running Query 12c.txt...got 1 result(s) in 0.00528s
Sleeping for 0.031s before next query
Running Query 5b.txt...started responding in 0.13643100000000002s...got 155 result(s) in 0.285285s
Sleeping for 0.341s before next query
Running Query 4.txt...started responding in 0.05507s...got 23226 result(s) in 11.549681s
Sleeping for 0.027s before next query
Running Query 1.txt...started responding in 0.0035369999999999998s...got 1 result(s) in 0.003594s
Sleeping for 0.69s before next query
Running Query 5a.txt...started responding in 0.921826s...got 155 result(s) in 1.880729s
Sleeping for 0.405s before next query
Running Query 11.txt...started responding in 0.012574s...got 10 result(s) in 0.012683999999999999s
Sleeping for 0.448s before next query
Running Query 12b.txt...got 1 result(s) in 0.006902999999999999s
Sleeping for 0.632s before next query
Running Query 3b.txt...started responding in 0.00508s...got 9 result(s) in 0.005155s
Sleeping for 0.0010s before next query
Running Query 3a.txt...started responding in 0.00392s...got 846 result(s) in 0.011980000000000001s
Sleeping for 0.849s before next query
Running Query 12a.txt...got 1 result(s) in 0.003764s
Sleeping for 0.291s before next query
Running Query 6.txt...started responding in 0.154278s...got 229 result(s) in 0.8053279999999999s
Sleeping for 0.437s before next query
Running Query 8.txt...started responding in 0.011971s...got 184 result(s) in 0.01315s
Sleeping for 0.614s before next query
Running Query 2.txt...started responding in 0.007667s...got 147 result(s) in 0.012454s
Sleeping for 0.593s before next query
Running Query 9.txt...started responding in 0.026384s...got 4 result(s) in 0.026449s
Sleeping for 0.769s before next query

Total Response Time: 1.714597s
Total Runtime: 14.983824s
Minimum Query Runtime: 0.003594s (Query 1.txt)
Maximum Query Runtime: 11.549681s (Query 4.txt)

Query Mix Run 3 of 25
Query Order for this Run is 5, 1, 14, 6, 2, 13, 12, 16, 15, 8, 10, 9, 7, 0, 3, 11, 4
Running Query 4.txt...started responding in 0.058648000000000006s...got 23226 result(s) in 11.666351s
Sleeping for 0.721s before next query
Running Query 2.txt...started responding in 0.009888999999999998s...got 147 result(s) in 0.015071999999999999s
Sleeping for 0.063s before next query
Running Query 12a.txt...got 1 result(s) in 0.003972s
Sleeping for 0.27s before next query
Running Query 5a.txt...started responding in 0.886792s...got 155 result(s) in 1.8575039999999998s
Sleeping for 0.283s before next query
Running Query 3a.txt...started responding in 0.007921000000000001s...got 846 result(s) in 0.018985s
Sleeping for 0.673s before next query
Running Query 11.txt...started responding in 0.011199s...got 10 result(s) in 0.011283s
Sleeping for 0.955s before next query
Running Query 10.txt...started responding in 0.004568s...got 166 result(s) in 0.005667s
Sleeping for 0.326s before next query
Running Query 12c.txt...got 1 result(s) in 0.002745s
Sleeping for 0.187s before next query
Running Query 12b.txt...got 1 result(s) in 0.005898s
Sleeping for 0.928s before next query
Running Query 6.txt...started responding in 0.16626400000000002s...got 229 result(s) in 0.84076s
Sleeping for 0.803s before next query
Running Query 8.txt...started responding in 0.014403000000000001s...got 184 result(s) in 0.01549s
Sleeping for 0.663s before next query
Running Query 7.txt...started responding in 0.379781s...got 0 result(s) in 0.379834s
Sleeping for 0.424s before next query
Running Query 5b.txt...started responding in 0.138497s...got 155 result(s) in 0.30017099999999997s
Sleeping for 0.973s before next query
Running Query 1.txt...started responding in 0.003315s...got 1 result(s) in 0.003395s
Sleeping for 0.536s before next query
Running Query 3b.txt...started responding in 0.008047s...got 9 result(s) in 0.008133s
Sleeping for 0.12s before next query
Running Query 9.txt...started responding in 0.024817s...got 4 result(s) in 0.02488s
Sleeping for 0.281s before next query
Running Query 3c.txt...started responding in 0.003959s...got 0 result(s) in 0.003996s
Sleeping for 0.065s before next query

Total Response Time: 1.730715s
Total Runtime: 15.164136000000001s
Minimum Query Runtime: 0.002745s (Query 12c.txt)
Maximum Query Runtime: 11.666351s (Query 4.txt)

Query Mix Run 4 of 25
Query Order for this Run is 1, 10, 11, 4, 6, 0, 7, 12, 15, 8, 16, 13, 9, 14, 2, 3, 5
Running Query 2.txt...started responding in 0.0076950000000000005s...got 147 result(s) in 0.012368s
Sleeping for 0.716s before next query
Running Query 8.txt...started responding in 0.011758s...got 184 result(s) in 0.01295s
Sleeping for 0.373s before next query
Running Query 9.txt...started responding in 0.027295000000000003s...got 4 result(s) in 0.027363s
Sleeping for 0.166s before next query
Running Query 3c.txt...started responding in 0.009205s...got 0 result(s) in 0.009262000000000001s
Sleeping for 0.885s before next query
Running Query 5a.txt...started responding in 0.889621s...got 155 result(s) in 1.856172s
Sleeping for 0.617s before next query
Running Query 1.txt...started responding in 0.005345s...got 1 result(s) in 0.005418999999999999s
Sleeping for 0.13s before next query
Running Query 5b.txt...started responding in 0.141446s...got 155 result(s) in 0.290416s
Sleeping for 0.427s before next query
Running Query 10.txt...started responding in 0.006615s...got 166 result(s) in 0.008156s
Sleeping for 0.587s before next query
Running Query 12b.txt...got 1 result(s) in 0.007696s
Sleeping for 0.254s before next query
Running Query 6.txt...started responding in 0.15088300000000002s...got 229 result(s) in 0.782117s
Sleeping for 0.501s before next query
Running Query 12c.txt...got 1 result(s) in 0.0029590000000000003s
Sleeping for 0.29s before next query
Running Query 11.txt...started responding in 0.011814s...got 10 result(s) in 0.011897999999999999s
Sleeping for 0.527s before next query
Running Query 7.txt...started responding in 0.35344s...got 0 result(s) in 0.353485s
Sleeping for 0.967s before next query
Running Query 12a.txt...got 1 result(s) in 0.003714s
Sleeping for 0.0040s before next query
Running Query 3a.txt...started responding in 0.004039s...got 846 result(s) in 0.012622999999999999s
Sleeping for 0.215s before next query
Running Query 3b.txt...started responding in 0.004093s...got 9 result(s) in 0.004162s
Sleeping for 0.983s before next query
Running Query 4.txt...started responding in 0.060037s...got 23226 result(s) in 11.725161s
Sleeping for 0.07s before next query

Total Response Time: 1.697655s
Total Runtime: 15.125921s
Minimum Query Runtime: 0.0029590000000000003s (Query 12c.txt)
Maximum Query Runtime: 11.725161s (Query 4.txt)

Query Mix Run 5 of 25
Query Order for this Run is 11, 3, 5, 0, 7, 10, 16, 9, 14, 15, 8, 6, 2, 1, 12, 13, 4
Running Query 9.txt...started responding in 0.026555s...got 4 result(s) in 0.026615s
Sleeping for 0.23s before next query
Running Query 3b.txt...started responding in 0.006464s...got 9 result(s) in 0.006571s
Sleeping for 0.843s before next query
Running Query 4.txt...started responding in 0.053202s...got 23226 result(s) in 11.634986999999999s
Sleeping for 0.199s before next query
Running Query 1.txt...started responding in 0.003354s...got 1 result(s) in 0.003406s
Sleeping for 0.922s before next query
Running Query 5b.txt...started responding in 0.135796s...got 155 result(s) in 0.286507s
Sleeping for 0.238s before next query
Running Query 8.txt...started responding in 0.012832000000000001s...got 184 result(s) in 0.013876s
Sleeping for 0.215s before next query
Running Query 12c.txt...got 1 result(s) in 0.005182s
Sleeping for 0.95s before next query
Running Query 7.txt...started responding in 0.35336700000000004s...got 0 result(s) in 0.35341300000000003s
Sleeping for 0.326s before next query
Running Query 12a.txt...got 1 result(s) in 0.003573s
Sleeping for 0.614s before next query
Running Query 12b.txt...got 1 result(s) in 0.0059299999999999995s
Sleeping for 0.364s before next query
Running Query 6.txt...started responding in 0.154935s...got 229 result(s) in 0.8564930000000001s
Sleeping for 0.196s before next query
Running Query 5a.txt...started responding in 0.940038s...got 155 result(s) in 1.922997s
Sleeping for 0.983s before next query
Running Query 3a.txt...started responding in 0.007856s...got 846 result(s) in 0.018376999999999998s
Sleeping for 0.254s before next query
Running Query 2.txt...started responding in 0.011952s...got 147 result(s) in 0.019744s
Sleeping for 0.67s before next query
Running Query 10.txt...started responding in 0.005282s...got 166 result(s) in 0.006383s
Sleeping for 0.153s before next query
Running Query 11.txt...started responding in 0.015363s...got 10 result(s) in 0.015438s
Sleeping for 0.962s before next query
Running Query 3c.txt...started responding in 0.005497s...got 0 result(s) in 0.005545s
Sleeping for 0.379s before next query

Total Response Time: 1.7471780000000001s
Total Runtime: 15.185037s
Minimum Query Runtime: 0.003406s (Query 1.txt)
Maximum Query Runtime: 11.634986999999999s (Query 4.txt)

Query Mix Run 6 of 25
Query Order for this Run is 4, 1, 11, 15, 9, 13, 6, 8, 0, 14, 16, 2, 7, 12, 5, 3, 10
Running Query 3c.txt...started responding in 0.004983s...got 0 result(s) in 0.005032s
Sleeping for 0.696s before next query
Running Query 2.txt...started responding in 0.007673s...got 147 result(s) in 0.012641s
Sleeping for 0.56s before next query
Running Query 9.txt...started responding in 0.033475000000000005s...got 4 result(s) in 0.033564s
Sleeping for 0.771s before next query
Running Query 12b.txt...got 1 result(s) in 0.011423s
Sleeping for 0.064s before next query
Running Query 7.txt...started responding in 0.348221s...got 0 result(s) in 0.348266s
Sleeping for 0.777s before next query
Running Query 11.txt...started responding in 0.010622999999999999s...got 10 result(s) in 0.010736s
Sleeping for 0.541s before next query
Running Query 5a.txt...started responding in 0.9073559999999999s...got 155 result(s) in 1.9005150000000002s
Sleeping for 0.462s before next query
Running Query 6.txt...started responding in 0.16823500000000002s...got 229 result(s) in 0.840174s
Sleeping for 0.697s before next query
Running Query 1.txt...started responding in 0.004418s...got 1 result(s) in 0.004487s
Sleeping for 0.937s before next query
Running Query 12a.txt...got 1 result(s) in 0.0037240000000000003s
Sleeping for 0.356s before next query
Running Query 12c.txt...got 1 result(s) in 0.002729s
Sleeping for 0.165s before next query
Running Query 3a.txt...started responding in 0.0042569999999999995s...got 846 result(s) in 0.0158s
Sleeping for 0.693s before next query
Running Query 5b.txt...started responding in 0.13855699999999999s...got 155 result(s) in 0.29461200000000004s
Sleeping for 0.897s before next query
Running Query 10.txt...started responding in 0.003175s...got 166 result(s) in 0.003973s
Sleeping for 0.717s before next query
Running Query 4.txt...started responding in 0.052207s...got 23226 result(s) in 11.923742s
Sleeping for 0.034s before next query
Running Query 3b.txt...started responding in 0.007021s...got 9 result(s) in 0.007113s
Sleeping for 0.328s before next query
Running Query 8.txt...started responding in 0.011865s...got 184 result(s) in 0.013715s
Sleeping for 0.738s before next query

Total Response Time: 1.719942s
Total Runtime: 15.432246s
Minimum Query Runtime: 0.002729s (Query 12c.txt)
Maximum Query Runtime: 11.923742s (Query 4.txt)

Query Mix Run 7 of 25
Query Order for this Run is 16, 9, 2, 12, 15, 6, 10, 4, 8, 14, 5, 1, 7, 13, 3, 0, 11
Running Query 12c.txt...got 1 result(s) in 0.003206s
Sleeping for 0.016s before next query
Running Query 7.txt...started responding in 0.35723200000000005s...got 0 result(s) in 0.357284s
Sleeping for 0.221s before next query
Running Query 3a.txt...started responding in 0.005005s...got 846 result(s) in 0.012849000000000001s
Sleeping for 0.0030s before next query
Running Query 10.txt...started responding in 0.002781s...got 166 result(s) in 0.005058s
Sleeping for 0.45s before next query
Running Query 12b.txt...got 1 result(s) in 0.0060739999999999995s
Sleeping for 0.376s before next query
Running Query 5a.txt...started responding in 0.917215s...got 155 result(s) in 1.944211s
Sleeping for 0.287s before next query
Running Query 8.txt...started responding in 0.012572s...got 184 result(s) in 0.013593s
Sleeping for 0.818s before next query
Running Query 3c.txt...started responding in 0.004375s...got 0 result(s) in 0.004413s
Sleeping for 0.018s before next query
Running Query 6.txt...started responding in 0.15333000000000002s...got 229 result(s) in 0.8144969999999999s
Sleeping for 0.433s before next query
Running Query 12a.txt...got 1 result(s) in 0.003398s
Sleeping for 0.16s before next query
Running Query 4.txt...started responding in 0.057957s...got 23226 result(s) in 11.773187s
Sleeping for 0.451s before next query
Running Query 2.txt...started responding in 0.011871s...got 147 result(s) in 0.018403s
Sleeping for 0.744s before next query
Running Query 5b.txt...started responding in 0.140327s...got 155 result(s) in 0.29093s
Sleeping for 0.174s before next query
Running Query 11.txt...started responding in 0.010192999999999999s...got 10 result(s) in 0.010282999999999999s
Sleeping for 0.391s before next query
Running Query 3b.txt...started responding in 0.004208s...got 9 result(s) in 0.004277s
Sleeping for 0.931s before next query
Running Query 1.txt...started responding in 0.00613s...got 1 result(s) in 0.006226s
Sleeping for 0.322s before next query
Running Query 9.txt...started responding in 0.026544s...got 4 result(s) in 0.026608s
Sleeping for 0.443s before next query

Total Response Time: 1.7224179999999998s
Total Runtime: 15.294497s
Minimum Query Runtime: 0.003206s (Query 12c.txt)
Maximum Query Runtime: 11.773187s (Query 4.txt)

Query Mix Run 8 of 25
Query Order for this Run is 5, 16, 12, 1, 11, 3, 6, 13, 0, 8, 15, 4, 10, 9, 14, 7, 2
Running Query 4.txt...started responding in 0.058415999999999996s...got 23226 result(s) in 11.863839s
Sleeping for 0.499s before next query
Running Query 12c.txt...got 1 result(s) in 0.002524s
Sleeping for 0.946s before next query
Running Query 10.txt...started responding in 0.00375s...got 166 result(s) in 0.004682s
Sleeping for 0.738s before next query
Running Query 2.txt...started responding in 0.00977s...got 147 result(s) in 0.014887000000000001s
Sleeping for 0.506s before next query
Running Query 9.txt...started responding in 0.032115000000000005s...got 4 result(s) in 0.032204s
Sleeping for 0.482s before next query
Running Query 3b.txt...started responding in 0.004235s...got 9 result(s) in 0.004301s
Sleeping for 0.954s before next query
Running Query 5a.txt...started responding in 0.909252s...got 155 result(s) in 1.892329s
Sleeping for 0.501s before next query
Running Query 11.txt...started responding in 0.010563000000000001s...got 10 result(s) in 0.010641999999999999s
Sleeping for 0.147s before next query
Running Query 1.txt...started responding in 0.005115000000000001s...got 1 result(s) in 0.0051920000000000004s
Sleeping for 0.726s before next query
Running Query 6.txt...started responding in 0.149938s...got 229 result(s) in 0.792768s
Sleeping for 0.326s before next query
Running Query 12b.txt...got 1 result(s) in 0.01042s
Sleeping for 0.505s before next query
Running Query 3c.txt...started responding in 0.008175s...got 0 result(s) in 0.008230000000000001s
Sleeping for 0.313s before next query
Running Query 8.txt...started responding in 0.016713000000000002s...got 184 result(s) in 0.017870999999999998s
Sleeping for 0.194s before next query
Running Query 7.txt...started responding in 0.353126s...got 0 result(s) in 0.35317000000000004s
Sleeping for 0.877s before next query
Running Query 12a.txt...got 1 result(s) in 0.003439s
Sleeping for 0.124s before next query
Running Query 5b.txt...started responding in 0.137272s...got 155 result(s) in 0.29078899999999996s
Sleeping for 0.937s before next query
Running Query 3a.txt...started responding in 0.004076s...got 846 result(s) in 0.013888999999999999s
Sleeping for 0.58s before next query

Total Response Time: 1.718899s
Total Runtime: 15.321176s
Minimum Query Runtime: 0.002524s (Query 12c.txt)
Maximum Query Runtime: 11.863839s (Query 4.txt)

Query Mix Run 9 of 25
Query Order for this Run is 4, 7, 15, 11, 1, 8, 13, 5, 16, 14, 3, 10, 12, 6, 0, 2, 9
Running Query 3c.txt...started responding in 0.00534s...got 0 result(s) in 0.005384000000000001s
Sleeping for 0.823s before next query
Running Query 5b.txt...started responding in 0.13874s...got 155 result(s) in 0.292959s
Sleeping for 0.097s before next query
Running Query 12b.txt...got 1 result(s) in 0.005422s
Sleeping for 0.352s before next query
Running Query 9.txt...started responding in 0.025904s...got 4 result(s) in 0.025966999999999997s
Sleeping for 0.818s before next query
Running Query 2.txt...started responding in 0.007482s...got 147 result(s) in 0.014357s
Sleeping for 0.496s before next query
Running Query 6.txt...started responding in 0.150612s...got 229 result(s) in 0.8001180000000001s
Sleeping for 0.356s before next query
Running Query 11.txt...started responding in 0.010297s...got 10 result(s) in 0.010396s
Sleeping for 0.311s before next query
Running Query 4.txt...started responding in 0.051222000000000004s...got 23226 result(s) in 11.715256s
Sleeping for 0.191s before next query
Running Query 12c.txt...got 1 result(s) in 0.002535s
Sleeping for 0.841s before next query
Running Query 12a.txt...got 1 result(s) in 0.0033959999999999997s
Sleeping for 0.521s before next query
Running Query 3b.txt...started responding in 0.004442s...got 9 result(s) in 0.004525s
Sleeping for 0.564s before next query
Running Query 8.txt...started responding in 0.012031s...got 184 result(s) in 0.013162s
Sleeping for 0.615s before next query
Running Query 10.txt...started responding in 0.003373s...got 166 result(s) in 0.004418999999999999s
Sleeping for 0.091s before next query
Running Query 5a.txt...started responding in 0.90307s...got 155 result(s) in 1.9016579999999998s
Sleeping for 0.751s before next query
Running Query 1.txt...started responding in 0.0033s...got 1 result(s) in 0.0033740000000000003s
Sleeping for 0.782s before next query
Running Query 3a.txt...started responding in 0.004083s...got 846 result(s) in 0.011930999999999999s
Sleeping for 0.9s before next query
Running Query 7.txt...started responding in 0.346832s...got 0 result(s) in 0.34687599999999996s
Sleeping for 0.765s before next query

Total Response Time: 1.678081s
Total Runtime: 15.161735s
Minimum Query Runtime: 0.002535s (Query 12c.txt)
Maximum Query Runtime: 11.715256s (Query 4.txt)

Query Mix Run 10 of 25
Query Order for this Run is 0, 10, 1, 14, 15, 9, 13, 3, 6, 8, 5, 11, 7, 12, 4, 2, 16
Running Query 1.txt...started responding in 0.002944s...got 1 result(s) in 0.003003s
Sleeping for 0.639s before next query
Running Query 8.txt...started responding in 0.015066000000000001s...got 184 result(s) in 0.016402999999999997s
Sleeping for 0.773s before next query
Running Query 2.txt...started responding in 0.007146s...got 147 result(s) in 0.012214000000000001s
Sleeping for 0.186s before next query
Running Query 12a.txt...got 1 result(s) in 0.003378s
Sleeping for 0.033s before next query
Running Query 12b.txt...got 1 result(s) in 0.007086s
Sleeping for 0.643s before next query
Running Query 7.txt...started responding in 0.35171399999999997s...got 0 result(s) in 0.35176s
Sleeping for 0.744s before next query
Running Query 11.txt...started responding in 0.009994999999999999s...got 10 result(s) in 0.010093s
Sleeping for 0.721s before next query
Running Query 3b.txt...started responding in 0.008187s...got 9 result(s) in 0.00827s
Sleeping for 0.823s before next query
Running Query 5a.txt...started responding in 0.919134s...got 155 result(s) in 1.911365s
Sleeping for 0.943s before next query
Running Query 6.txt...started responding in 0.143173s...got 229 result(s) in 0.789034s
Sleeping for 0.834s before next query
Running Query 4.txt...started responding in 0.05471s...got 23226 result(s) in 11.806937s
Sleeping for 0.885s before next query
Running Query 9.txt...started responding in 0.025946999999999998s...got 4 result(s) in 0.026015999999999997s
Sleeping for 0.0040s before next query
Running Query 5b.txt...started responding in 0.139491s...got 155 result(s) in 0.293942s
Sleeping for 0.209s before next query
Running Query 10.txt...started responding in 0.003124s...got 166 result(s) in 0.00542s
Sleeping for 0.293s before next query
Running Query 3c.txt...started responding in 0.003898s...got 0 result(s) in 0.003948s
Sleeping for 0.897s before next query
Running Query 3a.txt...started responding in 0.0039169999999999995s...got 846 result(s) in 0.011705s
Sleeping for 0.29s before next query
Running Query 12c.txt...got 1 result(s) in 0.002549s
Sleeping for 0.1s before next query

Total Response Time: 1.701459s
Total Runtime: 15.263123s
Minimum Query Runtime: 0.002549s (Query 12c.txt)
Maximum Query Runtime: 11.806937s (Query 4.txt)

Query Mix Run 11 of 25
Query Order for this Run is 13, 8, 3, 5, 16, 7, 12, 9, 14, 10, 0, 11, 1, 15, 4, 6, 2
Running Query 11.txt...started responding in 0.009932s...got 10 result(s) in 0.01001s
Sleeping for 0.202s before next query
Running Query 6.txt...started responding in 0.146482s...got 229 result(s) in 0.7868099999999999s
Sleeping for 0.12s before next query
Running Query 3b.txt...started responding in 0.007318s...got 9 result(s) in 0.00741s
Sleeping for 0.429s before next query
Running Query 4.txt...started responding in 0.055686s...got 23226 result(s) in 12.893051999999999s
Sleeping for 0.564s before next query
Running Query 12c.txt...got 1 result(s) in 0.002417s
Sleeping for 0.287s before next query
Running Query 5b.txt...started responding in 0.20224899999999998s...got 155 result(s) in 0.478771s
Sleeping for 0.477s before next query
Running Query 10.txt...started responding in 0.003554s...got 166 result(s) in 0.0047350000000000005s
Sleeping for 0.67s before next query
Running Query 7.txt...started responding in 0.363057s...got 0 result(s) in 0.363103s
Sleeping for 0.074s before next query
Running Query 12a.txt...got 1 result(s) in 0.00362s
Sleeping for 0.656s before next query
Running Query 8.txt...started responding in 0.017047s...got 184 result(s) in 0.018765999999999998s
Sleeping for 0.44s before next query
Running Query 1.txt...started responding in 0.004928s...got 1 result(s) in 0.005016s
Sleeping for 0.687s before next query
Running Query 9.txt...started responding in 0.039955s...got 4 result(s) in 0.040029s
Sleeping for 0.499s before next query
Running Query 2.txt...started responding in 0.007503999999999999s...got 147 result(s) in 0.012336999999999999s
Sleeping for 0.035s before next query
Running Query 12b.txt...got 1 result(s) in 0.005763s
Sleeping for 0.563s before next query
Running Query 3c.txt...started responding in 0.007587s...got 0 result(s) in 0.007652999999999999s
Sleeping for 0.435s before next query
Running Query 5a.txt...started responding in 0.937022s...got 155 result(s) in 1.9554090000000002s
Sleeping for 0.459s before next query
Running Query 3a.txt...started responding in 0.00398s...got 846 result(s) in 0.011812s
Sleeping for 0.268s before next query

Total Response Time: 1.8181010000000002s
Total Runtime: 16.606713s
Minimum Query Runtime: 0.002417s (Query 12c.txt)
Maximum Query Runtime: 12.893051999999999s (Query 4.txt)

Query Mix Run 12 of 25
Query Order for this Run is 5, 1, 16, 13, 7, 8, 0, 3, 15, 10, 2, 14, 12, 4, 11, 9, 6
Running Query 4.txt...started responding in 0.051377s...got 23226 result(s) in 13.543781999999998s
Sleeping for 0.309s before next query
Running Query 2.txt...started responding in 0.008960000000000001s...got 147 result(s) in 0.014107s
Sleeping for 0.138s before next query
Running Query 12c.txt...got 1 result(s) in 0.005115000000000001s
Sleeping for 0.404s before next query
Running Query 11.txt...started responding in 0.012715s...got 10 result(s) in 0.012811s
Sleeping for 0.51s before next query
Running Query 5b.txt...started responding in 0.135606s...got 155 result(s) in 0.286428s
Sleeping for 0.35s before next query
Running Query 6.txt...started responding in 0.1443s...got 229 result(s) in 0.783321s
Sleeping for 0.26s before next query
Running Query 1.txt...started responding in 0.003247s...got 1 result(s) in 0.0033090000000000003s
Sleeping for 0.943s before next query
Running Query 3b.txt...started responding in 0.006513s...got 9 result(s) in 0.006601s
Sleeping for 0.527s before next query
Running Query 12b.txt...got 1 result(s) in 0.00557s
Sleeping for 0.218s before next query
Running Query 8.txt...started responding in 0.014119999999999999s...got 184 result(s) in 0.015305999999999998s
Sleeping for 0.544s before next query
Running Query 3a.txt...started responding in 0.006085s...got 846 result(s) in 0.014614s
Sleeping for 0.357s before next query
Running Query 12a.txt...got 1 result(s) in 0.004947s
Sleeping for 0.226s before next query
Running Query 10.txt...started responding in 0.003929s...got 166 result(s) in 0.0053419999999999995s
Sleeping for 0.19s before next query
Running Query 3c.txt...started responding in 0.0048070000000000005s...got 0 result(s) in 0.004859s
Sleeping for 0.483s before next query
Running Query 9.txt...started responding in 0.030385000000000002s...got 4 result(s) in 0.03047s
Sleeping for 0.667s before next query
Running Query 7.txt...started responding in 0.355891s...got 0 result(s) in 0.355933s
Sleeping for 0.868s before next query
Running Query 5a.txt...started responding in 0.90571s...got 155 result(s) in 2.347051s
Sleeping for 0.98s before next query

Total Response Time: 1.6992770000000001s
Total Runtime: 17.439566s
Minimum Query Runtime: 0.0033090000000000003s (Query 1.txt)
Maximum Query Runtime: 13.543781999999998s (Query 4.txt)

Query Mix Run 13 of 25
Query Order for this Run is 10, 3, 9, 14, 2, 8, 11, 16, 15, 7, 1, 4, 13, 0, 6, 12, 5
Running Query 8.txt...started responding in 0.009686s...got 184 result(s) in 0.011071999999999999s
Sleeping for 0.03s before next query
Running Query 3b.txt...started responding in 0.004774s...got 9 result(s) in 0.00484s
Sleeping for 0.28s before next query
Running Query 7.txt...started responding in 0.412208s...got 0 result(s) in 0.41225599999999996s
Sleeping for 0.925s before next query
Running Query 12a.txt...got 1 result(s) in 0.00321s
Sleeping for 0.103s before next query
Running Query 3a.txt...started responding in 0.007383s...got 846 result(s) in 0.01697s
Sleeping for 0.701s before next query
Running Query 6.txt...started responding in 0.151507s...got 229 result(s) in 0.829735s
Sleeping for 0.928s before next query
Running Query 9.txt...started responding in 0.026099s...got 4 result(s) in 0.026161999999999998s
Sleeping for 0.209s before next query
Running Query 12c.txt...got 1 result(s) in 0.00276s
Sleeping for 0.23s before next query
Running Query 12b.txt...got 1 result(s) in 0.006697s
Sleeping for 0.676s before next query
Running Query 5b.txt...started responding in 0.14157599999999998s...got 155 result(s) in 0.29384899999999997s
Sleeping for 0.66s before next query
Running Query 2.txt...started responding in 0.007252s...got 147 result(s) in 0.013215999999999999s
Sleeping for 0.615s before next query
Running Query 3c.txt...started responding in 0.004051s...got 0 result(s) in 0.004098s
Sleeping for 0.753s before next query
Running Query 11.txt...started responding in 0.010345s...got 10 result(s) in 0.010431s
Sleeping for 0.803s before next query
Running Query 1.txt...started responding in 0.003044s...got 1 result(s) in 0.003112s
Sleeping for 0.812s before next query
Running Query 5a.txt...started responding in 0.897408s...got 155 result(s) in 1.8731579999999999s
Sleeping for 0.734s before next query
Running Query 10.txt...started responding in 0.003133s...got 166 result(s) in 0.004078s
Sleeping for 0.161s before next query
Running Query 4.txt...started responding in 0.051239s...got 23226 result(s) in 12.133314s
Sleeping for 0.222s before next query

Total Response Time: 1.742372s
Total Runtime: 15.648958s
Minimum Query Runtime: 0.00276s (Query 12c.txt)
Maximum Query Runtime: 12.133314s (Query 4.txt)

Query Mix Run 14 of 25
Query Order for this Run is 10, 6, 7, 0, 14, 16, 5, 9, 15, 8, 1, 13, 2, 4, 3, 12, 11
Running Query 8.txt...started responding in 0.009407s...got 184 result(s) in 0.010383s
Sleeping for 0.0020s before next query
Running Query 5a.txt...started responding in 0.90312s...got 155 result(s) in 1.967752s
Sleeping for 0.739s before next query
Running Query 5b.txt...started responding in 0.136055s...got 155 result(s) in 0.28597500000000003s
Sleeping for 0.582s before next query
Running Query 1.txt...started responding in 0.002941s...got 1 result(s) in 0.0030s
Sleeping for 0.229s before next query
Running Query 12a.txt...got 1 result(s) in 0.0032280000000000004s
Sleeping for 0.953s before next query
Running Query 12c.txt...got 1 result(s) in 0.002588s
Sleeping for 0.192s before next query
Running Query 4.txt...started responding in 0.049983s...got 23226 result(s) in 12.377362s
Sleeping for 0.371s before next query
Running Query 7.txt...started responding in 0.349006s...got 0 result(s) in 0.34905s
Sleeping for 0.861s before next query
Running Query 12b.txt...got 1 result(s) in 0.005345s
Sleeping for 0.273s before next query
Running Query 6.txt...started responding in 0.15847399999999998s...got 229 result(s) in 0.799762s
Sleeping for 0.152s before next query
Running Query 2.txt...started responding in 0.009276s...got 147 result(s) in 0.020936s
Sleeping for 0.692s before next query
Running Query 11.txt...started responding in 0.029216000000000002s...got 10 result(s) in 0.029299s
Sleeping for 0.0070s before next query
Running Query 3a.txt...started responding in 0.003797s...got 846 result(s) in 0.012659s
Sleeping for 0.732s before next query
Running Query 3c.txt...started responding in 0.0040869999999999995s...got 0 result(s) in 0.004142000000000001s
Sleeping for 0.519s before next query
Running Query 3b.txt...started responding in 0.003904s...got 9 result(s) in 0.003978000000000001s
Sleeping for 0.658s before next query
Running Query 10.txt...started responding in 0.002885s...got 166 result(s) in 0.00362s
Sleeping for 0.081s before next query
Running Query 9.txt...started responding in 0.024338000000000002s...got 4 result(s) in 0.024404s
Sleeping for 0.26s before next query

Total Response Time: 1.69765s
Total Runtime: 15.903483s
Minimum Query Runtime: 0.002588s (Query 12c.txt)
Maximum Query Runtime: 12.377362s (Query 4.txt)

Query Mix Run 15 of 25
Query Order for this Run is 11, 13, 0, 8, 7, 6, 2, 3, 5, 9, 1, 4, 14, 10, 12, 15, 16
Running Query 9.txt...started responding in 0.025443s...got 4 result(s) in 0.02552s
Sleeping for 0.458s before next query
Running Query 11.txt...started responding in 0.009807999999999999s...got 10 result(s) in 0.009893s
Sleeping for 0.905s before next query
Running Query 1.txt...started responding in 0.002855s...got 1 result(s) in 0.002908s
Sleeping for 0.361s before next query
Running Query 6.txt...started responding in 0.144344s...got 229 result(s) in 0.7872870000000001s
Sleeping for 0.195s before next query
Running Query 5b.txt...started responding in 0.137387s...got 155 result(s) in 0.289187s
Sleeping for 0.575s before next query
Running Query 5a.txt...started responding in 0.894891s...got 155 result(s) in 1.877168s
Sleeping for 0.32s before next query
Running Query 3a.txt...started responding in 0.003968s...got 846 result(s) in 0.011961000000000001s
Sleeping for 0.933s before next query
Running Query 3b.txt...started responding in 0.003933s...got 9 result(s) in 0.004008s
Sleeping for 0.242s before next query
Running Query 4.txt...started responding in 0.052126s...got 23226 result(s) in 13.389256s
Sleeping for 0.147s before next query
Running Query 7.txt...started responding in 0.396837s...got 0 result(s) in 0.396886s
Sleeping for 0.936s before next query
Running Query 2.txt...started responding in 0.007232000000000001s...got 147 result(s) in 0.012476000000000001s
Sleeping for 0.955s before next query
Running Query 3c.txt...started responding in 0.003711s...got 0 result(s) in 0.003761s
Sleeping for 0.08s before next query
Running Query 12a.txt...got 1 result(s) in 0.003198s
Sleeping for 0.448s before next query
Running Query 8.txt...started responding in 0.009495s...got 184 result(s) in 0.010745s
Sleeping for 0.427s before next query
Running Query 10.txt...started responding in 0.003095s...got 166 result(s) in 0.003916s
Sleeping for 0.968s before next query
Running Query 12b.txt...got 1 result(s) in 0.005592s
Sleeping for 0.42s before next query
Running Query 12c.txt...got 1 result(s) in 0.002725s
Sleeping for 0.883s before next query

Total Response Time: 1.7066400000000002s
Total Runtime: 16.836487s
Minimum Query Runtime: 0.002725s (Query 12c.txt)
Maximum Query Runtime: 13.389256s (Query 4.txt)

Query Mix Run 16 of 25
Query Order for this Run is 11, 3, 4, 10, 0, 5, 8, 2, 14, 15, 16, 12, 7, 1, 13, 6, 9
Running Query 9.txt...started responding in 0.026099s...got 4 result(s) in 0.026161999999999998s
Sleeping for 0.942s before next query
Running Query 3b.txt...started responding in 0.003993s...got 9 result(s) in 0.004076s
Sleeping for 0.692s before next query
Running Query 3c.txt...started responding in 0.005403s...got 0 result(s) in 0.0054459999999999995s
Sleeping for 0.604s before next query
Running Query 8.txt...started responding in 0.010702999999999999s...got 184 result(s) in 0.011631s
Sleeping for 0.148s before next query
Running Query 1.txt...started responding in 0.002949s...got 1 result(s) in 0.003004s
Sleeping for 0.704s before next query
Running Query 4.txt...started responding in 0.050421s...got 23226 result(s) in 12.530314s
Sleeping for 0.223s before next query
Running Query 6.txt...started responding in 0.144413s...got 229 result(s) in 0.8186939999999999s
Sleeping for 0.875s before next query
Running Query 3a.txt...started responding in 0.005178s...got 846 result(s) in 0.012983s
Sleeping for 0.765s before next query
Running Query 12a.txt...got 1 result(s) in 0.003443s
Sleeping for 0.303s before next query
Running Query 12b.txt...got 1 result(s) in 0.0053890000000000006s
Sleeping for 0.214s before next query
Running Query 12c.txt...got 1 result(s) in 0.0047480000000000005s
Sleeping for 0.234s before next query
Running Query 10.txt...started responding in 0.002794s...got 166 result(s) in 0.0034s
Sleeping for 0.093s before next query
Running Query 5b.txt...started responding in 0.13663399999999998s...got 155 result(s) in 0.287685s
Sleeping for 0.049s before next query
Running Query 2.txt...started responding in 0.008327999999999999s...got 147 result(s) in 0.01305s
Sleeping for 0.387s before next query
Running Query 11.txt...started responding in 0.009863s...got 10 result(s) in 0.009943s
Sleeping for 0.751s before next query
Running Query 5a.txt...started responding in 0.899456s...got 155 result(s) in 1.873469s
Sleeping for 0.055s before next query
Running Query 7.txt...started responding in 0.34848700000000005s...got 0 result(s) in 0.34854599999999997s
Sleeping for 0.673s before next query

Total Response Time: 1.668301s
Total Runtime: 15.961983s
Minimum Query Runtime: 0.003004s (Query 1.txt)
Maximum Query Runtime: 12.530314s (Query 4.txt)

Query Mix Run 17 of 25
Query Order for this Run is 12, 10, 9, 14, 4, 13, 7, 15, 8, 16, 2, 0, 6, 5, 3, 1, 11
Running Query 10.txt...started responding in 0.0031379999999999997s...got 166 result(s) in 0.004035s
Sleeping for 0.651s before next query
Running Query 8.txt...started responding in 0.009487s...got 184 result(s) in 0.010567s
Sleeping for 0.464s before next query
Running Query 7.txt...started responding in 0.349751s...got 0 result(s) in 0.349795s
Sleeping for 0.424s before next query
Running Query 12a.txt...got 1 result(s) in 0.003794s
Sleeping for 0.143s before next query
Running Query 3c.txt...started responding in 0.004988s...got 0 result(s) in 0.005030000000000001s
Sleeping for 0.814s before next query
Running Query 11.txt...started responding in 0.009824999999999999s...got 10 result(s) in 0.009898s
Sleeping for 0.625s before next query
Running Query 5b.txt...started responding in 0.137383s...got 155 result(s) in 0.288508s
Sleeping for 0.131s before next query
Running Query 12b.txt...got 1 result(s) in 0.0056040000000000005s
Sleeping for 0.863s before next query
Running Query 6.txt...started responding in 0.14984999999999998s...got 229 result(s) in 0.7921950000000001s
Sleeping for 0.396s before next query
Running Query 12c.txt...got 1 result(s) in 0.0032040000000000003s
Sleeping for 0.607s before next query
Running Query 3a.txt...started responding in 0.00813s...got 846 result(s) in 0.041250999999999996s
Sleeping for 0.666s before next query
Running Query 1.txt...started responding in 0.004961s...got 1 result(s) in 0.005035s
Sleeping for 0.597s before next query
Running Query 5a.txt...started responding in 0.9035299999999999s...got 155 result(s) in 1.879459s
Sleeping for 0.834s before next query
Running Query 4.txt...started responding in 0.055101s...got 23226 result(s) in 13.074455s
Sleeping for 0.638s before next query
Running Query 3b.txt...started responding in 0.003959s...got 9 result(s) in 0.004036s
Sleeping for 0.302s before next query
Running Query 2.txt...started responding in 0.007102000000000001s...got 147 result(s) in 0.012346s
Sleeping for 0.716s before next query
Running Query 9.txt...started responding in 0.026396999999999997s...got 4 result(s) in 0.02647s
Sleeping for 0.78s before next query

Total Response Time: 1.686204s
Total Runtime: 16.515682s
Minimum Query Runtime: 0.0032040000000000003s (Query 12c.txt)
Maximum Query Runtime: 13.074455s (Query 4.txt)

Query Mix Run 18 of 25
Query Order for this Run is 2, 1, 6, 14, 5, 10, 3, 8, 4, 16, 0, 9, 15, 11, 12, 13, 7
Running Query 3a.txt...started responding in 0.003904s...got 846 result(s) in 0.013343s
Sleeping for 0.299s before next query
Running Query 2.txt...started responding in 0.0075439999999999995s...got 147 result(s) in 0.012776s
Sleeping for 0.352s before next query
Running Query 5a.txt...started responding in 0.9028160000000001s...got 155 result(s) in 1.883165s
Sleeping for 0.726s before next query
Running Query 12a.txt...got 1 result(s) in 0.003336s
Sleeping for 0.154s before next query
Running Query 4.txt...started responding in 0.049755s...got 23226 result(s) in 12.895349s
Sleeping for 0.049s before next query
Running Query 8.txt...started responding in 0.009646s...got 184 result(s) in 0.010778000000000001s
Sleeping for 0.4s before next query
Running Query 3b.txt...started responding in 0.003885s...got 9 result(s) in 0.003958000000000001s
Sleeping for 0.299s before next query
Running Query 6.txt...started responding in 0.14525s...got 229 result(s) in 0.7870069999999999s
Sleeping for 0.045s before next query
Running Query 3c.txt...started responding in 0.003749s...got 0 result(s) in 0.003797s
Sleeping for 0.582s before next query
Running Query 12c.txt...got 1 result(s) in 0.0027040000000000002s
Sleeping for 0.616s before next query
Running Query 1.txt...started responding in 0.002928s...got 1 result(s) in 0.002991s
Sleeping for 0.495s before next query
Running Query 7.txt...started responding in 0.35061200000000003s...got 0 result(s) in 0.350657s
Sleeping for 0.236s before next query
Running Query 12b.txt...got 1 result(s) in 0.0071319999999999995s
Sleeping for 0.632s before next query
Running Query 9.txt...started responding in 0.024692s...got 4 result(s) in 0.024754s
Sleeping for 0.243s before next query
Running Query 10.txt...started responding in 0.002899s...got 166 result(s) in 0.003588s
Sleeping for 0.556s before next query
Running Query 11.txt...started responding in 0.010112999999999999s...got 10 result(s) in 0.010196s
Sleeping for 0.511s before next query
Running Query 5b.txt...started responding in 0.13872s...got 155 result(s) in 0.288642s
Sleeping for 0.031s before next query

Total Response Time: 1.6696849999999999s
Total Runtime: 16.304173000000002s
Minimum Query Runtime: 0.0027040000000000002s (Query 12c.txt)
Maximum Query Runtime: 12.895349s (Query 4.txt)

Query Mix Run 19 of 25
Query Order for this Run is 11, 10, 16, 8, 13, 4, 1, 2, 6, 14, 12, 5, 7, 15, 0, 9, 3
Running Query 9.txt...started responding in 0.024457999999999997s...got 4 result(s) in 0.024522s
Sleeping for 0.036s before next query
Running Query 8.txt...started responding in 0.011249s...got 184 result(s) in 0.012459s
Sleeping for 0.275s before next query
Running Query 12c.txt...got 1 result(s) in 0.002485s
Sleeping for 0.966s before next query
Running Query 6.txt...started responding in 0.14463900000000002s...got 229 result(s) in 0.787473s
Sleeping for 0.747s before next query
Running Query 11.txt...started responding in 0.010663s...got 10 result(s) in 0.010746s
Sleeping for 0.788s before next query
Running Query 3c.txt...started responding in 0.003657s...got 0 result(s) in 0.003692s
Sleeping for 0.722s before next query
Running Query 2.txt...started responding in 0.008312s...got 147 result(s) in 0.014766999999999999s
Sleeping for 0.356s before next query
Running Query 3a.txt...started responding in 0.00385s...got 846 result(s) in 0.012881s
Sleeping for 0.083s before next query
Running Query 5a.txt...started responding in 0.898135s...got 155 result(s) in 1.885203s
Sleeping for 0.165s before next query
Running Query 12a.txt...got 1 result(s) in 0.00328s
Sleeping for 0.664s before next query
Running Query 10.txt...started responding in 0.003218s...got 166 result(s) in 0.004114s
Sleeping for 0.546s before next query
Running Query 4.txt...started responding in 0.05218s...got 23226 result(s) in 12.954011000000001s
Sleeping for 0.542s before next query
Running Query 5b.txt...started responding in 0.139043s...got 155 result(s) in 0.29184699999999997s
Sleeping for 0.532s before next query
Running Query 12b.txt...got 1 result(s) in 0.00563s
Sleeping for 0.882s before next query
Running Query 1.txt...started responding in 0.0032749999999999997s...got 1 result(s) in 0.0033290000000000004s
Sleeping for 0.504s before next query
Running Query 7.txt...started responding in 0.34666199999999997s...got 0 result(s) in 0.346706s
Sleeping for 0.561s before next query
Running Query 3b.txt...started responding in 0.005017000000000001s...got 9 result(s) in 0.00508s
Sleeping for 0.561s before next query

Total Response Time: 1.665753s
Total Runtime: 16.368225s
Minimum Query Runtime: 0.002485s (Query 12c.txt)
Maximum Query Runtime: 12.954011000000001s (Query 4.txt)

Query Mix Run 20 of 25
Query Order for this Run is 7, 6, 1, 16, 14, 3, 15, 0, 8, 4, 10, 5, 11, 12, 2, 13, 9
Running Query 5b.txt...started responding in 0.136202s...got 155 result(s) in 0.287103s
Sleeping for 0.378s before next query
Running Query 5a.txt...started responding in 0.921238s...got 155 result(s) in 1.915565s
Sleeping for 0.739s before next query
Running Query 2.txt...started responding in 0.007171s...got 147 result(s) in 0.015823s
Sleeping for 0.94s before next query
Running Query 12c.txt...got 1 result(s) in 0.002523s
Sleeping for 0.141s before next query
Running Query 12a.txt...got 1 result(s) in 0.003939s
Sleeping for 0.791s before next query
Running Query 3b.txt...started responding in 0.003767s...got 9 result(s) in 0.0038290000000000004s
Sleeping for 0.479s before next query
Running Query 12b.txt...got 1 result(s) in 0.005525s
Sleeping for 0.749s before next query
Running Query 1.txt...started responding in 0.0028610000000000003s...got 1 result(s) in 0.0029159999999999998s
Sleeping for 0.576s before next query
Running Query 6.txt...started responding in 0.14446799999999999s...got 229 result(s) in 0.786091s
Sleeping for 0.914s before next query
Running Query 3c.txt...started responding in 0.00375s...got 0 result(s) in 0.003786s
Sleeping for 0.237s before next query
Running Query 8.txt...started responding in 0.011385999999999999s...got 184 result(s) in 0.012561s
Sleeping for 0.385s before next query
Running Query 4.txt...started responding in 0.049804s...got 23226 result(s) in 12.759066s
Sleeping for 0.287s before next query
Running Query 9.txt...started responding in 0.025033s...got 4 result(s) in 0.025097s
Sleeping for 0.745s before next query
Running Query 10.txt...started responding in 0.0036269999999999996s...got 166 result(s) in 0.0045179999999999994s
Sleeping for 0.111s before next query
Running Query 3a.txt...started responding in 0.005223s...got 846 result(s) in 0.013718s
Sleeping for 0.664s before next query
Running Query 11.txt...started responding in 0.010331s...got 10 result(s) in 0.010414999999999999s
Sleeping for 0.551s before next query
Running Query 7.txt...started responding in 0.348555s...got 0 result(s) in 0.348599s
Sleeping for 0.348s before next query

Total Response Time: 1.685403s
Total Runtime: 16.201074000000002s
Minimum Query Runtime: 0.002523s (Query 12c.txt)
Maximum Query Runtime: 12.759066s (Query 4.txt)

Query Mix Run 21 of 25
Query Order for this Run is 4, 6, 15, 7, 0, 5, 1, 10, 8, 13, 9, 14, 11, 12, 16, 3, 2
Running Query 3c.txt...started responding in 0.00391s...got 0 result(s) in 0.003949s
Sleeping for 0.057s before next query
Running Query 5a.txt...started responding in 0.8989170000000001s...got 155 result(s) in 1.9064919999999999s
Sleeping for 0.176s before next query
Running Query 12b.txt...got 1 result(s) in 0.005677s
Sleeping for 0.641s before next query
Running Query 5b.txt...started responding in 0.135994s...got 155 result(s) in 0.28504700000000005s
Sleeping for 0.15s before next query
Running Query 1.txt...started responding in 0.002816s...got 1 result(s) in 0.002868s
Sleeping for 0.278s before next query
Running Query 4.txt...started responding in 0.050114s...got 23226 result(s) in 14.742939s
Sleeping for 0.57s before next query
Running Query 2.txt...started responding in 0.00717s...got 147 result(s) in 0.012754s
Sleeping for 0.446s before next query
Running Query 8.txt...started responding in 0.009205s...got 184 result(s) in 0.010454000000000001s
Sleeping for 0.767s before next query
Running Query 6.txt...started responding in 0.145322s...got 229 result(s) in 0.784131s
Sleeping for 0.213s before next query
Running Query 11.txt...started responding in 0.011644999999999999s...got 10 result(s) in 0.011728s
Sleeping for 0.7s before next query
Running Query 7.txt...started responding in 0.347889s...got 0 result(s) in 0.347934s
Sleeping for 0.435s before next query
Running Query 12a.txt...got 1 result(s) in 0.003385s
Sleeping for 0.527s before next query
Running Query 9.txt...started responding in 0.025613s...got 4 result(s) in 0.025675999999999997s
Sleeping for 0.805s before next query
Running Query 10.txt...started responding in 0.003399s...got 166 result(s) in 0.0041459999999999995s
Sleeping for 0.059s before next query
Running Query 12c.txt...got 1 result(s) in 0.002732s
Sleeping for 0.189s before next query
Running Query 3b.txt...started responding in 0.004057000000000001s...got 9 result(s) in 0.004133s
Sleeping for 0.401s before next query
Running Query 3a.txt...started responding in 0.0039369999999999995s...got 846 result(s) in 0.011763s
Sleeping for 0.25s before next query

Total Response Time: 1.6617819999999999s
Total Runtime: 18.165808000000002s
Minimum Query Runtime: 0.002732s (Query 12c.txt)
Maximum Query Runtime: 14.742939s (Query 4.txt)

Query Mix Run 22 of 25
Query Order for this Run is 5, 6, 4, 14, 13, 0, 2, 10, 1, 16, 8, 7, 9, 3, 12, 15, 11
Running Query 4.txt...started responding in 0.05062s...got 23226 result(s) in 13.391924000000001s
Sleeping for 0.554s before next query
Running Query 5a.txt...started responding in 0.916603s...got 155 result(s) in 2.203636s
Sleeping for 0.574s before next query
Running Query 3c.txt...started responding in 0.005178s...got 0 result(s) in 0.0052190000000000005s
Sleeping for 0.81s before next query
Running Query 12a.txt...got 1 result(s) in 0.00332s
Sleeping for 0.533s before next query
Running Query 11.txt...started responding in 0.0297s...got 10 result(s) in 0.029779s
Sleeping for 0.802s before next query
Running Query 1.txt...started responding in 0.002937s...got 1 result(s) in 0.002992s
Sleeping for 0.059s before next query
Running Query 3a.txt...started responding in 0.004033999999999999s...got 846 result(s) in 0.012228999999999999s
Sleeping for 0.093s before next query
Running Query 8.txt...started responding in 0.011076s...got 184 result(s) in 0.012374000000000001s
Sleeping for 0.283s before next query
Running Query 2.txt...started responding in 0.007598s...got 147 result(s) in 0.012877000000000001s
Sleeping for 0.961s before next query
Running Query 12c.txt...got 1 result(s) in 0.0024820000000000003s
Sleeping for 0.091s before next query
Running Query 6.txt...started responding in 0.143322s...got 229 result(s) in 0.9266319999999999s
Sleeping for 0.776s before next query
Running Query 5b.txt...started responding in 0.17181200000000002s...got 155 result(s) in 0.38600999999999996s
Sleeping for 0.898s before next query
Running Query 7.txt...started responding in 0.359783s...got 0 result(s) in 0.359829s
Sleeping for 0.533s before next query
Running Query 3b.txt...started responding in 0.004472s...got 9 result(s) in 0.00455s
Sleeping for 0.412s before next query
Running Query 10.txt...started responding in 0.003734s...got 166 result(s) in 0.004736s
Sleeping for 0.061s before next query
Running Query 12b.txt...got 1 result(s) in 0.006982s
Sleeping for 0.0080s before next query
Running Query 9.txt...started responding in 0.036208s...got 4 result(s) in 0.036281s
Sleeping for 0.632s before next query

Total Response Time: 1.7598610000000001s
Total Runtime: 17.401851999999998s
Minimum Query Runtime: 0.0024820000000000003s (Query 12c.txt)
Maximum Query Runtime: 13.391924000000001s (Query 4.txt)

Query Mix Run 23 of 25
Query Order for this Run is 2, 4, 5, 1, 11, 13, 15, 10, 8, 0, 7, 12, 6, 9, 14, 3, 16
Running Query 3a.txt...started responding in 0.004867s...got 846 result(s) in 0.01722s
Sleeping for 0.59s before next query
Running Query 3c.txt...started responding in 0.005974s...got 0 result(s) in 0.006019999999999999s
Sleeping for 0.239s before next query
Running Query 4.txt...started responding in 0.058316s...got 23226 result(s) in 15.395262s
Sleeping for 0.942s before next query
Running Query 2.txt...started responding in 0.007394s...got 147 result(s) in 0.01461s
Sleeping for 0.459s before next query
Running Query 9.txt...started responding in 0.024862s...got 4 result(s) in 0.02493s
Sleeping for 0.894s before next query
Running Query 11.txt...started responding in 0.012359s...got 10 result(s) in 0.012447s
Sleeping for 0.89s before next query
Running Query 12b.txt...got 1 result(s) in 0.0053029999999999996s
Sleeping for 0.931s before next query
Running Query 8.txt...started responding in 0.010343s...got 184 result(s) in 0.011784000000000001s
Sleeping for 0.496s before next query
Running Query 6.txt...started responding in 0.14554599999999998s...got 229 result(s) in 0.7986380000000001s
Sleeping for 0.788s before next query
Running Query 1.txt...started responding in 0.0033090000000000003s...got 1 result(s) in 0.003362s
Sleeping for 0.541s before next query
Running Query 5b.txt...started responding in 0.135617s...got 155 result(s) in 0.286736s
Sleeping for 0.433s before next query
Running Query 10.txt...started responding in 0.003279s...got 166 result(s) in 0.003998s
Sleeping for 0.335s before next query
Running Query 5a.txt...started responding in 0.898679s...got 155 result(s) in 1.8875309999999998s
Sleeping for 0.839s before next query
Running Query 7.txt...started responding in 0.34617000000000003s...got 0 result(s) in 0.34623000000000004s
Sleeping for 0.998s before next query
Running Query 12a.txt...got 1 result(s) in 0.00325s
Sleeping for 0.301s before next query
Running Query 3b.txt...started responding in 0.003833s...got 9 result(s) in 0.0038959999999999997s
Sleeping for 0.454s before next query
Running Query 12c.txt...got 1 result(s) in 0.0024809999999999997s
Sleeping for 0.499s before next query

Total Response Time: 1.6715820000000001s
Total Runtime: 18.823698s
Minimum Query Runtime: 0.0024809999999999997s (Query 12c.txt)
Maximum Query Runtime: 15.395262s (Query 4.txt)

Query Mix Run 24 of 25
Query Order for this Run is 15, 4, 8, 10, 6, 12, 9, 3, 16, 0, 2, 11, 7, 1, 13, 5, 14
Running Query 12b.txt...got 1 result(s) in 0.005848s
Sleeping for 0.74s before next query
Running Query 3c.txt...started responding in 0.0038250000000000003s...got 0 result(s) in 0.003862s
Sleeping for 0.903s before next query
Running Query 6.txt...started responding in 0.142847s...got 229 result(s) in 0.7818350000000001s
Sleeping for 0.333s before next query
Running Query 8.txt...started responding in 0.010701s...got 184 result(s) in 0.011705s
Sleeping for 0.82s before next query
Running Query 5a.txt...started responding in 0.90691s...got 155 result(s) in 1.898898s
Sleeping for 0.928s before next query
Running Query 10.txt...started responding in 0.003311s...got 166 result(s) in 0.004192s
Sleeping for 0.438s before next query
Running Query 7.txt...started responding in 0.351105s...got 0 result(s) in 0.351151s
Sleeping for 0.179s before next query
Running Query 3b.txt...started responding in 0.004099s...got 9 result(s) in 0.004186s
Sleeping for 0.664s before next query
Running Query 12c.txt...got 1 result(s) in 0.002483s
Sleeping for 0.325s before next query
Running Query 1.txt...started responding in 0.0028610000000000003s...got 1 result(s) in 0.002927s
Sleeping for 0.508s before next query
Running Query 3a.txt...started responding in 0.004471s...got 846 result(s) in 0.011893s
Sleeping for 0.701s before next query
Running Query 9.txt...started responding in 0.025222s...got 4 result(s) in 0.025283999999999997s
Sleeping for 0.909s before next query
Running Query 5b.txt...started responding in 0.1379s...got 155 result(s) in 0.29129700000000003s
Sleeping for 0.255s before next query
Running Query 2.txt...started responding in 0.007731s...got 147 result(s) in 0.015212s
Sleeping for 0.176s before next query
Running Query 11.txt...started responding in 0.010654s...got 10 result(s) in 0.010761s
Sleeping for 0.741s before next query
Running Query 4.txt...started responding in 0.050947000000000006s...got 23226 result(s) in 13.195548s
Sleeping for 0.883s before next query
Running Query 12a.txt...got 1 result(s) in 0.004674s
Sleeping for 0.894s before next query

Total Response Time: 1.675589s
Total Runtime: 16.621756s
Minimum Query Runtime: 0.002483s (Query 12c.txt)
Maximum Query Runtime: 13.195548s (Query 4.txt)

Query Mix Run 25 of 25
Query Order for this Run is 9, 1, 11, 10, 15, 2, 5, 4, 14, 16, 13, 7, 12, 3, 8, 6, 0
Running Query 7.txt...started responding in 0.350841s...got 0 result(s) in 0.35088400000000003s
Sleeping for 0.286s before next query
Running Query 2.txt...started responding in 0.009432000000000001s...got 147 result(s) in 0.023171s
Sleeping for 0.826s before next query
Running Query 9.txt...started responding in 0.024474s...got 4 result(s) in 0.024543s
Sleeping for 0.532s before next query
Running Query 8.txt...started responding in 0.012629s...got 184 result(s) in 0.014243s
Sleeping for 0.447s before next query
Running Query 12b.txt...got 1 result(s) in 0.006293s
Sleeping for 0.39s before next query
Running Query 3a.txt...started responding in 0.005363000000000001s...got 846 result(s) in 0.023907s
Sleeping for 0.065s before next query
Running Query 4.txt...started responding in 0.051745s...got 23226 result(s) in 13.730529s
Sleeping for 0.196s before next query
Running Query 3c.txt...started responding in 0.003746s...got 0 result(s) in 0.003782s
Sleeping for 0.779s before next query
Running Query 12a.txt...got 1 result(s) in 0.004704s
Sleeping for 0.445s before next query
Running Query 12c.txt...got 1 result(s) in 0.002412s
Sleeping for 0.831s before next query
Running Query 11.txt...started responding in 0.010648999999999999s...got 10 result(s) in 0.010735s
Sleeping for 0.437s before next query
Running Query 5b.txt...started responding in 0.136928s...got 155 result(s) in 0.28808999999999996s
Sleeping for 0.937s before next query
Running Query 10.txt...started responding in 0.003045s...got 166 result(s) in 0.00409s
Sleeping for 0.671s before next query
Running Query 3b.txt...started responding in 0.004686s...got 9 result(s) in 0.004762s
Sleeping for 0.169s before next query
Running Query 6.txt...started responding in 0.14429s...got 229 result(s) in 0.778499s
Sleeping for 0.425s before next query
Running Query 5a.txt...started responding in 0.919038s...got 155 result(s) in 1.90483s
Sleeping for 0.39s before next query
Running Query 1.txt...started responding in 0.002948s...got 1 result(s) in 0.003002s
Sleeping for 0.212s before next query

Total Response Time: 1.693223s
Total Runtime: 17.178476s
Minimum Query Runtime: 0.002412s (Query 12c.txt)
Maximum Query Runtime: 13.730529s (Query 4.txt)

Finished Benchmarking, calculating statistics...

Query Summary
-------------

Query ID 0 (1.txt)
Total Response Time: 0.08350199999999999s
Average Response Time (Arithmetic): 0.003630521s
Total Runtime: 0.08499899999999999s
Average Runtime (Arithmetic): 0.003695608s
Average Runtime (Geometric): 0.0035883575383977104s
Minimum Runtime: 0.002908s
Maximum Runtime: 0.006226s
Runtime Variance: 9.3621797731569E-16s
Runtime Standard Deviation: 9.675835763982818E-4s
Queries per Second: 270.59146965803734
Queries per Hour: 974129.2907689344

Query ID 1 (2.txt)
Total Response Time: 0.195041s
Average Response Time (Arithmetic): 0.008480043s
Total Runtime: 0.33492099999999997s
Average Runtime (Arithmetic): 0.014561781999999999s
Average Runtime (Geometric): 0.01438085546611791s
Minimum Runtime: 0.012336999999999999s
Maximum Runtime: 0.020936s
Runtime Variance: 5.885186257088847E-15s
Runtime Standard Deviation: 0.0024259402830838286s
Queries per Second: 68.67291379585274
Queries per Hour: 247222.48966506985

Query ID 2 (3a.txt)
Total Response Time: 0.111477s
Average Response Time (Arithmetic): 0.004846826s
Total Runtime: 0.326308s
Average Runtime (Arithmetic): 0.014187304s
Average Runtime (Geometric): 0.013923286439185435s
Minimum Runtime: 0.011763s
Maximum Runtime: 0.023907s
Runtime Variance: 8.964950994328922E-15s
Runtime Standard Deviation: 0.0029941528007650046s
Queries per Second: 70.48555525419064
Queries per Hour: 253747.99891508635

Query ID 3 (3b.txt)
Total Response Time: 0.115277s
Average Response Time (Arithmetic): 0.005012043s
Total Runtime: 0.117086s
Average Runtime (Arithmetic): 0.005090695s
Average Runtime (Geometric): 0.004941161528906399s
Minimum Runtime: 0.0038959999999999997s
Maximum Runtime: 0.008133s
Runtime Variance: 1.746421168241965E-15s
Runtime Standard Deviation: 0.0013215222919958508s
Queries per Second: 196.43683229892972
Queries per Hour: 707172.596276147

Query ID 4 (3c.txt)
Total Response Time: 0.112951s
Average Response Time (Arithmetic): 0.004910913s
Total Runtime: 0.114013s
Average Runtime (Arithmetic): 0.004957086s
Average Runtime (Geometric): 0.00479871226626098s
Minimum Runtime: 0.003761s
Maximum Runtime: 0.008230000000000001s
Runtime Variance: 1.86277886200378E-15s
Runtime Standard Deviation: 0.0013648365697048789s
Queries per Second: 201.73142043531217
Queries per Hour: 726233.1135671239

Query ID 5 (4.txt)
Total Response Time: 1.222567s
Average Response Time (Arithmetic): 0.053155086s
Total Runtime: 289.270042s
Average Runtime (Arithmetic): 12.576958347s
Average Runtime (Geometric): 12.550060485607553s
Minimum Runtime: 11.549681s
Maximum Runtime: 14.742939s
Runtime Variance: 6.930725483066617E-10s
Runtime Standard Deviation: 0.8325097887152207s
Queries per Second: 0.07951048038880812
Queries per Hour: 286.2377293997092

Query ID 6 (5a.txt)
Total Response Time: 20.892067s
Average Response Time (Arithmetic): 0.908350739s
Total Runtime: 43.979214999999996s
Average Runtime (Arithmetic): 1.912139782s
Average Runtime (Geometric): 1.911015203470757s
Minimum Runtime: 1.856172s
Maximum Runtime: 2.203636s
Runtime Variance: 4.633599822778828E-12s
Runtime Standard Deviation: 0.06807055033403821s
Queries per Second: 0.5229743188304212
Queries per Hour: 1882.7075477895162

Query ID 7 (5b.txt)
Total Response Time: 3.207952s
Average Response Time (Arithmetic): 0.13947617299999998s
Total Runtime: 6.766224s
Average Runtime (Arithmetic): 0.294183652s
Average Runtime (Geometric): 0.2936176689504457s
Minimum Runtime: 0.285285s
Maximum Runtime: 0.38600999999999996s
Runtime Variance: 3.948985445746688E-13s
Runtime Standard Deviation: 0.019872054362211s
Queries per Second: 3.399237154075441
Queries per Hour: 12237.253754671588

Query ID 8 (6.txt)
Total Response Time: 3.4433800000000003s
Average Response Time (Arithmetic): 0.149712173s
Total Runtime: 18.422767s
Average Runtime (Arithmetic): 0.800989869s
Average Runtime (Geometric): 0.8007067638350805s
Minimum Runtime: 0.778499s
Maximum Runtime: 0.8564930000000001s
Runtime Variance: 4.629874904612472E-13s
Runtime Standard Deviation: 0.021517144105602105s
Queries per Second: 1.2484552410737169
Queries per Hour: 4494.438867865381

Query ID 9 (7.txt)
Total Response Time: 8.188289s
Average Response Time (Arithmetic): 0.356012565s
Total Runtime: 8.189354999999999s
Average Runtime (Arithmetic): 0.35605891300000003s
Average Runtime (Geometric): 0.3558502028774737s
Minimum Runtime: 0.34638s
Maximum Runtime: 0.396886s
Runtime Variance: 1.5543231660113429E-13s
Runtime Standard Deviation: 0.012467249760918975s
Queries per Second: 2.8085239927697017
Queries per Hour: 10110.686373970926

Query ID 10 (8.txt)
Total Response Time: 0.269167s
Average Response Time (Arithmetic): 0.011702913s
Total Runtime: 0.297354s
Average Runtime (Arithmetic): 0.012928433999999999s
Average Runtime (Geometric): 0.012794782950091472s
Minimum Runtime: 0.010454000000000001s
Maximum Runtime: 0.017870999999999998s
Runtime Variance: 3.6668685066162536E-15s
Runtime Standard Deviation: 0.0019149069185253511s
Queries per Second: 77.34888850420708
Queries per Hour: 278455.9986151455

Query ID 11 (9.txt)
Total Response Time: 0.6242709999999999s
Average Response Time (Arithmetic): 0.027142217s
Total Runtime: 0.62585s
Average Runtime (Arithmetic): 0.027210869s
Average Runtime (Geometric): 0.027053152226208334s
Minimum Runtime: 0.024522s
Maximum Runtime: 0.036281s
Runtime Variance: 9.533365504725901E-15s
Runtime Standard Deviation: 0.003087614856928548s
Queries per Second: 36.750020736199204
Queries per Hour: 132300.07465031714

Query ID 12 (10.txt)
Total Response Time: 0.08382200000000001s
Average Response Time (Arithmetic): 0.0036444339999999998s
Total Runtime: 0.108534s
Average Runtime (Arithmetic): 0.004718869s
Average Runtime (Geometric): 0.0046327711485620576s
Minimum Runtime: 0.003588s
Maximum Runtime: 0.0069900000000000006s
Runtime Variance: 9.078095916824198E-16s
Runtime Standard Deviation: 9.527904237986544E-4s
Queries per Second: 211.91518560909407
Queries per Hour: 762894.6681927387

Query ID 13 (11.txt)
Total Response Time: 0.274506s
Average Response Time (Arithmetic): 0.011935043000000001s
Total Runtime: 0.27652899999999997s
Average Runtime (Arithmetic): 0.012022999999999999s
Average Runtime (Geometric): 0.011639490685100904s
Minimum Runtime: 0.009898s
Maximum Runtime: 0.029299s
Runtime Variance: 1.538585686956522E-14s
Runtime Standard Deviation: 0.003922480958470699s
Queries per Second: 83.17391665973551
Queries per Hour: 299426.09997504787

Query ID 14 (12a.txt)
Total Response Time: 0.084488s
Average Response Time (Arithmetic): 0.0036733910000000002s
Total Runtime: 0.084488s
Average Runtime (Arithmetic): 0.0036733910000000002s
Average Runtime (Geometric): 0.0036451928461976963s
Minimum Runtime: 0.00321s
Maximum Runtime: 0.004947s
Runtime Variance: 2.3052754253308125E-16s
Runtime Standard Deviation: 4.801328384239941E-4s
Queries per Second: 272.22803126593385
Queries per Hour: 980020.9125573618

Query ID 15 (12b.txt)
Total Response Time: 0.148947s
Average Response Time (Arithmetic): 0.006475956s
Total Runtime: 0.148947s
Average Runtime (Arithmetic): 0.006475956s
Average Runtime (Geometric): 0.006355774384333122s
Minimum Runtime: 0.005345s
Maximum Runtime: 0.010471s
Runtime Variance: 1.9224386502835533E-15s
Runtime Standard Deviation: 0.0013865203389361277s
Queries per Second: 154.41735552248966
Queries per Hour: 555902.4798809628

Query ID 16 (12c.txt)
Total Response Time: 0.07115600000000001s
Average Response Time (Arithmetic): 0.003093739s
Total Runtime: 0.07115600000000001s
Average Runtime (Arithmetic): 0.003093739s
Average Runtime (Geometric): 0.002982372834769084s
Minimum Runtime: 0.002417s
Maximum Runtime: 0.00528s
Runtime Variance: 8.807208015122877E-16s
Runtime Standard Deviation: 9.384672618223224E-4s
Queries per Second: 323.23347250689216
Queries per Hour: 1163640.5010248118

Query Mix Summary
-----------------

Ran Query Mix containing 17 queries a total of 25 times
Total Response Time: 39.260785000000006s
Average Response Time (Arithmetic): 1.706990652s
Total Runtime: 370.08593099999996s
Average Runtime (Arithmetic): 16.090692652s
Average Runtime (Geometric): 1.6067183788924526E10s
Minimum Mix Runtime: 14.983824s
Maximum Mix Runtime: 18.165808000000002s
Mix Runtime Variance: 7.711635353724008E8s
Mix Runtime Standard Deviation: 0.8781591742801533s
Query Mixes per Hour: 223.73182297733692

Results for this run output to owlim_lite_10k.csv
