Running in verbose mode, run with -q or --quiet to disable
Benchmark Options
-----------------

Endpoint = http://localhost:8080/openrdf-sesame/repositories/50k-native
Sanity Checking Level = 2
Warmups = 5
Runs = 25
Random Query Order = On
Outliers = 1
Timeout = 300 seconds
Max Delay between Queries = 1000 milliseconds
Result Limit = Query Specified
CSV Results File = sesame_native_50k.csv
XML Results File = sesame_native_50k.xml
Halt on Timeout = false
Halt on Error = false
Halt Any = false
ASK Results Format = application/sparql-results+xml
Graph Results Format = application/rdf+xml
SELECT Results Format = application/sparql-results+xml
GZip Encoding = disabled
Deflate Encoding = disabled
Parallel Threads = 1
Result Counting = enabled

Sanity checking the user specified endpoint...
Sanity Check 1 of 3...OK
Sanity Check 2 of 3...started responding in 0.0027010000000000003s...OK
Sanity Check 3 of 3...started responding in 0.002104s...OK
Sanity Checks passed required sanity level...

Starting Benchmarking...
17 Queries were loaded:
Query ID 0 (1.txt)
PREFIX  dc:   <http://purl.org/dc/elements/1.1/>
PREFIX  bench: <http://localhost/vocabulary/bench/>
PREFIX  xsd:  <http://www.w3.org/2001/XMLSchema#>
PREFIX  rdf:  <http://www.w3.org/1999/02/22-rdf-syntax-ns#>
PREFIX  dcterms: <http://purl.org/dc/terms/>

SELECT  ?yr
WHERE
  { ?journal rdf:type bench:Journal .
    ?journal dc:title "Journal 1 (1940)"^^xsd:string .
    ?journal dcterms:issued ?yr
  }


Query ID 1 (2.txt)
PREFIX  dc:   <http://purl.org/dc/elements/1.1/>
PREFIX  rdfs: <http://www.w3.org/2000/01/rdf-schema#>
PREFIX  foaf: <http://xmlns.com/foaf/0.1/>
PREFIX  bench: <http://localhost/vocabulary/bench/>
PREFIX  rdf:  <http://www.w3.org/1999/02/22-rdf-syntax-ns#>
PREFIX  swrc: <http://swrc.ontoware.org/ontology#>
PREFIX  dcterms: <http://purl.org/dc/terms/>

SELECT  ?inproc ?author ?booktitle ?title ?proc ?ee ?page ?url ?yr ?abstract
WHERE
  { ?inproc rdf:type bench:Inproceedings .
    ?inproc dc:creator ?author .
    ?inproc bench:booktitle ?booktitle .
    ?inproc dc:title ?title .
    ?inproc dcterms:partOf ?proc .
    ?inproc rdfs:seeAlso ?ee .
    ?inproc swrc:pages ?page .
    ?inproc foaf:homepage ?url .
    ?inproc dcterms:issued ?yr
    OPTIONAL
      { ?inproc bench:abstract ?abstract }
  }
ORDER BY ?yr


Query ID 2 (3a.txt)
PREFIX  bench: <http://localhost/vocabulary/bench/>
PREFIX  rdf:  <http://www.w3.org/1999/02/22-rdf-syntax-ns#>
PREFIX  swrc: <http://swrc.ontoware.org/ontology#>

SELECT  ?article
WHERE
  { ?article rdf:type bench:Article .
    ?article ?property ?value
    FILTER ( ?property = swrc:pages )
  }


Query ID 3 (3b.txt)
PREFIX  bench: <http://localhost/vocabulary/bench/>
PREFIX  rdf:  <http://www.w3.org/1999/02/22-rdf-syntax-ns#>
PREFIX  swrc: <http://swrc.ontoware.org/ontology#>

SELECT  ?article
WHERE
  { ?article rdf:type bench:Article .
    ?article ?property ?value
    FILTER ( ?property = swrc:month )
  }


Query ID 4 (3c.txt)
PREFIX  bench: <http://localhost/vocabulary/bench/>
PREFIX  rdf:  <http://www.w3.org/1999/02/22-rdf-syntax-ns#>
PREFIX  swrc: <http://swrc.ontoware.org/ontology#>

SELECT  ?article
WHERE
  { ?article rdf:type bench:Article .
    ?article ?property ?value
    FILTER ( ?property = swrc:isbn )
  }


Query ID 5 (4.txt)
PREFIX  dc:   <http://purl.org/dc/elements/1.1/>
PREFIX  bench: <http://localhost/vocabulary/bench/>
PREFIX  foaf: <http://xmlns.com/foaf/0.1/>
PREFIX  rdf:  <http://www.w3.org/1999/02/22-rdf-syntax-ns#>
PREFIX  swrc: <http://swrc.ontoware.org/ontology#>
PREFIX  dcterms: <http://purl.org/dc/terms/>

SELECT DISTINCT  ?name1 ?name2
WHERE
  { ?article1 rdf:type bench:Article .
    ?article2 rdf:type bench:Article .
    ?article1 dc:creator ?author1 .
    ?author1 foaf:name ?name1 .
    ?article2 dc:creator ?author2 .
    ?author2 foaf:name ?name2 .
    ?article1 swrc:journal ?journal .
    ?article2 swrc:journal ?journal
    FILTER ( ?name1 < ?name2 )
  }


Query ID 6 (5a.txt)
PREFIX  dc:   <http://purl.org/dc/elements/1.1/>
PREFIX  foaf: <http://xmlns.com/foaf/0.1/>
PREFIX  bench: <http://localhost/vocabulary/bench/>
PREFIX  rdf:  <http://www.w3.org/1999/02/22-rdf-syntax-ns#>

SELECT DISTINCT  ?person ?name
WHERE
  { ?article rdf:type bench:Article .
    ?article dc:creator ?person .
    ?inproc rdf:type bench:Inproceedings .
    ?inproc dc:creator ?person2 .
    ?person foaf:name ?name .
    ?person2 foaf:name ?name2
    FILTER ( ?name = ?name2 )
  }


Query ID 7 (5b.txt)
PREFIX  dc:   <http://purl.org/dc/elements/1.1/>
PREFIX  foaf: <http://xmlns.com/foaf/0.1/>
PREFIX  bench: <http://localhost/vocabulary/bench/>
PREFIX  rdf:  <http://www.w3.org/1999/02/22-rdf-syntax-ns#>

SELECT DISTINCT  ?person ?name
WHERE
  { ?article rdf:type bench:Article .
    ?article dc:creator ?person .
    ?inproc rdf:type bench:Inproceedings .
    ?inproc dc:creator ?person .
    ?person foaf:name ?name
  }


Query ID 8 (6.txt)
PREFIX  dc:   <http://purl.org/dc/elements/1.1/>
PREFIX  rdfs: <http://www.w3.org/2000/01/rdf-schema#>
PREFIX  foaf: <http://xmlns.com/foaf/0.1/>
PREFIX  rdf:  <http://www.w3.org/1999/02/22-rdf-syntax-ns#>
PREFIX  dcterms: <http://purl.org/dc/terms/>

SELECT  ?yr ?name ?document
WHERE
  { ?class rdfs:subClassOf foaf:Document .
    ?document rdf:type ?class .
    ?document dcterms:issued ?yr .
    ?document dc:creator ?author .
    ?author foaf:name ?name
    OPTIONAL
      { ?class2 rdfs:subClassOf foaf:Document .
        ?document2 rdf:type ?class2 .
        ?document2 dcterms:issued ?yr2 .
        ?document2 dc:creator ?author2
        FILTER ( ( ?author = ?author2 ) && ( ?yr2 < ?yr ) )
      }
    FILTER ( ! bound(?author2) )
  }


Query ID 9 (7.txt)
PREFIX  dc:   <http://purl.org/dc/elements/1.1/>
PREFIX  rdfs: <http://www.w3.org/2000/01/rdf-schema#>
PREFIX  foaf: <http://xmlns.com/foaf/0.1/>
PREFIX  rdf:  <http://www.w3.org/1999/02/22-rdf-syntax-ns#>
PREFIX  dcterms: <http://purl.org/dc/terms/>

SELECT DISTINCT  ?title
WHERE
  { ?class rdfs:subClassOf foaf:Document .
    ?doc rdf:type ?class .
    ?doc dc:title ?title .
    ?bag2 ?member2 ?doc .
    ?doc2 dcterms:references ?bag2
    OPTIONAL
      { ?class3 rdfs:subClassOf foaf:Document .
        ?doc3 rdf:type ?class3 .
        ?doc3 dcterms:references ?bag3 .
        ?bag3 ?member3 ?doc
        OPTIONAL
          { ?class4 rdfs:subClassOf foaf:Document .
            ?doc4 rdf:type ?class4 .
            ?doc4 dcterms:references ?bag4 .
            ?bag4 ?member4 ?doc3
          }
        FILTER ( ! bound(?doc4) )
      }
    FILTER ( ! bound(?doc3) )
  }


Query ID 10 (8.txt)
PREFIX  dc:   <http://purl.org/dc/elements/1.1/>
PREFIX  foaf: <http://xmlns.com/foaf/0.1/>
PREFIX  xsd:  <http://www.w3.org/2001/XMLSchema#>
PREFIX  rdf:  <http://www.w3.org/1999/02/22-rdf-syntax-ns#>

SELECT DISTINCT  ?name
WHERE
  { ?erdoes rdf:type foaf:Person .
    ?erdoes foaf:name "Paul Erdoes"^^xsd:string
      { ?document dc:creator ?erdoes .
        ?document dc:creator ?author .
        ?document2 dc:creator ?author .
        ?document2 dc:creator ?author2 .
        ?author2 foaf:name ?name
        FILTER ( ( ( ( ?author != ?erdoes ) && ( ?document2 != ?document ) ) && ( ?author2 != ?erdoes ) ) && ( ?author2 != ?author ) )
      }
    UNION
      { ?document dc:creator ?erdoes .
        ?document dc:creator ?author .
        ?author foaf:name ?name
        FILTER ( ?author != ?erdoes )
      }
  }


Query ID 11 (9.txt)
PREFIX  foaf: <http://xmlns.com/foaf/0.1/>
PREFIX  rdf:  <http://www.w3.org/1999/02/22-rdf-syntax-ns#>

SELECT DISTINCT  ?predicate
WHERE
  {   { ?person rdf:type foaf:Person .
        ?subject ?predicate ?person
      }
    UNION
      { ?person rdf:type foaf:Person .
        ?person ?predicate ?object
      }
  }


Query ID 12 (10.txt)
PREFIX  person: <http://localhost/persons/>

SELECT  ?subject ?predicate
WHERE
  { ?subject ?predicate person:Paul_Erdoes }


Query ID 13 (11.txt)
PREFIX  rdfs: <http://www.w3.org/2000/01/rdf-schema#>

SELECT  ?ee
WHERE
  { ?publication rdfs:seeAlso ?ee }
ORDER BY ?ee
OFFSET  50
LIMIT   10


Query ID 14 (12a.txt)
PREFIX  dc:   <http://purl.org/dc/elements/1.1/>
PREFIX  foaf: <http://xmlns.com/foaf/0.1/>
PREFIX  bench: <http://localhost/vocabulary/bench/>
PREFIX  rdf:  <http://www.w3.org/1999/02/22-rdf-syntax-ns#>

ASK
WHERE
  { ?article rdf:type bench:Article .
    ?article dc:creator ?person1 .
    ?inproc rdf:type bench:Inproceedings .
    ?inproc dc:creator ?person2 .
    ?person1 foaf:name ?name1 .
    ?person2 foaf:name ?name2
    FILTER ( ?name1 = ?name2 )
  }


Query ID 15 (12b.txt)
PREFIX  dc:   <http://purl.org/dc/elements/1.1/>
PREFIX  foaf: <http://xmlns.com/foaf/0.1/>
PREFIX  xsd:  <http://www.w3.org/2001/XMLSchema#>
PREFIX  rdf:  <http://www.w3.org/1999/02/22-rdf-syntax-ns#>

ASK
WHERE
  { ?erdoes rdf:type foaf:Person .
    ?erdoes foaf:name "Paul Erdoes"^^xsd:string
      { ?document dc:creator ?erdoes .
        ?document dc:creator ?author .
        ?document2 dc:creator ?author .
        ?document2 dc:creator ?author2 .
        ?author2 foaf:name ?name
        FILTER ( ( ( ( ?author != ?erdoes ) && ( ?document2 != ?document ) ) && ( ?author2 != ?erdoes ) ) && ( ?author2 != ?author ) )
      }
    UNION
      { ?document dc:creator ?erdoes .
        ?document dc:creator ?author .
        ?author foaf:name ?name
        FILTER ( ?author != ?erdoes )
      }
  }


Query ID 16 (12c.txt)
PREFIX  person: <http://localhost/persons/>
PREFIX  foaf: <http://xmlns.com/foaf/0.1/>
PREFIX  rdf:  <http://www.w3.org/1999/02/22-rdf-syntax-ns#>

ASK
WHERE
  { person:John_Q_Public rdf:type foaf:Person }


Running Warmups...

Warmup Run 1 of 5
Query Order for this Run is 0, 2, 7, 9, 5, 4, 16, 14, 1, 11, 12, 8, 3, 15, 10, 6, 13
Running Query 1.txt...started responding in 0.003451s...got 1 result(s) in 0.003669s
Sleeping for 0.523s before next query
Running Query 3a.txt...started responding in 0.011084s...got 3647 result(s) in 0.16087700000000002s
Sleeping for 0.343s before next query
Running Query 5b.txt...started responding in 0.052899s...got 1085 result(s) in 0.322023s
Sleeping for 0.43s before next query
Running Query 7.txt...started responding in 6.315451s...got 2 result(s) in 6.315776s
Sleeping for 0.741s before next query
Running Query 4.txt...started responding in 0.014241s...got 104746 result(s) in 7.949014s
Sleeping for 0.295s before next query
Running Query 3c.txt...started responding in 0.006883s...got 0 result(s) in 0.00694s
Sleeping for 0.019s before next query
Running Query 12c.txt...got 1 result(s) in 0.002633s
Sleeping for 0.841s before next query
Running Query 12a.txt...got 1 result(s) in 0.007156s
Sleeping for 0.383s before next query
Running Query 2.txt...started responding in 0.10346999999999999s...got 965 result(s) in 0.153464s
Sleeping for 0.448s before next query
Running Query 9.txt...started responding in 26.666355s...got 4 result(s) in 26.666494999999998s
Sleeping for 0.563s before next query
Running Query 10.txt...started responding in 0.016513000000000003s...got 307 result(s) in 0.023628s
Sleeping for 0.219s before next query
Running Query 6.txt...started responding in 3.239138s...got 1769 result(s) in 137.91264999999999s
Sleeping for 0.847s before next query
Running Query 3b.txt...started responding in 0.007116s...got 25 result(s) in 0.007253s
Sleeping for 0.794s before next query
Running Query 12b.txt...got 1 result(s) in 0.415856s
Sleeping for 0.169s before next query
Running Query 8.txt...started responding in 2.589651s...got 264 result(s) in 2.6902719999999998s
Sleeping for 0.213s before next query
Running Query 5a.txt...started responding in 14.774395s...got 1085 result(s) in 236.75714799999997s
Sleeping for 0.475s before next query
Running Query 11.txt...started responding in 0.050884s...got 10 result(s) in 0.050968000000000006s
Sleeping for 0.594s before next query

Total Response Time: 54.277176s
Total Runtime: 419.44582199999996s
Minimum Query Runtime: 0.002633s (Query 12c.txt)
Maximum Query Runtime: 236.75714799999997s (Query 5a.txt)

Warmup Run 2 of 5
Query Order for this Run is 5, 13, 9, 12, 15, 3, 7, 0, 6, 14, 11, 2, 10, 4, 8, 1, 16
Running Query 4.txt...started responding in 0.01314s...got 104746 result(s) in 8.086312s
Sleeping for 0.654s before next query
Running Query 11.txt...started responding in 0.045811s...got 10 result(s) in 0.046009s
Sleeping for 0.905s before next query
Running Query 7.txt...started responding in 7.508109s...got 2 result(s) in 7.508173s
Sleeping for 0.097s before next query
Running Query 10.txt...started responding in 0.004954s...got 307 result(s) in 0.013942999999999999s
Sleeping for 0.079s before next query
Running Query 12b.txt...got 1 result(s) in 0.41944099999999995s
Sleeping for 0.37s before next query
Running Query 3b.txt...started responding in 0.006199s...got 25 result(s) in 0.006369s
Sleeping for 0.412s before next query
Running Query 5b.txt...started responding in 0.060972s...got 1085 result(s) in 0.345947s
Sleeping for 0.795s before next query
Running Query 1.txt...started responding in 0.005916s...got 1 result(s) in 0.006005s
Sleeping for 0.067s before next query
Running Query 5a.txt...started responding in 14.951540999999999s...got 1085 result(s) in 238.203115s
Sleeping for 0.358s before next query
Running Query 12a.txt...got 1 result(s) in 0.006239s
Sleeping for 0.226s before next query
Running Query 9.txt...started responding in 27.097424s...got 4 result(s) in 27.097565s
Sleeping for 0.214s before next query
Running Query 3a.txt...started responding in 0.009717s...got 3647 result(s) in 0.115351s
Sleeping for 0.515s before next query
Running Query 8.txt...started responding in 2.57987s...got 264 result(s) in 2.674604s
Sleeping for 0.937s before next query
Running Query 3c.txt...started responding in 0.006001s...got 0 result(s) in 0.006065s
Sleeping for 0.73s before next query
Running Query 6.txt...started responding in 3.256671s...got 1769 result(s) in 136.076312s
Sleeping for 0.307s before next query
Running Query 2.txt...started responding in 0.103752s...got 965 result(s) in 0.138085s
Sleeping for 0.17s before next query
Running Query 12c.txt...got 1 result(s) in 0.004198s
Sleeping for 0.915s before next query

Total Response Time: 56.079955s
Total Runtime: 420.753733s
Minimum Query Runtime: 0.004198s (Query 12c.txt)
Maximum Query Runtime: 238.203115s (Query 5a.txt)

Warmup Run 3 of 5
Query Order for this Run is 9, 2, 12, 13, 7, 0, 8, 10, 11, 1, 4, 15, 14, 3, 5, 16, 6
Running Query 7.txt...started responding in 7.546037999999999s...got 2 result(s) in 7.546179s
Sleeping for 0.214s before next query
Running Query 3a.txt...started responding in 0.010039s...got 3647 result(s) in 0.11489400000000001s
Sleeping for 0.868s before next query
Running Query 10.txt...started responding in 0.0061059999999999994s...got 307 result(s) in 0.015359s
Sleeping for 0.955s before next query
Running Query 11.txt...started responding in 0.051421999999999995s...got 10 result(s) in 0.051611s
Sleeping for 0.584s before next query
Running Query 5b.txt...started responding in 0.064303s...got 1085 result(s) in 0.35566000000000003s
Sleeping for 0.331s before next query
Running Query 1.txt...started responding in 0.002953s...got 1 result(s) in 0.003021s
Sleeping for 0.874s before next query
Running Query 6.txt...started responding in 3.349208s...got 1769 result(s) in 139.807513s
Sleeping for 0.437s before next query
Running Query 8.txt...started responding in 3.147052s...got 264 result(s) in 3.245469s
Sleeping for 0.865s before next query
Running Query 9.txt...started responding in 30.780339s...got 4 result(s) in 30.780401s
Sleeping for 0.71s before next query
Running Query 2.txt...started responding in 0.103851s...got 965 result(s) in 0.13708199999999998s
Sleeping for 0.812s before next query
Running Query 3c.txt...started responding in 0.005763s...got 0 result(s) in 0.005825s
Sleeping for 0.403s before next query
Running Query 12b.txt...got 1 result(s) in 0.41050400000000004s
Sleeping for 0.977s before next query
Running Query 12a.txt...got 1 result(s) in 0.005844s
Sleeping for 0.643s before next query
Running Query 3b.txt...started responding in 0.006213s...got 25 result(s) in 0.006373s
Sleeping for 0.972s before next query
Running Query 4.txt...started responding in 0.01309s...got 104746 result(s) in 8.251862s
Sleeping for 0.623s before next query
Running Query 12c.txt...got 1 result(s) in 0.004045s
Sleeping for 0.709s before next query
Running Query 5a.txt...started responding in 15.044866s...got 1085 result(s) in 248.507509s
Sleeping for 0.355s before next query

Total Response Time: 60.551636s
Total Runtime: 439.24915100000004s
Minimum Query Runtime: 0.003021s (Query 1.txt)
Maximum Query Runtime: 248.507509s (Query 5a.txt)

Warmup Run 4 of 5
Query Order for this Run is 10, 15, 4, 8, 7, 12, 0, 9, 16, 11, 13, 6, 5, 1, 3, 14, 2
Running Query 8.txt...started responding in 2.669031s...got 264 result(s) in 2.772153s
Sleeping for 0.337s before next query
Running Query 12b.txt...got 1 result(s) in 0.41959500000000005s
Sleeping for 0.139s before next query
Running Query 3c.txt...started responding in 0.005684s...got 0 result(s) in 0.005743000000000001s
Sleeping for 0.403s before next query
Running Query 6.txt...started responding in 3.626258s...got 1769 result(s) in 140.101654s
Sleeping for 0.136s before next query
Running Query 5b.txt...started responding in 0.062647s...got 1085 result(s) in 0.36300099999999996s
Sleeping for 0.207s before next query
Running Query 10.txt...started responding in 0.005554s...got 307 result(s) in 0.01494s
Sleeping for 0.307s before next query
Running Query 1.txt...started responding in 0.0027170000000000002s...got 1 result(s) in 0.002778s
Sleeping for 0.222s before next query
Running Query 7.txt...started responding in 9.03999s...got 2 result(s) in 9.040132999999999s
Sleeping for 0.548s before next query
Running Query 12c.txt...got 1 result(s) in 0.004016s
Sleeping for 0.329s before next query
Running Query 9.txt...started responding in 31.567296s...got 4 result(s) in 31.567433s
Sleeping for 0.424s before next query
Running Query 11.txt...started responding in 0.056354s...got 10 result(s) in 0.056443s
Sleeping for 0.287s before next query
Running Query 5a.txt...started responding in 14.846785s...got 1085 result(s) in 243.546636s
Sleeping for 0.863s before next query
Running Query 4.txt...started responding in 0.012871s...got 104746 result(s) in 8.271514s
Sleeping for 0.28s before next query
Running Query 2.txt...started responding in 0.10267s...got 965 result(s) in 0.136255s
Sleeping for 0.402s before next query
Running Query 3b.txt...started responding in 0.005738s...got 25 result(s) in 0.0058920000000000005s
Sleeping for 0.19s before next query
Running Query 12a.txt...got 1 result(s) in 0.006004s
Sleeping for 0.453s before next query
Running Query 3a.txt...started responding in 0.009499s...got 3647 result(s) in 0.107651s
Sleeping for 0.018s before next query

Total Response Time: 62.442709s
Total Runtime: 436.42184100000003s
Minimum Query Runtime: 0.002778s (Query 1.txt)
Maximum Query Runtime: 243.546636s (Query 5a.txt)

Warmup Run 5 of 5
Query Order for this Run is 10, 4, 7, 1, 16, 15, 13, 14, 12, 9, 6, 11, 8, 3, 0, 5, 2
Running Query 8.txt...started responding in 2.5764940000000003s...got 264 result(s) in 2.676614s
Sleeping for 0.92s before next query
Running Query 3c.txt...started responding in 0.0066040000000000005s...got 0 result(s) in 0.006667s
Sleeping for 0.444s before next query
Running Query 5b.txt...started responding in 0.062519s...got 1085 result(s) in 0.352887s
Sleeping for 0.417s before next query
Running Query 2.txt...started responding in 0.108178s...got 965 result(s) in 0.135464s
Sleeping for 0.475s before next query
Running Query 12c.txt...got 1 result(s) in 0.004067s
Sleeping for 0.248s before next query
Running Query 12b.txt...got 1 result(s) in 0.411622s
Sleeping for 0.673s before next query
Running Query 11.txt...started responding in 0.043821s...got 10 result(s) in 0.044011s
Sleeping for 0.521s before next query
Running Query 12a.txt...got 1 result(s) in 0.00592s
Sleeping for 0.918s before next query
Running Query 10.txt...started responding in 0.006258s...got 307 result(s) in 0.016164s
Sleeping for 0.568s before next query
Running Query 7.txt...started responding in 7.690237s...got 2 result(s) in 7.690372999999999s
Sleeping for 0.1s before next query
Running Query 5a.txt...started responding in 14.866892s...got 1085 result(s) in 240.705318s
Sleeping for 0.858s before next query
Running Query 9.txt...started responding in 29.993704s...got 4 result(s) in 29.993767s
Sleeping for 0.246s before next query
Running Query 6.txt...started responding in 3.295235s...got 1769 result(s) in 136.86120000000003s
Sleeping for 0.0040s before next query
Running Query 3b.txt...started responding in 0.0029300000000000003s...got 25 result(s) in 0.0030169999999999997s
Sleeping for 0.049s before next query
Running Query 1.txt...started responding in 0.005736s...got 1 result(s) in 0.005823s
Sleeping for 0.403s before next query
Running Query 4.txt...started responding in 0.013673s...got 104746 result(s) in 8.310562s
Sleeping for 0.358s before next query
Running Query 3a.txt...started responding in 0.010119s...got 3647 result(s) in 0.11636s
Sleeping for 0.627s before next query

Total Response Time: 59.104009s
Total Runtime: 427.339836s
Minimum Query Runtime: 0.0030169999999999997s (Query 3b.txt)
Maximum Query Runtime: 240.705318s (Query 5a.txt)

Running Benchmarks...

Query Mix Run 1 of 25
Query Order for this Run is 7, 0, 11, 16, 9, 2, 1, 15, 5, 4, 12, 8, 3, 14, 6, 13, 10
Running Query 5b.txt...started responding in 0.058359s...got 1085 result(s) in 0.357005s
Sleeping for 0.56s before next query
Running Query 1.txt...started responding in 0.005281s...got 1 result(s) in 0.00537s
Sleeping for 0.619s before next query
Running Query 9.txt...started responding in 29.144044s...got 4 result(s) in 29.14418s
Sleeping for 0.302s before next query
Running Query 12c.txt...got 1 result(s) in 0.004255s
Sleeping for 0.371s before next query
Running Query 7.txt...started responding in 7.5423230000000006s...got 2 result(s) in 7.5423860000000005s
Sleeping for 0.269s before next query
Running Query 3a.txt...started responding in 0.00923s...got 3647 result(s) in 0.10684099999999999s
Sleeping for 0.786s before next query
Running Query 2.txt...started responding in 0.110402s...got 965 result(s) in 0.139187s
Sleeping for 0.065s before next query
Running Query 12b.txt...got 1 result(s) in 0.412797s
Sleeping for 0.215s before next query
Running Query 4.txt...started responding in 0.012917s...got 104746 result(s) in 8.261953s
Sleeping for 0.955s before next query
Running Query 3c.txt...started responding in 0.0058579999999999995s...got 0 result(s) in 0.005927s
Sleeping for 0.941s before next query
Running Query 10.txt...started responding in 0.006315s...got 307 result(s) in 0.021648s
Sleeping for 0.309s before next query
Running Query 6.txt...started responding in 3.2806390000000003s...got 1769 result(s) in 136.53975200000002s
Sleeping for 0.76s before next query
Running Query 3b.txt...started responding in 0.009336s...got 25 result(s) in 0.009496000000000001s
Sleeping for 0.196s before next query
Running Query 12a.txt...got 1 result(s) in 0.0059900000000000005s
Sleeping for 0.971s before next query
Running Query 5a.txt...started responding in 15.564804s...got 1085 result(s) in 248.285848s
Sleeping for 0.443s before next query
Running Query 11.txt...started responding in 0.052844999999999996s...got 10 result(s) in 0.052926s
Sleeping for 0.16s before next query
Running Query 8.txt...started responding in 2.687223s...got 264 result(s) in 2.788063s
Sleeping for 0.266s before next query

Total Response Time: 58.912618s
Total Runtime: 433.683624s
Minimum Query Runtime: 0.004255s (Query 12c.txt)
Maximum Query Runtime: 248.285848s (Query 5a.txt)

Query Mix Run 2 of 25
Query Order for this Run is 5, 16, 4, 6, 3, 12, 14, 13, 15, 8, 2, 9, 11, 10, 0, 7, 1
Running Query 4.txt...started responding in 0.011758s...got 104746 result(s) in 8.494489s
Sleeping for 0.609s before next query
Running Query 12c.txt...got 1 result(s) in 0.004022s
Sleeping for 0.079s before next query
Running Query 3c.txt...started responding in 0.0057610000000000005s...got 0 result(s) in 0.005826s
Sleeping for 0.01s before next query
Running Query 5a.txt...started responding in 15.443551s...got 1085 result(s) in 248.27238s
Sleeping for 0.938s before next query
Running Query 3b.txt...started responding in 0.003175s...got 25 result(s) in 0.003378s
Sleeping for 0.463s before next query
Running Query 10.txt...started responding in 0.005867s...got 307 result(s) in 0.015493999999999999s
Sleeping for 0.443s before next query
Running Query 12a.txt...got 1 result(s) in 0.006412s
Sleeping for 0.106s before next query
Running Query 11.txt...started responding in 0.045508s...got 10 result(s) in 0.045658000000000004s
Sleeping for 0.263s before next query
Running Query 12b.txt...got 1 result(s) in 0.424872s
Sleeping for 0.828s before next query
Running Query 6.txt...started responding in 3.4148899999999998s...got 1769 result(s) in 142.37751699999998s
Sleeping for 0.347s before next query
Running Query 3a.txt...started responding in 0.009657s...got 3647 result(s) in 0.118059s
Sleeping for 0.273s before next query
Running Query 7.txt...started responding in 7.84905s...got 2 result(s) in 7.849184s
Sleeping for 0.621s before next query
Running Query 9.txt...started responding in 28.254164s...got 4 result(s) in 28.254300999999998s
Sleeping for 0.164s before next query
Running Query 8.txt...started responding in 2.707666s...got 264 result(s) in 2.807377s
Sleeping for 0.243s before next query
Running Query 1.txt...started responding in 0.005118s...got 1 result(s) in 0.005203999999999999s
Sleeping for 0.755s before next query
Running Query 5b.txt...started responding in 0.0645s...got 1085 result(s) in 0.366871s
Sleeping for 0.151s before next query
Running Query 2.txt...started responding in 0.11593300000000001s...got 965 result(s) in 0.14788300000000001s
Sleeping for 0.542s before next query

Total Response Time: 58.371904s
Total Runtime: 439.198927s
Minimum Query Runtime: 0.003378s (Query 3b.txt)
Maximum Query Runtime: 248.27238s (Query 5a.txt)

Query Mix Run 3 of 25
Query Order for this Run is 0, 14, 3, 6, 13, 12, 11, 2, 7, 1, 4, 10, 9, 15, 16, 5, 8
Running Query 1.txt...started responding in 0.004535s...got 1 result(s) in 0.004615s
Sleeping for 0.222s before next query
Running Query 12a.txt...got 1 result(s) in 0.005907s
Sleeping for 0.212s before next query
Running Query 3b.txt...started responding in 0.005837s...got 25 result(s) in 0.005995s
Sleeping for 0.661s before next query
Running Query 5a.txt...started responding in 15.64878s...got 1085 result(s) in 254.678373s
Sleeping for 0.402s before next query
Running Query 11.txt...started responding in 0.052871s...got 10 result(s) in 0.053054000000000004s
Sleeping for 0.343s before next query
Running Query 10.txt...started responding in 0.0062569999999999995s...got 307 result(s) in 0.016184999999999998s
Sleeping for 0.312s before next query
Running Query 9.txt...started responding in 32.737312s...got 4 result(s) in 32.737373s
Sleeping for 0.753s before next query
Running Query 3a.txt...started responding in 0.009842s...got 3647 result(s) in 0.112042s
Sleeping for 0.044s before next query
Running Query 5b.txt...started responding in 0.065045s...got 1085 result(s) in 0.381284s
Sleeping for 0.473s before next query
Running Query 2.txt...started responding in 0.107079s...got 965 result(s) in 0.138879s
Sleeping for 0.221s before next query
Running Query 3c.txt...started responding in 0.005746s...got 0 result(s) in 0.0058070000000000005s
Sleeping for 0.311s before next query
Running Query 8.txt...started responding in 2.718712s...got 264 result(s) in 2.822794s
Sleeping for 0.763s before next query
Running Query 7.txt...started responding in 8.285082000000001s...got 2 result(s) in 8.285221s
Sleeping for 0.599s before next query
Running Query 12b.txt...got 1 result(s) in 0.425919s
Sleeping for 0.139s before next query
Running Query 12c.txt...got 1 result(s) in 0.0035369999999999998s
Sleeping for 0.74s before next query
Running Query 4.txt...started responding in 0.013252s...got 104746 result(s) in 8.698946s
Sleeping for 0.825s before next query
Running Query 6.txt...started responding in 3.58184s...got 1769 result(s) in 151.85419399999998s
Sleeping for 0.167s before next query

Total Response Time: 63.677553s
Total Runtime: 460.230125s
Minimum Query Runtime: 0.0035369999999999998s (Query 12c.txt)
Maximum Query Runtime: 254.678373s (Query 5a.txt)

Query Mix Run 4 of 25
Query Order for this Run is 14, 13, 0, 7, 9, 4, 8, 12, 2, 15, 11, 5, 1, 6, 10, 16, 3
Running Query 12a.txt...got 1 result(s) in 0.005224s
Sleeping for 0.128s before next query
Running Query 11.txt...started responding in 0.044891s...got 10 result(s) in 0.04507s
Sleeping for 0.014s before next query
Running Query 1.txt...started responding in 0.005282s...got 1 result(s) in 0.005365s
Sleeping for 0.0010s before next query
Running Query 5b.txt...started responding in 0.068059s...got 1085 result(s) in 0.375859s
Sleeping for 0.022s before next query
Running Query 7.txt...started responding in 9.41602s...got 2 result(s) in 9.416154s
Sleeping for 0.261s before next query
Running Query 3c.txt...started responding in 0.0057220000000000005s...got 0 result(s) in 0.005785s
Sleeping for 0.894s before next query
Running Query 6.txt...started responding in 3.493732s...got 1769 result(s) in 151.856653s
Sleeping for 0.07s before next query
Running Query 10.txt...started responding in 0.010036s...got 307 result(s) in 0.017263s
Sleeping for 0.871s before next query
Running Query 3a.txt...started responding in 0.009278999999999999s...got 3647 result(s) in 0.121343s
Sleeping for 0.135s before next query
Running Query 12b.txt...got 1 result(s) in 0.440936s
Sleeping for 0.963s before next query
Running Query 9.txt...started responding in 35.129815s...got 4 result(s) in 35.129947s
Sleeping for 0.076s before next query
Running Query 4.txt...started responding in 0.008801999999999999s...got 104746 result(s) in 9.494211s
Sleeping for 0.505s before next query
Running Query 2.txt...started responding in 0.106661s...got 965 result(s) in 0.140033s
Sleeping for 0.09s before next query
Running Query 5a.txt...started responding in 15.792031999999999s...got 1085 result(s) in 261.387504s
Sleeping for 0.634s before next query
Running Query 8.txt...started responding in 2.753583s...got 264 result(s) in 2.85341s
Sleeping for 0.214s before next query
Running Query 12c.txt...got 1 result(s) in 0.004068s
Sleeping for 0.683s before next query
Running Query 3b.txt...started responding in 0.005873000000000001s...got 25 result(s) in 0.006103s
Sleeping for 0.092s before next query

Total Response Time: 67.300015s
Total Runtime: 471.304928s
Minimum Query Runtime: 0.004068s (Query 12c.txt)
Maximum Query Runtime: 261.387504s (Query 5a.txt)

Query Mix Run 5 of 25
Query Order for this Run is 3, 9, 0, 4, 7, 14, 13, 8, 16, 2, 1, 12, 15, 6, 11, 10, 5
Running Query 3b.txt...started responding in 0.0037099999999999998s...got 25 result(s) in 0.0038399999999999997s
Sleeping for 0.781s before next query
Running Query 7.txt...started responding in 8.371928s...got 2 result(s) in 8.372062s
Sleeping for 0.913s before next query
Running Query 1.txt...started responding in 0.0052320000000000005s...got 1 result(s) in 0.005322s
Sleeping for 0.273s before next query
Running Query 3c.txt...started responding in 0.004949s...got 0 result(s) in 0.005012s
Sleeping for 0.329s before next query
Running Query 5b.txt...started responding in 0.06929099999999999s...got 1085 result(s) in 0.38740600000000003s
Sleeping for 0.484s before next query
Running Query 12a.txt...got 1 result(s) in 0.005974s
Sleeping for 0.518s before next query
Running Query 11.txt...started responding in 0.040783s...got 10 result(s) in 0.040866s
Sleeping for 0.535s before next query
Running Query 6.txt...started responding in 3.507442s...got 1769 result(s) in 152.211504s
Sleeping for 0.248s before next query
Running Query 12c.txt...got 1 result(s) in 0.004037s
Sleeping for 0.043s before next query
Running Query 3a.txt...started responding in 0.009743s...got 3647 result(s) in 0.11942900000000001s
Sleeping for 0.258s before next query
Running Query 2.txt...started responding in 0.109595s...got 965 result(s) in 0.142702s
Sleeping for 0.623s before next query
Running Query 10.txt...started responding in 0.005529s...got 307 result(s) in 0.014513s
Sleeping for 0.872s before next query
Running Query 12b.txt...got 1 result(s) in 0.441019s
Sleeping for 0.084s before next query
Running Query 5a.txt...started responding in 16.31497s...got 1085 result(s) in 276.299958s
Sleeping for 0.252s before next query
Running Query 9.txt...started responding in 33.945627s...got 4 result(s) in 33.945761s
Sleeping for 0.756s before next query
Running Query 8.txt...started responding in 2.7342820000000003s...got 264 result(s) in 2.840107s
Sleeping for 0.981s before next query
Running Query 4.txt...started responding in 0.013257s...got 104746 result(s) in 8.631287s
Sleeping for 0.614s before next query

Total Response Time: 65.587368s
Total Runtime: 483.470799s
Minimum Query Runtime: 0.0038399999999999997s (Query 3b.txt)
Maximum Query Runtime: 276.299958s (Query 5a.txt)

Query Mix Run 6 of 25
Query Order for this Run is 10, 12, 14, 7, 15, 11, 16, 2, 6, 0, 9, 1, 5, 4, 13, 3, 8
Running Query 8.txt...started responding in 2.738824s...got 264 result(s) in 2.840799s
Sleeping for 0.471s before next query
Running Query 10.txt...started responding in 0.006198s...got 307 result(s) in 0.015338s
Sleeping for 0.0070s before next query
Running Query 12a.txt...got 1 result(s) in 0.005966s
Sleeping for 0.249s before next query
Running Query 5b.txt...started responding in 0.06425199999999999s...got 1085 result(s) in 0.38572199999999995s
Sleeping for 0.871s before next query
Running Query 12b.txt...got 1 result(s) in 0.494349s
Sleeping for 0.227s before next query
Running Query 9.txt...started responding in 32.607656999999996s...got 4 result(s) in 32.607797999999995s
Sleeping for 0.426s before next query
Running Query 12c.txt...got 1 result(s) in 0.0034750000000000002s
Sleeping for 0.549s before next query
Running Query 3a.txt...started responding in 0.010401s...got 3647 result(s) in 0.124374s
Sleeping for 0.011s before next query
Running Query 5a.txt...started responding in 16.176977s...got 1085 result(s) in 268.74831800000004s
Sleeping for 0.202s before next query
Running Query 1.txt...started responding in 0.005634999999999999s...got 1 result(s) in 0.005726s
Sleeping for 0.01s before next query
Running Query 7.txt...started responding in 9.242488999999999s...got 2 result(s) in 9.242629999999998s
Sleeping for 0.452s before next query
Running Query 2.txt...started responding in 0.117018s...got 965 result(s) in 0.144999s
Sleeping for 0.803s before next query
Running Query 4.txt...started responding in 0.011464s...got 104746 result(s) in 8.755314s
Sleeping for 0.0020s before next query
Running Query 3c.txt...started responding in 0.00317s...got 0 result(s) in 0.0032s
Sleeping for 0.824s before next query
Running Query 11.txt...started responding in 0.051421999999999995s...got 10 result(s) in 0.051512s
Sleeping for 0.986s before next query
Running Query 3b.txt...started responding in 0.0063230000000000005s...got 25 result(s) in 0.006534s
Sleeping for 0.79s before next query
Running Query 6.txt...started responding in 3.5151999999999997s...got 1769 result(s) in 156.538456s
Sleeping for 0.885s before next query

Total Response Time: 65.06082s
Total Runtime: 479.97451s
Minimum Query Runtime: 0.0032s (Query 3c.txt)
Maximum Query Runtime: 268.74831800000004s (Query 5a.txt)

Query Mix Run 7 of 25
Query Order for this Run is 14, 8, 6, 15, 5, 2, 11, 7, 16, 9, 3, 13, 0, 4, 10, 12, 1
Running Query 12a.txt...got 1 result(s) in 0.005925s
Sleeping for 0.23s before next query
Running Query 6.txt...started responding in 3.541299s...got 1769 result(s) in 157.167204s
Sleeping for 0.553s before next query
Running Query 5a.txt...started responding in 17.113563s...got 1085 result(s) in 278.342296s
Sleeping for 0.163s before next query
Running Query 12b.txt...got 1 result(s) in 0.44211500000000004s
Sleeping for 0.189s before next query
Running Query 4.txt...started responding in 0.013294s...got 104746 result(s) in 8.934329s
Sleeping for 0.716s before next query
Running Query 3a.txt...started responding in 0.009760999999999999s...got 3647 result(s) in 0.120411s
Sleeping for 0.042s before next query
Running Query 9.txt...started responding in 33.883642s...got 4 result(s) in 33.883773999999995s
Sleeping for 0.098s before next query
Running Query 5b.txt...started responding in 0.070365s...got 1085 result(s) in 0.41352999999999995s
Sleeping for 0.484s before next query
Running Query 12c.txt...got 1 result(s) in 0.004097000000000001s
Sleeping for 0.067s before next query
Running Query 7.txt...started responding in 9.155803s...got 2 result(s) in 9.155894s
Sleeping for 0.317s before next query
Running Query 3b.txt...started responding in 0.008716s...got 25 result(s) in 0.008884s
Sleeping for 0.149s before next query
Running Query 11.txt...started responding in 0.051781999999999995s...got 10 result(s) in 0.051933999999999994s
Sleeping for 0.317s before next query
Running Query 1.txt...started responding in 0.005509s...got 1 result(s) in 0.005597s
Sleeping for 0.0s before next query
Running Query 3c.txt...started responding in 0.005208s...got 0 result(s) in 0.005267s
Sleeping for 0.673s before next query
Running Query 8.txt...started responding in 2.7535459999999996s...got 264 result(s) in 2.862067s
Sleeping for 0.971s before next query
Running Query 10.txt...started responding in 0.005876999999999999s...got 307 result(s) in 0.014523999999999999s
Sleeping for 0.77s before next query
Running Query 2.txt...started responding in 0.114302s...got 965 result(s) in 0.143338s
Sleeping for 0.921s before next query

Total Response Time: 67.184804s
Total Runtime: 491.56118599999996s
Minimum Query Runtime: 0.004097000000000001s (Query 12c.txt)
Maximum Query Runtime: 278.342296s (Query 5a.txt)

Query Mix Run 8 of 25
Query Order for this Run is 2, 12, 13, 9, 4, 1, 11, 10, 6, 16, 0, 8, 7, 15, 5, 3, 14
Running Query 3a.txt...started responding in 0.008429s...got 3647 result(s) in 0.116625s
Sleeping for 0.2s before next query
Running Query 10.txt...started responding in 0.004525s...got 307 result(s) in 0.012662000000000001s
Sleeping for 0.862s before next query
Running Query 11.txt...started responding in 0.053827s...got 10 result(s) in 0.053915s
Sleeping for 0.856s before next query
Running Query 7.txt...started responding in 8.135595s...got 2 result(s) in 8.135667999999999s
Sleeping for 0.617s before next query
Running Query 3c.txt...started responding in 0.006068s...got 0 result(s) in 0.00613s
Sleeping for 0.814s before next query
Running Query 2.txt...started responding in 0.11616800000000001s...got 965 result(s) in 0.145376s
Sleeping for 0.832s before next query
Running Query 9.txt...started responding in 33.907036999999995s...got 4 result(s) in 33.907105s
Sleeping for 0.537s before next query
Running Query 8.txt...started responding in 3.791116s...got 264 result(s) in 3.931447s
Sleeping for 0.717s before next query
Running Query 5a.txt...started responding in 16.646652s...got 1085 result(s) in 253.326794s
Sleeping for 0.655s before next query
Running Query 12c.txt...got 1 result(s) in 0.004163s
Sleeping for 0.75s before next query
Running Query 1.txt...started responding in 0.005601s...got 1 result(s) in 0.005711s
Sleeping for 0.4s before next query
Running Query 6.txt...started responding in 3.4928719999999998s...got 1769 result(s) in 144.55072700000002s
Sleeping for 0.206s before next query
Running Query 5b.txt...started responding in 0.06320300000000001s...got 1085 result(s) in 0.41870999999999997s
Sleeping for 0.409s before next query
Running Query 12b.txt...got 1 result(s) in 0.424825s
Sleeping for 0.66s before next query
Running Query 4.txt...started responding in 0.014424s...got 104746 result(s) in 8.595278s
Sleeping for 0.393s before next query
Running Query 3b.txt...started responding in 0.0060090000000000005s...got 25 result(s) in 0.00617s
Sleeping for 0.267s before next query
Running Query 12a.txt...got 1 result(s) in 0.00592s
Sleeping for 0.496s before next query

Total Response Time: 66.68643399999999s
Total Runtime: 453.64722600000005s
Minimum Query Runtime: 0.004163s (Query 12c.txt)
Maximum Query Runtime: 253.326794s (Query 5a.txt)

Query Mix Run 9 of 25
Query Order for this Run is 13, 14, 1, 16, 11, 0, 2, 5, 15, 6, 8, 9, 12, 10, 7, 3, 4
Running Query 11.txt...started responding in 0.049457s...got 10 result(s) in 0.049643s
Sleeping for 0.845s before next query
Running Query 12a.txt...got 1 result(s) in 0.005901s
Sleeping for 0.554s before next query
Running Query 2.txt...started responding in 0.110932s...got 965 result(s) in 0.146096s
Sleeping for 0.161s before next query
Running Query 12c.txt...got 1 result(s) in 0.004247s
Sleeping for 0.096s before next query
Running Query 9.txt...started responding in 30.909722000000002s...got 4 result(s) in 30.909863s
Sleeping for 0.357s before next query
Running Query 1.txt...started responding in 0.005743000000000001s...got 1 result(s) in 0.005831s
Sleeping for 0.34s before next query
Running Query 3a.txt...started responding in 0.009651s...got 3647 result(s) in 0.121872s
Sleeping for 0.353s before next query
Running Query 4.txt...started responding in 0.013246s...got 104746 result(s) in 8.598763000000002s
Sleeping for 0.91s before next query
Running Query 12b.txt...got 1 result(s) in 0.427745s
Sleeping for 0.033s before next query
Running Query 5a.txt...started responding in 15.54268s...got 1085 result(s) in 253.945573s
Sleeping for 0.534s before next query
Running Query 6.txt...started responding in 3.465487s...got 1769 result(s) in 145.921675s
Sleeping for 0.309s before next query
Running Query 7.txt...started responding in 8.677575999999998s...got 2 result(s) in 8.67764s
Sleeping for 0.97s before next query
Running Query 10.txt...started responding in 0.005816s...got 307 result(s) in 0.015368999999999999s
Sleeping for 0.375s before next query
Running Query 8.txt...started responding in 2.7225300000000003s...got 264 result(s) in 2.828523s
Sleeping for 0.522s before next query
Running Query 5b.txt...started responding in 0.058116s...got 1085 result(s) in 0.37576600000000004s
Sleeping for 0.191s before next query
Running Query 3b.txt...started responding in 0.005791s...got 25 result(s) in 0.005948999999999999s
Sleeping for 0.751s before next query
Running Query 3c.txt...started responding in 0.0030499999999999998s...got 0 result(s) in 0.0031030000000000003s
Sleeping for 0.97s before next query

Total Response Time: 62.01769s
Total Runtime: 452.043559s
Minimum Query Runtime: 0.0031030000000000003s (Query 3c.txt)
Maximum Query Runtime: 253.945573s (Query 5a.txt)

Query Mix Run 10 of 25
Query Order for this Run is 15, 16, 8, 14, 7, 13, 11, 6, 0, 1, 10, 5, 2, 4, 9, 12, 3
Running Query 12b.txt...got 1 result(s) in 0.42966899999999997s
Sleeping for 0.582s before next query
Running Query 12c.txt...got 1 result(s) in 0.003982s
Sleeping for 0.463s before next query
Running Query 6.txt...started responding in 3.4573739999999997s...got 1769 result(s) in 143.86399s
Sleeping for 0.184s before next query
Running Query 12a.txt...got 1 result(s) in 0.006033s
Sleeping for 0.663s before next query
Running Query 5b.txt...started responding in 0.058924s...got 1085 result(s) in 0.369761s
Sleeping for 0.931s before next query
Running Query 11.txt...started responding in 0.044501s...got 10 result(s) in 0.044685s
Sleeping for 0.134s before next query
Running Query 9.txt...started responding in 30.974505s...got 4 result(s) in 30.974569s
Sleeping for 0.78s before next query
Running Query 5a.txt...started responding in 15.798681s...got 1085 result(s) in 252.811492s
Sleeping for 0.636s before next query
Running Query 1.txt...started responding in 0.005036s...got 1 result(s) in 0.00512s
Sleeping for 0.062s before next query
Running Query 2.txt...started responding in 0.113255s...got 965 result(s) in 0.142404s
Sleeping for 0.813s before next query
Running Query 8.txt...started responding in 2.717331s...got 264 result(s) in 2.823148s
Sleeping for 0.755s before next query
Running Query 4.txt...started responding in 0.014564s...got 104746 result(s) in 8.679147s
Sleeping for 0.679s before next query
Running Query 3a.txt...started responding in 0.009585000000000002s...got 3647 result(s) in 0.110794s
Sleeping for 0.289s before next query
Running Query 3c.txt...started responding in 0.005884s...got 0 result(s) in 0.005942s
Sleeping for 0.157s before next query
Running Query 7.txt...started responding in 8.119562s...got 2 result(s) in 8.119698999999999s
Sleeping for 0.023s before next query
Running Query 10.txt...started responding in 0.005926s...got 307 result(s) in 0.015512s
Sleeping for 0.118s before next query
Running Query 3b.txt...started responding in 0.005944s...got 25 result(s) in 0.0060999999999999995s
Sleeping for 0.628s before next query

Total Response Time: 61.770756s
Total Runtime: 448.41204700000003s
Minimum Query Runtime: 0.003982s (Query 12c.txt)
Maximum Query Runtime: 252.811492s (Query 5a.txt)

Query Mix Run 11 of 25
Query Order for this Run is 14, 11, 10, 8, 13, 12, 16, 3, 1, 2, 5, 0, 7, 9, 15, 6, 4
Running Query 12a.txt...got 1 result(s) in 0.006014s
Sleeping for 0.366s before next query
Running Query 9.txt...started responding in 30.811168000000002s...got 4 result(s) in 30.811310000000002s
Sleeping for 0.275s before next query
Running Query 8.txt...started responding in 2.718537s...got 264 result(s) in 2.825292s
Sleeping for 0.665s before next query
Running Query 6.txt...started responding in 3.448925s...got 1769 result(s) in 143.653211s
Sleeping for 0.612s before next query
Running Query 11.txt...started responding in 0.052906s...got 10 result(s) in 0.053092s
Sleeping for 0.745s before next query
Running Query 10.txt...started responding in 0.005817s...got 307 result(s) in 0.015228s
Sleeping for 0.201s before next query
Running Query 12c.txt...got 1 result(s) in 0.0044740000000000005s
Sleeping for 0.235s before next query
Running Query 3b.txt...started responding in 0.005777s...got 25 result(s) in 0.005936s
Sleeping for 0.701s before next query
Running Query 2.txt...started responding in 0.115992s...got 965 result(s) in 0.143946s
Sleeping for 0.692s before next query
Running Query 3a.txt...started responding in 0.009622s...got 3647 result(s) in 0.116554s
Sleeping for 0.389s before next query
Running Query 4.txt...started responding in 0.013304999999999999s...got 104746 result(s) in 8.623147000000001s
Sleeping for 0.879s before next query
Running Query 1.txt...started responding in 0.00531s...got 1 result(s) in 0.005396s
Sleeping for 0.758s before next query
Running Query 5b.txt...started responding in 0.065829s...got 1085 result(s) in 0.371802s
Sleeping for 0.486s before next query
Running Query 7.txt...started responding in 7.962019000000001s...got 2 result(s) in 7.962159s
Sleeping for 0.2s before next query
Running Query 12b.txt...got 1 result(s) in 0.422185s
Sleeping for 0.79s before next query
Running Query 5a.txt...started responding in 15.474122s...got 1085 result(s) in 253.09453299999998s
Sleeping for 0.696s before next query
Running Query 3c.txt...started responding in 0.0068920000000000006s...got 0 result(s) in 0.00696s
Sleeping for 0.042s before next query

Total Response Time: 61.128894s
Total Runtime: 448.121239s
Minimum Query Runtime: 0.0044740000000000005s (Query 12c.txt)
Maximum Query Runtime: 253.09453299999998s (Query 5a.txt)

Query Mix Run 12 of 25
Query Order for this Run is 12, 1, 9, 13, 0, 2, 8, 6, 3, 14, 10, 16, 15, 5, 7, 11, 4
Running Query 10.txt...started responding in 0.00434s...got 307 result(s) in 0.020361999999999998s
Sleeping for 0.398s before next query
Running Query 2.txt...started responding in 0.108702s...got 965 result(s) in 0.142696s
Sleeping for 0.934s before next query
Running Query 7.txt...started responding in 8.749874s...got 2 result(s) in 8.749941000000002s
Sleeping for 0.687s before next query
Running Query 11.txt...started responding in 0.046449s...got 10 result(s) in 0.046529s
Sleeping for 0.764s before next query
Running Query 1.txt...started responding in 0.0054459999999999995s...got 1 result(s) in 0.005549s
Sleeping for 0.703s before next query
Running Query 3a.txt...started responding in 0.010121s...got 3647 result(s) in 0.12374500000000001s
Sleeping for 0.501s before next query
Running Query 6.txt...started responding in 3.5485300000000004s...got 1769 result(s) in 155.61670800000002s
Sleeping for 0.703s before next query
Running Query 5a.txt...started responding in 16.412101999999997s...got 1085 result(s) in 255.748478s
Sleeping for 0.201s before next query
Running Query 3b.txt...started responding in 0.005749s...got 25 result(s) in 0.005912s
Sleeping for 0.933s before next query
Running Query 12a.txt...got 1 result(s) in 0.00577s
Sleeping for 0.994s before next query
Running Query 8.txt...started responding in 2.724531s...got 264 result(s) in 2.825851s
Sleeping for 0.061s before next query
Running Query 12c.txt...got 1 result(s) in 0.0035s
Sleeping for 0.806s before next query
Running Query 12b.txt...got 1 result(s) in 0.433709s
Sleeping for 0.226s before next query
Running Query 4.txt...started responding in 0.013796s...got 104746 result(s) in 8.648449000000001s
Sleeping for 0.234s before next query
Running Query 5b.txt...started responding in 0.06684999999999999s...got 1085 result(s) in 0.37767s
Sleeping for 0.61s before next query
Running Query 9.txt...started responding in 30.837453s...got 4 result(s) in 30.837587s
Sleeping for 0.845s before next query
Running Query 3c.txt...started responding in 0.006143s...got 0 result(s) in 0.006201s
Sleeping for 0.297s before next query

Total Response Time: 62.983065s
Total Runtime: 463.598657s
Minimum Query Runtime: 0.0035s (Query 12c.txt)
Maximum Query Runtime: 255.748478s (Query 5a.txt)

Query Mix Run 13 of 25
Query Order for this Run is 13, 2, 11, 7, 8, 5, 12, 0, 15, 4, 9, 1, 16, 10, 14, 6, 3
Running Query 11.txt...started responding in 0.042847s...got 10 result(s) in 0.043033999999999996s
Sleeping for 0.705s before next query
Running Query 3a.txt...started responding in 0.010061s...got 3647 result(s) in 0.12301300000000001s
Sleeping for 0.08s before next query
Running Query 9.txt...started responding in 29.879092s...got 4 result(s) in 29.879223999999997s
Sleeping for 0.041s before next query
Running Query 5b.txt...started responding in 0.069468s...got 1085 result(s) in 0.385368s
Sleeping for 0.646s before next query
Running Query 6.txt...started responding in 3.454708s...got 1769 result(s) in 144.404277s
Sleeping for 0.0050s before next query
Running Query 4.txt...started responding in 0.008029999999999999s...got 104746 result(s) in 8.557998s
Sleeping for 0.852s before next query
Running Query 10.txt...started responding in 0.005802s...got 307 result(s) in 0.015382999999999999s
Sleeping for 0.853s before next query
Running Query 1.txt...started responding in 0.005161s...got 1 result(s) in 0.005243s
Sleeping for 0.594s before next query
Running Query 12b.txt...got 1 result(s) in 0.43348200000000003s
Sleeping for 0.653s before next query
Running Query 3c.txt...started responding in 0.005681s...got 0 result(s) in 0.005739s
Sleeping for 0.907s before next query
Running Query 7.txt...started responding in 7.9128739999999995s...got 2 result(s) in 7.912943s
Sleeping for 0.33s before next query
Running Query 2.txt...started responding in 0.106426s...got 965 result(s) in 0.141876s
Sleeping for 0.537s before next query
Running Query 12c.txt...got 1 result(s) in 0.0040s
Sleeping for 0.492s before next query
Running Query 8.txt...started responding in 2.699334s...got 264 result(s) in 2.799271s
Sleeping for 0.691s before next query
Running Query 12a.txt...got 1 result(s) in 0.005861s
Sleeping for 0.934s before next query
Running Query 5a.txt...started responding in 15.535305000000001s...got 1085 result(s) in 250.04047s
Sleeping for 0.399s before next query
Running Query 3b.txt...started responding in 0.005836s...got 25 result(s) in 0.005991s
Sleeping for 0.044s before next query

Total Response Time: 60.183968s
Total Runtime: 444.763173s
Minimum Query Runtime: 0.0040s (Query 12c.txt)
Maximum Query Runtime: 250.04047s (Query 5a.txt)

Query Mix Run 14 of 25
Query Order for this Run is 16, 14, 7, 8, 12, 9, 1, 15, 0, 4, 2, 3, 13, 10, 6, 5, 11
Running Query 12c.txt...got 1 result(s) in 0.00408s
Sleeping for 0.157s before next query
Running Query 12a.txt...got 1 result(s) in 0.005759s
Sleeping for 0.594s before next query
Running Query 5b.txt...started responding in 0.059881000000000004s...got 1085 result(s) in 0.377514s
Sleeping for 0.111s before next query
Running Query 6.txt...started responding in 3.471714s...got 1769 result(s) in 144.242156s
Sleeping for 0.798s before next query
Running Query 10.txt...started responding in 0.005875s...got 307 result(s) in 0.015372s
Sleeping for 0.26s before next query
Running Query 7.txt...started responding in 7.851282s...got 2 result(s) in 7.8514170000000005s
Sleeping for 0.44s before next query
Running Query 2.txt...started responding in 0.115946s...got 965 result(s) in 0.145044s
Sleeping for 0.621s before next query
Running Query 12b.txt...got 1 result(s) in 0.43098000000000003s
Sleeping for 0.24s before next query
Running Query 1.txt...started responding in 0.005609s...got 1 result(s) in 0.005695s
Sleeping for 0.058s before next query
Running Query 3c.txt...started responding in 0.005714s...got 0 result(s) in 0.0057729999999999995s
Sleeping for 0.957s before next query
Running Query 3a.txt...started responding in 0.009446s...got 3647 result(s) in 0.120334s
Sleeping for 0.167s before next query
Running Query 3b.txt...started responding in 0.005692s...got 25 result(s) in 0.005849s
Sleeping for 0.452s before next query
Running Query 11.txt...started responding in 0.052444000000000005s...got 10 result(s) in 0.052635s
Sleeping for 0.791s before next query
Running Query 8.txt...started responding in 2.72831s...got 264 result(s) in 2.829382s
Sleeping for 0.398s before next query
Running Query 5a.txt...started responding in 15.554566000000001s...got 1085 result(s) in 263.30905s
Sleeping for 0.986s before next query
Running Query 4.txt...started responding in 0.014365000000000001s...got 104746 result(s) in 9.261352s
Sleeping for 0.749s before next query
Running Query 9.txt...started responding in 36.556611s...got 4 result(s) in 36.556749s
Sleeping for 0.682s before next query

Total Response Time: 66.878274s
Total Runtime: 465.219141s
Minimum Query Runtime: 0.00408s (Query 12c.txt)
Maximum Query Runtime: 263.30905s (Query 5a.txt)

Query Mix Run 15 of 25
Query Order for this Run is 15, 1, 4, 6, 12, 14, 13, 2, 8, 7, 11, 0, 9, 16, 3, 5, 10
Running Query 12b.txt...got 1 result(s) in 0.432483s
Sleeping for 0.662s before next query
Running Query 2.txt...started responding in 0.112822s...got 965 result(s) in 0.142071s
Sleeping for 0.0060s before next query
Running Query 3c.txt...started responding in 0.002822s...got 0 result(s) in 0.002853s
Sleeping for 0.043s before next query
Running Query 5a.txt...started responding in 17.468106s...got 1085 result(s) in 280.507756s
Sleeping for 0.68s before next query
Running Query 10.txt...started responding in 0.006093s...got 307 result(s) in 0.022952999999999998s
Sleeping for 0.276s before next query
Running Query 12a.txt...got 1 result(s) in 0.005717s
Sleeping for 0.0030s before next query
Running Query 11.txt...started responding in 0.039387s...got 10 result(s) in 0.039573s
Sleeping for 0.135s before next query
Running Query 3a.txt...started responding in 0.009609s...got 3647 result(s) in 0.121178s
Sleeping for 0.636s before next query
Running Query 6.txt...started responding in 3.4704360000000003s...got 1769 result(s) in 175.963751s
Sleeping for 0.652s before next query
Running Query 5b.txt...started responding in 0.059518s...got 1085 result(s) in 0.370781s
Sleeping for 0.537s before next query
Running Query 9.txt...started responding in 31.887839s...got 4 result(s) in 31.887977s
Sleeping for 0.976s before next query
Running Query 1.txt...started responding in 0.00523s...got 1 result(s) in 0.005311s
Sleeping for 0.672s before next query
Running Query 7.txt...started responding in 8.099309s...got 2 result(s) in 8.099373s
Sleeping for 0.135s before next query
Running Query 12c.txt...got 1 result(s) in 0.004273s
Sleeping for 0.326s before next query
Running Query 3b.txt...started responding in 0.006141s...got 25 result(s) in 0.006296s
Sleeping for 0.708s before next query
Running Query 4.txt...started responding in 0.009733s...got 104746 result(s) in 8.652359s
Sleeping for 0.443s before next query
Running Query 8.txt...started responding in 2.754908s...got 264 result(s) in 2.8622460000000003s
Sleeping for 0.788s before next query

Total Response Time: 64.374426s
Total Runtime: 509.126951s
Minimum Query Runtime: 0.002853s (Query 3c.txt)
Maximum Query Runtime: 280.507756s (Query 5a.txt)

Query Mix Run 16 of 25
Query Order for this Run is 5, 7, 12, 4, 6, 14, 0, 8, 3, 1, 11, 15, 10, 13, 9, 16, 2
Running Query 4.txt...started responding in 0.009488s...got 104746 result(s) in 8.665614s
Sleeping for 0.651s before next query
Running Query 5b.txt...started responding in 0.058223s...got 1085 result(s) in 0.378035s
Sleeping for 0.095s before next query
Running Query 10.txt...started responding in 0.005229s...got 307 result(s) in 0.014255s
Sleeping for 0.626s before next query
Running Query 3c.txt...started responding in 0.006029s...got 0 result(s) in 0.006108s
Sleeping for 0.796s before next query
Running Query 5a.txt...started responding in 16.394102999999998s...got 1085 result(s) in 263.26925300000005s
Sleeping for 0.498s before next query
Running Query 12a.txt...got 1 result(s) in 0.006176999999999999s
Sleeping for 0.28s before next query
Running Query 1.txt...started responding in 0.005197s...got 1 result(s) in 0.005279s
Sleeping for 0.904s before next query
Running Query 6.txt...started responding in 3.538359s...got 1769 result(s) in 152.74281s
Sleeping for 0.416s before next query
Running Query 3b.txt...started responding in 0.005803s...got 25 result(s) in 0.005963s
Sleeping for 0.552s before next query
Running Query 2.txt...started responding in 0.11408s...got 965 result(s) in 0.141774s
Sleeping for 0.221s before next query
Running Query 9.txt...started responding in 32.943267999999996s...got 4 result(s) in 32.943407s
Sleeping for 0.219s before next query
Running Query 12b.txt...got 1 result(s) in 0.43927999999999995s
Sleeping for 0.16s before next query
Running Query 8.txt...started responding in 2.779751s...got 264 result(s) in 2.88735s
Sleeping for 0.375s before next query
Running Query 11.txt...started responding in 0.04554s...got 10 result(s) in 0.045633s
Sleeping for 0.69s before next query
Running Query 7.txt...started responding in 8.856901s...got 2 result(s) in 8.857036s
Sleeping for 0.698s before next query
Running Query 12c.txt...got 1 result(s) in 0.0041600000000000005s
Sleeping for 0.835s before next query
Running Query 3a.txt...started responding in 0.016786000000000002s...got 3647 result(s) in 0.119557s
Sleeping for 0.083s before next query

Total Response Time: 65.228374s
Total Runtime: 470.53169099999997s
Minimum Query Runtime: 0.0041600000000000005s (Query 12c.txt)
Maximum Query Runtime: 263.26925300000005s (Query 5a.txt)

Query Mix Run 17 of 25
Query Order for this Run is 9, 16, 4, 1, 12, 5, 0, 10, 3, 14, 2, 13, 11, 6, 7, 15, 8
Running Query 7.txt...started responding in 8.52224s...got 2 result(s) in 8.522304s
Sleeping for 0.374s before next query
Running Query 12c.txt...got 1 result(s) in 0.003967s
Sleeping for 0.813s before next query
Running Query 3c.txt...started responding in 0.005785s...got 0 result(s) in 0.005842s
Sleeping for 0.0030s before next query
Running Query 2.txt...started responding in 0.10940000000000001s...got 965 result(s) in 0.142125s
Sleeping for 0.173s before next query
Running Query 10.txt...started responding in 0.005737s...got 307 result(s) in 0.01517s
Sleeping for 0.477s before next query
Running Query 4.txt...started responding in 0.012999s...got 104746 result(s) in 9.027819s
Sleeping for 0.719s before next query
Running Query 1.txt...started responding in 0.005301999999999999s...got 1 result(s) in 0.00539s
Sleeping for 0.389s before next query
Running Query 8.txt...started responding in 2.742967s...got 264 result(s) in 2.843596s
Sleeping for 0.576s before next query
Running Query 3b.txt...started responding in 0.002899s...got 25 result(s) in 0.002989s
Sleeping for 0.854s before next query
Running Query 12a.txt...got 1 result(s) in 0.006131999999999999s
Sleeping for 0.849s before next query
Running Query 3a.txt...started responding in 0.009567s...got 3647 result(s) in 0.119759s
Sleeping for 0.457s before next query
Running Query 11.txt...started responding in 0.044529000000000006s...got 10 result(s) in 0.044716s
Sleeping for 0.972s before next query
Running Query 9.txt...started responding in 32.258664s...got 4 result(s) in 32.258801s
Sleeping for 0.04s before next query
Running Query 5a.txt...started responding in 16.335858s...got 1085 result(s) in 283.533028s
Sleeping for 0.592s before next query
Running Query 5b.txt...started responding in 0.067858s...got 1085 result(s) in 0.384034s
Sleeping for 0.138s before next query
Running Query 12b.txt...got 1 result(s) in 0.435073s
Sleeping for 0.455s before next query
Running Query 6.txt...started responding in 3.875315s...got 1769 result(s) in 158.10293299999998s
Sleeping for 0.916s before next query

Total Response Time: 64.444292s
Total Runtime: 495.453678s
Minimum Query Runtime: 0.002989s (Query 3b.txt)
Maximum Query Runtime: 283.533028s (Query 5a.txt)

Query Mix Run 18 of 25
Query Order for this Run is 3, 7, 5, 6, 10, 9, 1, 16, 4, 0, 15, 2, 14, 11, 12, 8, 13
Running Query 3b.txt...started responding in 0.004997s...got 25 result(s) in 0.005124s
Sleeping for 0.37s before next query
Running Query 5b.txt...started responding in 0.060756s...got 1085 result(s) in 0.391099s
Sleeping for 0.454s before next query
Running Query 4.txt...started responding in 0.012928s...got 104746 result(s) in 8.965251s
Sleeping for 0.421s before next query
Running Query 5a.txt...started responding in 16.592519s...got 1085 result(s) in 268.516355s
Sleeping for 0.585s before next query
Running Query 8.txt...started responding in 3.014139s...got 264 result(s) in 3.135516s
Sleeping for 0.276s before next query
Running Query 7.txt...started responding in 9.958088s...got 2 result(s) in 9.958152s
Sleeping for 0.478s before next query
Running Query 2.txt...started responding in 0.107407s...got 965 result(s) in 0.140647s
Sleeping for 0.104s before next query
Running Query 12c.txt...got 1 result(s) in 0.003316s
Sleeping for 0.395s before next query
Running Query 3c.txt...started responding in 0.0061719999999999995s...got 0 result(s) in 0.006239s
Sleeping for 0.406s before next query
Running Query 1.txt...started responding in 0.0048200000000000005s...got 1 result(s) in 0.0048920000000000005s
Sleeping for 0.407s before next query
Running Query 12b.txt...got 1 result(s) in 0.426234s
Sleeping for 0.463s before next query
Running Query 3a.txt...started responding in 0.010072s...got 3647 result(s) in 0.116089s
Sleeping for 0.841s before next query
Running Query 12a.txt...got 1 result(s) in 0.006422s
Sleeping for 0.013s before next query
Running Query 9.txt...started responding in 33.404681s...got 4 result(s) in 33.40482s
Sleeping for 0.0020s before next query
Running Query 10.txt...started responding in 0.0029500000000000004s...got 307 result(s) in 0.011053s
Sleeping for 0.038s before next query
Running Query 6.txt...started responding in 3.804582s...got 1769 result(s) in 155.174667s
Sleeping for 0.694s before next query
Running Query 11.txt...started responding in 0.053058999999999995s...got 10 result(s) in 0.053143s
Sleeping for 0.668s before next query

Total Response Time: 67.47314200000001s
Total Runtime: 480.31901899999997s
Minimum Query Runtime: 0.003316s (Query 12c.txt)
Maximum Query Runtime: 268.516355s (Query 5a.txt)

Query Mix Run 19 of 25
Query Order for this Run is 9, 4, 7, 1, 3, 14, 6, 11, 2, 16, 12, 8, 5, 0, 10, 13, 15
Running Query 7.txt...started responding in 9.152896s...got 2 result(s) in 9.153030000000001s
Sleeping for 0.439s before next query
Running Query 3c.txt...started responding in 0.005759s...got 0 result(s) in 0.005817999999999999s
Sleeping for 0.259s before next query
Running Query 5b.txt...started responding in 0.065509s...got 1085 result(s) in 0.38073700000000005s
Sleeping for 0.274s before next query
Running Query 2.txt...started responding in 0.111391s...got 965 result(s) in 0.14016800000000001s
Sleeping for 0.802s before next query
Running Query 3b.txt...started responding in 0.005746s...got 25 result(s) in 0.005902s
Sleeping for 0.295s before next query
Running Query 12a.txt...got 1 result(s) in 0.005869s
Sleeping for 0.713s before next query
Running Query 5a.txt...started responding in 15.758386s...got 1085 result(s) in 269.394313s
Sleeping for 0.86s before next query
Running Query 9.txt...started responding in 33.569589s...got 4 result(s) in 33.569722s
Sleeping for 0.249s before next query
Running Query 3a.txt...started responding in 0.011065s...got 3647 result(s) in 0.113849s
Sleeping for 0.503s before next query
Running Query 12c.txt...got 1 result(s) in 0.005464s
Sleeping for 0.578s before next query
Running Query 10.txt...started responding in 0.005841s...got 307 result(s) in 0.015305999999999998s
Sleeping for 0.602s before next query
Running Query 6.txt...started responding in 3.4878s...got 1769 result(s) in 155.372286s
Sleeping for 0.709s before next query
Running Query 4.txt...started responding in 0.009281000000000001s...got 104746 result(s) in 9.590495s
Sleeping for 0.488s before next query
Running Query 1.txt...started responding in 0.007284s...got 1 result(s) in 0.007384s
Sleeping for 0.575s before next query
Running Query 8.txt...started responding in 2.792422s...got 264 result(s) in 2.89506s
Sleeping for 0.554s before next query
Running Query 11.txt...started responding in 0.045557s...got 10 result(s) in 0.045743s
Sleeping for 0.611s before next query
Running Query 12b.txt...got 1 result(s) in 0.43511s
Sleeping for 0.83s before next query

Total Response Time: 65.474969s
Total Runtime: 481.136256s
Minimum Query Runtime: 0.005464s (Query 12c.txt)
Maximum Query Runtime: 269.394313s (Query 5a.txt)

Query Mix Run 20 of 25
Query Order for this Run is 6, 4, 0, 16, 1, 10, 9, 7, 15, 5, 11, 8, 2, 12, 13, 3, 14
Running Query 5a.txt...started responding in 16.053393s...got 1085 result(s) in 265.555071s
Sleeping for 0.322s before next query
Running Query 3c.txt...started responding in 0.0058s...got 0 result(s) in 0.005885s
Sleeping for 0.735s before next query
Running Query 1.txt...started responding in 0.0051459999999999995s...got 1 result(s) in 0.0052309999999999995s
Sleeping for 0.066s before next query
Running Query 12c.txt...got 1 result(s) in 0.0040750000000000005s
Sleeping for 0.383s before next query
Running Query 2.txt...started responding in 0.121529s...got 965 result(s) in 0.149484s
Sleeping for 0.405s before next query
Running Query 8.txt...started responding in 2.763143s...got 264 result(s) in 2.863879s
Sleeping for 0.471s before next query
Running Query 7.txt...started responding in 8.717623999999999s...got 2 result(s) in 8.717694999999999s
Sleeping for 0.297s before next query
Running Query 5b.txt...started responding in 0.05864s...got 1085 result(s) in 0.37917s
Sleeping for 0.226s before next query
Running Query 12b.txt...got 1 result(s) in 0.434702s
Sleeping for 0.15s before next query
Running Query 4.txt...started responding in 0.013250999999999999s...got 104746 result(s) in 8.676502000000001s
Sleeping for 0.093s before next query
Running Query 9.txt...started responding in 33.01611s...got 4 result(s) in 33.016254999999994s
Sleeping for 0.927s before next query
Running Query 6.txt...started responding in 3.499197s...got 1769 result(s) in 159.951497s
Sleeping for 0.57s before next query
Running Query 3a.txt...started responding in 0.009473s...got 3647 result(s) in 0.120879s
Sleeping for 0.438s before next query
Running Query 10.txt...started responding in 0.00508s...got 307 result(s) in 0.013878999999999999s
Sleeping for 0.383s before next query
Running Query 11.txt...started responding in 0.05317s...got 10 result(s) in 0.053253999999999996s
Sleeping for 0.252s before next query
Running Query 3b.txt...started responding in 0.0029100000000000003s...got 25 result(s) in 0.003003s
Sleeping for 0.661s before next query
Running Query 12a.txt...got 1 result(s) in 0.005404s
Sleeping for 0.291s before next query

Total Response Time: 64.768647s
Total Runtime: 479.955865s
Minimum Query Runtime: 0.003003s (Query 3b.txt)
Maximum Query Runtime: 265.555071s (Query 5a.txt)

Query Mix Run 21 of 25
Query Order for this Run is 16, 13, 9, 2, 6, 7, 8, 5, 11, 10, 12, 14, 3, 1, 15, 0, 4
Running Query 12c.txt...got 1 result(s) in 0.00325s
Sleeping for 0.689s before next query
Running Query 11.txt...started responding in 0.041680999999999996s...got 10 result(s) in 0.041769s
Sleeping for 0.652s before next query
Running Query 7.txt...started responding in 8.875793999999999s...got 2 result(s) in 8.875881999999999s
Sleeping for 0.589s before next query
Running Query 3a.txt...started responding in 0.009654s...got 3647 result(s) in 0.115643s
Sleeping for 0.597s before next query
Running Query 5a.txt...started responding in 16.550316s...got 1085 result(s) in 271.92705800000005s
Sleeping for 0.549s before next query
Running Query 5b.txt...started responding in 0.067828s...got 1085 result(s) in 0.398924s
Sleeping for 0.543s before next query
Running Query 6.txt...started responding in 4.10809s...got 1769 result(s) in 155.098034s
Sleeping for 0.421s before next query
Running Query 4.txt...started responding in 0.020218s...got 104746 result(s) in 8.834219s
Sleeping for 0.901s before next query
Running Query 9.txt...started responding in 34.135237000000004s...got 4 result(s) in 34.135305s
Sleeping for 0.162s before next query
Running Query 8.txt...started responding in 3.354122s...got 264 result(s) in 3.4730689999999997s
Sleeping for 0.074s before next query
Running Query 10.txt...started responding in 0.004940000000000001s...got 307 result(s) in 0.013041s
Sleeping for 0.727s before next query
Running Query 12a.txt...got 1 result(s) in 0.004988s
Sleeping for 0.175s before next query
Running Query 3b.txt...started responding in 0.005611s...got 25 result(s) in 0.005771s
Sleeping for 0.889s before next query
Running Query 2.txt...started responding in 0.115662s...got 965 result(s) in 0.14432s
Sleeping for 0.821s before next query
Running Query 12b.txt...got 1 result(s) in 0.44293099999999996s
Sleeping for 0.657s before next query
Running Query 1.txt...started responding in 0.005186s...got 1 result(s) in 0.0052699999999999995s
Sleeping for 0.02s before next query
Running Query 3c.txt...started responding in 0.0044930000000000005s...got 0 result(s) in 0.004548s
Sleeping for 0.71s before next query

Total Response Time: 67.750001s
Total Runtime: 483.524022s
Minimum Query Runtime: 0.00325s (Query 12c.txt)
Maximum Query Runtime: 271.92705800000005s (Query 5a.txt)

Query Mix Run 22 of 25
Query Order for this Run is 3, 16, 2, 6, 13, 12, 10, 7, 8, 5, 1, 15, 11, 0, 9, 14, 4
Running Query 3b.txt...started responding in 0.004979s...got 25 result(s) in 0.005106s
Sleeping for 0.186s before next query
Running Query 12c.txt...got 1 result(s) in 0.0039900000000000005s
Sleeping for 0.786s before next query
Running Query 3a.txt...started responding in 0.008489s...got 3647 result(s) in 0.11913599999999999s
Sleeping for 0.744s before next query
Running Query 5a.txt...started responding in 16.584296s...got 1085 result(s) in 279.162728s
Sleeping for 0.787s before next query
Running Query 11.txt...started responding in 0.0479s...got 10 result(s) in 0.047985s
Sleeping for 0.121s before next query
Running Query 10.txt...started responding in 0.005956s...got 307 result(s) in 0.015655s
Sleeping for 0.596s before next query
Running Query 8.txt...started responding in 2.76627s...got 264 result(s) in 2.865456s
Sleeping for 0.025s before next query
Running Query 5b.txt...started responding in 0.065042s...got 1085 result(s) in 0.38511s
Sleeping for 0.223s before next query
Running Query 6.txt...started responding in 3.495694s...got 1769 result(s) in 155.483588s
Sleeping for 0.438s before next query
Running Query 4.txt...started responding in 0.019013000000000002s...got 104746 result(s) in 9.255863999999999s
Sleeping for 0.573s before next query
Running Query 2.txt...started responding in 0.111141s...got 965 result(s) in 0.140928s
Sleeping for 0.604s before next query
Running Query 12b.txt...got 1 result(s) in 0.436784s
Sleeping for 0.756s before next query
Running Query 9.txt...started responding in 33.369671000000004s...got 4 result(s) in 33.369739s
Sleeping for 0.749s before next query
Running Query 1.txt...started responding in 0.005566s...got 1 result(s) in 0.0056749999999999995s
Sleeping for 0.086s before next query
Running Query 7.txt...started responding in 8.596232s...got 2 result(s) in 8.596296s
Sleeping for 0.703s before next query
Running Query 12a.txt...got 1 result(s) in 0.00487s
Sleeping for 0.664s before next query
Running Query 3c.txt...started responding in 0.0043230000000000005s...got 0 result(s) in 0.004373999999999999s
Sleeping for 0.753s before next query

Total Response Time: 65.530216s
Total Runtime: 489.903284s
Minimum Query Runtime: 0.0039900000000000005s (Query 12c.txt)
Maximum Query Runtime: 279.162728s (Query 5a.txt)

Query Mix Run 23 of 25
Query Order for this Run is 1, 16, 5, 15, 3, 13, 7, 4, 11, 10, 2, 0, 9, 8, 6, 14, 12
Running Query 2.txt...started responding in 0.105287s...got 965 result(s) in 0.139033s
Sleeping for 0.616s before next query
Running Query 12c.txt...got 1 result(s) in 0.0038799999999999998s
Sleeping for 0.123s before next query
Running Query 4.txt...started responding in 0.012147999999999999s...got 104746 result(s) in 8.743188s
Sleeping for 0.562s before next query
Running Query 12b.txt...got 1 result(s) in 0.449618s
Sleeping for 0.097s before next query
Running Query 3b.txt...started responding in 0.004775000000000001s...got 25 result(s) in 0.004932000000000001s
Sleeping for 0.492s before next query
Running Query 11.txt...started responding in 0.040825s...got 10 result(s) in 0.040907s
Sleeping for 0.221s before next query
Running Query 5b.txt...started responding in 0.069378s...got 1085 result(s) in 0.37864800000000004s
Sleeping for 0.024s before next query
Running Query 3c.txt...started responding in 0.005835s...got 0 result(s) in 0.005894999999999999s
Sleeping for 0.598s before next query
Running Query 9.txt...started responding in 32.260176s...got 4 result(s) in 32.260308s
Sleeping for 0.567s before next query
Running Query 8.txt...started responding in 2.743427s...got 264 result(s) in 2.842216s
Sleeping for 0.868s before next query
Running Query 3a.txt...started responding in 0.009465999999999999s...got 3647 result(s) in 0.119609s
Sleeping for 0.782s before next query
Running Query 1.txt...started responding in 0.005216999999999999s...got 1 result(s) in 0.005301999999999999s
Sleeping for 0.642s before next query
Running Query 7.txt...started responding in 8.232495s...got 2 result(s) in 8.232555s
Sleeping for 0.34s before next query
Running Query 6.txt...started responding in 3.54394s...got 1769 result(s) in 161.879313s
Sleeping for 0.749s before next query
Running Query 5a.txt...started responding in 17.097609000000002s...got error after 300.000917s: Query Runner execeeded Timeout - null
Sleeping for 0.909s before next query
Running Query 12a.txt...got 1 result(s) in 0.005686s
Sleeping for 0.198s before next query
Running Query 10.txt...started responding in 0.011736s...got 307 result(s) in 0.025050999999999997s
Sleeping for 0.329s before next query

Total Response Time: 347.504806s
Total Runtime: 515.137058s
Minimum Query Runtime: 0.0038799999999999998s (Query 12c.txt)
Maximum Query Runtime: 300.000917s (Query 5a.txt)

Query Mix Run 24 of 25
Query Order for this Run is 0, 8, 16, 5, 6, 2, 3, 12, 13, 10, 1, 7, 14, 4, 11, 15, 9
Running Query 1.txt...started responding in 0.005283s...got 1 result(s) in 0.005428s
Sleeping for 0.582s before next query
Running Query 6.txt...started responding in 3.8058020000000004s...got 1769 result(s) in 148.450829s
Sleeping for 0.771s before next query
Running Query 12c.txt...got 1 result(s) in 0.004194s
Sleeping for 0.053s before next query
Running Query 4.txt...started responding in 0.013308s...got 104746 result(s) in 9.686021s
Sleeping for 0.903s before next query
Running Query 5a.txt...started responding in 15.801373s...got 1085 result(s) in 282.864086s
Sleeping for 0.447s before next query
Running Query 3a.txt...started responding in 0.009583s...got 3647 result(s) in 0.12290300000000001s
Sleeping for 0.1s before next query
Running Query 3b.txt...started responding in 0.0054s...got 25 result(s) in 0.005596s
Sleeping for 0.291s before next query
Running Query 10.txt...started responding in 0.00613s...got 307 result(s) in 0.016109000000000002s
Sleeping for 0.55s before next query
Running Query 11.txt...started responding in 0.054629s...got 10 result(s) in 0.054716s
Sleeping for 0.048s before next query
Running Query 8.txt...started responding in 2.725601s...got 264 result(s) in 2.8245839999999998s
Sleeping for 0.482s before next query
Running Query 2.txt...started responding in 0.112578s...got 965 result(s) in 0.143142s
Sleeping for 0.196s before next query
Running Query 5b.txt...started responding in 0.064421s...got 1085 result(s) in 0.37393200000000004s
Sleeping for 0.528s before next query
Running Query 12a.txt...got 1 result(s) in 0.005836s
Sleeping for 0.615s before next query
Running Query 3c.txt...started responding in 0.005687s...got 0 result(s) in 0.005768s
Sleeping for 0.878s before next query
Running Query 9.txt...started responding in 33.437705s...got 4 result(s) in 33.437854s
Sleeping for 0.574s before next query
Running Query 12b.txt...got 1 result(s) in 0.42898000000000003s
Sleeping for 0.384s before next query
Running Query 7.txt...started responding in 8.124729s...got 2 result(s) in 8.124795s
Sleeping for 0.255s before next query

Total Response Time: 64.611239s
Total Runtime: 486.554773s
Minimum Query Runtime: 0.004194s (Query 12c.txt)
Maximum Query Runtime: 282.864086s (Query 5a.txt)

Query Mix Run 25 of 25
Query Order for this Run is 3, 16, 0, 8, 14, 10, 13, 9, 11, 5, 6, 1, 7, 2, 12, 15, 4
Running Query 3b.txt...started responding in 0.002947s...got 25 result(s) in 0.003038s
Sleeping for 0.341s before next query
Running Query 12c.txt...got 1 result(s) in 0.0034s
Sleeping for 0.55s before next query
Running Query 1.txt...started responding in 0.005392s...got 1 result(s) in 0.005475s
Sleeping for 0.508s before next query
Running Query 6.txt...started responding in 3.50876s...got 1769 result(s) in 155.681933s
Sleeping for 0.404s before next query
Running Query 12a.txt...got 1 result(s) in 0.006162s
Sleeping for 0.902s before next query
Running Query 8.txt...started responding in 2.779384s...got 264 result(s) in 2.9169940000000003s
Sleeping for 0.914s before next query
Running Query 11.txt...started responding in 0.054172s...got 10 result(s) in 0.054357s
Sleeping for 0.399s before next query
Running Query 7.txt...started responding in 9.923382s...got 2 result(s) in 9.923515s
Sleeping for 0.779s before next query
Running Query 9.txt...started responding in 33.70615s...got 4 result(s) in 33.70623200000001s
Sleeping for 0.837s before next query
Running Query 4.txt...started responding in 0.013362s...got 104746 result(s) in 9.294906999999998s
Sleeping for 0.967s before next query
Running Query 5a.txt...started responding in 16.729993s...got 1085 result(s) in 286.491357s
Sleeping for 0.546s before next query
Running Query 2.txt...started responding in 0.11523900000000001s...got 965 result(s) in 0.143403s
Sleeping for 0.594s before next query
Running Query 5b.txt...started responding in 0.064192s...got 1085 result(s) in 0.391325s
Sleeping for 0.818s before next query
Running Query 3a.txt...started responding in 0.009925000000000002s...got 3647 result(s) in 0.115354s
Sleeping for 0.22s before next query
Running Query 10.txt...started responding in 0.005831s...got 307 result(s) in 0.024569s
Sleeping for 0.555s before next query
Running Query 12b.txt...got 1 result(s) in 0.429166s
Sleeping for 0.0s before next query
Running Query 3c.txt...started responding in 0.004948s...got 0 result(s) in 0.004976s
Sleeping for 0.865s before next query

Total Response Time: 67.362405s
Total Runtime: 499.196163s
Minimum Query Runtime: 0.003038s (Query 3b.txt)
Maximum Query Runtime: 286.491357s (Query 5a.txt)

Finished Benchmarking, calculating statistics...

Query Summary
-------------

Query ID 0 (1.txt)
Total Response Time: 0.12230200000000001s
Average Response Time (Arithmetic): 0.0053174780000000005s
Total Runtime: 0.124382s
Average Runtime (Arithmetic): 0.0054079129999999994s
Average Runtime (Geometric): 0.005403471716491978s
Minimum Runtime: 0.0048920000000000005s
Maximum Runtime: 0.005831s
Runtime Variance: 4.7950775047258996E-17s
Runtime Standard Deviation: 2.1897665411467723E-4s
Queries per Second: 184.914217369991
Queries per Hour: 665691.1825319675

Query ID 1 (2.txt)
Total Response Time: 2.576339s
Average Response Time (Arithmetic): 0.112014739s
Total Runtime: 3.283191s
Average Runtime (Arithmetic): 0.142747434s
Average Runtime (Geometric): 0.14273064050676285s
Minimum Runtime: 0.139033s
Maximum Runtime: 0.14788300000000001s
Runtime Variance: 4.807648593572785E-15s
Runtime Standard Deviation: 0.00219263507989195s
Queries per Second: 7.005379865532293
Queries per Hour: 25219.367515916256

Query ID 2 (3a.txt)
Total Response Time: 0.228886s
Average Response Time (Arithmetic): 0.009951565s
Total Runtime: 2.728177s
Average Runtime (Arithmetic): 0.11861639099999999s
Average Runtime (Geometric): 0.11856709526207798s
Minimum Runtime: 0.110794s
Maximum Runtime: 0.12374500000000001s
Runtime Variance: 1.1545274586011345E-14s
Runtime Standard Deviation: 0.003397833807885745s
Queries per Second: 8.430538069565783
Queries per Hour: 30349.93705043682

Query ID 3 (3b.txt)
Total Response Time: 0.123741s
Average Response Time (Arithmetic): 0.005380042999999999s
Total Runtime: 0.127372s
Average Runtime (Arithmetic): 0.005537912999999999s
Average Runtime (Geometric): 0.005378653984399776s
Minimum Runtime: 0.003003s
Maximum Runtime: 0.008884s
Runtime Variance: 1.56938381852552E-15s
Runtime Standard Deviation: 0.0012527505013072314s
Queries per Second: 180.57343984999406
Queries per Hour: 650064.3834599786

Query ID 4 (3c.txt)
Total Response Time: 0.12378499999999999s
Average Response Time (Arithmetic): 0.005381955999999999s
Total Runtime: 0.125165s
Average Runtime (Arithmetic): 0.005441956s
Average Runtime (Geometric): 0.005357560957778116s
Minimum Runtime: 0.0031030000000000003s
Maximum Runtime: 0.006239s
Runtime Variance: 7.34289172022684E-16s
Runtime Standard Deviation: 8.569067463981623E-4s
Queries per Second: 183.75745779642466
Queries per Hour: 661526.8480671288

Query ID 5 (4.txt)
Total Response Time: 0.295978s
Average Response Time (Arithmetic): 0.012868608s
Total Runtime: 203.678928s
Average Runtime (Arithmetic): 8.855605565s
Average Runtime (Geometric): 8.850323540360716s
Minimum Runtime: 8.494489s
Maximum Runtime: 9.590495s
Runtime Variance: 9.573391724998473E-11s
Runtime Standard Deviation: 0.3094089805580712s
Queries per Second: 0.11292282528394207
Queries per Hour: 406.52217102219146

Query ID 6 (5a.txt)
Total Response Time: 371.843577s
Average Response Time (Arithmetic): 16.167112043s
Total Runtime: 6121.239692s
Average Runtime (Arithmetic): 266.14085617300003s
Average Runtime (Geometric): 265.88043520764677s
Minimum Runtime: 248.285848s
Maximum Runtime: 286.491357s
Runtime Variance: 1.3905580403518848E-7s
Runtime Standard Deviation: 11.792192503312881s
Queries per Second: 0.003757408818696999
Queries per Hour: 13.526671747309196

Query ID 7 (5b.txt)
Total Response Time: 1.4819449999999998s
Average Response Time (Arithmetic): 0.06443239099999999s
Total Runtime: 8.780348s
Average Runtime (Arithmetic): 0.38175426s
Average Runtime (Geometric): 0.38162366929745445s
Minimum Runtime: 0.366871s
Maximum Runtime: 0.41352999999999995s
Runtime Variance: 1.0188309227977285E-13s
Runtime Standard Deviation: 0.010093715484387955s
Queries per Second: 2.6194861584517746
Queries per Hour: 9430.150170426388

Query ID 8 (6.txt)
Total Response Time: 82.06155199999999s
Average Response Time (Arithmetic): 3.567893565s
Total Runtime: 3492.196162s
Average Runtime (Arithmetic): 151.83461573900001s
Average Runtime (Geometric): 151.72409713818104s
Minimum Runtime: 142.37751699999998s
Maximum Runtime: 161.879313s
Runtime Variance: 3.3329136481251725E-8s
Runtime Standard Deviation: 5.773139222403333s
Queries per Second: 0.0065861134177661795
Queries per Hour: 23.710008303958247

Query ID 9 (7.txt)
Total Response Time: 196.830756s
Average Response Time (Arithmetic): 8.557858956s
Total Runtime: 196.833093s
Average Runtime (Arithmetic): 8.557960565s
Average Runtime (Geometric): 8.541073533768502s
Minimum Runtime: 7.849184s
Maximum Runtime: 9.923515s
Runtime Variance: 2.959723188926806E-10s
Runtime Standard Deviation: 0.5440333803110619s
Queries per Second: 0.11685026968805622
Queries per Hour: 420.6609708770024

Query ID 10 (8.txt)
Total Response Time: 63.93332s
Average Response Time (Arithmetic): 2.779709565s
Total Runtime: 66.367987s
Average Runtime (Arithmetic): 2.8855646520000002s
Average Runtime (Geometric): 2.882441458974347s
Minimum Runtime: 2.799271s
Maximum Runtime: 3.4730689999999997s
Runtime Variance: 1.9919859100139874E-11s
Runtime Standard Deviation: 0.14113773095859197s
Queries per Second: 0.34655262335116793
Queries per Hour: 1247.5894440642046

Query ID 11 (9.txt)
Total Response Time: 748.756164s
Average Response Time (Arithmetic): 32.554615826s
Total Runtime: 748.758911s
Average Runtime (Arithmetic): 32.55473526s
Average Runtime (Geometric): 32.520536018170645s
Minimum Runtime: 29.14418s
Maximum Runtime: 35.129947s
Runtime Variance: 2.181870021451325E-9s
Runtime Standard Deviation: 1.4771154394465325s
Queries per Second: 0.030717497531878253
Queries per Hour: 110.58299111476171

Query ID 12 (10.txt)
Total Response Time: 0.135017s
Average Response Time (Arithmetic): 0.005870304s
Total Runtime: 0.37579s
Average Runtime (Arithmetic): 0.016338695s
Average Runtime (Geometric): 0.016099854826366923s
Minimum Runtime: 0.012662000000000001s
Maximum Runtime: 0.024569s
Runtime Variance: 9.022795342155008E-15s
Runtime Standard Deviation: 0.0030037968210508198s
Queries per Second: 61.2043985153037
Queries per Hour: 220335.83465509332

Query ID 13 (11.txt)
Total Response Time: 1.108966s
Average Response Time (Arithmetic): 0.048215913s
Total Runtime: 1.11206s
Average Runtime (Arithmetic): 0.048350434s
Average Runtime (Geometric): 0.04813672351991336s
Minimum Runtime: 0.040866s
Maximum Runtime: 0.054357s
Runtime Variance: 2.0337166767485823E-14s
Runtime Standard Deviation: 0.004509674796200478s
Queries per Second: 20.682337618727477
Queries per Hour: 74456.41542741892

Query ID 14 (12a.txt)
Total Response Time: 0.134627s
Average Response Time (Arithmetic): 0.005853347s
Total Runtime: 0.134627s
Average Runtime (Arithmetic): 0.005853347s
Average Runtime (Geometric): 0.005845128613759277s
Minimum Runtime: 0.004988s
Maximum Runtime: 0.006412s
Runtime Variance: 9.210240075614361E-17s
Runtime Standard Deviation: 3.034837734643216E-4s
Queries per Second: 170.84242570959827
Queries per Hour: 615032.7325545538

Query ID 15 (12b.txt)
Total Response Time: 9.967816999999998s
Average Response Time (Arithmetic): 0.43338334700000003s
Total Runtime: 9.967816999999998s
Average Runtime (Arithmetic): 0.43338334700000003s
Average Runtime (Geometric): 0.4333300221596192s
Minimum Runtime: 0.422185s
Maximum Runtime: 0.449618s
Runtime Variance: 4.641762892249525E-14s
Runtime Standard Deviation: 0.006813048430951835s
Queries per Second: 2.3074259934588577
Queries per Hour: 8306.733576451888

Query ID 16 (12c.txt)
Total Response Time: 0.091192s
Average Response Time (Arithmetic): 0.003964869s
Total Runtime: 0.091192s
Average Runtime (Arithmetic): 0.003964869s
Average Runtime (Geometric): 0.003952816797022522s
Minimum Runtime: 0.003316s
Maximum Runtime: 0.0044740000000000005s
Runtime Variance: 9.123185255198493E-17s
Runtime Standard Deviation: 3.0204610997658105E-4s
Queries per Second: 252.21514254317103
Queries per Hour: 907974.5131554157

Query Mix Summary
-----------------

Ran Query Mix containing 17 queries a total of 25 times
Total Response Time: 1485.849256s
Average Response Time (Arithmetic): 64.602141565s
Total Runtime: 10877.247219s
Average Runtime (Arithmetic): 472.92379213000004s
Average Runtime (Geometric): 4.725525608873774E11s
Minimum Mix Runtime: 439.198927s
Maximum Mix Runtime: 509.126951s
Mix Runtime Variance: 3.4976536047368176E11s
Mix Runtime Standard Deviation: 18.70201487737837s
Query Mixes per Hour: 7.612220107992391

Results for this run output to sesame_native_50k.csv
