Running in verbose mode, run with -q or --quiet to disable
Benchmark Options
-----------------

Endpoint = http://localhost:5822/sp2b250k-mem/query
Sanity Checking Level = 2
Warmups = 5
Runs = 25
Random Query Order = On
Outliers = 1
Timeout = 300 seconds
Max Delay between Queries = 1000 milliseconds
Result Limit = Query Specified
CSV Results File = stardog_mem_250k.csv
XML Results File = stardog_mem_250k.xml
Halt on Timeout = false
Halt on Error = false
Halt Any = false
ASK Results Format = application/sparql-results+xml
Graph Results Format = application/rdf+xml
SELECT Results Format = application/sparql-results+xml
GZip Encoding = disabled
Deflate Encoding = disabled
Parallel Threads = 1
Result Counting = enabled

Sanity checking the user specified endpoint...
Sanity Check 1 of 3...OK
Sanity Check 2 of 3...started responding in 0.004311s...OK
Sanity Check 3 of 3...started responding in 0.0035800000000000003s...OK
Sanity Checks passed required sanity level...

Starting Benchmarking...
17 Queries were loaded:
Query ID 0 (1.txt)
PREFIX  dc:   <http://purl.org/dc/elements/1.1/>
PREFIX  bench: <http://localhost/vocabulary/bench/>
PREFIX  xsd:  <http://www.w3.org/2001/XMLSchema#>
PREFIX  rdf:  <http://www.w3.org/1999/02/22-rdf-syntax-ns#>
PREFIX  dcterms: <http://purl.org/dc/terms/>

SELECT  ?yr
WHERE
  { ?journal rdf:type bench:Journal .
    ?journal dc:title "Journal 1 (1940)"^^xsd:string .
    ?journal dcterms:issued ?yr
  }


Query ID 1 (2.txt)
PREFIX  dc:   <http://purl.org/dc/elements/1.1/>
PREFIX  rdfs: <http://www.w3.org/2000/01/rdf-schema#>
PREFIX  foaf: <http://xmlns.com/foaf/0.1/>
PREFIX  bench: <http://localhost/vocabulary/bench/>
PREFIX  rdf:  <http://www.w3.org/1999/02/22-rdf-syntax-ns#>
PREFIX  swrc: <http://swrc.ontoware.org/ontology#>
PREFIX  dcterms: <http://purl.org/dc/terms/>

SELECT  ?inproc ?author ?booktitle ?title ?proc ?ee ?page ?url ?yr ?abstract
WHERE
  { ?inproc rdf:type bench:Inproceedings .
    ?inproc dc:creator ?author .
    ?inproc bench:booktitle ?booktitle .
    ?inproc dc:title ?title .
    ?inproc dcterms:partOf ?proc .
    ?inproc rdfs:seeAlso ?ee .
    ?inproc swrc:pages ?page .
    ?inproc foaf:homepage ?url .
    ?inproc dcterms:issued ?yr
    OPTIONAL
      { ?inproc bench:abstract ?abstract }
  }
ORDER BY ?yr


Query ID 2 (3a.txt)
PREFIX  bench: <http://localhost/vocabulary/bench/>
PREFIX  rdf:  <http://www.w3.org/1999/02/22-rdf-syntax-ns#>
PREFIX  swrc: <http://swrc.ontoware.org/ontology#>

SELECT  ?article
WHERE
  { ?article rdf:type bench:Article .
    ?article ?property ?value
    FILTER ( ?property = swrc:pages )
  }


Query ID 3 (3b.txt)
PREFIX  bench: <http://localhost/vocabulary/bench/>
PREFIX  rdf:  <http://www.w3.org/1999/02/22-rdf-syntax-ns#>
PREFIX  swrc: <http://swrc.ontoware.org/ontology#>

SELECT  ?article
WHERE
  { ?article rdf:type bench:Article .
    ?article ?property ?value
    FILTER ( ?property = swrc:month )
  }


Query ID 4 (3c.txt)
PREFIX  bench: <http://localhost/vocabulary/bench/>
PREFIX  rdf:  <http://www.w3.org/1999/02/22-rdf-syntax-ns#>
PREFIX  swrc: <http://swrc.ontoware.org/ontology#>

SELECT  ?article
WHERE
  { ?article rdf:type bench:Article .
    ?article ?property ?value
    FILTER ( ?property = swrc:isbn )
  }


Query ID 5 (4.txt)
PREFIX  dc:   <http://purl.org/dc/elements/1.1/>
PREFIX  bench: <http://localhost/vocabulary/bench/>
PREFIX  foaf: <http://xmlns.com/foaf/0.1/>
PREFIX  rdf:  <http://www.w3.org/1999/02/22-rdf-syntax-ns#>
PREFIX  swrc: <http://swrc.ontoware.org/ontology#>
PREFIX  dcterms: <http://purl.org/dc/terms/>

SELECT DISTINCT  ?name1 ?name2
WHERE
  { ?article1 rdf:type bench:Article .
    ?article2 rdf:type bench:Article .
    ?article1 dc:creator ?author1 .
    ?author1 foaf:name ?name1 .
    ?article2 dc:creator ?author2 .
    ?author2 foaf:name ?name2 .
    ?article1 swrc:journal ?journal .
    ?article2 swrc:journal ?journal
    FILTER ( ?name1 < ?name2 )
  }


Query ID 6 (5a.txt)
PREFIX  dc:   <http://purl.org/dc/elements/1.1/>
PREFIX  foaf: <http://xmlns.com/foaf/0.1/>
PREFIX  bench: <http://localhost/vocabulary/bench/>
PREFIX  rdf:  <http://www.w3.org/1999/02/22-rdf-syntax-ns#>

SELECT DISTINCT  ?person ?name
WHERE
  { ?article rdf:type bench:Article .
    ?article dc:creator ?person .
    ?inproc rdf:type bench:Inproceedings .
    ?inproc dc:creator ?person2 .
    ?person foaf:name ?name .
    ?person2 foaf:name ?name2
    FILTER ( ?name = ?name2 )
  }


Query ID 7 (5b.txt)
PREFIX  dc:   <http://purl.org/dc/elements/1.1/>
PREFIX  foaf: <http://xmlns.com/foaf/0.1/>
PREFIX  bench: <http://localhost/vocabulary/bench/>
PREFIX  rdf:  <http://www.w3.org/1999/02/22-rdf-syntax-ns#>

SELECT DISTINCT  ?person ?name
WHERE
  { ?article rdf:type bench:Article .
    ?article dc:creator ?person .
    ?inproc rdf:type bench:Inproceedings .
    ?inproc dc:creator ?person .
    ?person foaf:name ?name
  }


Query ID 8 (6.txt)
PREFIX  dc:   <http://purl.org/dc/elements/1.1/>
PREFIX  rdfs: <http://www.w3.org/2000/01/rdf-schema#>
PREFIX  foaf: <http://xmlns.com/foaf/0.1/>
PREFIX  rdf:  <http://www.w3.org/1999/02/22-rdf-syntax-ns#>
PREFIX  dcterms: <http://purl.org/dc/terms/>

SELECT  ?yr ?name ?document
WHERE
  { ?class rdfs:subClassOf foaf:Document .
    ?document rdf:type ?class .
    ?document dcterms:issued ?yr .
    ?document dc:creator ?author .
    ?author foaf:name ?name
    OPTIONAL
      { ?class2 rdfs:subClassOf foaf:Document .
        ?document2 rdf:type ?class2 .
        ?document2 dcterms:issued ?yr2 .
        ?document2 dc:creator ?author2
        FILTER ( ( ?author = ?author2 ) && ( ?yr2 < ?yr ) )
      }
    FILTER ( ! bound(?author2) )
  }


Query ID 9 (7.txt)
PREFIX  dc:   <http://purl.org/dc/elements/1.1/>
PREFIX  rdfs: <http://www.w3.org/2000/01/rdf-schema#>
PREFIX  foaf: <http://xmlns.com/foaf/0.1/>
PREFIX  rdf:  <http://www.w3.org/1999/02/22-rdf-syntax-ns#>
PREFIX  dcterms: <http://purl.org/dc/terms/>

SELECT DISTINCT  ?title
WHERE
  { ?class rdfs:subClassOf foaf:Document .
    ?doc rdf:type ?class .
    ?doc dc:title ?title .
    ?bag2 ?member2 ?doc .
    ?doc2 dcterms:references ?bag2
    OPTIONAL
      { ?class3 rdfs:subClassOf foaf:Document .
        ?doc3 rdf:type ?class3 .
        ?doc3 dcterms:references ?bag3 .
        ?bag3 ?member3 ?doc
        OPTIONAL
          { ?class4 rdfs:subClassOf foaf:Document .
            ?doc4 rdf:type ?class4 .
            ?doc4 dcterms:references ?bag4 .
            ?bag4 ?member4 ?doc3
          }
        FILTER ( ! bound(?doc4) )
      }
    FILTER ( ! bound(?doc3) )
  }


Query ID 10 (8.txt)
PREFIX  dc:   <http://purl.org/dc/elements/1.1/>
PREFIX  foaf: <http://xmlns.com/foaf/0.1/>
PREFIX  xsd:  <http://www.w3.org/2001/XMLSchema#>
PREFIX  rdf:  <http://www.w3.org/1999/02/22-rdf-syntax-ns#>

SELECT DISTINCT  ?name
WHERE
  { ?erdoes rdf:type foaf:Person .
    ?erdoes foaf:name "Paul Erdoes"^^xsd:string
      { ?document dc:creator ?erdoes .
        ?document dc:creator ?author .
        ?document2 dc:creator ?author .
        ?document2 dc:creator ?author2 .
        ?author2 foaf:name ?name
        FILTER ( ( ( ( ?author != ?erdoes ) && ( ?document2 != ?document ) ) && ( ?author2 != ?erdoes ) ) && ( ?author2 != ?author ) )
      }
    UNION
      { ?document dc:creator ?erdoes .
        ?document dc:creator ?author .
        ?author foaf:name ?name
        FILTER ( ?author != ?erdoes )
      }
  }


Query ID 11 (9.txt)
PREFIX  foaf: <http://xmlns.com/foaf/0.1/>
PREFIX  rdf:  <http://www.w3.org/1999/02/22-rdf-syntax-ns#>

SELECT DISTINCT  ?predicate
WHERE
  {   { ?person rdf:type foaf:Person .
        ?subject ?predicate ?person
      }
    UNION
      { ?person rdf:type foaf:Person .
        ?person ?predicate ?object
      }
  }


Query ID 12 (10.txt)
PREFIX  person: <http://localhost/persons/>

SELECT  ?subject ?predicate
WHERE
  { ?subject ?predicate person:Paul_Erdoes }


Query ID 13 (11.txt)
PREFIX  rdfs: <http://www.w3.org/2000/01/rdf-schema#>

SELECT  ?ee
WHERE
  { ?publication rdfs:seeAlso ?ee }
ORDER BY ?ee
OFFSET  50
LIMIT   10


Query ID 14 (12a.txt)
PREFIX  dc:   <http://purl.org/dc/elements/1.1/>
PREFIX  foaf: <http://xmlns.com/foaf/0.1/>
PREFIX  bench: <http://localhost/vocabulary/bench/>
PREFIX  rdf:  <http://www.w3.org/1999/02/22-rdf-syntax-ns#>

ASK
WHERE
  { ?article rdf:type bench:Article .
    ?article dc:creator ?person1 .
    ?inproc rdf:type bench:Inproceedings .
    ?inproc dc:creator ?person2 .
    ?person1 foaf:name ?name1 .
    ?person2 foaf:name ?name2
    FILTER ( ?name1 = ?name2 )
  }


Query ID 15 (12b.txt)
PREFIX  dc:   <http://purl.org/dc/elements/1.1/>
PREFIX  foaf: <http://xmlns.com/foaf/0.1/>
PREFIX  xsd:  <http://www.w3.org/2001/XMLSchema#>
PREFIX  rdf:  <http://www.w3.org/1999/02/22-rdf-syntax-ns#>

ASK
WHERE
  { ?erdoes rdf:type foaf:Person .
    ?erdoes foaf:name "Paul Erdoes"^^xsd:string
      { ?document dc:creator ?erdoes .
        ?document dc:creator ?author .
        ?document2 dc:creator ?author .
        ?document2 dc:creator ?author2 .
        ?author2 foaf:name ?name
        FILTER ( ( ( ( ?author != ?erdoes ) && ( ?document2 != ?document ) ) && ( ?author2 != ?erdoes ) ) && ( ?author2 != ?author ) )
      }
    UNION
      { ?document dc:creator ?erdoes .
        ?document dc:creator ?author .
        ?author foaf:name ?name
        FILTER ( ?author != ?erdoes )
      }
  }


Query ID 16 (12c.txt)
PREFIX  person: <http://localhost/persons/>
PREFIX  foaf: <http://xmlns.com/foaf/0.1/>
PREFIX  rdf:  <http://www.w3.org/1999/02/22-rdf-syntax-ns#>

ASK
WHERE
  { person:John_Q_Public rdf:type foaf:Person }


Running Warmups...

Warmup Run 1 of 5
Query Order for this Run is 1, 14, 4, 12, 6, 16, 11, 15, 2, 10, 0, 5, 7, 3, 8, 9, 13
Running Query 2.txt...started responding in 0.03798s...got 6197 result(s) in 0.527089s
Sleeping for 0.844s before next query
Running Query 12a.txt...got 1 result(s) in 0.025693999999999998s
Sleeping for 0.936s before next query
Running Query 3c.txt...started responding in 0.005082s...got 0 result(s) in 0.005141s
Sleeping for 0.643s before next query
Running Query 10.txt...started responding in 0.004418999999999999s...got 452 result(s) in 0.018209s
Sleeping for 0.746s before next query
Running Query 5a.txt...started responding in 99.239315s...got 6904 result(s) in 99.314252s
Sleeping for 0.945s before next query
Running Query 12c.txt...got 1 result(s) in 0.003827s
Sleeping for 0.912s before next query
Running Query 9.txt...started responding in 0.047106s...got 4 result(s) in 0.047231999999999996s
Sleeping for 0.676s before next query
Running Query 12b.txt...got 1 result(s) in 0.16859800000000003s
Sleeping for 0.117s before next query
Running Query 3a.txt...started responding in 0.004853s...got 15853 result(s) in 0.076936s
Sleeping for 0.681s before next query
Running Query 8.txt...started responding in 0.164393s...got 332 result(s) in 0.165385s
Sleeping for 0.652s before next query
Running Query 1.txt...started responding in 0.005195s...got 1 result(s) in 0.005255s
Sleeping for 0.41s before next query
Running Query 4.txt...started responding in 0.7017599999999999s...got 542801 result(s) in 4.626987s
Sleeping for 0.389s before next query
Running Query 5b.txt...started responding in 0.034898000000000005s...got 6904 result(s) in 0.079814s
Sleeping for 0.381s before next query
Running Query 3b.txt...started responding in 0.005202s...got 127 result(s) in 0.005502s
Sleeping for 0.568s before next query
Running Query 6.txt...started responding in 0.038776000000000005s...got 12093 result(s) in 0.22656700000000002s
Sleeping for 0.814s before next query
Running Query 7.txt...started responding in 0.020721s...got 62 result(s) in 0.020937s
Sleeping for 0.204s before next query
Running Query 11.txt...started responding in 0.041313s...got 10 result(s) in 0.041408s
Sleeping for 0.418s before next query

Total Response Time: 100.549132s
Total Runtime: 105.358833s
Minimum Query Runtime: 0.003827s (Query 12c.txt)
Maximum Query Runtime: 99.314252s (Query 5a.txt)

Warmup Run 2 of 5
Query Order for this Run is 11, 5, 13, 15, 7, 1, 14, 8, 16, 9, 12, 3, 10, 4, 6, 0, 2
Running Query 9.txt...started responding in 0.044017s...got 4 result(s) in 0.044084000000000005s
Sleeping for 0.624s before next query
Running Query 4.txt...started responding in 0.518856s...got 542801 result(s) in 4.449384s
Sleeping for 0.55s before next query
Running Query 11.txt...started responding in 0.041021999999999996s...got 10 result(s) in 0.041108s
Sleeping for 0.578s before next query
Running Query 12b.txt...got 1 result(s) in 0.152037s
Sleeping for 0.581s before next query
Running Query 5b.txt...started responding in 0.027665s...got 6904 result(s) in 0.074661s
Sleeping for 0.15s before next query
Running Query 2.txt...started responding in 0.030224s...got 6197 result(s) in 0.199469s
Sleeping for 0.255s before next query
Running Query 12a.txt...got 1 result(s) in 0.0165s
Sleeping for 0.875s before next query
Running Query 6.txt...started responding in 0.039460999999999996s...got 12093 result(s) in 0.251057s
Sleeping for 0.046s before next query
Running Query 12c.txt...got 1 result(s) in 0.0033239999999999997s
Sleeping for 0.48s before next query
Running Query 7.txt...started responding in 0.015590999999999999s...got 62 result(s) in 0.015818s
Sleeping for 0.66s before next query
Running Query 10.txt...started responding in 0.003977s...got 452 result(s) in 0.006268s
Sleeping for 0.801s before next query
Running Query 3b.txt...started responding in 0.0044800000000000005s...got 127 result(s) in 0.00478s
Sleeping for 0.39s before next query
Running Query 8.txt...started responding in 0.14774299999999999s...got 332 result(s) in 0.14865199999999998s
Sleeping for 0.905s before next query
Running Query 3c.txt...started responding in 0.004076s...got 0 result(s) in 0.004112s
Sleeping for 0.94s before next query
Running Query 5a.txt...started responding in 98.92147100000001s...got 6904 result(s) in 98.96602800000001s
Sleeping for 0.464s before next query
Running Query 1.txt...started responding in 0.003855s...got 1 result(s) in 0.003913s
Sleeping for 0.031s before next query
Running Query 3a.txt...started responding in 0.004359s...got 15853 result(s) in 0.07527500000000001s
Sleeping for 0.276s before next query

Total Response Time: 99.978658s
Total Runtime: 104.45647s
Minimum Query Runtime: 0.0033239999999999997s (Query 12c.txt)
Maximum Query Runtime: 98.96602800000001s (Query 5a.txt)

Warmup Run 3 of 5
Query Order for this Run is 2, 1, 14, 11, 13, 6, 9, 10, 8, 0, 7, 4, 16, 5, 3, 12, 15
Running Query 3a.txt...started responding in 0.0043479999999999994s...got 15853 result(s) in 0.07872499999999999s
Sleeping for 0.653s before next query
Running Query 2.txt...started responding in 0.029807s...got 6197 result(s) in 0.208095s
Sleeping for 0.225s before next query
Running Query 12a.txt...got 1 result(s) in 0.016856000000000003s
Sleeping for 0.195s before next query
Running Query 9.txt...started responding in 0.04311s...got 4 result(s) in 0.043171s
Sleeping for 0.915s before next query
Running Query 11.txt...started responding in 0.040991s...got 10 result(s) in 0.041070999999999996s
Sleeping for 0.386s before next query
Running Query 5a.txt...started responding in 98.535288s...got 6904 result(s) in 98.58079099999999s
Sleeping for 0.737s before next query
Running Query 7.txt...started responding in 0.015237s...got 62 result(s) in 0.015465s
Sleeping for 0.687s before next query
Running Query 8.txt...started responding in 0.145706s...got 332 result(s) in 0.146504s
Sleeping for 0.77s before next query
Running Query 6.txt...started responding in 0.034631999999999996s...got 12093 result(s) in 0.22487100000000002s
Sleeping for 0.887s before next query
Running Query 1.txt...started responding in 0.00385s...got 1 result(s) in 0.003902s
Sleeping for 0.144s before next query
Running Query 5b.txt...started responding in 0.029168s...got 6904 result(s) in 0.083588s
Sleeping for 0.9s before next query
Running Query 3c.txt...started responding in 0.003886s...got 0 result(s) in 0.003928s
Sleeping for 0.945s before next query
Running Query 12c.txt...got 1 result(s) in 0.003697s
Sleeping for 0.205s before next query
Running Query 4.txt...started responding in 0.534279s...got 542801 result(s) in 5.0826400000000005s
Sleeping for 0.739s before next query
Running Query 3b.txt...started responding in 0.004381s...got 127 result(s) in 0.0046689999999999995s
Sleeping for 0.309s before next query
Running Query 10.txt...started responding in 0.003939s...got 452 result(s) in 0.006208s
Sleeping for 0.612s before next query
Running Query 12b.txt...got 1 result(s) in 0.145935s
Sleeping for 0.698s before next query

Total Response Time: 99.59511s
Total Runtime: 104.69011599999999s
Minimum Query Runtime: 0.003697s (Query 12c.txt)
Maximum Query Runtime: 98.58079099999999s (Query 5a.txt)

Warmup Run 4 of 5
Query Order for this Run is 0, 6, 1, 2, 12, 5, 10, 15, 11, 14, 7, 9, 4, 8, 13, 16, 3
Running Query 1.txt...started responding in 0.003974s...got 1 result(s) in 0.004037s
Sleeping for 0.279s before next query
Running Query 5a.txt...started responding in 98.70693399999999s...got 6904 result(s) in 98.751445s
Sleeping for 0.542s before next query
Running Query 2.txt...started responding in 0.030473s...got 6197 result(s) in 0.204593s
Sleeping for 0.944s before next query
Running Query 3a.txt...started responding in 0.0043760000000000005s...got 15853 result(s) in 0.081366s
Sleeping for 0.599s before next query
Running Query 10.txt...started responding in 0.004118999999999999s...got 452 result(s) in 0.006365999999999999s
Sleeping for 0.118s before next query
Running Query 4.txt...started responding in 0.521254s...got 542801 result(s) in 4.436875s
Sleeping for 0.953s before next query
Running Query 8.txt...started responding in 0.146087s...got 332 result(s) in 0.14711600000000002s
Sleeping for 0.708s before next query
Running Query 12b.txt...got 1 result(s) in 0.144937s
Sleeping for 0.639s before next query
Running Query 9.txt...started responding in 0.042485999999999996s...got 4 result(s) in 0.042559s
Sleeping for 0.051s before next query
Running Query 12a.txt...got 1 result(s) in 0.017143000000000002s
Sleeping for 0.234s before next query
Running Query 5b.txt...started responding in 0.027874s...got 6904 result(s) in 0.07481499999999999s
Sleeping for 0.347s before next query
Running Query 7.txt...started responding in 0.015505000000000001s...got 62 result(s) in 0.015721s
Sleeping for 0.731s before next query
Running Query 3c.txt...started responding in 0.003912s...got 0 result(s) in 0.003955s
Sleeping for 0.135s before next query
Running Query 6.txt...started responding in 0.034874s...got 12093 result(s) in 0.226909s
Sleeping for 0.47s before next query
Running Query 11.txt...started responding in 0.041113s...got 10 result(s) in 0.041195s
Sleeping for 0.395s before next query
Running Query 12c.txt...got 1 result(s) in 0.0032679999999999996s
Sleeping for 0.1s before next query
Running Query 3b.txt...started responding in 0.004418999999999999s...got 127 result(s) in 0.004718s
Sleeping for 0.547s before next query

Total Response Time: 99.75274800000001s
Total Runtime: 104.20701799999999s
Minimum Query Runtime: 0.0032679999999999996s (Query 12c.txt)
Maximum Query Runtime: 98.751445s (Query 5a.txt)

Warmup Run 5 of 5
Query Order for this Run is 4, 14, 11, 7, 6, 2, 16, 9, 0, 5, 8, 3, 13, 15, 12, 1, 10
Running Query 3c.txt...started responding in 0.004009s...got 0 result(s) in 0.004045s
Sleeping for 0.974s before next query
Running Query 12a.txt...got 1 result(s) in 0.016577s
Sleeping for 0.36s before next query
Running Query 9.txt...started responding in 0.042902s...got 4 result(s) in 0.042965s
Sleeping for 0.61s before next query
Running Query 5b.txt...started responding in 0.027782s...got 6904 result(s) in 0.07212099999999999s
Sleeping for 0.656s before next query
Running Query 5a.txt...started responding in 100.60146300000001s...got 6904 result(s) in 100.651353s
Sleeping for 0.741s before next query
Running Query 3a.txt...started responding in 0.004322s...got 15853 result(s) in 0.077033s
Sleeping for 0.622s before next query
Running Query 12c.txt...got 1 result(s) in 0.0034100000000000003s
Sleeping for 0.6s before next query
Running Query 7.txt...started responding in 0.016562s...got 62 result(s) in 0.016834s
Sleeping for 0.29s before next query
Running Query 1.txt...started responding in 0.004282s...got 1 result(s) in 0.00434s
Sleeping for 0.675s before next query
Running Query 4.txt...started responding in 0.543996s...got 542801 result(s) in 4.720563s
Sleeping for 0.464s before next query
Running Query 6.txt...started responding in 0.035537s...got 12093 result(s) in 0.228647s
Sleeping for 0.959s before next query
Running Query 3b.txt...started responding in 0.0048200000000000005s...got 127 result(s) in 0.005212s
Sleeping for 0.951s before next query
Running Query 11.txt...started responding in 0.040606s...got 10 result(s) in 0.040686s
Sleeping for 0.179s before next query
Running Query 12b.txt...got 1 result(s) in 0.14603s
Sleeping for 0.373s before next query
Running Query 10.txt...started responding in 0.003827s...got 452 result(s) in 0.0060620000000000005s
Sleeping for 0.53s before next query
Running Query 2.txt...started responding in 0.035502000000000006s...got 6197 result(s) in 0.23495s
Sleeping for 0.644s before next query
Running Query 8.txt...started responding in 0.16566999999999998s...got 332 result(s) in 0.16647499999999998s
Sleeping for 0.105s before next query

Total Response Time: 101.697297s
Total Runtime: 106.437303s
Minimum Query Runtime: 0.0034100000000000003s (Query 12c.txt)
Maximum Query Runtime: 100.651353s (Query 5a.txt)

Running Benchmarks...

Query Mix Run 1 of 25
Query Order for this Run is 0, 2, 14, 12, 16, 15, 6, 3, 5, 10, 8, 9, 7, 1, 4, 11, 13
Running Query 1.txt...started responding in 0.003781s...got 1 result(s) in 0.0038309999999999998s
Sleeping for 0.22s before next query
Running Query 3a.txt...started responding in 0.004438s...got 15853 result(s) in 0.07579000000000001s
Sleeping for 0.955s before next query
Running Query 12a.txt...got 1 result(s) in 0.018132000000000002s
Sleeping for 0.539s before next query
Running Query 10.txt...started responding in 0.003887s...got 452 result(s) in 0.006242s
Sleeping for 0.514s before next query
Running Query 12c.txt...got 1 result(s) in 0.0033250000000000003s
Sleeping for 0.902s before next query
Running Query 12b.txt...got 1 result(s) in 0.148709s
Sleeping for 0.379s before next query
Running Query 5a.txt...started responding in 113.609219s...got 6904 result(s) in 113.656214s
Sleeping for 0.879s before next query
Running Query 3b.txt...started responding in 0.004424s...got 127 result(s) in 0.0047220000000000005s
Sleeping for 0.053s before next query
Running Query 4.txt...started responding in 0.61772s...got 542801 result(s) in 5.3105389999999995s
Sleeping for 0.267s before next query
Running Query 8.txt...started responding in 0.150175s...got 332 result(s) in 0.150977s
Sleeping for 0.546s before next query
Running Query 6.txt...started responding in 0.035486s...got 12093 result(s) in 0.218684s
Sleeping for 0.375s before next query
Running Query 7.txt...started responding in 0.024236999999999998s...got 62 result(s) in 0.024609000000000002s
Sleeping for 0.868s before next query
Running Query 5b.txt...started responding in 0.028623000000000003s...got 6904 result(s) in 0.072256s
Sleeping for 0.958s before next query
Running Query 2.txt...started responding in 0.030221s...got 6197 result(s) in 0.21241300000000002s
Sleeping for 0.884s before next query
Running Query 3c.txt...started responding in 0.004178s...got 0 result(s) in 0.004221s
Sleeping for 0.03s before next query
Running Query 9.txt...started responding in 0.043656999999999994s...got 4 result(s) in 0.043726s
Sleeping for 0.303s before next query
Running Query 11.txt...started responding in 0.041325s...got 10 result(s) in 0.041406s
Sleeping for 0.863s before next query

Total Response Time: 114.771537s
Total Runtime: 119.995796s
Minimum Query Runtime: 0.0033250000000000003s (Query 12c.txt)
Maximum Query Runtime: 113.656214s (Query 5a.txt)

Query Mix Run 2 of 25
Query Order for this Run is 10, 6, 9, 11, 12, 0, 4, 5, 3, 14, 13, 16, 8, 15, 1, 7, 2
Running Query 8.txt...started responding in 0.149372s...got 332 result(s) in 0.15019300000000002s
Sleeping for 0.65s before next query
Running Query 5a.txt...started responding in 102.82816700000001s...got 6904 result(s) in 102.87408s
Sleeping for 0.402s before next query
Running Query 7.txt...started responding in 0.020787s...got 62 result(s) in 0.021004000000000002s
Sleeping for 0.797s before next query
Running Query 9.txt...started responding in 0.043434s...got 4 result(s) in 0.043494s
Sleeping for 0.115s before next query
Running Query 10.txt...started responding in 0.003732s...got 452 result(s) in 0.00577s
Sleeping for 0.629s before next query
Running Query 1.txt...started responding in 0.0038399999999999997s...got 1 result(s) in 0.0038959999999999997s
Sleeping for 0.657s before next query
Running Query 3c.txt...started responding in 0.0039689999999999994s...got 0 result(s) in 0.004008s
Sleeping for 0.85s before next query
Running Query 4.txt...started responding in 0.520051s...got 542801 result(s) in 4.48026s
Sleeping for 0.457s before next query
Running Query 3b.txt...started responding in 0.004377s...got 127 result(s) in 0.004678s
Sleeping for 0.852s before next query
Running Query 12a.txt...got 1 result(s) in 0.016625s
Sleeping for 0.154s before next query
Running Query 11.txt...started responding in 0.040854s...got 10 result(s) in 0.040936s
Sleeping for 0.499s before next query
Running Query 12c.txt...got 1 result(s) in 0.003398s
Sleeping for 0.779s before next query
Running Query 6.txt...started responding in 0.036198s...got 12093 result(s) in 0.236255s
Sleeping for 0.119s before next query
Running Query 12b.txt...got 1 result(s) in 0.14995599999999998s
Sleeping for 0.126s before next query
Running Query 2.txt...started responding in 0.029797s...got 6197 result(s) in 0.19792500000000002s
Sleeping for 0.79s before next query
Running Query 5b.txt...started responding in 0.028399s...got 6904 result(s) in 0.07486s
Sleeping for 0.575s before next query
Running Query 3a.txt...started responding in 0.004246000000000001s...got 15853 result(s) in 0.094707s
Sleeping for 0.151s before next query

Total Response Time: 103.887202s
Total Runtime: 108.402045s
Minimum Query Runtime: 0.003398s (Query 12c.txt)
Maximum Query Runtime: 102.87408s (Query 5a.txt)

Query Mix Run 3 of 25
Query Order for this Run is 4, 2, 14, 12, 9, 15, 0, 5, 11, 8, 7, 1, 16, 10, 3, 13, 6
Running Query 3c.txt...started responding in 0.0040030000000000005s...got 0 result(s) in 0.00404s
Sleeping for 0.235s before next query
Running Query 3a.txt...started responding in 0.004227000000000001s...got 15853 result(s) in 0.083425s
Sleeping for 0.282s before next query
Running Query 12a.txt...got 1 result(s) in 0.017022s
Sleeping for 0.898s before next query
Running Query 10.txt...started responding in 0.003734s...got 452 result(s) in 0.0058920000000000005s
Sleeping for 0.131s before next query
Running Query 7.txt...started responding in 0.015235s...got 62 result(s) in 0.015449999999999998s
Sleeping for 0.087s before next query
Running Query 12b.txt...got 1 result(s) in 0.145286s
Sleeping for 0.322s before next query
Running Query 1.txt...started responding in 0.0038439999999999998s...got 1 result(s) in 0.003909s
Sleeping for 0.506s before next query
Running Query 4.txt...started responding in 0.520524s...got 542801 result(s) in 4.435846s
Sleeping for 0.396s before next query
Running Query 9.txt...started responding in 0.042963999999999995s...got 4 result(s) in 0.043027s
Sleeping for 0.778s before next query
Running Query 6.txt...started responding in 0.035649s...got 12093 result(s) in 0.222895s
Sleeping for 0.723s before next query
Running Query 5b.txt...started responding in 0.028027999999999997s...got 6904 result(s) in 0.083648s
Sleeping for 0.839s before next query
Running Query 2.txt...started responding in 0.030754s...got 6197 result(s) in 0.203695s
Sleeping for 0.281s before next query
Running Query 12c.txt...got 1 result(s) in 0.00335s
Sleeping for 0.697s before next query
Running Query 8.txt...started responding in 0.14718199999999998s...got 332 result(s) in 0.14799299999999999s
Sleeping for 0.829s before next query
Running Query 3b.txt...started responding in 0.004382s...got 127 result(s) in 0.004678s
Sleeping for 0.563s before next query
Running Query 11.txt...started responding in 0.04084s...got 10 result(s) in 0.040928s
Sleeping for 0.729s before next query
Running Query 5a.txt...started responding in 101.78900999999999s...got 6904 result(s) in 101.83489s
Sleeping for 0.886s before next query

Total Response Time: 102.836034s
Total Runtime: 107.295974s
Minimum Query Runtime: 0.00335s (Query 12c.txt)
Maximum Query Runtime: 101.83489s (Query 5a.txt)

Query Mix Run 4 of 25
Query Order for this Run is 3, 0, 7, 9, 4, 10, 5, 16, 1, 8, 12, 11, 6, 13, 14, 2, 15
Running Query 3b.txt...started responding in 0.004393s...got 127 result(s) in 0.0046879999999999995s
Sleeping for 0.542s before next query
Running Query 1.txt...started responding in 0.0037890000000000003s...got 1 result(s) in 0.0038439999999999998s
Sleeping for 0.918s before next query
Running Query 5b.txt...started responding in 0.028798999999999998s...got 6904 result(s) in 0.07891200000000001s
Sleeping for 0.471s before next query
Running Query 7.txt...started responding in 0.015586000000000001s...got 62 result(s) in 0.015815s
Sleeping for 0.19s before next query
Running Query 3c.txt...started responding in 0.0039889999999999995s...got 0 result(s) in 0.004030000000000001s
Sleeping for 0.993s before next query
Running Query 8.txt...started responding in 0.162637s...got 332 result(s) in 0.16348s
Sleeping for 0.66s before next query
Running Query 4.txt...started responding in 0.517547s...got 542801 result(s) in 5.068464s
Sleeping for 0.562s before next query
Running Query 12c.txt...got 1 result(s) in 0.0038399999999999997s
Sleeping for 0.622s before next query
Running Query 2.txt...started responding in 0.029663000000000002s...got 6197 result(s) in 0.198588s
Sleeping for 0.5s before next query
Running Query 6.txt...started responding in 0.035615s...got 12093 result(s) in 0.240469s
Sleeping for 0.506s before next query
Running Query 10.txt...started responding in 0.003859s...got 452 result(s) in 0.006567s
Sleeping for 0.114s before next query
Running Query 9.txt...started responding in 0.046048s...got 4 result(s) in 0.04611s
Sleeping for 0.699s before next query
Running Query 5a.txt...started responding in 101.276803s...got 6904 result(s) in 101.32354799999999s
Sleeping for 0.047s before next query
Running Query 11.txt...started responding in 0.04632s...got 10 result(s) in 0.04641s
Sleeping for 0.968s before next query
Running Query 12a.txt...got 1 result(s) in 0.017678999999999997s
Sleeping for 0.61s before next query
Running Query 3a.txt...started responding in 0.004301999999999999s...got 15853 result(s) in 0.07830200000000001s
Sleeping for 0.102s before next query
Running Query 12b.txt...got 1 result(s) in 0.154336s
Sleeping for 0.838s before next query

Total Response Time: 102.355205s
Total Runtime: 107.45508199999999s
Minimum Query Runtime: 0.0038399999999999997s (Query 12c.txt)
Maximum Query Runtime: 101.32354799999999s (Query 5a.txt)

Query Mix Run 5 of 25
Query Order for this Run is 14, 4, 3, 1, 6, 10, 5, 7, 15, 12, 11, 9, 13, 8, 2, 0, 16
Running Query 12a.txt...got 1 result(s) in 0.016815999999999998s
Sleeping for 0.384s before next query
Running Query 3c.txt...started responding in 0.003978000000000001s...got 0 result(s) in 0.004025s
Sleeping for 0.74s before next query
Running Query 3b.txt...started responding in 0.004415s...got 127 result(s) in 0.0047610000000000005s
Sleeping for 0.708s before next query
Running Query 2.txt...started responding in 0.031397s...got 6197 result(s) in 0.221008s
Sleeping for 0.459s before next query
Running Query 5a.txt...started responding in 99.945616s...got 6904 result(s) in 99.99534799999999s
Sleeping for 0.196s before next query
Running Query 8.txt...started responding in 0.145255s...got 332 result(s) in 0.146221s
Sleeping for 0.021s before next query
Running Query 4.txt...started responding in 0.516338s...got 542801 result(s) in 4.522591s
Sleeping for 0.396s before next query
Running Query 5b.txt...started responding in 0.027916s...got 6904 result(s) in 0.073922s
Sleeping for 0.441s before next query
Running Query 12b.txt...got 1 result(s) in 0.152965s
Sleeping for 0.354s before next query
Running Query 10.txt...started responding in 0.003828s...got 452 result(s) in 0.005946s
Sleeping for 0.688s before next query
Running Query 9.txt...started responding in 0.042594s...got 4 result(s) in 0.042655s
Sleeping for 0.046s before next query
Running Query 7.txt...started responding in 0.01514s...got 62 result(s) in 0.015365s
Sleeping for 0.739s before next query
Running Query 11.txt...started responding in 0.041152s...got 10 result(s) in 0.04124s
Sleeping for 0.203s before next query
Running Query 6.txt...started responding in 0.034324s...got 12093 result(s) in 0.21410400000000002s
Sleeping for 0.751s before next query
Running Query 3a.txt...started responding in 0.004371000000000001s...got 15853 result(s) in 0.075869s
Sleeping for 0.622s before next query
Running Query 1.txt...started responding in 0.004026s...got 1 result(s) in 0.004079s
Sleeping for 0.566s before next query
Running Query 12c.txt...got 1 result(s) in 0.003285s
Sleeping for 0.794s before next query

Total Response Time: 100.993416s
Total Runtime: 105.5402s
Minimum Query Runtime: 0.003285s (Query 12c.txt)
Maximum Query Runtime: 99.99534799999999s (Query 5a.txt)

Query Mix Run 6 of 25
Query Order for this Run is 9, 4, 16, 11, 3, 14, 7, 5, 2, 10, 6, 15, 13, 12, 0, 1, 8
Running Query 7.txt...started responding in 0.015397000000000001s...got 62 result(s) in 0.015623s
Sleeping for 0.019s before next query
Running Query 3c.txt...started responding in 0.0040620000000000005s...got 0 result(s) in 0.004104s
Sleeping for 0.559s before next query
Running Query 12c.txt...got 1 result(s) in 0.003255s
Sleeping for 0.287s before next query
Running Query 9.txt...started responding in 0.043099s...got 4 result(s) in 0.04316s
Sleeping for 0.483s before next query
Running Query 3b.txt...started responding in 0.004418s...got 127 result(s) in 0.004724s
Sleeping for 0.189s before next query
Running Query 12a.txt...got 1 result(s) in 0.016628s
Sleeping for 0.839s before next query
Running Query 5b.txt...started responding in 0.027828s...got 6904 result(s) in 0.072262s
Sleeping for 0.853s before next query
Running Query 4.txt...started responding in 0.533691s...got 542801 result(s) in 4.476011000000001s
Sleeping for 0.783s before next query
Running Query 3a.txt...started responding in 0.004296s...got 15853 result(s) in 0.075077s
Sleeping for 0.601s before next query
Running Query 8.txt...started responding in 0.14577600000000002s...got 332 result(s) in 0.146573s
Sleeping for 0.127s before next query
Running Query 5a.txt...started responding in 92.058167s...got 6904 result(s) in 92.107043s
Sleeping for 0.683s before next query
Running Query 12b.txt...got 1 result(s) in 0.16286899999999999s
Sleeping for 0.5s before next query
Running Query 11.txt...started responding in 0.046278s...got 10 result(s) in 0.046467s
Sleeping for 0.165s before next query
Running Query 10.txt...started responding in 0.00718s...got 452 result(s) in 0.010439s
Sleeping for 0.711s before next query
Running Query 1.txt...started responding in 0.00791s...got 1 result(s) in 0.008022999999999999s
Sleeping for 0.215s before next query
Running Query 2.txt...started responding in 0.034069s...got 6197 result(s) in 0.20261400000000002s
Sleeping for 0.875s before next query
Running Query 6.txt...started responding in 0.038905999999999996s...got 12093 result(s) in 0.221619s
Sleeping for 0.073s before next query

Total Response Time: 93.153829s
Total Runtime: 97.616491s
Minimum Query Runtime: 0.003255s (Query 12c.txt)
Maximum Query Runtime: 92.107043s (Query 5a.txt)

Query Mix Run 7 of 25
Query Order for this Run is 12, 11, 15, 0, 8, 10, 13, 2, 6, 16, 5, 7, 3, 1, 14, 9, 4
Running Query 10.txt...started responding in 0.006194s...got 452 result(s) in 0.009073000000000001s
Sleeping for 0.638s before next query
Running Query 9.txt...started responding in 0.047426s...got 4 result(s) in 0.047562s
Sleeping for 0.221s before next query
Running Query 12b.txt...got 1 result(s) in 0.17606899999999998s
Sleeping for 0.549s before next query
Running Query 1.txt...started responding in 0.0077469999999999995s...got 1 result(s) in 0.007869s
Sleeping for 0.02s before next query
Running Query 6.txt...started responding in 0.038689s...got 12093 result(s) in 0.234274s
Sleeping for 0.76s before next query
Running Query 8.txt...started responding in 0.147554s...got 332 result(s) in 0.148958s
Sleeping for 0.991s before next query
Running Query 11.txt...started responding in 0.046735s...got 10 result(s) in 0.046924s
Sleeping for 0.15s before next query
Running Query 3a.txt...started responding in 0.007991s...got 15853 result(s) in 0.084437s
Sleeping for 0.419s before next query
Running Query 5a.txt...started responding in 88.36326799999999s...got 6904 result(s) in 88.407557s
Sleeping for 0.446s before next query
Running Query 12c.txt...got 1 result(s) in 0.006441s
Sleeping for 0.267s before next query
Running Query 4.txt...started responding in 0.531168s...got 542801 result(s) in 4.9116599999999995s
Sleeping for 0.479s before next query
Running Query 5b.txt...started responding in 0.033146999999999996s...got 6904 result(s) in 0.078942s
Sleeping for 0.258s before next query
Running Query 3b.txt...started responding in 0.007841s...got 127 result(s) in 0.008272s
Sleeping for 0.667s before next query
Running Query 2.txt...started responding in 0.035826000000000004s...got 6197 result(s) in 0.204823s
Sleeping for 0.88s before next query
Running Query 12a.txt...got 1 result(s) in 0.022215s
Sleeping for 0.684s before next query
Running Query 7.txt...started responding in 0.020152s...got 62 result(s) in 0.020561s
Sleeping for 0.05s before next query
Running Query 3c.txt...started responding in 0.007652s...got 0 result(s) in 0.007736s
Sleeping for 0.677s before next query

Total Response Time: 89.50611500000001s
Total Runtime: 94.42337300000001s
Minimum Query Runtime: 0.006441s (Query 12c.txt)
Maximum Query Runtime: 88.407557s (Query 5a.txt)

Query Mix Run 8 of 25
Query Order for this Run is 10, 0, 9, 4, 15, 3, 1, 5, 6, 16, 13, 14, 8, 12, 7, 2, 11
Running Query 8.txt...started responding in 0.156944s...got 332 result(s) in 0.158862s
Sleeping for 0.042s before next query
Running Query 1.txt...started responding in 0.0072889999999999995s...got 1 result(s) in 0.00739s
Sleeping for 0.587s before next query
Running Query 7.txt...started responding in 0.016307s...got 62 result(s) in 0.016635s
Sleeping for 0.779s before next query
Running Query 3c.txt...started responding in 0.007755s...got 0 result(s) in 0.007821s
Sleeping for 0.123s before next query
Running Query 12b.txt...got 1 result(s) in 0.147559s
Sleeping for 0.566s before next query
Running Query 3b.txt...started responding in 0.009055s...got 127 result(s) in 0.009631s
Sleeping for 0.21s before next query
Running Query 2.txt...started responding in 0.034616999999999995s...got 6197 result(s) in 0.20218899999999998s
Sleeping for 0.76s before next query
Running Query 4.txt...started responding in 0.560448s...got 542801 result(s) in 4.325961s
Sleeping for 0.225s before next query
Running Query 5a.txt...started responding in 86.97349899999999s...got 6904 result(s) in 87.018109s
Sleeping for 0.014s before next query
Running Query 12c.txt...got 1 result(s) in 0.0066040000000000005s
Sleeping for 0.522s before next query
Running Query 11.txt...started responding in 0.045769s...got 10 result(s) in 0.045964s
Sleeping for 0.206s before next query
Running Query 12a.txt...got 1 result(s) in 0.021592s
Sleeping for 0.786s before next query
Running Query 6.txt...started responding in 0.038723999999999995s...got 12093 result(s) in 0.235487s
Sleeping for 0.887s before next query
Running Query 10.txt...started responding in 0.0076100000000000004s...got 452 result(s) in 0.011037000000000002s
Sleeping for 0.441s before next query
Running Query 5b.txt...started responding in 0.033063s...got 6904 result(s) in 0.07831300000000001s
Sleeping for 0.031s before next query
Running Query 3a.txt...started responding in 0.008074999999999999s...got 15853 result(s) in 0.08194s
Sleeping for 0.885s before next query
Running Query 9.txt...started responding in 0.048366s...got 4 result(s) in 0.048428s
Sleeping for 0.584s before next query

Total Response Time: 88.123276s
Total Runtime: 92.42352199999999s
Minimum Query Runtime: 0.0066040000000000005s (Query 12c.txt)
Maximum Query Runtime: 87.018109s (Query 5a.txt)

Query Mix Run 9 of 25
Query Order for this Run is 14, 9, 11, 0, 6, 2, 13, 15, 8, 12, 1, 7, 16, 5, 3, 4, 10
Running Query 12a.txt...got 1 result(s) in 0.020975s
Sleeping for 0.259s before next query
Running Query 7.txt...started responding in 0.019653s...got 62 result(s) in 0.019881s
Sleeping for 0.831s before next query
Running Query 9.txt...started responding in 0.047689s...got 4 result(s) in 0.047825s
Sleeping for 0.455s before next query
Running Query 1.txt...started responding in 0.007712s...got 1 result(s) in 0.007828s
Sleeping for 0.779s before next query
Running Query 5a.txt...started responding in 78.22420600000001s...got 6904 result(s) in 78.270614s
Sleeping for 0.512s before next query
Running Query 3a.txt...started responding in 0.008222s...got 15853 result(s) in 0.08372700000000001s
Sleeping for 0.748s before next query
Running Query 11.txt...started responding in 0.046107s...got 10 result(s) in 0.046333s
Sleeping for 0.106s before next query
Running Query 12b.txt...got 1 result(s) in 0.147625s
Sleeping for 0.931s before next query
Running Query 6.txt...started responding in 0.035296s...got 12093 result(s) in 0.21799100000000002s
Sleeping for 0.254s before next query
Running Query 10.txt...started responding in 0.007214000000000001s...got 452 result(s) in 0.010698000000000001s
Sleeping for 0.154s before next query
Running Query 2.txt...started responding in 0.035639000000000004s...got 6197 result(s) in 0.20749299999999998s
Sleeping for 0.569s before next query
Running Query 5b.txt...started responding in 0.033034s...got 6904 result(s) in 0.080279s
Sleeping for 0.528s before next query
Running Query 12c.txt...got 1 result(s) in 0.006692s
Sleeping for 0.738s before next query
Running Query 4.txt...started responding in 0.5117160000000001s...got 542801 result(s) in 4.383074s
Sleeping for 0.353s before next query
Running Query 3b.txt...started responding in 0.008659s...got 127 result(s) in 0.009294s
Sleeping for 0.549s before next query
Running Query 3c.txt...started responding in 0.007856s...got 0 result(s) in 0.007940000000000001s
Sleeping for 0.234s before next query
Running Query 8.txt...started responding in 0.148522s...got 332 result(s) in 0.150179s
Sleeping for 0.891s before next query

Total Response Time: 79.316817s
Total Runtime: 83.71844800000001s
Minimum Query Runtime: 0.006692s (Query 12c.txt)
Maximum Query Runtime: 78.270614s (Query 5a.txt)

Query Mix Run 10 of 25
Query Order for this Run is 10, 2, 9, 0, 1, 8, 11, 6, 12, 13, 3, 16, 4, 5, 14, 15, 7
Running Query 8.txt...started responding in 0.16219s...got 332 result(s) in 0.163857s
Sleeping for 0.698s before next query
Running Query 3a.txt...started responding in 0.008137s...got 15853 result(s) in 0.08740200000000001s
Sleeping for 0.694s before next query
Running Query 7.txt...started responding in 0.020591s...got 62 result(s) in 0.020835s
Sleeping for 0.204s before next query
Running Query 1.txt...started responding in 0.007665s...got 1 result(s) in 0.007756s
Sleeping for 0.6s before next query
Running Query 2.txt...started responding in 0.036025s...got 6197 result(s) in 0.205785s
Sleeping for 0.68s before next query
Running Query 6.txt...started responding in 0.040797s...got 12093 result(s) in 0.234467s
Sleeping for 0.038s before next query
Running Query 9.txt...started responding in 0.044826s...got 4 result(s) in 0.044969999999999996s
Sleeping for 0.25s before next query
Running Query 5a.txt...started responding in 87.946898s...got 6904 result(s) in 87.992977s
Sleeping for 0.0010s before next query
Running Query 10.txt...started responding in 0.003781s...got 452 result(s) in 0.005860000000000001s
Sleeping for 0.601s before next query
Running Query 11.txt...started responding in 0.046820999999999995s...got 10 result(s) in 0.047013s
Sleeping for 0.525s before next query
Running Query 3b.txt...started responding in 0.008654s...got 127 result(s) in 0.009323s
Sleeping for 0.571s before next query
Running Query 12c.txt...got 1 result(s) in 0.00667s
Sleeping for 0.485s before next query
Running Query 3c.txt...started responding in 0.007549s...got 0 result(s) in 0.007617s
Sleeping for 0.798s before next query
Running Query 4.txt...started responding in 0.512438s...got 542801 result(s) in 4.93121s
Sleeping for 0.872s before next query
Running Query 12a.txt...got 1 result(s) in 0.019044000000000002s
Sleeping for 0.056s before next query
Running Query 12b.txt...got 1 result(s) in 0.147968s
Sleeping for 0.659s before next query
Running Query 5b.txt...started responding in 0.033943s...got 6904 result(s) in 0.07998699999999999s
Sleeping for 0.714s before next query

Total Response Time: 89.05399700000001s
Total Runtime: 94.01274099999999s
Minimum Query Runtime: 0.005860000000000001s (Query 10.txt)
Maximum Query Runtime: 87.992977s (Query 5a.txt)

Query Mix Run 11 of 25
Query Order for this Run is 7, 1, 12, 15, 14, 8, 0, 2, 10, 16, 4, 3, 11, 9, 13, 5, 6
Running Query 5b.txt...started responding in 0.048436s...got 6904 result(s) in 0.094352s
Sleeping for 0.206s before next query
Running Query 2.txt...started responding in 0.034366s...got 6197 result(s) in 0.202268s
Sleeping for 0.379s before next query
Running Query 10.txt...started responding in 0.007549999999999999s...got 452 result(s) in 0.011085000000000001s
Sleeping for 0.196s before next query
Running Query 12b.txt...got 1 result(s) in 0.148531s
Sleeping for 0.797s before next query
Running Query 12a.txt...got 1 result(s) in 0.022741s
Sleeping for 0.55s before next query
Running Query 6.txt...started responding in 0.039378s...got 12093 result(s) in 0.231025s
Sleeping for 0.153s before next query
Running Query 1.txt...started responding in 0.0078s...got 1 result(s) in 0.007916000000000001s
Sleeping for 0.938s before next query
Running Query 3a.txt...started responding in 0.00824s...got 15853 result(s) in 0.084992s
Sleeping for 0.898s before next query
Running Query 8.txt...started responding in 0.148096s...got 332 result(s) in 0.14947300000000002s
Sleeping for 0.674s before next query
Running Query 12c.txt...got 1 result(s) in 0.006655s
Sleeping for 0.975s before next query
Running Query 3c.txt...started responding in 0.007004s...got 0 result(s) in 0.007089000000000001s
Sleeping for 0.566s before next query
Running Query 3b.txt...started responding in 0.008856s...got 127 result(s) in 0.00948s
Sleeping for 0.184s before next query
Running Query 9.txt...started responding in 0.047722s...got 4 result(s) in 0.047857s
Sleeping for 0.754s before next query
Running Query 7.txt...started responding in 0.021443s...got 62 result(s) in 0.021665s
Sleeping for 0.374s before next query
Running Query 11.txt...started responding in 0.046445s...got 10 result(s) in 0.046629s
Sleeping for 0.777s before next query
Running Query 4.txt...started responding in 0.5256660000000001s...got 542801 result(s) in 4.376634s
Sleeping for 0.09s before next query
Running Query 5a.txt...started responding in 75.013666s...got 6904 result(s) in 75.05980899999999s
Sleeping for 0.489s before next query

Total Response Time: 76.142595s
Total Runtime: 80.528201s
Minimum Query Runtime: 0.006655s (Query 12c.txt)
Maximum Query Runtime: 75.05980899999999s (Query 5a.txt)

Query Mix Run 12 of 25
Query Order for this Run is 15, 11, 5, 13, 1, 3, 10, 7, 14, 9, 0, 8, 4, 2, 16, 6, 12
Running Query 12b.txt...got 1 result(s) in 0.149831s
Sleeping for 0.856s before next query
Running Query 9.txt...started responding in 0.057239s...got 4 result(s) in 0.057298s
Sleeping for 0.08s before next query
Running Query 4.txt...started responding in 0.559034s...got 542801 result(s) in 4.5591729999999995s
Sleeping for 0.586s before next query
Running Query 11.txt...started responding in 0.041262s...got 10 result(s) in 0.041344s
Sleeping for 0.836s before next query
Running Query 2.txt...started responding in 0.03392s...got 6197 result(s) in 0.251822s
Sleeping for 0.982s before next query
Running Query 3b.txt...started responding in 0.008863s...got 127 result(s) in 0.009372s
Sleeping for 0.297s before next query
Running Query 8.txt...started responding in 0.154364s...got 332 result(s) in 0.155551s
Sleeping for 0.37s before next query
Running Query 5b.txt...started responding in 0.042712s...got 6904 result(s) in 0.096774s
Sleeping for 0.225s before next query
Running Query 12a.txt...got 1 result(s) in 0.023013000000000002s
Sleeping for 0.948s before next query
Running Query 7.txt...started responding in 0.018739000000000002s...got 62 result(s) in 0.018996s
Sleeping for 0.299s before next query
Running Query 1.txt...started responding in 0.006802s...got 1 result(s) in 0.006881s
Sleeping for 0.979s before next query
Running Query 6.txt...started responding in 0.040028s...got 12093 result(s) in 0.225346s
Sleeping for 0.469s before next query
Running Query 3c.txt...started responding in 0.00774s...got 0 result(s) in 0.007798s
Sleeping for 0.981s before next query
Running Query 3a.txt...started responding in 0.0073479999999999995s...got 15853 result(s) in 0.083938s
Sleeping for 0.744s before next query
Running Query 12c.txt...got 1 result(s) in 0.007069s
Sleeping for 0.391s before next query
Running Query 5a.txt...started responding in 97.494627s...got 6904 result(s) in 97.539166s
Sleeping for 0.219s before next query
Running Query 10.txt...started responding in 0.005466s...got 452 result(s) in 0.007813s
Sleeping for 0.921s before next query

Total Response Time: 98.658057s
Total Runtime: 103.241185s
Minimum Query Runtime: 0.006881s (Query 1.txt)
Maximum Query Runtime: 97.539166s (Query 5a.txt)

Query Mix Run 13 of 25
Query Order for this Run is 3, 12, 6, 10, 5, 16, 7, 2, 8, 9, 15, 14, 4, 0, 13, 1, 11
Running Query 3b.txt...started responding in 0.005873000000000001s...got 127 result(s) in 0.006252s
Sleeping for 0.266s before next query
Running Query 10.txt...started responding in 0.004131999999999999s...got 452 result(s) in 0.006111s
Sleeping for 0.531s before next query
Running Query 5a.txt...started responding in 96.840265s...got 6904 result(s) in 96.886694s
Sleeping for 0.188s before next query
Running Query 8.txt...started responding in 0.154225s...got 332 result(s) in 0.15529099999999998s
Sleeping for 0.73s before next query
Running Query 4.txt...started responding in 0.5153540000000001s...got 542801 result(s) in 5.09774s
Sleeping for 0.224s before next query
Running Query 12c.txt...got 1 result(s) in 0.006622s
Sleeping for 0.1s before next query
Running Query 5b.txt...started responding in 0.033671s...got 6904 result(s) in 0.081495s
Sleeping for 0.657s before next query
Running Query 3a.txt...started responding in 0.0053230000000000005s...got 15853 result(s) in 0.084885s
Sleeping for 0.609s before next query
Running Query 6.txt...started responding in 0.037564s...got 12093 result(s) in 0.23444900000000002s
Sleeping for 0.749s before next query
Running Query 7.txt...started responding in 0.016251s...got 62 result(s) in 0.016522s
Sleeping for 0.342s before next query
Running Query 12b.txt...got 1 result(s) in 0.170347s
Sleeping for 0.503s before next query
Running Query 12a.txt...got 1 result(s) in 0.017701s
Sleeping for 0.62s before next query
Running Query 3c.txt...started responding in 0.0039700000000000004s...got 0 result(s) in 0.004027s
Sleeping for 0.513s before next query
Running Query 1.txt...started responding in 0.003679s...got 1 result(s) in 0.003735s
Sleeping for 0.628s before next query
Running Query 11.txt...started responding in 0.050905s...got 10 result(s) in 0.050991s
Sleeping for 0.716s before next query
Running Query 2.txt...started responding in 0.030142s...got 6197 result(s) in 0.199709s
Sleeping for 0.919s before next query
Running Query 9.txt...started responding in 0.043786s...got 4 result(s) in 0.043847000000000004s
Sleeping for 0.885s before next query

Total Response Time: 97.93981s
Total Runtime: 103.066418s
Minimum Query Runtime: 0.003735s (Query 1.txt)
Maximum Query Runtime: 96.886694s (Query 5a.txt)

Query Mix Run 14 of 25
Query Order for this Run is 9, 15, 4, 14, 5, 6, 10, 16, 12, 13, 8, 11, 0, 1, 2, 7, 3
Running Query 7.txt...started responding in 0.016127s...got 62 result(s) in 0.016354s
Sleeping for 0.914s before next query
Running Query 12b.txt...got 1 result(s) in 0.147894s
Sleeping for 0.991s before next query
Running Query 3c.txt...started responding in 0.003878s...got 0 result(s) in 0.003914s
Sleeping for 0.348s before next query
Running Query 12a.txt...got 1 result(s) in 0.017307s
Sleeping for 0.93s before next query
Running Query 4.txt...started responding in 0.5970460000000001s...got 542801 result(s) in 4.3354s
Sleeping for 0.043s before next query
Running Query 5a.txt...started responding in 96.857517s...got 6904 result(s) in 96.902061s
Sleeping for 0.606s before next query
Running Query 8.txt...started responding in 0.150475s...got 332 result(s) in 0.151286s
Sleeping for 0.07s before next query
Running Query 12c.txt...got 1 result(s) in 0.0031070000000000004s
Sleeping for 0.029s before next query
Running Query 10.txt...started responding in 0.0045190000000000004s...got 452 result(s) in 0.007122s
Sleeping for 0.211s before next query
Running Query 11.txt...started responding in 0.041525s...got 10 result(s) in 0.041606000000000004s
Sleeping for 0.218s before next query
Running Query 6.txt...started responding in 0.035912999999999994s...got 12093 result(s) in 0.23586400000000002s
Sleeping for 0.613s before next query
Running Query 9.txt...started responding in 0.044763s...got 4 result(s) in 0.044823s
Sleeping for 0.7s before next query
Running Query 1.txt...started responding in 0.003956s...got 1 result(s) in 0.004008s
Sleeping for 0.133s before next query
Running Query 2.txt...started responding in 0.030103s...got 6197 result(s) in 0.196542s
Sleeping for 0.081s before next query
Running Query 3a.txt...started responding in 0.005072s...got 15853 result(s) in 0.078918s
Sleeping for 0.496s before next query
Running Query 5b.txt...started responding in 0.034975s...got 6904 result(s) in 0.08004s
Sleeping for 0.985s before next query
Running Query 3b.txt...started responding in 0.004855000000000001s...got 127 result(s) in 0.005167s
Sleeping for 0.697s before next query

Total Response Time: 97.999032s
Total Runtime: 102.271413s
Minimum Query Runtime: 0.0031070000000000004s (Query 12c.txt)
Maximum Query Runtime: 96.902061s (Query 5a.txt)

Query Mix Run 15 of 25
Query Order for this Run is 13, 3, 11, 12, 2, 0, 6, 7, 14, 10, 9, 16, 5, 8, 15, 4, 1
Running Query 11.txt...started responding in 0.041877000000000004s...got 10 result(s) in 0.041967s
Sleeping for 0.966s before next query
Running Query 3b.txt...started responding in 0.006157s...got 127 result(s) in 0.0064470000000000005s
Sleeping for 0.768s before next query
Running Query 9.txt...started responding in 0.046895000000000006s...got 4 result(s) in 0.04697s
Sleeping for 0.35s before next query
Running Query 10.txt...started responding in 0.004263s...got 452 result(s) in 0.006564s
Sleeping for 0.966s before next query
Running Query 3a.txt...started responding in 0.004347s...got 15853 result(s) in 0.07850700000000001s
Sleeping for 0.153s before next query
Running Query 1.txt...started responding in 0.0038439999999999998s...got 1 result(s) in 0.003923s
Sleeping for 0.357s before next query
Running Query 5a.txt...started responding in 96.433428s...got 6904 result(s) in 96.47851200000001s
Sleeping for 0.083s before next query
Running Query 5b.txt...started responding in 0.033919s...got 6904 result(s) in 0.080741s
Sleeping for 0.802s before next query
Running Query 12a.txt...got 1 result(s) in 0.016919s
Sleeping for 0.392s before next query
Running Query 8.txt...started responding in 0.150263s...got 332 result(s) in 0.15106899999999998s
Sleeping for 0.528s before next query
Running Query 7.txt...started responding in 0.015757999999999998s...got 62 result(s) in 0.015994s
Sleeping for 0.453s before next query
Running Query 12c.txt...got 1 result(s) in 0.003398s
Sleeping for 0.049s before next query
Running Query 4.txt...started responding in 0.529447s...got 542801 result(s) in 4.355640999999999s
Sleeping for 0.593s before next query
Running Query 6.txt...started responding in 0.03498s...got 12093 result(s) in 0.22273400000000002s
Sleeping for 0.576s before next query
Running Query 12b.txt...got 1 result(s) in 0.148445s
Sleeping for 0.874s before next query
Running Query 3c.txt...started responding in 0.004315s...got 0 result(s) in 0.004362s
Sleeping for 0.201s before next query
Running Query 2.txt...started responding in 0.030357s...got 6197 result(s) in 0.197402s
Sleeping for 0.877s before next query

Total Response Time: 97.508612s
Total Runtime: 101.859595s
Minimum Query Runtime: 0.003398s (Query 12c.txt)
Maximum Query Runtime: 96.47851200000001s (Query 5a.txt)

Query Mix Run 16 of 25
Query Order for this Run is 3, 16, 7, 5, 0, 4, 9, 14, 12, 15, 2, 13, 1, 11, 8, 6, 10
Running Query 3b.txt...started responding in 0.004306s...got 127 result(s) in 0.004599s
Sleeping for 0.233s before next query
Running Query 12c.txt...got 1 result(s) in 0.003857s
Sleeping for 0.875s before next query
Running Query 5b.txt...started responding in 0.029227s...got 6904 result(s) in 0.076455s
Sleeping for 0.88s before next query
Running Query 4.txt...started responding in 0.593657s...got 542801 result(s) in 4.923511s
Sleeping for 0.363s before next query
Running Query 1.txt...started responding in 0.004522s...got 1 result(s) in 0.0045780000000000005s
Sleeping for 0.877s before next query
Running Query 3c.txt...started responding in 0.007255s...got 0 result(s) in 0.007298s
Sleeping for 0.141s before next query
Running Query 7.txt...started responding in 0.015503s...got 62 result(s) in 0.015726s
Sleeping for 0.621s before next query
Running Query 12a.txt...got 1 result(s) in 0.017224s
Sleeping for 0.062s before next query
Running Query 10.txt...started responding in 0.004099s...got 452 result(s) in 0.006174000000000001s
Sleeping for 0.066s before next query
Running Query 12b.txt...got 1 result(s) in 0.14933000000000002s
Sleeping for 0.166s before next query
Running Query 3a.txt...started responding in 0.005338s...got 15853 result(s) in 0.078909s
Sleeping for 0.977s before next query
Running Query 11.txt...started responding in 0.041743999999999996s...got 10 result(s) in 0.04194s
Sleeping for 0.035s before next query
Running Query 2.txt...started responding in 0.030157s...got 6197 result(s) in 0.197313s
Sleeping for 0.25s before next query
Running Query 9.txt...started responding in 0.047979s...got 4 result(s) in 0.048036s
Sleeping for 0.542s before next query
Running Query 6.txt...started responding in 0.035134s...got 12093 result(s) in 0.22969499999999998s
Sleeping for 0.963s before next query
Running Query 5a.txt...started responding in 96.859021s...got 6904 result(s) in 96.904492s
Sleeping for 0.095s before next query
Running Query 8.txt...started responding in 0.148031s...got 332 result(s) in 0.148868s
Sleeping for 0.927s before next query

Total Response Time: 97.996384s
Total Runtime: 102.858005s
Minimum Query Runtime: 0.003857s (Query 12c.txt)
Maximum Query Runtime: 96.904492s (Query 5a.txt)

Query Mix Run 17 of 25
Query Order for this Run is 8, 7, 13, 6, 11, 15, 1, 10, 4, 14, 3, 5, 9, 0, 12, 16, 2
Running Query 6.txt...started responding in 0.036041s...got 12093 result(s) in 0.221833s
Sleeping for 0.517s before next query
Running Query 5b.txt...started responding in 0.028499s...got 6904 result(s) in 0.074297s
Sleeping for 0.948s before next query
Running Query 11.txt...started responding in 0.041783s...got 10 result(s) in 0.041860999999999995s
Sleeping for 0.053s before next query
Running Query 5a.txt...started responding in 101.511159s...got 6904 result(s) in 101.558107s
Sleeping for 0.495s before next query
Running Query 9.txt...started responding in 0.046683999999999996s...got 4 result(s) in 0.046743s
Sleeping for 0.505s before next query
Running Query 12b.txt...got 1 result(s) in 0.158496s
Sleeping for 0.685s before next query
Running Query 2.txt...started responding in 0.032088s...got 6197 result(s) in 0.200069s
Sleeping for 0.544s before next query
Running Query 8.txt...started responding in 0.148232s...got 332 result(s) in 0.14922300000000002s
Sleeping for 0.152s before next query
Running Query 3c.txt...started responding in 0.004351s...got 0 result(s) in 0.0043879999999999995s
Sleeping for 0.207s before next query
Running Query 12a.txt...got 1 result(s) in 0.018234999999999998s
Sleeping for 0.372s before next query
Running Query 3b.txt...started responding in 0.004863s...got 127 result(s) in 0.005194s
Sleeping for 0.905s before next query
Running Query 4.txt...started responding in 0.55912s...got 542801 result(s) in 4.4119399999999995s
Sleeping for 0.116s before next query
Running Query 7.txt...started responding in 0.018852s...got 62 result(s) in 0.019074999999999998s
Sleeping for 0.653s before next query
Running Query 1.txt...started responding in 0.004959s...got 1 result(s) in 0.005023s
Sleeping for 0.855s before next query
Running Query 10.txt...started responding in 0.006634999999999999s...got 452 result(s) in 0.008641s
Sleeping for 0.933s before next query
Running Query 12c.txt...got 1 result(s) in 0.003581s
Sleeping for 0.788s before next query
Running Query 3a.txt...started responding in 0.004036s...got 15853 result(s) in 0.078708s
Sleeping for 0.0070s before next query

Total Response Time: 102.62761400000001s
Total Runtime: 107.005414s
Minimum Query Runtime: 0.003581s (Query 12c.txt)
Maximum Query Runtime: 101.558107s (Query 5a.txt)

Query Mix Run 18 of 25
Query Order for this Run is 7, 14, 9, 3, 11, 16, 2, 12, 0, 15, 8, 5, 1, 4, 10, 13, 6
Running Query 5b.txt...started responding in 0.028501000000000002s...got 6904 result(s) in 0.073256s
Sleeping for 0.934s before next query
Running Query 12a.txt...got 1 result(s) in 0.017095s
Sleeping for 0.857s before next query
Running Query 7.txt...started responding in 0.015282s...got 62 result(s) in 0.015514s
Sleeping for 0.313s before next query
Running Query 3b.txt...started responding in 0.007134000000000001s...got 127 result(s) in 0.007697s
Sleeping for 0.023s before next query
Running Query 9.txt...started responding in 0.044387s...got 4 result(s) in 0.044444000000000004s
Sleeping for 0.967s before next query
Running Query 12c.txt...got 1 result(s) in 0.0034159999999999998s
Sleeping for 0.75s before next query
Running Query 3a.txt...started responding in 0.0047469999999999995s...got 15853 result(s) in 0.08031s
Sleeping for 0.88s before next query
Running Query 10.txt...started responding in 0.003729s...got 452 result(s) in 0.005814s
Sleeping for 0.609s before next query
Running Query 1.txt...started responding in 0.003505s...got 1 result(s) in 0.0035529999999999997s
Sleeping for 0.647s before next query
Running Query 12b.txt...got 1 result(s) in 0.147437s
Sleeping for 0.675s before next query
Running Query 6.txt...started responding in 0.036319000000000004s...got 12093 result(s) in 0.218189s
Sleeping for 0.0030s before next query
Running Query 4.txt...started responding in 0.536198s...got 542801 result(s) in 4.3754740000000005s
Sleeping for 0.61s before next query
Running Query 2.txt...started responding in 0.030822s...got 6197 result(s) in 0.19928s
Sleeping for 0.49s before next query
Running Query 3c.txt...started responding in 0.003913s...got 0 result(s) in 0.003954s
Sleeping for 0.131s before next query
Running Query 8.txt...started responding in 0.149446s...got 332 result(s) in 0.150251s
Sleeping for 0.711s before next query
Running Query 11.txt...started responding in 0.042834000000000004s...got 10 result(s) in 0.043023000000000006s
Sleeping for 0.165s before next query
Running Query 5a.txt...started responding in 106.58842s...got 6904 result(s) in 106.66791599999999s
Sleeping for 0.357s before next query

Total Response Time: 107.663185s
Total Runtime: 112.056623s
Minimum Query Runtime: 0.0034159999999999998s (Query 12c.txt)
Maximum Query Runtime: 106.66791599999999s (Query 5a.txt)

Query Mix Run 19 of 25
Query Order for this Run is 3, 2, 8, 13, 12, 15, 0, 16, 10, 14, 9, 7, 5, 6, 4, 1, 11
Running Query 3b.txt...started responding in 0.0068070000000000006s...got 127 result(s) in 0.007188s
Sleeping for 0.246s before next query
Running Query 3a.txt...started responding in 0.005197s...got 15853 result(s) in 0.131706s
Sleeping for 0.014s before next query
Running Query 6.txt...started responding in 0.07067799999999999s...got 12093 result(s) in 0.41614100000000004s
Sleeping for 0.498s before next query
Running Query 11.txt...started responding in 0.043224s...got 10 result(s) in 0.043336s
Sleeping for 0.617s before next query
Running Query 10.txt...started responding in 0.003948s...got 452 result(s) in 0.006545s
Sleeping for 0.162s before next query
Running Query 12b.txt...got 1 result(s) in 0.16475700000000001s
Sleeping for 0.757s before next query
Running Query 1.txt...started responding in 0.0038290000000000004s...got 1 result(s) in 0.003885s
Sleeping for 0.746s before next query
Running Query 12c.txt...got 1 result(s) in 0.0034519999999999998s
Sleeping for 0.695s before next query
Running Query 8.txt...started responding in 0.34002s...got 332 result(s) in 0.341279s
Sleeping for 0.167s before next query
Running Query 12a.txt...got 1 result(s) in 0.017562s
Sleeping for 0.08s before next query
Running Query 7.txt...started responding in 0.015785999999999998s...got 62 result(s) in 0.016056s
Sleeping for 0.144s before next query
Running Query 5b.txt...started responding in 0.028935s...got 6904 result(s) in 0.08635s
Sleeping for 0.699s before next query
Running Query 4.txt...started responding in 0.542975s...got 542801 result(s) in 4.684177s
Sleeping for 0.533s before next query
Running Query 5a.txt...started responding in 110.545428s...got 6904 result(s) in 110.595264s
Sleeping for 0.766s before next query
Running Query 3c.txt...started responding in 0.007966s...got 0 result(s) in 0.008007s
Sleeping for 0.629s before next query
Running Query 2.txt...started responding in 0.030656s...got 6197 result(s) in 0.218682s
Sleeping for 0.813s before next query
Running Query 9.txt...started responding in 0.044571s...got 4 result(s) in 0.044638s
Sleeping for 0.029s before next query

Total Response Time: 111.87579099999999s
Total Runtime: 116.789025s
Minimum Query Runtime: 0.0034519999999999998s (Query 12c.txt)
Maximum Query Runtime: 110.595264s (Query 5a.txt)

Query Mix Run 20 of 25
Query Order for this Run is 14, 6, 12, 11, 1, 2, 7, 15, 0, 10, 8, 5, 3, 4, 13, 16, 9
Running Query 12a.txt...got 1 result(s) in 0.017489s
Sleeping for 0.211s before next query
Running Query 5a.txt...started responding in 131.420253s...got 6904 result(s) in 131.48236300000002s
Sleeping for 0.477s before next query
Running Query 10.txt...started responding in 0.003785s...got 452 result(s) in 0.005797s
Sleeping for 0.562s before next query
Running Query 9.txt...started responding in 0.044322s...got 4 result(s) in 0.044378999999999995s
Sleeping for 0.036s before next query
Running Query 2.txt...started responding in 0.030175999999999998s...got 6197 result(s) in 0.229633s
Sleeping for 0.918s before next query
Running Query 3a.txt...started responding in 0.004731s...got 15853 result(s) in 0.103409s
Sleeping for 0.932s before next query
Running Query 5b.txt...started responding in 0.036531999999999995s...got 6904 result(s) in 0.086485s
Sleeping for 0.83s before next query
Running Query 12b.txt...got 1 result(s) in 0.153411s
Sleeping for 0.705s before next query
Running Query 1.txt...started responding in 0.00368s...got 1 result(s) in 0.003733s
Sleeping for 0.626s before next query
Running Query 8.txt...started responding in 0.15449000000000002s...got 332 result(s) in 0.155263s
Sleeping for 0.883s before next query
Running Query 6.txt...started responding in 0.03561s...got 12093 result(s) in 0.222765s
Sleeping for 0.651s before next query
Running Query 4.txt...started responding in 0.560922s...got 542801 result(s) in 7.0001109999999995s
Sleeping for 0.786s before next query
Running Query 3b.txt...started responding in 0.004193s...got 127 result(s) in 0.004494s
Sleeping for 0.948s before next query
Running Query 3c.txt...started responding in 0.003798s...got 0 result(s) in 0.003835s
Sleeping for 0.231s before next query
Running Query 11.txt...started responding in 0.042497999999999994s...got 10 result(s) in 0.042582s
Sleeping for 0.507s before next query
Running Query 12c.txt...got 1 result(s) in 0.003196s
Sleeping for 0.112s before next query
Running Query 7.txt...started responding in 0.015411s...got 62 result(s) in 0.015637s
Sleeping for 0.985s before next query

Total Response Time: 132.53449700000002s
Total Runtime: 139.574582s
Minimum Query Runtime: 0.003196s (Query 12c.txt)
Maximum Query Runtime: 131.48236300000002s (Query 5a.txt)

Query Mix Run 21 of 25
Query Order for this Run is 3, 9, 10, 2, 14, 12, 8, 16, 11, 0, 6, 7, 15, 13, 4, 1, 5
Running Query 3b.txt...started responding in 0.0044800000000000005s...got 127 result(s) in 0.004787s
Sleeping for 0.966s before next query
Running Query 7.txt...started responding in 0.015942s...got 62 result(s) in 0.016158000000000002s
Sleeping for 0.353s before next query
Running Query 8.txt...started responding in 0.15237799999999999s...got 332 result(s) in 0.153197s
Sleeping for 0.551s before next query
Running Query 3a.txt...started responding in 0.004163999999999999s...got 15853 result(s) in 0.078906s
Sleeping for 0.221s before next query
Running Query 12a.txt...got 1 result(s) in 0.017136s
Sleeping for 0.891s before next query
Running Query 10.txt...started responding in 0.003987s...got 452 result(s) in 0.00638s
Sleeping for 0.021s before next query
Running Query 6.txt...started responding in 0.036598s...got 12093 result(s) in 0.23374799999999998s
Sleeping for 0.24s before next query
Running Query 12c.txt...got 1 result(s) in 0.003336s
Sleeping for 0.515s before next query
Running Query 9.txt...started responding in 0.044785s...got 4 result(s) in 0.044844s
Sleeping for 0.818s before next query
Running Query 1.txt...started responding in 0.003655s...got 1 result(s) in 0.003714s
Sleeping for 0.85s before next query
Running Query 5a.txt...started responding in 132.516305s...got 6904 result(s) in 132.570066s
Sleeping for 0.932s before next query
Running Query 5b.txt...started responding in 0.029457s...got 6904 result(s) in 0.07858899999999999s
Sleeping for 0.446s before next query
Running Query 12b.txt...got 1 result(s) in 0.150118s
Sleeping for 0.254s before next query
Running Query 11.txt...started responding in 0.042799s...got 10 result(s) in 0.04288s
Sleeping for 0.703s before next query
Running Query 3c.txt...started responding in 0.004125s...got 0 result(s) in 0.004165s
Sleeping for 0.092s before next query
Running Query 2.txt...started responding in 0.031226s...got 6197 result(s) in 0.240144s
Sleeping for 0.783s before next query
Running Query 4.txt...started responding in 0.679794s...got 542801 result(s) in 6.395655s
Sleeping for 0.903s before next query

Total Response Time: 133.740285s
Total Runtime: 140.043823s
Minimum Query Runtime: 0.003336s (Query 12c.txt)
Maximum Query Runtime: 132.570066s (Query 5a.txt)

Query Mix Run 22 of 25
Query Order for this Run is 8, 10, 5, 2, 12, 9, 13, 6, 11, 15, 1, 0, 7, 14, 16, 4, 3
Running Query 6.txt...started responding in 0.035371s...got 12093 result(s) in 0.218307s
Sleeping for 0.189s before next query
Running Query 8.txt...started responding in 0.148813s...got 332 result(s) in 0.149615s
Sleeping for 0.53s before next query
Running Query 4.txt...started responding in 0.544859s...got 542801 result(s) in 6.370659s
Sleeping for 0.398s before next query
Running Query 3a.txt...started responding in 0.00633s...got 15853 result(s) in 0.079528s
Sleeping for 0.292s before next query
Running Query 10.txt...started responding in 0.003797s...got 452 result(s) in 0.005963s
Sleeping for 0.499s before next query
Running Query 7.txt...started responding in 0.015103s...got 62 result(s) in 0.015332s
Sleeping for 0.324s before next query
Running Query 11.txt...started responding in 0.043485s...got 10 result(s) in 0.043579s
Sleeping for 0.954s before next query
Running Query 5a.txt...started responding in 132.78970199999998s...got 6904 result(s) in 132.85456299999998s
Sleeping for 0.183s before next query
Running Query 9.txt...started responding in 0.057755s...got 4 result(s) in 0.057828000000000004s
Sleeping for 0.29s before next query
Running Query 12b.txt...got 1 result(s) in 0.19159600000000002s
Sleeping for 0.471s before next query
Running Query 2.txt...started responding in 0.032180999999999994s...got 6197 result(s) in 0.248546s
Sleeping for 0.274s before next query
Running Query 1.txt...started responding in 0.003591s...got 1 result(s) in 0.003646s
Sleeping for 0.734s before next query
Running Query 5b.txt...started responding in 0.031563s...got 6904 result(s) in 0.079093s
Sleeping for 0.76s before next query
Running Query 12a.txt...got 1 result(s) in 0.017457999999999998s
Sleeping for 0.287s before next query
Running Query 12c.txt...got 1 result(s) in 0.003561s
Sleeping for 0.684s before next query
Running Query 3c.txt...started responding in 0.003888s...got 0 result(s) in 0.003923s
Sleeping for 0.521s before next query
Running Query 3b.txt...started responding in 0.004167s...got 127 result(s) in 0.004462s
Sleeping for 0.671s before next query

Total Response Time: 133.93322s
Total Runtime: 140.34765900000002s
Minimum Query Runtime: 0.003561s (Query 12c.txt)
Maximum Query Runtime: 132.85456299999998s (Query 5a.txt)

Query Mix Run 23 of 25
Query Order for this Run is 7, 9, 3, 4, 8, 16, 10, 14, 6, 12, 0, 1, 5, 2, 15, 11, 13
Running Query 5b.txt...started responding in 0.028573s...got 6904 result(s) in 0.07552400000000001s
Sleeping for 0.735s before next query
Running Query 7.txt...started responding in 0.01572s...got 62 result(s) in 0.016001s
Sleeping for 0.388s before next query
Running Query 3b.txt...started responding in 0.0072039999999999995s...got 127 result(s) in 0.007516s
Sleeping for 0.016s before next query
Running Query 3c.txt...started responding in 0.003707s...got 0 result(s) in 0.00375s
Sleeping for 0.645s before next query
Running Query 6.txt...started responding in 0.035402s...got 12093 result(s) in 0.221365s
Sleeping for 0.988s before next query
Running Query 12c.txt...got 1 result(s) in 0.003346s
Sleeping for 0.388s before next query
Running Query 8.txt...started responding in 0.157369s...got 332 result(s) in 0.15876099999999999s
Sleeping for 0.876s before next query
Running Query 12a.txt...got 1 result(s) in 0.017283999999999997s
Sleeping for 0.462s before next query
Running Query 5a.txt...started responding in 132.697756s...got 6904 result(s) in 132.758512s
Sleeping for 0.397s before next query
Running Query 10.txt...started responding in 0.00415s...got 452 result(s) in 0.006528s
Sleeping for 0.651s before next query
Running Query 1.txt...started responding in 0.0036s...got 1 result(s) in 0.0036520000000000003s
Sleeping for 0.662s before next query
Running Query 2.txt...started responding in 0.033366999999999994s...got 6197 result(s) in 0.222999s
Sleeping for 0.248s before next query
Running Query 4.txt...started responding in 0.700261s...got 542801 result(s) in 6.685466s
Sleeping for 0.153s before next query
Running Query 3a.txt...started responding in 0.0059299999999999995s...got 15853 result(s) in 0.092086s
Sleeping for 0.49s before next query
Running Query 12b.txt...got 1 result(s) in 0.15474600000000002s
Sleeping for 0.977s before next query
Running Query 9.txt...started responding in 0.056250999999999995s...got 4 result(s) in 0.056320999999999996s
Sleeping for 0.098s before next query
Running Query 11.txt...started responding in 0.054124000000000005s...got 10 result(s) in 0.054223s
Sleeping for 0.335s before next query

Total Response Time: 133.97879s
Total Runtime: 140.53807999999998s
Minimum Query Runtime: 0.003346s (Query 12c.txt)
Maximum Query Runtime: 132.758512s (Query 5a.txt)

Query Mix Run 24 of 25
Query Order for this Run is 9, 10, 2, 12, 7, 13, 15, 5, 6, 3, 11, 1, 16, 0, 14, 4, 8
Running Query 7.txt...started responding in 0.016980000000000002s...got 62 result(s) in 0.017211999999999998s
Sleeping for 0.64s before next query
Running Query 8.txt...started responding in 0.18180000000000002s...got 332 result(s) in 0.182876s
Sleeping for 0.378s before next query
Running Query 3a.txt...started responding in 0.004458s...got 15853 result(s) in 0.098861s
Sleeping for 0.944s before next query
Running Query 10.txt...started responding in 0.003883s...got 452 result(s) in 0.0062900000000000005s
Sleeping for 0.493s before next query
Running Query 5b.txt...started responding in 0.029056000000000002s...got 6904 result(s) in 0.075605s
Sleeping for 0.977s before next query
Running Query 11.txt...started responding in 0.066552s...got 10 result(s) in 0.066677s
Sleeping for 0.081s before next query
Running Query 12b.txt...got 1 result(s) in 0.238383s
Sleeping for 0.025s before next query
Running Query 4.txt...started responding in 0.7057720000000001s...got 542801 result(s) in 6.995363s
Sleeping for 0.179s before next query
Running Query 5a.txt...started responding in 131.244664s...got 6904 result(s) in 131.30319699999998s
Sleeping for 0.559s before next query
Running Query 3b.txt...started responding in 0.004319s...got 127 result(s) in 0.0046159999999999994s
Sleeping for 0.611s before next query
Running Query 9.txt...started responding in 0.044954s...got 4 result(s) in 0.045011s
Sleeping for 0.396s before next query
Running Query 2.txt...started responding in 0.031055s...got 6197 result(s) in 0.215637s
Sleeping for 0.084s before next query
Running Query 12c.txt...got 1 result(s) in 0.00372s
Sleeping for 0.867s before next query
Running Query 1.txt...started responding in 0.003673s...got 1 result(s) in 0.0037240000000000003s
Sleeping for 0.471s before next query
Running Query 12a.txt...got 1 result(s) in 0.017079s
Sleeping for 0.711s before next query
Running Query 3c.txt...started responding in 0.003745s...got 0 result(s) in 0.003782s
Sleeping for 0.962s before next query
Running Query 6.txt...started responding in 0.036024s...got 12093 result(s) in 0.22052699999999997s
Sleeping for 0.164s before next query

Total Response Time: 132.63611699999998s
Total Runtime: 139.49856s
Minimum Query Runtime: 0.00372s (Query 12c.txt)
Maximum Query Runtime: 131.30319699999998s (Query 5a.txt)

Query Mix Run 25 of 25
Query Order for this Run is 0, 13, 7, 9, 5, 8, 3, 1, 4, 16, 12, 2, 10, 15, 11, 14, 6
Running Query 1.txt...started responding in 0.003715s...got 1 result(s) in 0.003765s
Sleeping for 0.29s before next query
Running Query 11.txt...started responding in 0.041718000000000005s...got 10 result(s) in 0.041805s
Sleeping for 0.227s before next query
Running Query 5b.txt...started responding in 0.029772s...got 6904 result(s) in 0.074167s
Sleeping for 0.86s before next query
Running Query 7.txt...started responding in 0.015875999999999998s...got 62 result(s) in 0.016099s
Sleeping for 0.11s before next query
Running Query 4.txt...started responding in 0.5801499999999999s...got 542801 result(s) in 5.958838s
Sleeping for 0.128s before next query
Running Query 6.txt...started responding in 0.041038s...got 12093 result(s) in 0.25795100000000004s
Sleeping for 0.512s before next query
Running Query 3b.txt...started responding in 0.004212s...got 127 result(s) in 0.004515s
Sleeping for 0.0060s before next query
Running Query 2.txt...started responding in 0.030475000000000002s...got 6197 result(s) in 0.201786s
Sleeping for 0.779s before next query
Running Query 3c.txt...started responding in 0.003999s...got 0 result(s) in 0.004041s
Sleeping for 0.969s before next query
Running Query 12c.txt...got 1 result(s) in 0.0036810000000000002s
Sleeping for 0.041s before next query
Running Query 10.txt...started responding in 0.003742s...got 452 result(s) in 0.005849999999999999s
Sleeping for 0.395s before next query
Running Query 3a.txt...started responding in 0.004223s...got 15853 result(s) in 0.078388s
Sleeping for 0.062s before next query
Running Query 8.txt...started responding in 0.150602s...got 332 result(s) in 0.151409s
Sleeping for 0.514s before next query
Running Query 12b.txt...got 1 result(s) in 0.152694s
Sleeping for 0.745s before next query
Running Query 9.txt...started responding in 0.044833s...got 4 result(s) in 0.044901s
Sleeping for 0.885s before next query
Running Query 12a.txt...got 1 result(s) in 0.017794s
Sleeping for 0.639s before next query
Running Query 5a.txt...started responding in 127.392468s...got 6904 result(s) in 127.447234s
Sleeping for 0.38s before next query

Total Response Time: 128.520992s
Total Runtime: 134.464918s
Minimum Query Runtime: 0.0036810000000000002s (Query 12c.txt)
Maximum Query Runtime: 127.447234s (Query 5a.txt)

Finished Benchmarking, calculating statistics...

Query Summary
-------------

Query ID 0 (1.txt)
Total Response Time: 0.110998s
Average Response Time (Arithmetic): 0.0048259999999999996s
Total Runtime: 0.11258499999999999s
Average Runtime (Arithmetic): 0.004894999999999999s
Average Runtime (Geometric): 0.004662499514910261s
Minimum Runtime: 0.003646s
Maximum Runtime: 0.007916000000000001s
Runtime Variance: 2.717966086956522E-15s
Runtime Standard Deviation: 0.0016486255144684988s
Queries per Second: 204.2900919305414
Queries per Hour: 735444.3309499491

Query ID 1 (2.txt)
Total Response Time: 0.7350760000000001s
Average Response Time (Arithmetic): 0.031959826s
Total Runtime: 4.830001s
Average Runtime (Arithmetic): 0.210000043s
Average Runtime (Geometric): 0.20956569967968433s
Minimum Runtime: 0.197313s
Maximum Runtime: 0.248546s
Runtime Variance: 1.9267894856332707E-13s
Runtime Standard Deviation: 0.013880884286072233s
Queries per Second: 4.761903786848272
Queries per Hour: 17142.85363265378

Query ID 2 (3a.txt)
Total Response Time: 0.128296s
Average Response Time (Arithmetic): 0.0055780859999999995s
Total Runtime: 1.9259439999999999s
Average Runtime (Arithmetic): 0.083736695s
Average Runtime (Geometric): 0.08345468662112103s
Minimum Runtime: 0.07579000000000001s
Maximum Runtime: 0.103409s
Runtime Variance: 5.048425142911151E-14s
Runtime Standard Deviation: 0.007105227049793098s
Queries per Second: 11.942195712405416
Queries per Hour: 42991.9045646595

Query ID 3 (3b.txt)
Total Response Time: 0.133685s
Average Response Time (Arithmetic): 0.005812391s
Total Runtime: 0.142464s
Average Runtime (Arithmetic): 0.0061940860000000006s
Average Runtime (Geometric): 0.00594683081880646s
Minimum Runtime: 0.004494s
Maximum Runtime: 0.00948s
Runtime Variance: 3.3783285141776946E-15s
Runtime Standard Deviation: 0.0018380229906553654s
Queries per Second: 161.4443196300471
Queries per Hour: 581199.5506681695

Query ID 4 (3c.txt)
Total Response Time: 0.11697199999999999s
Average Response Time (Arithmetic): 0.005085739000000001s
Total Runtime: 0.118118s
Average Runtime (Arithmetic): 0.005135565s
Average Runtime (Geometric): 0.004905128248554047s
Minimum Runtime: 0.003782s
Maximum Runtime: 0.007940000000000001s
Runtime Variance: 2.7310052892249527E-15s
Runtime Standard Deviation: 0.0016525753505437968s
Queries per Second: 194.72054194621234
Queries per Hour: 700993.9510063644

Query ID 5 (4.txt)
Total Response Time: 12.950526s
Average Response Time (Arithmetic): 0.5630663469999999s
Total Runtime: 116.045326s
Average Runtime (Arithmetic): 5.045448956s
Average Runtime (Geometric): 4.985726693453693s
Minimum Runtime: 4.3354s
Maximum Runtime: 6.995363s
Runtime Variance: 6.694186347544764E-10s
Runtime Standard Deviation: 0.8181800747723428s
Queries per Second: 0.19819841776633365
Queries per Hour: 713.5143039588011

Query ID 6 (5a.txt)
Total Response Time: 2411.4161639999998s
Average Response Time (Arithmetic): 104.844181043s
Total Runtime: 2412.573964s
Average Runtime (Arithmetic): 104.894520173s
Average Runtime (Geometric): 103.76261877608727s
Minimum Runtime: 78.270614s
Maximum Runtime: 132.758512s
Runtime Variance: 2.476178162534349E-7s
Runtime Standard Deviation: 15.735876723380713s
Queries per Second: 0.009533386475773226
Queries per Hour: 34.320191312783614

Query ID 7 (5b.txt)
Total Response Time: 0.7252730000000001s
Average Response Time (Arithmetic): 0.031533608s
Total Runtime: 1.817574s
Average Runtime (Arithmetic): 0.07902495600000001s
Average Runtime (Geometric): 0.07887296840687236s
Minimum Runtime: 0.072262s
Maximum Runtime: 0.094352s
Runtime Variance: 2.5122224302457464E-14s
Runtime Standard Deviation: 0.005012207527872072s
Queries per Second: 12.654230392738212
Queries per Hour: 45555.22941385756

Query ID 8 (6.txt)
Total Response Time: 0.85076s
Average Response Time (Arithmetic): 0.036989565s
Total Runtime: 5.255939000000001s
Average Runtime (Arithmetic): 0.22851908599999998s
Average Runtime (Geometric): 0.22833031296996015s
Minimum Runtime: 0.21799100000000002s
Maximum Runtime: 0.25795100000000004s
Runtime Variance: 8.88807924272213E-14s
Runtime Standard Deviation: 0.009427661026321489s
Queries per Second: 4.376002099010671
Queries per Hour: 15753.607556438415

Query ID 9 (7.txt)
Total Response Time: 0.392518s
Average Response Time (Arithmetic): 0.017065999999999998s
Total Runtime: 0.398178s
Average Runtime (Arithmetic): 0.017312086s
Average Runtime (Geometric): 0.01719581294246224s
Minimum Runtime: 0.015365s
Maximum Runtime: 0.021665s
Runtime Variance: 4.297515470699432E-15s
Runtime Standard Deviation: 0.002073044975561175s
Queries per Second: 57.76311416197909
Queries per Hour: 207947.21098312474

Query ID 10 (8.txt)
Total Response Time: 3.518936s
Average Response Time (Arithmetic): 0.15299721700000002s
Total Runtime: 3.543205s
Average Runtime (Arithmetic): 0.154052391s
Average Runtime (Geometric): 0.15387452008220798s
Minimum Runtime: 0.146573s
Maximum Runtime: 0.182876s
Runtime Variance: 5.886571415122873E-14s
Runtime Standard Deviation: 0.007672399504146584s
Queries per Second: 6.491298145447154
Queries per Hour: 23368.673323609757

Query ID 11 (9.txt)
Total Response Time: 1.06668s
Average Response Time (Arithmetic): 0.046377391000000004s
Total Runtime: 1.068414s
Average Runtime (Arithmetic): 0.046452782s
Average Runtime (Geometric): 0.046326117062175036s
Minimum Runtime: 0.043027s
Maximum Runtime: 0.057298s
Runtime Variance: 1.2873050952741017E-14s
Runtime Standard Deviation: 0.0035879034202081057s
Queries per Second: 21.5272359791067
Queries per Hour: 77498.04952478412

Query ID 12 (10.txt)
Total Response Time: 0.107422s
Average Response Time (Arithmetic): 0.0046705209999999995s
Total Runtime: 0.163346s
Average Runtime (Arithmetic): 0.007102000000000001s
Average Runtime (Geometric): 0.00694185049300769s
Minimum Runtime: 0.005797s
Maximum Runtime: 0.011037000000000002s
Runtime Variance: 2.6895206086956535E-15s
Runtime Standard Deviation: 0.00163997579515542s
Queries per Second: 140.805406927626
Queries per Hour: 506899.46493945364

Query ID 13 (11.txt)
Total Response Time: 1.017584s
Average Response Time (Arithmetic): 0.044242782s
Total Runtime: 1.020459s
Average Runtime (Arithmetic): 0.044367782s
Average Runtime (Geometric): 0.04424974685914512s
Minimum Runtime: 0.040936s
Maximum Runtime: 0.054223s
Runtime Variance: 1.109280982230624E-14s
Runtime Standard Deviation: 0.0033305870086677274s
Queries per Second: 22.538877422360216
Queries per Hour: 81139.95872049678

Query ID 14 (12a.txt)
Total Response Time: 0.419127s
Average Response Time (Arithmetic): 0.018222912999999997s
Total Runtime: 0.419127s
Average Runtime (Arithmetic): 0.018222912999999997s
Average Runtime (Geometric): 0.01814391297827379s
Minimum Runtime: 0.016628s
Maximum Runtime: 0.022741s
Runtime Variance: 3.1485147750472594E-15s
Runtime Standard Deviation: 0.0017744054708682736s
Queries per Second: 54.87596851282779
Queries per Hour: 197553.48664618004

Query ID 15 (12b.txt)
Total Response Time: 3.5756889999999997s
Average Response Time (Arithmetic): 0.15546473900000002s
Total Runtime: 3.5756889999999997s
Average Runtime (Arithmetic): 0.15546473900000002s
Average Runtime (Geometric): 0.1551171751292873s
Minimum Runtime: 0.147437s
Maximum Runtime: 0.19159600000000002s
Runtime Variance: 1.171740231493384E-13s
Runtime Standard Deviation: 0.0108246950603395s
Queries per Second: 6.432326754171568
Queries per Hour: 23156.376315017642

Query ID 16 (12c.txt)
Total Response Time: 0.09868099999999999s
Average Response Time (Arithmetic): 0.004290478s
Total Runtime: 0.09868099999999999s
Average Runtime (Arithmetic): 0.004290478s
Average Runtime (Geometric): 0.004101450639462315s
Minimum Runtime: 0.003196s
Maximum Runtime: 0.006692s
Runtime Variance: 1.9355803364839323E-15s
Runtime Standard Deviation: 0.001391251356327796s
Queries per Second: 233.07426352028838
Queries per Hour: 839067.3486730382

Query Mix Summary
-----------------

Ran Query Mix containing 17 queries a total of 25 times
Total Response Time: 2437.6310240000003s
Average Response Time (Arithmetic): 105.983957565s
Total Runtime: 2553.960892s
Average Runtime (Arithmetic): 111.041777913s
Average Runtime (Geometric): 1.0987295887100905E11s
Minimum Mix Runtime: 83.71844800000001s
Maximum Mix Runtime: 140.34765900000002s
Mix Runtime Variance: 2.7214903077554242E11s
Mix Runtime Standard Deviation: 16.496940042794073s
Query Mixes per Hour: 32.42023018417951

Results for this run output to stardog_mem_250k.csv
