Running in verbose mode, run with -q or --quiet to disable
Benchmark Options
-----------------

Endpoint = http://localhost:5822/sp2b10k-mem/query
Sanity Checking Level = 2
Warmups = 5
Runs = 25
Random Query Order = On
Outliers = 1
Timeout = 300 seconds
Max Delay between Queries = 1000 milliseconds
Result Limit = Query Specified
CSV Results File = stardog_mem_10k.csv
XML Results File = stardog_mem_10k.xml
Halt on Timeout = false
Halt on Error = false
Halt Any = false
ASK Results Format = application/sparql-results+xml
Graph Results Format = application/rdf+xml
SELECT Results Format = application/sparql-results+xml
GZip Encoding = disabled
Deflate Encoding = disabled
Parallel Threads = 1
Result Counting = enabled

Sanity checking the user specified endpoint...
Sanity Check 1 of 3...OK
Sanity Check 2 of 3...started responding in 0.004734s...OK
Sanity Check 3 of 3...started responding in 0.004428s...OK
Sanity Checks passed required sanity level...

Starting Benchmarking...
17 Queries were loaded:
Query ID 0 (1.txt)
PREFIX  dc:   <http://purl.org/dc/elements/1.1/>
PREFIX  bench: <http://localhost/vocabulary/bench/>
PREFIX  xsd:  <http://www.w3.org/2001/XMLSchema#>
PREFIX  rdf:  <http://www.w3.org/1999/02/22-rdf-syntax-ns#>
PREFIX  dcterms: <http://purl.org/dc/terms/>

SELECT  ?yr
WHERE
  { ?journal rdf:type bench:Journal .
    ?journal dc:title "Journal 1 (1940)"^^xsd:string .
    ?journal dcterms:issued ?yr
  }


Query ID 1 (2.txt)
PREFIX  dc:   <http://purl.org/dc/elements/1.1/>
PREFIX  rdfs: <http://www.w3.org/2000/01/rdf-schema#>
PREFIX  foaf: <http://xmlns.com/foaf/0.1/>
PREFIX  bench: <http://localhost/vocabulary/bench/>
PREFIX  rdf:  <http://www.w3.org/1999/02/22-rdf-syntax-ns#>
PREFIX  swrc: <http://swrc.ontoware.org/ontology#>
PREFIX  dcterms: <http://purl.org/dc/terms/>

SELECT  ?inproc ?author ?booktitle ?title ?proc ?ee ?page ?url ?yr ?abstract
WHERE
  { ?inproc rdf:type bench:Inproceedings .
    ?inproc dc:creator ?author .
    ?inproc bench:booktitle ?booktitle .
    ?inproc dc:title ?title .
    ?inproc dcterms:partOf ?proc .
    ?inproc rdfs:seeAlso ?ee .
    ?inproc swrc:pages ?page .
    ?inproc foaf:homepage ?url .
    ?inproc dcterms:issued ?yr
    OPTIONAL
      { ?inproc bench:abstract ?abstract }
  }
ORDER BY ?yr


Query ID 2 (3a.txt)
PREFIX  bench: <http://localhost/vocabulary/bench/>
PREFIX  rdf:  <http://www.w3.org/1999/02/22-rdf-syntax-ns#>
PREFIX  swrc: <http://swrc.ontoware.org/ontology#>

SELECT  ?article
WHERE
  { ?article rdf:type bench:Article .
    ?article ?property ?value
    FILTER ( ?property = swrc:pages )
  }


Query ID 3 (3b.txt)
PREFIX  bench: <http://localhost/vocabulary/bench/>
PREFIX  rdf:  <http://www.w3.org/1999/02/22-rdf-syntax-ns#>
PREFIX  swrc: <http://swrc.ontoware.org/ontology#>

SELECT  ?article
WHERE
  { ?article rdf:type bench:Article .
    ?article ?property ?value
    FILTER ( ?property = swrc:month )
  }


Query ID 4 (3c.txt)
PREFIX  bench: <http://localhost/vocabulary/bench/>
PREFIX  rdf:  <http://www.w3.org/1999/02/22-rdf-syntax-ns#>
PREFIX  swrc: <http://swrc.ontoware.org/ontology#>

SELECT  ?article
WHERE
  { ?article rdf:type bench:Article .
    ?article ?property ?value
    FILTER ( ?property = swrc:isbn )
  }


Query ID 5 (4.txt)
PREFIX  dc:   <http://purl.org/dc/elements/1.1/>
PREFIX  bench: <http://localhost/vocabulary/bench/>
PREFIX  foaf: <http://xmlns.com/foaf/0.1/>
PREFIX  rdf:  <http://www.w3.org/1999/02/22-rdf-syntax-ns#>
PREFIX  swrc: <http://swrc.ontoware.org/ontology#>
PREFIX  dcterms: <http://purl.org/dc/terms/>

SELECT DISTINCT  ?name1 ?name2
WHERE
  { ?article1 rdf:type bench:Article .
    ?article2 rdf:type bench:Article .
    ?article1 dc:creator ?author1 .
    ?author1 foaf:name ?name1 .
    ?article2 dc:creator ?author2 .
    ?author2 foaf:name ?name2 .
    ?article1 swrc:journal ?journal .
    ?article2 swrc:journal ?journal
    FILTER ( ?name1 < ?name2 )
  }


Query ID 6 (5a.txt)
PREFIX  dc:   <http://purl.org/dc/elements/1.1/>
PREFIX  foaf: <http://xmlns.com/foaf/0.1/>
PREFIX  bench: <http://localhost/vocabulary/bench/>
PREFIX  rdf:  <http://www.w3.org/1999/02/22-rdf-syntax-ns#>

SELECT DISTINCT  ?person ?name
WHERE
  { ?article rdf:type bench:Article .
    ?article dc:creator ?person .
    ?inproc rdf:type bench:Inproceedings .
    ?inproc dc:creator ?person2 .
    ?person foaf:name ?name .
    ?person2 foaf:name ?name2
    FILTER ( ?name = ?name2 )
  }


Query ID 7 (5b.txt)
PREFIX  dc:   <http://purl.org/dc/elements/1.1/>
PREFIX  foaf: <http://xmlns.com/foaf/0.1/>
PREFIX  bench: <http://localhost/vocabulary/bench/>
PREFIX  rdf:  <http://www.w3.org/1999/02/22-rdf-syntax-ns#>

SELECT DISTINCT  ?person ?name
WHERE
  { ?article rdf:type bench:Article .
    ?article dc:creator ?person .
    ?inproc rdf:type bench:Inproceedings .
    ?inproc dc:creator ?person .
    ?person foaf:name ?name
  }


Query ID 8 (6.txt)
PREFIX  dc:   <http://purl.org/dc/elements/1.1/>
PREFIX  rdfs: <http://www.w3.org/2000/01/rdf-schema#>
PREFIX  foaf: <http://xmlns.com/foaf/0.1/>
PREFIX  rdf:  <http://www.w3.org/1999/02/22-rdf-syntax-ns#>
PREFIX  dcterms: <http://purl.org/dc/terms/>

SELECT  ?yr ?name ?document
WHERE
  { ?class rdfs:subClassOf foaf:Document .
    ?document rdf:type ?class .
    ?document dcterms:issued ?yr .
    ?document dc:creator ?author .
    ?author foaf:name ?name
    OPTIONAL
      { ?class2 rdfs:subClassOf foaf:Document .
        ?document2 rdf:type ?class2 .
        ?document2 dcterms:issued ?yr2 .
        ?document2 dc:creator ?author2
        FILTER ( ( ?author = ?author2 ) && ( ?yr2 < ?yr ) )
      }
    FILTER ( ! bound(?author2) )
  }


Query ID 9 (7.txt)
PREFIX  dc:   <http://purl.org/dc/elements/1.1/>
PREFIX  rdfs: <http://www.w3.org/2000/01/rdf-schema#>
PREFIX  foaf: <http://xmlns.com/foaf/0.1/>
PREFIX  rdf:  <http://www.w3.org/1999/02/22-rdf-syntax-ns#>
PREFIX  dcterms: <http://purl.org/dc/terms/>

SELECT DISTINCT  ?title
WHERE
  { ?class rdfs:subClassOf foaf:Document .
    ?doc rdf:type ?class .
    ?doc dc:title ?title .
    ?bag2 ?member2 ?doc .
    ?doc2 dcterms:references ?bag2
    OPTIONAL
      { ?class3 rdfs:subClassOf foaf:Document .
        ?doc3 rdf:type ?class3 .
        ?doc3 dcterms:references ?bag3 .
        ?bag3 ?member3 ?doc
        OPTIONAL
          { ?class4 rdfs:subClassOf foaf:Document .
            ?doc4 rdf:type ?class4 .
            ?doc4 dcterms:references ?bag4 .
            ?bag4 ?member4 ?doc3
          }
        FILTER ( ! bound(?doc4) )
      }
    FILTER ( ! bound(?doc3) )
  }


Query ID 10 (8.txt)
PREFIX  dc:   <http://purl.org/dc/elements/1.1/>
PREFIX  foaf: <http://xmlns.com/foaf/0.1/>
PREFIX  xsd:  <http://www.w3.org/2001/XMLSchema#>
PREFIX  rdf:  <http://www.w3.org/1999/02/22-rdf-syntax-ns#>

SELECT DISTINCT  ?name
WHERE
  { ?erdoes rdf:type foaf:Person .
    ?erdoes foaf:name "Paul Erdoes"^^xsd:string
      { ?document dc:creator ?erdoes .
        ?document dc:creator ?author .
        ?document2 dc:creator ?author .
        ?document2 dc:creator ?author2 .
        ?author2 foaf:name ?name
        FILTER ( ( ( ( ?author != ?erdoes ) && ( ?document2 != ?document ) ) && ( ?author2 != ?erdoes ) ) && ( ?author2 != ?author ) )
      }
    UNION
      { ?document dc:creator ?erdoes .
        ?document dc:creator ?author .
        ?author foaf:name ?name
        FILTER ( ?author != ?erdoes )
      }
  }


Query ID 11 (9.txt)
PREFIX  foaf: <http://xmlns.com/foaf/0.1/>
PREFIX  rdf:  <http://www.w3.org/1999/02/22-rdf-syntax-ns#>

SELECT DISTINCT  ?predicate
WHERE
  {   { ?person rdf:type foaf:Person .
        ?subject ?predicate ?person
      }
    UNION
      { ?person rdf:type foaf:Person .
        ?person ?predicate ?object
      }
  }


Query ID 12 (10.txt)
PREFIX  person: <http://localhost/persons/>

SELECT  ?subject ?predicate
WHERE
  { ?subject ?predicate person:Paul_Erdoes }


Query ID 13 (11.txt)
PREFIX  rdfs: <http://www.w3.org/2000/01/rdf-schema#>

SELECT  ?ee
WHERE
  { ?publication rdfs:seeAlso ?ee }
ORDER BY ?ee
OFFSET  50
LIMIT   10


Query ID 14 (12a.txt)
PREFIX  dc:   <http://purl.org/dc/elements/1.1/>
PREFIX  foaf: <http://xmlns.com/foaf/0.1/>
PREFIX  bench: <http://localhost/vocabulary/bench/>
PREFIX  rdf:  <http://www.w3.org/1999/02/22-rdf-syntax-ns#>

ASK
WHERE
  { ?article rdf:type bench:Article .
    ?article dc:creator ?person1 .
    ?inproc rdf:type bench:Inproceedings .
    ?inproc dc:creator ?person2 .
    ?person1 foaf:name ?name1 .
    ?person2 foaf:name ?name2
    FILTER ( ?name1 = ?name2 )
  }


Query ID 15 (12b.txt)
PREFIX  dc:   <http://purl.org/dc/elements/1.1/>
PREFIX  foaf: <http://xmlns.com/foaf/0.1/>
PREFIX  xsd:  <http://www.w3.org/2001/XMLSchema#>
PREFIX  rdf:  <http://www.w3.org/1999/02/22-rdf-syntax-ns#>

ASK
WHERE
  { ?erdoes rdf:type foaf:Person .
    ?erdoes foaf:name "Paul Erdoes"^^xsd:string
      { ?document dc:creator ?erdoes .
        ?document dc:creator ?author .
        ?document2 dc:creator ?author .
        ?document2 dc:creator ?author2 .
        ?author2 foaf:name ?name
        FILTER ( ( ( ( ?author != ?erdoes ) && ( ?document2 != ?document ) ) && ( ?author2 != ?erdoes ) ) && ( ?author2 != ?author ) )
      }
    UNION
      { ?document dc:creator ?erdoes .
        ?document dc:creator ?author .
        ?author foaf:name ?name
        FILTER ( ?author != ?erdoes )
      }
  }


Query ID 16 (12c.txt)
PREFIX  person: <http://localhost/persons/>
PREFIX  foaf: <http://xmlns.com/foaf/0.1/>
PREFIX  rdf:  <http://www.w3.org/1999/02/22-rdf-syntax-ns#>

ASK
WHERE
  { person:John_Q_Public rdf:type foaf:Person }


Running Warmups...

Warmup Run 1 of 5
Query Order for this Run is 14, 7, 0, 10, 3, 8, 15, 6, 12, 16, 1, 4, 11, 5, 13, 9, 2
Running Query 12a.txt...got 1 result(s) in 0.040187s
Sleeping for 0.686s before next query
Running Query 5b.txt...started responding in 0.026134s...got 155 result(s) in 0.050334000000000004s
Sleeping for 0.248s before next query
Running Query 1.txt...started responding in 0.007611s...got 1 result(s) in 0.007763s
Sleeping for 0.787s before next query
Running Query 8.txt...started responding in 0.058921s...got 184 result(s) in 0.075376s
Sleeping for 0.886s before next query
Running Query 3b.txt...started responding in 0.005286s...got 9 result(s) in 0.005842s
Sleeping for 0.381s before next query
Running Query 6.txt...started responding in 0.023532s...got 229 result(s) in 0.058322000000000006s
Sleeping for 0.395s before next query
Running Query 12b.txt...got 1 result(s) in 0.045242s
Sleeping for 0.31s before next query
Running Query 5a.txt...started responding in 0.09776900000000001s...got 155 result(s) in 0.10955500000000001s
Sleeping for 0.799s before next query
Running Query 10.txt...started responding in 0.004625s...got 166 result(s) in 0.009618999999999999s
Sleeping for 0.015s before next query
Running Query 12c.txt...got 1 result(s) in 0.003973s
Sleeping for 0.668s before next query
Running Query 2.txt...started responding in 0.013016999999999999s...got 147 result(s) in 0.038997s
Sleeping for 0.428s before next query
Running Query 3c.txt...started responding in 0.004572s...got 0 result(s) in 0.004612s
Sleeping for 0.206s before next query
Running Query 9.txt...started responding in 0.012346s...got 4 result(s) in 0.012485s
Sleeping for 0.075s before next query
Running Query 4.txt...started responding in 0.18884s...got 23226 result(s) in 0.478214s
Sleeping for 0.77s before next query
Running Query 11.txt...started responding in 0.008109s...got 10 result(s) in 0.008235s
Sleeping for 0.987s before next query
Running Query 7.txt...started responding in 0.012179s...got 0 result(s) in 0.012284000000000002s
Sleeping for 0.528s before next query
Running Query 3a.txt...started responding in 0.005649s...got 846 result(s) in 0.009282s
Sleeping for 0.829s before next query

Total Response Time: 0.5579919999999999s
Total Runtime: 0.970322s
Minimum Query Runtime: 0.003973s (Query 12c.txt)
Maximum Query Runtime: 0.478214s (Query 4.txt)

Warmup Run 2 of 5
Query Order for this Run is 11, 15, 2, 9, 12, 14, 5, 3, 1, 10, 4, 7, 16, 0, 13, 8, 6
Running Query 9.txt...started responding in 0.007041s...got 4 result(s) in 0.007105s
Sleeping for 0.998s before next query
Running Query 12b.txt...got 1 result(s) in 0.030349s
Sleeping for 0.208s before next query
Running Query 3a.txt...started responding in 0.004973s...got 846 result(s) in 0.008051s
Sleeping for 0.372s before next query
Running Query 7.txt...started responding in 0.006285s...got 0 result(s) in 0.006328s
Sleeping for 0.689s before next query
Running Query 10.txt...started responding in 0.004288999999999999s...got 166 result(s) in 0.004986s
Sleeping for 0.584s before next query
Running Query 12a.txt...got 1 result(s) in 0.005594s
Sleeping for 0.085s before next query
Running Query 4.txt...started responding in 0.033894s...got 23226 result(s) in 0.20361600000000002s
Sleeping for 0.58s before next query
Running Query 3b.txt...started responding in 0.004122s...got 9 result(s) in 0.004187000000000001s
Sleeping for 0.481s before next query
Running Query 2.txt...started responding in 0.00652s...got 147 result(s) in 0.016259s
Sleeping for 0.437s before next query
Running Query 8.txt...started responding in 0.028286000000000002s...got 184 result(s) in 0.029375s
Sleeping for 0.552s before next query
Running Query 3c.txt...started responding in 0.004076s...got 0 result(s) in 0.004114s
Sleeping for 0.284s before next query
Running Query 5b.txt...started responding in 0.0062569999999999995s...got 155 result(s) in 0.008201s
Sleeping for 0.655s before next query
Running Query 12c.txt...got 1 result(s) in 0.003597s
Sleeping for 0.132s before next query
Running Query 1.txt...started responding in 0.004091999999999999s...got 1 result(s) in 0.004175s
Sleeping for 0.663s before next query
Running Query 11.txt...started responding in 0.0053609999999999994s...got 10 result(s) in 0.005465s
Sleeping for 0.287s before next query
Running Query 6.txt...started responding in 0.007935s...got 229 result(s) in 0.011508s
Sleeping for 0.171s before next query
Running Query 5a.txt...started responding in 0.081981s...got 155 result(s) in 0.083878s
Sleeping for 0.661s before next query

Total Response Time: 0.24465199999999998s
Total Runtime: 0.436788s
Minimum Query Runtime: 0.003597s (Query 12c.txt)
Maximum Query Runtime: 0.20361600000000002s (Query 4.txt)

Warmup Run 3 of 5
Query Order for this Run is 4, 10, 0, 16, 7, 14, 12, 15, 11, 8, 13, 6, 1, 5, 9, 3, 2
Running Query 3c.txt...started responding in 0.003999s...got 0 result(s) in 0.004033999999999999s
Sleeping for 0.788s before next query
Running Query 8.txt...started responding in 0.027635s...got 184 result(s) in 0.02832s
Sleeping for 0.355s before next query
Running Query 1.txt...started responding in 0.004141s...got 1 result(s) in 0.0042320000000000005s
Sleeping for 0.033s before next query
Running Query 12c.txt...got 1 result(s) in 0.0035499999999999998s
Sleeping for 0.728s before next query
Running Query 5b.txt...started responding in 0.006295s...got 155 result(s) in 0.00853s
Sleeping for 0.954s before next query
Running Query 12a.txt...got 1 result(s) in 0.005283s
Sleeping for 0.039s before next query
Running Query 10.txt...started responding in 0.0040869999999999995s...got 166 result(s) in 0.004798s
Sleeping for 0.175s before next query
Running Query 12b.txt...got 1 result(s) in 0.027846s
Sleeping for 0.432s before next query
Running Query 9.txt...started responding in 0.0068449999999999995s...got 4 result(s) in 0.00692s
Sleeping for 0.861s before next query
Running Query 6.txt...started responding in 0.007974s...got 229 result(s) in 0.010786s
Sleeping for 0.563s before next query
Running Query 11.txt...started responding in 0.00583s...got 10 result(s) in 0.005963s
Sleeping for 0.224s before next query
Running Query 5a.txt...started responding in 0.083804s...got 155 result(s) in 0.085226s
Sleeping for 0.763s before next query
Running Query 2.txt...started responding in 0.006669s...got 147 result(s) in 0.023286s
Sleeping for 0.318s before next query
Running Query 4.txt...started responding in 0.035212s...got 23226 result(s) in 0.21594300000000002s
Sleeping for 0.126s before next query
Running Query 7.txt...started responding in 0.005974999999999999s...got 0 result(s) in 0.006026s
Sleeping for 0.743s before next query
Running Query 3b.txt...started responding in 0.003973s...got 9 result(s) in 0.004038s
Sleeping for 0.712s before next query
Running Query 3a.txt...started responding in 0.004636s...got 846 result(s) in 0.008146s
Sleeping for 0.522s before next query

Total Response Time: 0.243754s
Total Runtime: 0.452927s
Minimum Query Runtime: 0.0035499999999999998s (Query 12c.txt)
Maximum Query Runtime: 0.21594300000000002s (Query 4.txt)

Warmup Run 4 of 5
Query Order for this Run is 4, 15, 9, 13, 1, 2, 6, 7, 0, 10, 12, 11, 5, 3, 14, 16, 8
Running Query 3c.txt...started responding in 0.003934s...got 0 result(s) in 0.0039689999999999994s
Sleeping for 0.355s before next query
Running Query 12b.txt...got 1 result(s) in 0.027808s
Sleeping for 0.115s before next query
Running Query 7.txt...started responding in 0.006011s...got 0 result(s) in 0.006064s
Sleeping for 0.273s before next query
Running Query 11.txt...started responding in 0.005305s...got 10 result(s) in 0.005385s
Sleeping for 0.585s before next query
Running Query 2.txt...started responding in 0.006346s...got 147 result(s) in 0.011095s
Sleeping for 0.229s before next query
Running Query 3a.txt...started responding in 0.004647s...got 846 result(s) in 0.016839s
Sleeping for 0.116s before next query
Running Query 5a.txt...started responding in 0.08270999999999999s...got 155 result(s) in 0.083951s
Sleeping for 0.555s before next query
Running Query 5b.txt...started responding in 0.006199s...got 155 result(s) in 0.007417s
Sleeping for 0.067s before next query
Running Query 1.txt...started responding in 0.004013s...got 1 result(s) in 0.0040750000000000005s
Sleeping for 0.174s before next query
Running Query 8.txt...started responding in 0.027967s...got 184 result(s) in 0.028515000000000002s
Sleeping for 0.274s before next query
Running Query 10.txt...started responding in 0.004104s...got 166 result(s) in 0.004715s
Sleeping for 0.355s before next query
Running Query 9.txt...started responding in 0.006029s...got 4 result(s) in 0.006118s
Sleeping for 0.48s before next query
Running Query 4.txt...started responding in 0.033708s...got 23226 result(s) in 0.194424s
Sleeping for 0.561s before next query
Running Query 3b.txt...started responding in 0.0039369999999999995s...got 9 result(s) in 0.0040019999999999995s
Sleeping for 0.154s before next query
Running Query 12a.txt...got 1 result(s) in 0.0049039999999999995s
Sleeping for 0.143s before next query
Running Query 12c.txt...got 1 result(s) in 0.00354s
Sleeping for 0.27s before next query
Running Query 6.txt...started responding in 0.0076630000000000005s...got 229 result(s) in 0.009971s
Sleeping for 0.697s before next query

Total Response Time: 0.23882499999999998s
Total Runtime: 0.42279199999999995s
Minimum Query Runtime: 0.00354s (Query 12c.txt)
Maximum Query Runtime: 0.194424s (Query 4.txt)

Warmup Run 5 of 5
Query Order for this Run is 14, 13, 8, 1, 10, 15, 4, 3, 12, 6, 16, 9, 0, 11, 7, 2, 5
Running Query 12a.txt...got 1 result(s) in 0.00525s
Sleeping for 0.995s before next query
Running Query 11.txt...started responding in 0.005399s...got 10 result(s) in 0.005477999999999999s
Sleeping for 0.902s before next query
Running Query 6.txt...started responding in 0.007465s...got 229 result(s) in 0.009559s
Sleeping for 0.573s before next query
Running Query 2.txt...started responding in 0.005915s...got 147 result(s) in 0.015243s
Sleeping for 0.183s before next query
Running Query 8.txt...started responding in 0.027623s...got 184 result(s) in 0.028137s
Sleeping for 0.219s before next query
Running Query 12b.txt...got 1 result(s) in 0.026912s
Sleeping for 0.746s before next query
Running Query 3c.txt...started responding in 0.003863s...got 0 result(s) in 0.0039049999999999996s
Sleeping for 0.711s before next query
Running Query 3b.txt...started responding in 0.003901s...got 9 result(s) in 0.003968s
Sleeping for 0.71s before next query
Running Query 10.txt...started responding in 0.003957s...got 166 result(s) in 0.00454s
Sleeping for 0.932s before next query
Running Query 5a.txt...started responding in 0.086285s...got 155 result(s) in 0.087498s
Sleeping for 0.365s before next query
Running Query 12c.txt...got 1 result(s) in 0.0035659999999999997s
Sleeping for 0.327s before next query
Running Query 7.txt...started responding in 0.005737s...got 0 result(s) in 0.005784s
Sleeping for 0.607s before next query
Running Query 1.txt...started responding in 0.003914s...got 1 result(s) in 0.003977s
Sleeping for 0.147s before next query
Running Query 9.txt...started responding in 0.00584s...got 4 result(s) in 0.005914s
Sleeping for 0.684s before next query
Running Query 5b.txt...started responding in 0.00604s...got 155 result(s) in 0.007223s
Sleeping for 0.454s before next query
Running Query 3a.txt...started responding in 0.004936s...got 846 result(s) in 0.008538s
Sleeping for 0.953s before next query
Running Query 4.txt...started responding in 0.037731s...got 23226 result(s) in 0.20622s
Sleeping for 0.856s before next query

Total Response Time: 0.244334s
Total Runtime: 0.431712s
Minimum Query Runtime: 0.0035659999999999997s (Query 12c.txt)
Maximum Query Runtime: 0.20622s (Query 4.txt)

Running Benchmarks...

Query Mix Run 1 of 25
Query Order for this Run is 16, 5, 2, 1, 9, 4, 15, 13, 12, 11, 6, 14, 10, 8, 3, 7, 0
Running Query 12c.txt...got 1 result(s) in 0.003513s
Sleeping for 0.593s before next query
Running Query 4.txt...started responding in 0.034298s...got 23226 result(s) in 0.203453s
Sleeping for 0.0s before next query
Running Query 3a.txt...started responding in 0.004261999999999999s...got 846 result(s) in 0.00739s
Sleeping for 0.049s before next query
Running Query 2.txt...started responding in 0.005936s...got 147 result(s) in 0.010756s
Sleeping for 0.985s before next query
Running Query 7.txt...started responding in 0.005657s...got 0 result(s) in 0.005703000000000001s
Sleeping for 0.07s before next query
Running Query 3c.txt...started responding in 0.0038250000000000003s...got 0 result(s) in 0.003863s
Sleeping for 0.036s before next query
Running Query 12b.txt...got 1 result(s) in 0.027776s
Sleeping for 0.068s before next query
Running Query 11.txt...started responding in 0.005136999999999999s...got 10 result(s) in 0.005216s
Sleeping for 0.331s before next query
Running Query 10.txt...started responding in 0.004001s...got 166 result(s) in 0.0045839999999999995s
Sleeping for 0.369s before next query
Running Query 9.txt...started responding in 0.005652s...got 4 result(s) in 0.005716000000000001s
Sleeping for 0.746s before next query
Running Query 5a.txt...started responding in 0.082121s...got 155 result(s) in 0.08331999999999999s
Sleeping for 0.682s before next query
Running Query 12a.txt...got 1 result(s) in 0.0047729999999999995s
Sleeping for 0.544s before next query
Running Query 8.txt...started responding in 0.028169s...got 184 result(s) in 0.028694s
Sleeping for 0.05s before next query
Running Query 6.txt...started responding in 0.007628s...got 229 result(s) in 0.009609s
Sleeping for 0.702s before next query
Running Query 3b.txt...started responding in 0.0038450000000000003s...got 9 result(s) in 0.00393s
Sleeping for 0.732s before next query
Running Query 5b.txt...started responding in 0.006426s...got 155 result(s) in 0.008891999999999999s
Sleeping for 0.697s before next query
Running Query 1.txt...started responding in 0.003984s...got 1 result(s) in 0.004053s
Sleeping for 0.749s before next query

Total Response Time: 0.237003s
Total Runtime: 0.421241s
Minimum Query Runtime: 0.003513s (Query 12c.txt)
Maximum Query Runtime: 0.203453s (Query 4.txt)

Query Mix Run 2 of 25
Query Order for this Run is 4, 8, 1, 12, 3, 6, 7, 13, 2, 16, 10, 14, 9, 15, 0, 5, 11
Running Query 3c.txt...started responding in 0.0037879999999999997s...got 0 result(s) in 0.0038250000000000003s
Sleeping for 0.058s before next query
Running Query 6.txt...started responding in 0.007512s...got 229 result(s) in 0.009513s
Sleeping for 0.027s before next query
Running Query 2.txt...started responding in 0.006206000000000001s...got 147 result(s) in 0.011721s
Sleeping for 0.923s before next query
Running Query 10.txt...started responding in 0.004032s...got 166 result(s) in 0.004607999999999999s
Sleeping for 0.292s before next query
Running Query 3b.txt...started responding in 0.003813s...got 9 result(s) in 0.003879s
Sleeping for 0.907s before next query
Running Query 5a.txt...started responding in 0.084453s...got 155 result(s) in 0.086659s
Sleeping for 0.801s before next query
Running Query 5b.txt...started responding in 0.005966s...got 155 result(s) in 0.00717s
Sleeping for 0.719s before next query
Running Query 11.txt...started responding in 0.0056029999999999995s...got 10 result(s) in 0.005709s
Sleeping for 0.444s before next query
Running Query 3a.txt...started responding in 0.004787s...got 846 result(s) in 0.008497s
Sleeping for 0.159s before next query
Running Query 12c.txt...got 1 result(s) in 0.003751s
Sleeping for 0.134s before next query
Running Query 8.txt...started responding in 0.02702s...got 184 result(s) in 0.028031s
Sleeping for 0.496s before next query
Running Query 12a.txt...got 1 result(s) in 0.004986s
Sleeping for 0.382s before next query
Running Query 7.txt...started responding in 0.005598s...got 0 result(s) in 0.005638s
Sleeping for 0.168s before next query
Running Query 12b.txt...got 1 result(s) in 0.026964s
Sleeping for 0.48s before next query
Running Query 1.txt...started responding in 0.005844s...got 1 result(s) in 0.005941s
Sleeping for 0.417s before next query
Running Query 4.txt...started responding in 0.033944s...got 23226 result(s) in 0.195523s
Sleeping for 0.928s before next query
Running Query 9.txt...started responding in 0.005489s...got 4 result(s) in 0.005548s
Sleeping for 0.736s before next query

Total Response Time: 0.239756s
Total Runtime: 0.41796300000000003s
Minimum Query Runtime: 0.003751s (Query 12c.txt)
Maximum Query Runtime: 0.195523s (Query 4.txt)

Query Mix Run 3 of 25
Query Order for this Run is 6, 16, 11, 14, 7, 13, 0, 15, 10, 4, 3, 2, 8, 1, 12, 9, 5
Running Query 5a.txt...started responding in 0.084801s...got 155 result(s) in 0.085995s
Sleeping for 0.566s before next query
Running Query 12c.txt...got 1 result(s) in 0.003443s
Sleeping for 0.479s before next query
Running Query 9.txt...started responding in 0.005483s...got 4 result(s) in 0.0055439999999999994s
Sleeping for 0.607s before next query
Running Query 12a.txt...got 1 result(s) in 0.005522s
Sleeping for 0.784s before next query
Running Query 5b.txt...started responding in 0.0060030000000000005s...got 155 result(s) in 0.00717s
Sleeping for 0.957s before next query
Running Query 11.txt...started responding in 0.005296s...got 10 result(s) in 0.005381s
Sleeping for 0.559s before next query
Running Query 1.txt...started responding in 0.004005s...got 1 result(s) in 0.004064s
Sleeping for 0.292s before next query
Running Query 12b.txt...got 1 result(s) in 0.026308s
Sleeping for 0.105s before next query
Running Query 8.txt...started responding in 0.031728s...got 184 result(s) in 0.03232s
Sleeping for 0.419s before next query
Running Query 3c.txt...started responding in 0.003849s...got 0 result(s) in 0.003886s
Sleeping for 0.469s before next query
Running Query 3b.txt...started responding in 0.0038290000000000004s...got 9 result(s) in 0.003895s
Sleeping for 0.922s before next query
Running Query 3a.txt...started responding in 0.004407s...got 846 result(s) in 0.007583s
Sleeping for 0.336s before next query
Running Query 6.txt...started responding in 0.007669s...got 229 result(s) in 0.009666000000000001s
Sleeping for 0.995s before next query
Running Query 2.txt...started responding in 0.005785s...got 147 result(s) in 0.009923999999999999s
Sleeping for 0.473s before next query
Running Query 10.txt...started responding in 0.00415s...got 166 result(s) in 0.004974999999999999s
Sleeping for 0.739s before next query
Running Query 7.txt...started responding in 0.005606s...got 0 result(s) in 0.005657s
Sleeping for 0.119s before next query
Running Query 4.txt...started responding in 0.033697000000000005s...got 23226 result(s) in 0.203912s
Sleeping for 0.044s before next query

Total Response Time: 0.241581s
Total Runtime: 0.425245s
Minimum Query Runtime: 0.003443s (Query 12c.txt)
Maximum Query Runtime: 0.203912s (Query 4.txt)

Query Mix Run 4 of 25
Query Order for this Run is 4, 3, 11, 2, 15, 5, 8, 7, 6, 12, 10, 9, 1, 13, 16, 0, 14
Running Query 3c.txt...started responding in 0.003787s...got 0 result(s) in 0.003821s
Sleeping for 0.474s before next query
Running Query 3b.txt...started responding in 0.003726s...got 9 result(s) in 0.0037890000000000003s
Sleeping for 0.827s before next query
Running Query 9.txt...started responding in 0.005474000000000001s...got 4 result(s) in 0.005539s
Sleeping for 0.302s before next query
Running Query 3a.txt...started responding in 0.00441s...got 846 result(s) in 0.007690000000000001s
Sleeping for 0.97s before next query
Running Query 12b.txt...got 1 result(s) in 0.026664999999999998s
Sleeping for 0.394s before next query
Running Query 4.txt...started responding in 0.033284s...got 23226 result(s) in 0.19332s
Sleeping for 0.844s before next query
Running Query 6.txt...started responding in 0.007373s...got 229 result(s) in 0.009332s
Sleeping for 0.808s before next query
Running Query 5b.txt...started responding in 0.005907s...got 155 result(s) in 0.007168s
Sleeping for 0.572s before next query
Running Query 5a.txt...started responding in 0.083188s...got 155 result(s) in 0.08443200000000001s
Sleeping for 0.256s before next query
Running Query 10.txt...started responding in 0.004674s...got 166 result(s) in 0.005247s
Sleeping for 0.166s before next query
Running Query 8.txt...started responding in 0.026481s...got 184 result(s) in 0.02698s
Sleeping for 0.96s before next query
Running Query 7.txt...started responding in 0.005475s...got 0 result(s) in 0.00552s
Sleeping for 0.144s before next query
Running Query 2.txt...started responding in 0.005548s...got 147 result(s) in 0.009301s
Sleeping for 0.702s before next query
Running Query 11.txt...started responding in 0.005225s...got 10 result(s) in 0.005313s
Sleeping for 0.707s before next query
Running Query 12c.txt...got 1 result(s) in 0.003424s
Sleeping for 0.558s before next query
Running Query 1.txt...started responding in 0.003915s...got 1 result(s) in 0.003971s
Sleeping for 0.07s before next query
Running Query 12a.txt...got 1 result(s) in 0.004804s
Sleeping for 0.192s before next query

Total Response Time: 0.23336s
Total Runtime: 0.40631599999999995s
Minimum Query Runtime: 0.003424s (Query 12c.txt)
Maximum Query Runtime: 0.19332s (Query 4.txt)

Query Mix Run 5 of 25
Query Order for this Run is 8, 16, 4, 3, 12, 14, 15, 10, 0, 2, 5, 11, 6, 7, 9, 1, 13
Running Query 6.txt...started responding in 0.007843s...got 229 result(s) in 0.00984s
Sleeping for 0.949s before next query
Running Query 12c.txt...got 1 result(s) in 0.003398s
Sleeping for 0.863s before next query
Running Query 3c.txt...started responding in 0.003939s...got 0 result(s) in 0.003987s
Sleeping for 0.921s before next query
Running Query 3b.txt...started responding in 0.003662s...got 9 result(s) in 0.0037240000000000003s
Sleeping for 0.083s before next query
Running Query 10.txt...started responding in 0.0038309999999999998s...got 166 result(s) in 0.0044020000000000005s
Sleeping for 0.011s before next query
Running Query 12a.txt...got 1 result(s) in 0.006524s
Sleeping for 0.617s before next query
Running Query 12b.txt...got 1 result(s) in 0.026085s
Sleeping for 0.637s before next query
Running Query 8.txt...started responding in 0.030017s...got 184 result(s) in 0.030524000000000003s
Sleeping for 0.805s before next query
Running Query 1.txt...started responding in 0.004190999999999999s...got 1 result(s) in 0.0042510000000000004s
Sleeping for 0.294s before next query
Running Query 3a.txt...started responding in 0.004308s...got 846 result(s) in 0.0073019999999999995s
Sleeping for 0.348s before next query
Running Query 4.txt...started responding in 0.03683s...got 23226 result(s) in 0.20572800000000002s
Sleeping for 0.224s before next query
Running Query 9.txt...started responding in 0.005267s...got 4 result(s) in 0.00533s
Sleeping for 0.735s before next query
Running Query 5a.txt...started responding in 0.082091s...got 155 result(s) in 0.083303s
Sleeping for 0.258s before next query
Running Query 5b.txt...started responding in 0.005762s...got 155 result(s) in 0.006995s
Sleeping for 0.758s before next query
Running Query 7.txt...started responding in 0.0052510000000000005s...got 0 result(s) in 0.0052910000000000006s
Sleeping for 0.778s before next query
Running Query 2.txt...started responding in 0.0053230000000000005s...got 147 result(s) in 0.008976000000000001s
Sleeping for 0.736s before next query
Running Query 11.txt...started responding in 0.0051340000000000005s...got 10 result(s) in 0.005213s
Sleeping for 0.166s before next query

Total Response Time: 0.239456s
Total Runtime: 0.420873s
Minimum Query Runtime: 0.003398s (Query 12c.txt)
Maximum Query Runtime: 0.20572800000000002s (Query 4.txt)

Query Mix Run 6 of 25
Query Order for this Run is 7, 15, 2, 0, 16, 9, 14, 4, 6, 12, 1, 8, 10, 5, 11, 13, 3
Running Query 5b.txt...started responding in 0.005724s...got 155 result(s) in 0.006791s
Sleeping for 0.265s before next query
Running Query 12b.txt...got 1 result(s) in 0.026389s
Sleeping for 0.764s before next query
Running Query 3a.txt...started responding in 0.004124s...got 846 result(s) in 0.007208999999999999s
Sleeping for 0.982s before next query
Running Query 1.txt...started responding in 0.003764s...got 1 result(s) in 0.003821s
Sleeping for 0.295s before next query
Running Query 12c.txt...got 1 result(s) in 0.0033290000000000004s
Sleeping for 0.686s before next query
Running Query 7.txt...started responding in 0.005212s...got 0 result(s) in 0.005256s
Sleeping for 0.288s before next query
Running Query 12a.txt...got 1 result(s) in 0.004692999999999999s
Sleeping for 0.394s before next query
Running Query 3c.txt...started responding in 0.0035960000000000002s...got 0 result(s) in 0.003707s
Sleeping for 0.977s before next query
Running Query 5a.txt...started responding in 0.086024s...got 155 result(s) in 0.087086s
Sleeping for 0.358s before next query
Running Query 10.txt...started responding in 0.003794s...got 166 result(s) in 0.004375s
Sleeping for 0.591s before next query
Running Query 2.txt...started responding in 0.005533000000000001s...got 147 result(s) in 0.009035s
Sleeping for 0.495s before next query
Running Query 6.txt...started responding in 0.007634s...got 229 result(s) in 0.010255s
Sleeping for 0.507s before next query
Running Query 8.txt...started responding in 0.026306999999999997s...got 184 result(s) in 0.026822s
Sleeping for 0.48s before next query
Running Query 4.txt...started responding in 0.03382s...got 23226 result(s) in 0.192781s
Sleeping for 0.465s before next query
Running Query 9.txt...started responding in 0.005375s...got 4 result(s) in 0.005439s
Sleeping for 0.542s before next query
Running Query 11.txt...started responding in 0.0051909999999999994s...got 10 result(s) in 0.005271s
Sleeping for 0.355s before next query
Running Query 3b.txt...started responding in 0.00367s...got 9 result(s) in 0.003747s
Sleeping for 0.858s before next query

Total Response Time: 0.234179s
Total Runtime: 0.406006s
Minimum Query Runtime: 0.0033290000000000004s (Query 12c.txt)
Maximum Query Runtime: 0.192781s (Query 4.txt)

Query Mix Run 7 of 25
Query Order for this Run is 4, 14, 3, 13, 15, 1, 2, 12, 16, 0, 7, 6, 5, 10, 11, 9, 8
Running Query 3c.txt...started responding in 0.003621s...got 0 result(s) in 0.003661s
Sleeping for 0.777s before next query
Running Query 12a.txt...got 1 result(s) in 0.004672s
Sleeping for 0.756s before next query
Running Query 3b.txt...started responding in 0.0037400000000000003s...got 9 result(s) in 0.003806s
Sleeping for 0.38s before next query
Running Query 11.txt...started responding in 0.005107s...got 10 result(s) in 0.005189s
Sleeping for 0.38s before next query
Running Query 12b.txt...got 1 result(s) in 0.026096s
Sleeping for 0.221s before next query
Running Query 2.txt...started responding in 0.005359s...got 147 result(s) in 0.008875s
Sleeping for 0.0060s before next query
Running Query 3a.txt...started responding in 0.003961s...got 846 result(s) in 0.007041s
Sleeping for 0.969s before next query
Running Query 10.txt...started responding in 0.004079s...got 166 result(s) in 0.005069s
Sleeping for 0.397s before next query
Running Query 12c.txt...got 1 result(s) in 0.003234s
Sleeping for 0.045s before next query
Running Query 1.txt...started responding in 0.003691s...got 1 result(s) in 0.003746s
Sleeping for 0.66s before next query
Running Query 5b.txt...started responding in 0.005718s...got 155 result(s) in 0.0067599999999999995s
Sleeping for 0.76s before next query
Running Query 5a.txt...started responding in 0.08226699999999999s...got 155 result(s) in 0.083309s
Sleeping for 0.85s before next query
Running Query 4.txt...started responding in 0.032631s...got 23226 result(s) in 0.198905s
Sleeping for 0.194s before next query
Running Query 8.txt...started responding in 0.026463999999999998s...got 184 result(s) in 0.026964s
Sleeping for 0.316s before next query
Running Query 9.txt...started responding in 0.005381s...got 4 result(s) in 0.005442s
Sleeping for 0.246s before next query
Running Query 7.txt...started responding in 0.005193s...got 0 result(s) in 0.0052309999999999995s
Sleeping for 0.767s before next query
Running Query 6.txt...started responding in 0.007378s...got 229 result(s) in 0.009355s
Sleeping for 0.886s before next query

Total Response Time: 0.22859200000000002s
Total Runtime: 0.407355s
Minimum Query Runtime: 0.003234s (Query 12c.txt)
Maximum Query Runtime: 0.198905s (Query 4.txt)

Query Mix Run 8 of 25
Query Order for this Run is 16, 4, 5, 13, 8, 14, 7, 3, 15, 10, 0, 6, 12, 1, 2, 9, 11
Running Query 12c.txt...got 1 result(s) in 0.003332s
Sleeping for 0.503s before next query
Running Query 3c.txt...started responding in 0.0035600000000000002s...got 0 result(s) in 0.0036309999999999997s
Sleeping for 0.337s before next query
Running Query 4.txt...started responding in 0.032747s...got 23226 result(s) in 0.194001s
Sleeping for 0.707s before next query
Running Query 11.txt...started responding in 0.005449s...got 10 result(s) in 0.00557s
Sleeping for 0.343s before next query
Running Query 6.txt...started responding in 0.007141s...got 229 result(s) in 0.009255000000000001s
Sleeping for 0.342s before next query
Running Query 12a.txt...got 1 result(s) in 0.004691s
Sleeping for 0.19s before next query
Running Query 5b.txt...started responding in 0.006214000000000001s...got 155 result(s) in 0.007606s
Sleeping for 0.166s before next query
Running Query 3b.txt...started responding in 0.0039239999999999995s...got 9 result(s) in 0.004017000000000001s
Sleeping for 0.455s before next query
Running Query 12b.txt...got 1 result(s) in 0.02624s
Sleeping for 0.819s before next query
Running Query 8.txt...started responding in 0.027439s...got 184 result(s) in 0.027941s
Sleeping for 0.616s before next query
Running Query 1.txt...started responding in 0.003821s...got 1 result(s) in 0.0038799999999999998s
Sleeping for 0.222s before next query
Running Query 5a.txt...started responding in 0.083158s...got 155 result(s) in 0.084175s
Sleeping for 0.518s before next query
Running Query 10.txt...started responding in 0.003934s...got 166 result(s) in 0.004503s
Sleeping for 0.615s before next query
Running Query 2.txt...started responding in 0.0053620000000000004s...got 147 result(s) in 0.009333000000000001s
Sleeping for 0.535s before next query
Running Query 3a.txt...started responding in 0.004246000000000001s...got 846 result(s) in 0.007313s
Sleeping for 0.075s before next query
Running Query 7.txt...started responding in 0.005016s...got 0 result(s) in 0.005059s
Sleeping for 0.027s before next query
Running Query 9.txt...started responding in 0.005261s...got 4 result(s) in 0.005326s
Sleeping for 0.656s before next query

Total Response Time: 0.231535s
Total Runtime: 0.405873s
Minimum Query Runtime: 0.003332s (Query 12c.txt)
Maximum Query Runtime: 0.194001s (Query 4.txt)

Query Mix Run 9 of 25
Query Order for this Run is 8, 16, 2, 15, 6, 1, 4, 7, 3, 13, 12, 14, 5, 9, 11, 0, 10
Running Query 6.txt...started responding in 0.007102000000000001s...got 229 result(s) in 0.009041s
Sleeping for 0.403s before next query
Running Query 12c.txt...got 1 result(s) in 0.0033079999999999997s
Sleeping for 0.926s before next query
Running Query 3a.txt...started responding in 0.0042569999999999995s...got 846 result(s) in 0.00731s
Sleeping for 0.034s before next query
Running Query 12b.txt...got 1 result(s) in 0.026541000000000002s
Sleeping for 0.349s before next query
Running Query 5a.txt...started responding in 0.082229s...got 155 result(s) in 0.08326s
Sleeping for 0.906s before next query
Running Query 2.txt...started responding in 0.005377s...got 147 result(s) in 0.008808s
Sleeping for 0.024s before next query
Running Query 3c.txt...started responding in 0.0036190000000000003s...got 0 result(s) in 0.003657s
Sleeping for 0.608s before next query
Running Query 5b.txt...started responding in 0.005841s...got 155 result(s) in 0.00688s
Sleeping for 0.893s before next query
Running Query 3b.txt...started responding in 0.003579s...got 9 result(s) in 0.00364s
Sleeping for 0.708s before next query
Running Query 11.txt...started responding in 0.005143s...got 10 result(s) in 0.005225s
Sleeping for 0.961s before next query
Running Query 10.txt...started responding in 0.0038290000000000004s...got 166 result(s) in 0.0044s
Sleeping for 0.059s before next query
Running Query 12a.txt...got 1 result(s) in 0.004662s
Sleeping for 0.717s before next query
Running Query 4.txt...started responding in 0.032533s...got 23226 result(s) in 0.198668s
Sleeping for 0.096s before next query
Running Query 7.txt...started responding in 0.005211s...got 0 result(s) in 0.005253s
Sleeping for 0.45s before next query
Running Query 9.txt...started responding in 0.005381s...got 4 result(s) in 0.0054470000000000005s
Sleeping for 0.08s before next query
Running Query 1.txt...started responding in 0.003758s...got 1 result(s) in 0.003812s
Sleeping for 0.738s before next query
Running Query 8.txt...started responding in 0.026327000000000003s...got 184 result(s) in 0.026824s
Sleeping for 0.307s before next query

Total Response Time: 0.228697s
Total Runtime: 0.406736s
Minimum Query Runtime: 0.0033079999999999997s (Query 12c.txt)
Maximum Query Runtime: 0.198668s (Query 4.txt)

Query Mix Run 10 of 25
Query Order for this Run is 3, 4, 12, 2, 14, 8, 0, 9, 1, 16, 10, 11, 13, 7, 15, 5, 6
Running Query 3b.txt...started responding in 0.003657s...got 9 result(s) in 0.003713s
Sleeping for 0.986s before next query
Running Query 3c.txt...started responding in 0.003643s...got 0 result(s) in 0.003677s
Sleeping for 0.267s before next query
Running Query 10.txt...started responding in 0.003877s...got 166 result(s) in 0.0044329999999999994s
Sleeping for 0.666s before next query
Running Query 3a.txt...started responding in 0.004378999999999999s...got 846 result(s) in 0.008463s
Sleeping for 0.651s before next query
Running Query 12a.txt...got 1 result(s) in 0.004556s
Sleeping for 0.093s before next query
Running Query 6.txt...started responding in 0.007105s...got 229 result(s) in 0.009042999999999999s
Sleeping for 0.296s before next query
Running Query 1.txt...started responding in 0.003811s...got 1 result(s) in 0.0038650000000000004s
Sleeping for 0.931s before next query
Running Query 7.txt...started responding in 0.005046s...got 0 result(s) in 0.005089000000000001s
Sleeping for 0.618s before next query
Running Query 2.txt...started responding in 0.005485s...got 147 result(s) in 0.008714000000000001s
Sleeping for 0.652s before next query
Running Query 12c.txt...got 1 result(s) in 0.003381s
Sleeping for 0.29s before next query
Running Query 8.txt...started responding in 0.026253s...got 184 result(s) in 0.026747s
Sleeping for 0.328s before next query
Running Query 9.txt...started responding in 0.005365s...got 4 result(s) in 0.005426s
Sleeping for 0.881s before next query
Running Query 11.txt...started responding in 0.00505s...got 10 result(s) in 0.005124s
Sleeping for 0.489s before next query
Running Query 5b.txt...started responding in 0.005708s...got 155 result(s) in 0.006741s
Sleeping for 0.815s before next query
Running Query 12b.txt...got 1 result(s) in 0.025946999999999998s
Sleeping for 0.841s before next query
Running Query 4.txt...started responding in 0.034188s...got 23226 result(s) in 0.19489099999999998s
Sleeping for 0.848s before next query
Running Query 5a.txt...started responding in 0.08240399999999999s...got 155 result(s) in 0.083397s
Sleeping for 0.902s before next query

Total Response Time: 0.22985499999999998s
Total Runtime: 0.403207s
Minimum Query Runtime: 0.003381s (Query 12c.txt)
Maximum Query Runtime: 0.19489099999999998s (Query 4.txt)

Query Mix Run 11 of 25
Query Order for this Run is 15, 8, 13, 0, 14, 11, 1, 2, 16, 10, 3, 9, 6, 5, 4, 12, 7
Running Query 12b.txt...got 1 result(s) in 0.026299s
Sleeping for 0.0070s before next query
Running Query 6.txt...started responding in 0.007298s...got 229 result(s) in 0.009167999999999999s
Sleeping for 0.278s before next query
Running Query 11.txt...started responding in 0.005297s...got 10 result(s) in 0.005405999999999999s
Sleeping for 0.766s before next query
Running Query 1.txt...started responding in 0.003693s...got 1 result(s) in 0.003746s
Sleeping for 0.26s before next query
Running Query 12a.txt...got 1 result(s) in 0.0046760000000000005s
Sleeping for 0.83s before next query
Running Query 9.txt...started responding in 0.005198s...got 4 result(s) in 0.0052569999999999995s
Sleeping for 0.849s before next query
Running Query 2.txt...started responding in 0.005517s...got 147 result(s) in 0.008891999999999999s
Sleeping for 0.113s before next query
Running Query 3a.txt...started responding in 0.004214000000000001s...got 846 result(s) in 0.007286s
Sleeping for 0.792s before next query
Running Query 12c.txt...got 1 result(s) in 0.003697s
Sleeping for 0.958s before next query
Running Query 8.txt...started responding in 0.02764s...got 184 result(s) in 0.028123000000000002s
Sleeping for 0.729s before next query
Running Query 3b.txt...started responding in 0.003556s...got 9 result(s) in 0.003622s
Sleeping for 0.577s before next query
Running Query 7.txt...started responding in 0.005101s...got 0 result(s) in 0.005135s
Sleeping for 0.334s before next query
Running Query 5a.txt...started responding in 0.081354s...got 155 result(s) in 0.082375s
Sleeping for 0.881s before next query
Running Query 4.txt...started responding in 0.033749s...got 23226 result(s) in 0.202375s
Sleeping for 0.872s before next query
Running Query 3c.txt...started responding in 0.0037029999999999997s...got 0 result(s) in 0.0037389999999999997s
Sleeping for 0.657s before next query
Running Query 10.txt...started responding in 0.003819s...got 166 result(s) in 0.004375s
Sleeping for 0.703s before next query
Running Query 5b.txt...started responding in 0.005690000000000001s...got 155 result(s) in 0.0067s
Sleeping for 0.553s before next query

Total Response Time: 0.230501s
Total Runtime: 0.410871s
Minimum Query Runtime: 0.003622s (Query 3b.txt)
Maximum Query Runtime: 0.202375s (Query 4.txt)

Query Mix Run 12 of 25
Query Order for this Run is 16, 11, 1, 5, 14, 0, 13, 7, 9, 4, 8, 6, 2, 12, 15, 10, 3
Running Query 12c.txt...got 1 result(s) in 0.003276s
Sleeping for 0.408s before next query
Running Query 9.txt...started responding in 0.005357s...got 4 result(s) in 0.005457s
Sleeping for 0.622s before next query
Running Query 2.txt...started responding in 0.005403s...got 147 result(s) in 0.008846999999999999s
Sleeping for 0.726s before next query
Running Query 4.txt...started responding in 0.033222s...got 23226 result(s) in 0.18999000000000002s
Sleeping for 0.059s before next query
Running Query 12a.txt...got 1 result(s) in 0.0046500000000000005s
Sleeping for 0.73s before next query
Running Query 1.txt...started responding in 0.004825s...got 1 result(s) in 0.004899s
Sleeping for 0.309s before next query
Running Query 11.txt...started responding in 0.005118s...got 10 result(s) in 0.005199s
Sleeping for 0.353s before next query
Running Query 5b.txt...started responding in 0.0057859999999999995s...got 155 result(s) in 0.00679s
Sleeping for 0.76s before next query
Running Query 7.txt...started responding in 0.005213s...got 0 result(s) in 0.0052510000000000005s
Sleeping for 0.839s before next query
Running Query 3c.txt...started responding in 0.0036160000000000003s...got 0 result(s) in 0.003653s
Sleeping for 0.08s before next query
Running Query 6.txt...started responding in 0.007078999999999999s...got 229 result(s) in 0.009016s
Sleeping for 0.973s before next query
Running Query 5a.txt...started responding in 0.093219s...got 155 result(s) in 0.094227s
Sleeping for 0.031s before next query
Running Query 3a.txt...started responding in 0.0043040000000000005s...got 846 result(s) in 0.007405s
Sleeping for 0.824s before next query
Running Query 10.txt...started responding in 0.003836s...got 166 result(s) in 0.004709s
Sleeping for 0.673s before next query
Running Query 12b.txt...got 1 result(s) in 0.026350000000000002s
Sleeping for 0.96s before next query
Running Query 8.txt...started responding in 0.026658s...got 184 result(s) in 0.027138000000000002s
Sleeping for 0.038s before next query
Running Query 3b.txt...started responding in 0.0036030000000000003s...got 9 result(s) in 0.003669s
Sleeping for 0.529s before next query

Total Response Time: 0.24151499999999998s
Total Runtime: 0.410526s
Minimum Query Runtime: 0.003276s (Query 12c.txt)
Maximum Query Runtime: 0.18999000000000002s (Query 4.txt)

Query Mix Run 13 of 25
Query Order for this Run is 8, 4, 10, 0, 13, 14, 9, 7, 3, 12, 1, 15, 16, 2, 6, 5, 11
Running Query 6.txt...started responding in 0.0070869999999999995s...got 229 result(s) in 0.009049s
Sleeping for 0.281s before next query
Running Query 3c.txt...started responding in 0.003636s...got 0 result(s) in 0.003669s
Sleeping for 0.611s before next query
Running Query 8.txt...started responding in 0.026776s...got 184 result(s) in 0.027253s
Sleeping for 0.524s before next query
Running Query 1.txt...started responding in 0.00401s...got 1 result(s) in 0.004082s
Sleeping for 0.711s before next query
Running Query 11.txt...started responding in 0.005129s...got 10 result(s) in 0.005203s
Sleeping for 0.685s before next query
Running Query 12a.txt...got 1 result(s) in 0.004547s
Sleeping for 0.916s before next query
Running Query 7.txt...started responding in 0.007211s...got 0 result(s) in 0.007248999999999999s
Sleeping for 0.894s before next query
Running Query 5b.txt...started responding in 0.005659s...got 155 result(s) in 0.006737s
Sleeping for 0.664s before next query
Running Query 3b.txt...started responding in 0.003678s...got 9 result(s) in 0.003742s
Sleeping for 0.196s before next query
Running Query 10.txt...started responding in 0.0038610000000000003s...got 166 result(s) in 0.004418999999999999s
Sleeping for 0.763s before next query
Running Query 2.txt...started responding in 0.005299000000000001s...got 147 result(s) in 0.008686999999999999s
Sleeping for 0.811s before next query
Running Query 12b.txt...got 1 result(s) in 0.025997s
Sleeping for 0.404s before next query
Running Query 12c.txt...got 1 result(s) in 0.0032229999999999997s
Sleeping for 0.585s before next query
Running Query 3a.txt...started responding in 0.004114s...got 846 result(s) in 0.007186s
Sleeping for 0.237s before next query
Running Query 5a.txt...started responding in 0.08504600000000001s...got 155 result(s) in 0.087218s
Sleeping for 0.857s before next query
Running Query 4.txt...started responding in 0.033177s...got 23226 result(s) in 0.209156s
Sleeping for 0.631s before next query
Running Query 9.txt...started responding in 0.005378999999999999s...got 4 result(s) in 0.005442s
Sleeping for 0.345s before next query

Total Response Time: 0.233829s
Total Runtime: 0.422859s
Minimum Query Runtime: 0.0032229999999999997s (Query 12c.txt)
Maximum Query Runtime: 0.209156s (Query 4.txt)

Query Mix Run 14 of 25
Query Order for this Run is 4, 8, 9, 7, 15, 6, 12, 13, 5, 3, 16, 10, 0, 2, 1, 14, 11
Running Query 3c.txt...started responding in 0.003653s...got 0 result(s) in 0.003696s
Sleeping for 0.67s before next query
Running Query 6.txt...started responding in 0.0070339999999999995s...got 229 result(s) in 0.009019000000000001s
Sleeping for 0.146s before next query
Running Query 7.txt...started responding in 0.005176s...got 0 result(s) in 0.0052190000000000005s
Sleeping for 0.797s before next query
Running Query 5b.txt...started responding in 0.005626s...got 155 result(s) in 0.006652s
Sleeping for 0.382s before next query
Running Query 12b.txt...got 1 result(s) in 0.02594s
Sleeping for 0.061s before next query
Running Query 5a.txt...started responding in 0.082619s...got 155 result(s) in 0.083628s
Sleeping for 0.418s before next query
Running Query 10.txt...started responding in 0.003864s...got 166 result(s) in 0.004535s
Sleeping for 0.686s before next query
Running Query 11.txt...started responding in 0.005386999999999999s...got 10 result(s) in 0.005509s
Sleeping for 0.175s before next query
Running Query 4.txt...started responding in 0.033095999999999993s...got 23226 result(s) in 0.191716s
Sleeping for 0.857s before next query
Running Query 3b.txt...started responding in 0.0036030000000000003s...got 9 result(s) in 0.003669s
Sleeping for 0.758s before next query
Running Query 12c.txt...got 1 result(s) in 0.003383s
Sleeping for 0.598s before next query
Running Query 8.txt...started responding in 0.02916s...got 184 result(s) in 0.029637s
Sleeping for 0.684s before next query
Running Query 1.txt...started responding in 0.003712s...got 1 result(s) in 0.00377s
Sleeping for 0.248s before next query
Running Query 3a.txt...started responding in 0.004158s...got 846 result(s) in 0.0072640000000000005s
Sleeping for 0.773s before next query
Running Query 2.txt...started responding in 0.005221s...got 147 result(s) in 0.009401s
Sleeping for 0.208s before next query
Running Query 12a.txt...got 1 result(s) in 0.004497s
Sleeping for 0.798s before next query
Running Query 9.txt...started responding in 0.005268s...got 4 result(s) in 0.005322s
Sleeping for 0.134s before next query

Total Response Time: 0.231397s
Total Runtime: 0.402857s
Minimum Query Runtime: 0.003383s (Query 12c.txt)
Maximum Query Runtime: 0.191716s (Query 4.txt)

Query Mix Run 15 of 25
Query Order for this Run is 16, 4, 1, 5, 13, 8, 7, 2, 0, 9, 14, 6, 12, 10, 3, 11, 15
Running Query 12c.txt...got 1 result(s) in 0.0032679999999999996s
Sleeping for 0.332s before next query
Running Query 3c.txt...started responding in 0.003601s...got 0 result(s) in 0.003634s
Sleeping for 0.9s before next query
Running Query 2.txt...started responding in 0.005601s...got 147 result(s) in 0.009248s
Sleeping for 0.185s before next query
Running Query 4.txt...started responding in 0.034064s...got 23226 result(s) in 0.204433s
Sleeping for 0.546s before next query
Running Query 11.txt...started responding in 0.005106s...got 10 result(s) in 0.0051790000000000004s
Sleeping for 0.418s before next query
Running Query 6.txt...started responding in 0.0069889999999999996s...got 229 result(s) in 0.009143s
Sleeping for 0.264s before next query
Running Query 5b.txt...started responding in 0.005526s...got 155 result(s) in 0.006553s
Sleeping for 0.01s before next query
Running Query 3a.txt...started responding in 0.005044s...got 846 result(s) in 0.008145s
Sleeping for 0.429s before next query
Running Query 1.txt...started responding in 0.003643s...got 1 result(s) in 0.0037040000000000003s
Sleeping for 0.945s before next query
Running Query 7.txt...started responding in 0.005196s...got 0 result(s) in 0.0052320000000000005s
Sleeping for 0.665s before next query
Running Query 12a.txt...got 1 result(s) in 0.004708s
Sleeping for 0.549s before next query
Running Query 5a.txt...started responding in 0.0888s...got 155 result(s) in 0.089879s
Sleeping for 0.674s before next query
Running Query 10.txt...started responding in 0.0038s...got 166 result(s) in 0.004356s
Sleeping for 0.823s before next query
Running Query 8.txt...started responding in 0.026476s...got 184 result(s) in 0.026965s
Sleeping for 0.234s before next query
Running Query 3b.txt...started responding in 0.003697s...got 9 result(s) in 0.003757s
Sleeping for 0.482s before next query
Running Query 9.txt...started responding in 0.005623s...got 4 result(s) in 0.005698000000000001s
Sleeping for 0.84s before next query
Running Query 12b.txt...got 1 result(s) in 0.026058s
Sleeping for 0.82s before next query

Total Response Time: 0.2372s
Total Runtime: 0.41996s
Minimum Query Runtime: 0.0032679999999999996s (Query 12c.txt)
Maximum Query Runtime: 0.204433s (Query 4.txt)

Query Mix Run 16 of 25
Query Order for this Run is 16, 2, 9, 1, 13, 3, 15, 12, 6, 0, 8, 14, 7, 11, 10, 4, 5
Running Query 12c.txt...got 1 result(s) in 0.0032280000000000004s
Sleeping for 0.712s before next query
Running Query 3a.txt...started responding in 0.004524s...got 846 result(s) in 0.007948s
Sleeping for 0.509s before next query
Running Query 7.txt...started responding in 0.005023s...got 0 result(s) in 0.005058s
Sleeping for 0.232s before next query
Running Query 2.txt...started responding in 0.005789s...got 147 result(s) in 0.009124s
Sleeping for 0.389s before next query
Running Query 11.txt...started responding in 0.005202s...got 10 result(s) in 0.005284s
Sleeping for 0.362s before next query
Running Query 3b.txt...started responding in 0.00366s...got 9 result(s) in 0.003718s
Sleeping for 0.746s before next query
Running Query 12b.txt...got 1 result(s) in 0.027449s
Sleeping for 0.026s before next query
Running Query 10.txt...started responding in 0.005372s...got 166 result(s) in 0.006417s
Sleeping for 0.99s before next query
Running Query 5a.txt...started responding in 0.08304399999999999s...got 155 result(s) in 0.08419499999999999s
Sleeping for 0.296s before next query
Running Query 1.txt...started responding in 0.003702s...got 1 result(s) in 0.0037530000000000003s
Sleeping for 0.835s before next query
Running Query 6.txt...started responding in 0.007082s...got 229 result(s) in 0.009004s
Sleeping for 0.71s before next query
Running Query 12a.txt...got 1 result(s) in 0.004465s
Sleeping for 0.731s before next query
Running Query 5b.txt...started responding in 0.005657s...got 155 result(s) in 0.0066749999999999995s
Sleeping for 0.105s before next query
Running Query 9.txt...started responding in 0.005412s...got 4 result(s) in 0.005472s
Sleeping for 0.885s before next query
Running Query 8.txt...started responding in 0.027561s...got 184 result(s) in 0.028140000000000002s
Sleeping for 0.534s before next query
Running Query 3c.txt...started responding in 0.003483s...got 0 result(s) in 0.003523s
Sleeping for 0.246s before next query
Running Query 4.txt...started responding in 0.032853s...got 23226 result(s) in 0.196885s
Sleeping for 0.84s before next query

Total Response Time: 0.233506s
Total Runtime: 0.41033800000000004s
Minimum Query Runtime: 0.0032280000000000004s (Query 12c.txt)
Maximum Query Runtime: 0.196885s (Query 4.txt)

Query Mix Run 17 of 25
Query Order for this Run is 11, 9, 6, 1, 5, 8, 2, 7, 15, 10, 0, 3, 13, 14, 12, 4, 16
Running Query 9.txt...started responding in 0.00529s...got 4 result(s) in 0.005347s
Sleeping for 0.112s before next query
Running Query 7.txt...started responding in 0.005261s...got 0 result(s) in 0.005298s
Sleeping for 0.0010s before next query
Running Query 5a.txt...started responding in 0.081898s...got 155 result(s) in 0.082923s
Sleeping for 0.527s before next query
Running Query 2.txt...started responding in 0.005382s...got 147 result(s) in 0.009529s
Sleeping for 0.724s before next query
Running Query 4.txt...started responding in 0.033479s...got 23226 result(s) in 0.195618s
Sleeping for 0.635s before next query
Running Query 6.txt...started responding in 0.00718s...got 229 result(s) in 0.009105s
Sleeping for 0.627s before next query
Running Query 3a.txt...started responding in 0.004569s...got 846 result(s) in 0.008694s
Sleeping for 0.351s before next query
Running Query 5b.txt...started responding in 0.005742s...got 155 result(s) in 0.0067729999999999995s
Sleeping for 0.964s before next query
Running Query 12b.txt...got 1 result(s) in 0.025796s
Sleeping for 0.549s before next query
Running Query 8.txt...started responding in 0.026243s...got 184 result(s) in 0.026733s
Sleeping for 0.255s before next query
Running Query 1.txt...started responding in 0.003693s...got 1 result(s) in 0.0037440000000000004s
Sleeping for 0.562s before next query
Running Query 3b.txt...started responding in 0.0036880000000000003s...got 9 result(s) in 0.00375s
Sleeping for 0.997s before next query
Running Query 11.txt...started responding in 0.004995s...got 10 result(s) in 0.005076s
Sleeping for 0.904s before next query
Running Query 12a.txt...got 1 result(s) in 0.0047350000000000005s
Sleeping for 0.288s before next query
Running Query 10.txt...started responding in 0.003698s...got 166 result(s) in 0.004282s
Sleeping for 0.872s before next query
Running Query 3c.txt...started responding in 0.0035800000000000003s...got 0 result(s) in 0.0036160000000000003s
Sleeping for 0.755s before next query
Running Query 12c.txt...got 1 result(s) in 0.003271s
Sleeping for 0.868s before next query

Total Response Time: 0.2285s
Total Runtime: 0.40429000000000004s
Minimum Query Runtime: 0.003271s (Query 12c.txt)
Maximum Query Runtime: 0.195618s (Query 4.txt)

Query Mix Run 18 of 25
Query Order for this Run is 2, 14, 15, 9, 12, 6, 3, 7, 10, 1, 4, 8, 5, 16, 0, 13, 11
Running Query 3a.txt...started responding in 0.0041849999999999995s...got 846 result(s) in 0.007647999999999999s
Sleeping for 0.372s before next query
Running Query 12a.txt...got 1 result(s) in 0.004562999999999999s
Sleeping for 0.367s before next query
Running Query 12b.txt...got 1 result(s) in 0.032101s
Sleeping for 0.141s before next query
Running Query 7.txt...started responding in 0.005307s...got 0 result(s) in 0.005344000000000001s
Sleeping for 0.58s before next query
Running Query 10.txt...started responding in 0.003864s...got 166 result(s) in 0.00453s
Sleeping for 0.794s before next query
Running Query 5a.txt...started responding in 0.083319s...got 155 result(s) in 0.08435s
Sleeping for 0.678s before next query
Running Query 3b.txt...started responding in 0.003608s...got 9 result(s) in 0.00367s
Sleeping for 0.018s before next query
Running Query 5b.txt...started responding in 0.005372s...got 155 result(s) in 0.006457s
Sleeping for 0.332s before next query
Running Query 8.txt...started responding in 0.027699s...got 184 result(s) in 0.028271s
Sleeping for 0.421s before next query
Running Query 2.txt...started responding in 0.0055839999999999996s...got 147 result(s) in 0.008946999999999998s
Sleeping for 0.261s before next query
Running Query 3c.txt...started responding in 0.003733s...got 0 result(s) in 0.00378s
Sleeping for 0.994s before next query
Running Query 6.txt...started responding in 0.006862s...got 229 result(s) in 0.008808999999999999s
Sleeping for 0.729s before next query
Running Query 4.txt...started responding in 0.033297s...got 23226 result(s) in 0.20187s
Sleeping for 0.104s before next query
Running Query 12c.txt...got 1 result(s) in 0.003191s
Sleeping for 0.781s before next query
Running Query 1.txt...started responding in 0.003771s...got 1 result(s) in 0.003828s
Sleeping for 0.562s before next query
Running Query 11.txt...started responding in 0.004883s...got 10 result(s) in 0.004966s
Sleeping for 0.632s before next query
Running Query 9.txt...started responding in 0.005301999999999999s...got 4 result(s) in 0.005363000000000001s
Sleeping for 0.772s before next query

Total Response Time: 0.236641s
Total Runtime: 0.417688s
Minimum Query Runtime: 0.003191s (Query 12c.txt)
Maximum Query Runtime: 0.20187s (Query 4.txt)

Query Mix Run 19 of 25
Query Order for this Run is 15, 4, 11, 10, 7, 13, 3, 14, 6, 2, 12, 9, 1, 0, 5, 8, 16
Running Query 12b.txt...got 1 result(s) in 0.027035s
Sleeping for 0.925s before next query
Running Query 3c.txt...started responding in 0.00352s...got 0 result(s) in 0.0035529999999999997s
Sleeping for 0.02s before next query
Running Query 9.txt...started responding in 0.004921s...got 4 result(s) in 0.0049770000000000005s
Sleeping for 0.057s before next query
Running Query 8.txt...started responding in 0.026345s...got 184 result(s) in 0.026816s
Sleeping for 0.462s before next query
Running Query 5b.txt...started responding in 0.0056749999999999995s...got 155 result(s) in 0.006671s
Sleeping for 0.887s before next query
Running Query 11.txt...started responding in 0.006799s...got 10 result(s) in 0.006876s
Sleeping for 0.089s before next query
Running Query 3b.txt...started responding in 0.003585s...got 9 result(s) in 0.003645s
Sleeping for 0.554s before next query
Running Query 12a.txt...got 1 result(s) in 0.004602s
Sleeping for 0.322s before next query
Running Query 5a.txt...started responding in 0.08207500000000001s...got 155 result(s) in 0.083091s
Sleeping for 0.183s before next query
Running Query 3a.txt...started responding in 0.004162s...got 846 result(s) in 0.0072770000000000005s
Sleeping for 0.403s before next query
Running Query 10.txt...started responding in 0.003965s...got 166 result(s) in 0.004705s
Sleeping for 0.101s before next query
Running Query 7.txt...started responding in 0.005097000000000001s...got 0 result(s) in 0.005135s
Sleeping for 0.078s before next query
Running Query 2.txt...started responding in 0.005193s...got 147 result(s) in 0.008555s
Sleeping for 0.707s before next query
Running Query 1.txt...started responding in 0.0039s...got 1 result(s) in 0.003951s
Sleeping for 0.194s before next query
Running Query 4.txt...started responding in 0.033124s...got 23226 result(s) in 0.189408s
Sleeping for 0.493s before next query
Running Query 6.txt...started responding in 0.006884s...got 229 result(s) in 0.008824s
Sleeping for 0.258s before next query
Running Query 12c.txt...got 1 result(s) in 0.003249s
Sleeping for 0.119s before next query

Total Response Time: 0.230131s
Total Runtime: 0.39837s
Minimum Query Runtime: 0.003249s (Query 12c.txt)
Maximum Query Runtime: 0.189408s (Query 4.txt)

Query Mix Run 20 of 25
Query Order for this Run is 10, 9, 15, 13, 11, 2, 4, 6, 0, 1, 7, 3, 14, 16, 5, 8, 12
Running Query 8.txt...started responding in 0.026269999999999998s...got 184 result(s) in 0.026754999999999998s
Sleeping for 0.312s before next query
Running Query 7.txt...started responding in 0.005207s...got 0 result(s) in 0.0052510000000000005s
Sleeping for 0.878s before next query
Running Query 12b.txt...got 1 result(s) in 0.034462000000000007s
Sleeping for 0.357s before next query
Running Query 11.txt...started responding in 0.005044s...got 10 result(s) in 0.005123s
Sleeping for 0.539s before next query
Running Query 9.txt...started responding in 0.00514s...got 4 result(s) in 0.005194s
Sleeping for 0.675s before next query
Running Query 3a.txt...started responding in 0.004225s...got 846 result(s) in 0.007539s
Sleeping for 0.0010s before next query
Running Query 3c.txt...started responding in 0.003348s...got 0 result(s) in 0.003378s
Sleeping for 0.162s before next query
Running Query 5a.txt...started responding in 0.08639100000000001s...got 155 result(s) in 0.08748900000000001s
Sleeping for 0.542s before next query
Running Query 1.txt...started responding in 0.003693s...got 1 result(s) in 0.003743s
Sleeping for 0.833s before next query
Running Query 2.txt...started responding in 0.005542s...got 147 result(s) in 0.01107s
Sleeping for 0.203s before next query
Running Query 5b.txt...started responding in 0.005596s...got 155 result(s) in 0.00649s
Sleeping for 0.28s before next query
Running Query 3b.txt...started responding in 0.003545s...got 9 result(s) in 0.003609s
Sleeping for 0.828s before next query
Running Query 12a.txt...got 1 result(s) in 0.004637s
Sleeping for 0.668s before next query
Running Query 12c.txt...got 1 result(s) in 0.00318s
Sleeping for 0.608s before next query
Running Query 4.txt...started responding in 0.03345s...got 23226 result(s) in 0.194501s
Sleeping for 0.87s before next query
Running Query 6.txt...started responding in 0.007123s...got 229 result(s) in 0.009037000000000002s
Sleeping for 0.919s before next query
Running Query 10.txt...started responding in 0.00381s...got 166 result(s) in 0.004393s
Sleeping for 0.062s before next query

Total Response Time: 0.24066300000000002s
Total Runtime: 0.415851s
Minimum Query Runtime: 0.00318s (Query 12c.txt)
Maximum Query Runtime: 0.194501s (Query 4.txt)

Query Mix Run 21 of 25
Query Order for this Run is 4, 8, 12, 2, 9, 0, 15, 1, 14, 10, 16, 13, 6, 5, 7, 3, 11
Running Query 3c.txt...started responding in 0.003502s...got 0 result(s) in 0.003533s
Sleeping for 0.652s before next query
Running Query 6.txt...started responding in 0.0068449999999999995s...got 229 result(s) in 0.008833s
Sleeping for 0.115s before next query
Running Query 10.txt...started responding in 0.00372s...got 166 result(s) in 0.004267s
Sleeping for 0.14s before next query
Running Query 3a.txt...started responding in 0.004377s...got 846 result(s) in 0.008398s
Sleeping for 0.158s before next query
Running Query 7.txt...started responding in 0.005111s...got 0 result(s) in 0.005148s
Sleeping for 0.181s before next query
Running Query 1.txt...started responding in 0.0040620000000000005s...got 1 result(s) in 0.004115000000000001s
Sleeping for 0.22s before next query
Running Query 12b.txt...got 1 result(s) in 0.025956s
Sleeping for 0.63s before next query
Running Query 2.txt...started responding in 0.005594s...got 147 result(s) in 0.008893s
Sleeping for 0.245s before next query
Running Query 12a.txt...got 1 result(s) in 0.005309s
Sleeping for 0.124s before next query
Running Query 8.txt...started responding in 0.026521999999999997s...got 184 result(s) in 0.027003s
Sleeping for 0.598s before next query
Running Query 12c.txt...got 1 result(s) in 0.003269s
Sleeping for 0.115s before next query
Running Query 11.txt...started responding in 0.005375s...got 10 result(s) in 0.0054859999999999996s
Sleeping for 0.367s before next query
Running Query 5a.txt...started responding in 0.082815s...got 155 result(s) in 0.08372199999999999s
Sleeping for 0.777s before next query
Running Query 4.txt...started responding in 0.032854s...got 23226 result(s) in 0.197824s
Sleeping for 0.53s before next query
Running Query 5b.txt...started responding in 0.0055s...got 155 result(s) in 0.006375s
Sleeping for 0.767s before next query
Running Query 3b.txt...started responding in 0.003543s...got 9 result(s) in 0.00361s
Sleeping for 0.565s before next query
Running Query 9.txt...started responding in 0.005099s...got 4 result(s) in 0.0051600000000000005s
Sleeping for 0.427s before next query

Total Response Time: 0.229453s
Total Runtime: 0.406901s
Minimum Query Runtime: 0.003269s (Query 12c.txt)
Maximum Query Runtime: 0.197824s (Query 4.txt)

Query Mix Run 22 of 25
Query Order for this Run is 8, 2, 1, 10, 14, 7, 3, 12, 16, 13, 4, 0, 6, 9, 5, 15, 11
Running Query 6.txt...started responding in 0.007378s...got 229 result(s) in 0.010043s
Sleeping for 0.99s before next query
Running Query 3a.txt...started responding in 0.005208s...got 846 result(s) in 0.008868000000000001s
Sleeping for 0.807s before next query
Running Query 2.txt...started responding in 0.005405s...got 147 result(s) in 0.008842000000000001s
Sleeping for 0.545s before next query
Running Query 8.txt...started responding in 0.026407s...got 184 result(s) in 0.026890999999999998s
Sleeping for 0.045s before next query
Running Query 12a.txt...got 1 result(s) in 0.004567s
Sleeping for 0.379s before next query
Running Query 5b.txt...started responding in 0.005691s...got 155 result(s) in 0.006556s
Sleeping for 0.346s before next query
Running Query 3b.txt...started responding in 0.003541s...got 9 result(s) in 0.003609s
Sleeping for 0.101s before next query
Running Query 10.txt...started responding in 0.004086s...got 166 result(s) in 0.005173s
Sleeping for 0.233s before next query
Running Query 12c.txt...got 1 result(s) in 0.003238s
Sleeping for 0.164s before next query
Running Query 11.txt...started responding in 0.0048920000000000005s...got 10 result(s) in 0.004973s
Sleeping for 0.484s before next query
Running Query 3c.txt...started responding in 0.003503s...got 0 result(s) in 0.0035369999999999998s
Sleeping for 0.481s before next query
Running Query 1.txt...started responding in 0.003648s...got 1 result(s) in 0.0037029999999999997s
Sleeping for 0.664s before next query
Running Query 5a.txt...started responding in 0.083448s...got 155 result(s) in 0.08431399999999999s
Sleeping for 0.49s before next query
Running Query 7.txt...started responding in 0.004988s...got 0 result(s) in 0.005022s
Sleeping for 0.012s before next query
Running Query 4.txt...started responding in 0.033247s...got 23226 result(s) in 0.19474s
Sleeping for 0.803s before next query
Running Query 12b.txt...got 1 result(s) in 0.026343s
Sleeping for 0.193s before next query
Running Query 9.txt...started responding in 0.005335s...got 4 result(s) in 0.00539s
Sleeping for 0.911s before next query

Total Response Time: 0.23092500000000002s
Total Runtime: 0.40580900000000003s
Minimum Query Runtime: 0.003238s (Query 12c.txt)
Maximum Query Runtime: 0.19474s (Query 4.txt)

Query Mix Run 23 of 25
Query Order for this Run is 16, 7, 8, 1, 10, 12, 15, 11, 4, 2, 3, 0, 5, 6, 13, 9, 14
Running Query 12c.txt...got 1 result(s) in 0.003383s
Sleeping for 0.365s before next query
Running Query 5b.txt...started responding in 0.005647s...got 155 result(s) in 0.006496s
Sleeping for 0.102s before next query
Running Query 6.txt...started responding in 0.007095s...got 229 result(s) in 0.008955s
Sleeping for 0.976s before next query
Running Query 2.txt...started responding in 0.0052060000000000006s...got 147 result(s) in 0.008641999999999999s
Sleeping for 0.472s before next query
Running Query 8.txt...started responding in 0.026423s...got 184 result(s) in 0.026907s
Sleeping for 0.493s before next query
Running Query 10.txt...started responding in 0.004082s...got 166 result(s) in 0.004729s
Sleeping for 0.969s before next query
Running Query 12b.txt...got 1 result(s) in 0.025698000000000002s
Sleeping for 0.271s before next query
Running Query 9.txt...started responding in 0.007922s...got 4 result(s) in 0.007979s
Sleeping for 0.654s before next query
Running Query 3c.txt...started responding in 0.003654s...got 0 result(s) in 0.00369s
Sleeping for 0.054s before next query
Running Query 3a.txt...started responding in 0.00401s...got 846 result(s) in 0.007102000000000001s
Sleeping for 0.491s before next query
Running Query 3b.txt...started responding in 0.003649s...got 9 result(s) in 0.003709s
Sleeping for 0.973s before next query
Running Query 1.txt...started responding in 0.003613s...got 1 result(s) in 0.003663s
Sleeping for 0.759s before next query
Running Query 4.txt...started responding in 0.032735999999999994s...got 23226 result(s) in 0.19224000000000002s
Sleeping for 0.314s before next query
Running Query 5a.txt...started responding in 0.081466s...got 155 result(s) in 0.08231999999999999s
Sleeping for 0.259s before next query
Running Query 11.txt...started responding in 0.005156s...got 10 result(s) in 0.0052450000000000005s
Sleeping for 0.14s before next query
Running Query 7.txt...started responding in 0.005126s...got 0 result(s) in 0.005163s
Sleeping for 0.914s before next query
Running Query 12a.txt...got 1 result(s) in 0.005816s
Sleeping for 0.356s before next query

Total Response Time: 0.230682s
Total Runtime: 0.401737s
Minimum Query Runtime: 0.003383s (Query 12c.txt)
Maximum Query Runtime: 0.19224000000000002s (Query 4.txt)

Query Mix Run 24 of 25
Query Order for this Run is 4, 13, 0, 11, 7, 5, 9, 6, 1, 8, 12, 10, 14, 3, 16, 15, 2
Running Query 3c.txt...started responding in 0.003529s...got 0 result(s) in 0.003559s
Sleeping for 0.027s before next query
Running Query 11.txt...started responding in 0.005072s...got 10 result(s) in 0.005149s
Sleeping for 0.43s before next query
Running Query 1.txt...started responding in 0.003626s...got 1 result(s) in 0.0036810000000000002s
Sleeping for 0.66s before next query
Running Query 9.txt...started responding in 0.005254s...got 4 result(s) in 0.005312s
Sleeping for 0.655s before next query
Running Query 5b.txt...started responding in 0.006856s...got 155 result(s) in 0.007704s
Sleeping for 0.867s before next query
Running Query 4.txt...started responding in 0.035768999999999995s...got 23226 result(s) in 0.22119999999999998s
Sleeping for 0.735s before next query
Running Query 7.txt...started responding in 0.005117s...got 0 result(s) in 0.005152s
Sleeping for 0.313s before next query
Running Query 5a.txt...started responding in 0.081775s...got 155 result(s) in 0.08266s
Sleeping for 0.156s before next query
Running Query 2.txt...started responding in 0.005376000000000001s...got 147 result(s) in 0.008736s
Sleeping for 0.909s before next query
Running Query 6.txt...started responding in 0.00717s...got 229 result(s) in 0.009209s
Sleeping for 0.677s before next query
Running Query 10.txt...started responding in 0.0038669999999999998s...got 166 result(s) in 0.004431s
Sleeping for 0.089s before next query
Running Query 8.txt...started responding in 0.026857s...got 184 result(s) in 0.027379s
Sleeping for 0.648s before next query
Running Query 12a.txt...got 1 result(s) in 0.0044859999999999995s
Sleeping for 0.88s before next query
Running Query 3b.txt...started responding in 0.003552s...got 9 result(s) in 0.003615s
Sleeping for 0.904s before next query
Running Query 12c.txt...got 1 result(s) in 0.003201s
Sleeping for 0.503s before next query
Running Query 12b.txt...got 1 result(s) in 0.025827000000000003s
Sleeping for 0.894s before next query
Running Query 3a.txt...started responding in 0.004325s...got 846 result(s) in 0.008052s
Sleeping for 0.153s before next query

Total Response Time: 0.231659s
Total Runtime: 0.429353s
Minimum Query Runtime: 0.003201s (Query 12c.txt)
Maximum Query Runtime: 0.22119999999999998s (Query 4.txt)

Query Mix Run 25 of 25
Query Order for this Run is 5, 11, 7, 13, 12, 1, 14, 10, 2, 6, 0, 8, 9, 3, 4, 16, 15
Running Query 4.txt...started responding in 0.033033s...got 23226 result(s) in 0.188522s
Sleeping for 0.938s before next query
Running Query 9.txt...started responding in 0.0053029999999999996s...got 4 result(s) in 0.005365s
Sleeping for 0.093s before next query
Running Query 5b.txt...started responding in 0.005654s...got 155 result(s) in 0.006515s
Sleeping for 0.469s before next query
Running Query 11.txt...started responding in 0.005063s...got 10 result(s) in 0.005138s
Sleeping for 0.434s before next query
Running Query 10.txt...started responding in 0.004011s...got 166 result(s) in 0.004736s
Sleeping for 0.382s before next query
Running Query 2.txt...started responding in 0.0052439999999999995s...got 147 result(s) in 0.008721s
Sleeping for 0.031s before next query
Running Query 12a.txt...got 1 result(s) in 0.004597s
Sleeping for 0.209s before next query
Running Query 8.txt...started responding in 0.027085s...got 184 result(s) in 0.027572s
Sleeping for 0.455s before next query
Running Query 3a.txt...started responding in 0.004116s...got 846 result(s) in 0.007313s
Sleeping for 0.902s before next query
Running Query 5a.txt...started responding in 0.08294599999999999s...got 155 result(s) in 0.08376900000000001s
Sleeping for 0.839s before next query
Running Query 1.txt...started responding in 0.003682s...got 1 result(s) in 0.003733s
Sleeping for 0.832s before next query
Running Query 6.txt...started responding in 0.0069489999999999994s...got 229 result(s) in 0.008932s
Sleeping for 0.569s before next query
Running Query 7.txt...started responding in 0.005127s...got 0 result(s) in 0.005163999999999999s
Sleeping for 0.885s before next query
Running Query 3b.txt...started responding in 0.003569s...got 9 result(s) in 0.0036349999999999998s
Sleeping for 0.758s before next query
Running Query 3c.txt...started responding in 0.0034260000000000002s...got 0 result(s) in 0.0034609999999999997s
Sleeping for 0.698s before next query
Running Query 12c.txt...got 1 result(s) in 0.003254s
Sleeping for 0.299s before next query
Running Query 12b.txt...got 1 result(s) in 0.027006s
Sleeping for 0.723s before next query

Total Response Time: 0.230065s
Total Runtime: 0.397433s
Minimum Query Runtime: 0.003254s (Query 12c.txt)
Maximum Query Runtime: 0.188522s (Query 4.txt)

Finished Benchmarking, calculating statistics...

Query Summary
-------------

Query ID 0 (1.txt)
Total Response Time: 0.0886s
Average Response Time (Arithmetic): 0.003852173s
Total Runtime: 0.08991500000000001s
Average Runtime (Arithmetic): 0.003909347s
Average Runtime (Geometric): 0.0039014196385099087s
Minimum Runtime: 0.0036810000000000002s
Maximum Runtime: 0.004899s
Runtime Variance: 6.805579206049146E-17s
Runtime Standard Deviation: 2.6087505066696486E-4s
Queries per Second: 255.79719579766137
Queries per Hour: 920869.9048715809

Query ID 1 (2.txt)
Total Response Time: 0.12587099999999998s
Average Response Time (Arithmetic): 0.005472652s
Total Runtime: 0.211301s
Average Runtime (Arithmetic): 0.009186999999999999s
Average Runtime (Geometric): 0.009167893157977147s
Minimum Runtime: 0.008641999999999999s
Maximum Runtime: 0.01107s
Runtime Variance: 3.7917339130434797E-16s
Runtime Standard Deviation: 6.157705670981261E-4s
Queries per Second: 108.8494611951671
Queries per Hour: 391858.06030260155

Query ID 2 (3a.txt)
Total Response Time: 0.099507s
Average Response Time (Arithmetic): 0.004326391s
Total Runtime: 0.176014s
Average Runtime (Arithmetic): 0.007652782s
Average Runtime (Geometric): 0.0076383175627395775s
Minimum Runtime: 0.007102000000000001s
Maximum Runtime: 0.008694s
Runtime Variance: 2.2885460491493375E-16s
Runtime Standard Deviation: 4.783875049736708E-4s
Queries per Second: 130.67143425750268
Queries per Hour: 470417.1633270097

Query ID 3 (3b.txt)
Total Response Time: 0.084053s
Average Response Time (Arithmetic): 0.003654478s
Total Runtime: 0.08554300000000001s
Average Runtime (Arithmetic): 0.00371926s
Average Runtime (Geometric): 0.003718176341053812s
Minimum Runtime: 0.003609s
Maximum Runtime: 0.00393s
Runtime Variance: 8.166279773156913E-18s
Runtime Standard Deviation: 9.036747076883861E-5s
Queries per Second: 268.8706893306733
Queries per Hour: 967934.481590424

Query ID 4 (3c.txt)
Total Response Time: 0.083427s
Average Response Time (Arithmetic): 0.00362726s
Total Runtime: 0.084371s
Average Runtime (Arithmetic): 0.003668304s
Average Runtime (Geometric): 0.0036666272768252s
Minimum Runtime: 0.0034609999999999997s
Maximum Runtime: 0.003886s
Runtime Variance: 1.2350037807183379E-17s
Runtime Standard Deviation: 1.1113072395689397E-4s
Queries per Second: 272.6055419616259
Queries per Hour: 981379.9510618532

Query ID 5 (4.txt)
Total Response Time: 0.77032s
Average Response Time (Arithmetic): 0.033492173s
Total Runtime: 4.541938s
Average Runtime (Arithmetic): 0.197475565s
Average Runtime (Geometric): 0.19740558674481215s
Minimum Runtime: 0.189408s
Maximum Runtime: 0.209156s
Runtime Variance: 2.785683137618149E-14s
Runtime Standard Deviation: 0.005277957121480003s
Queries per Second: 5.063917654824788
Queries per Hour: 18230.10355736924

Query ID 6 (5a.txt)
Total Response Time: 1.918266s
Average Response Time (Arithmetic): 0.08340286899999999s
Total Runtime: 1.944549s
Average Runtime (Arithmetic): 0.08454560800000001s
Average Runtime (Geometric): 0.08452532407150849s
Minimum Runtime: 0.082375s
Maximum Runtime: 0.089879s
Runtime Variance: 3.4922990207939563E-15s
Runtime Standard Deviation: 0.001868769386733941s
Queries per Second: 11.82793552090843
Queries per Hour: 42580.567875270346

Query ID 7 (5b.txt)
Total Response Time: 0.13302s
Average Response Time (Arithmetic): 0.005783478s
Total Runtime: 0.15705000000000002s
Average Runtime (Arithmetic): 0.00682826s
Average Runtime (Geometric): 0.00682064926009196s
Minimum Runtime: 0.006457s
Maximum Runtime: 0.007704s
Runtime Variance: 1.0800854064272214E-16s
Runtime Standard Deviation: 3.286465284203108E-4s
Queries per Second: 146.45019375360633
Queries per Hour: 527220.6975129828

Query ID 8 (6.txt)
Total Response Time: 0.16594399999999998s
Average Response Time (Arithmetic): 0.007214956s
Total Runtime: 0.211991s
Average Runtime (Arithmetic): 0.009217000000000001s
Average Runtime (Geometric): 0.00921177962729651s
Minimum Runtime: 0.008824s
Maximum Runtime: 0.010043s
Runtime Variance: 9.852643478260865E-17s
Runtime Standard Deviation: 3.138892078148095E-4s
Queries per Second: 108.49517196484754
Queries per Hour: 390582.6190734512

Query ID 9 (7.txt)
Total Response Time: 0.120327s
Average Response Time (Arithmetic): 0.005231608s
Total Runtime: 0.121247s
Average Runtime (Arithmetic): 0.005271608s
Average Runtime (Geometric): 0.005268560852491885s
Minimum Runtime: 0.005058s
Maximum Runtime: 0.005703000000000001s
Runtime Variance: 3.29898034026465E-17s
Runtime Standard Deviation: 1.816309538670281E-4s
Queries per Second: 189.69544017688722
Queries per Hour: 682903.5846367939

Query ID 10 (8.txt)
Total Response Time: 0.622356s
Average Response Time (Arithmetic): 0.027058956s
Total Runtime: 0.634377s
Average Runtime (Arithmetic): 0.027581608s
Average Runtime (Geometric): 0.02756532555258637s
Minimum Runtime: 0.026747s
Maximum Runtime: 0.030524000000000003s
Runtime Variance: 9.297522381852566E-16s
Runtime Standard Deviation: 9.64236609025635E-4s
Queries per Second: 36.2560442451361
Queries per Hour: 130521.75928248998

Query ID 11 (9.txt)
Total Response Time: 0.12308799999999999s
Average Response Time (Arithmetic): 0.005351651999999999s
Total Runtime: 0.12453600000000001s
Average Runtime (Arithmetic): 0.0054146080000000004s
Average Runtime (Geometric): 0.00541296305615633s
Minimum Runtime: 0.0051600000000000005s
Maximum Runtime: 0.005716000000000001s
Runtime Variance: 1.7924846880907394E-17s
Runtime Standard Deviation: 1.3388370655500757E-4s
Queries per Second: 184.68557649972075
Queries per Hour: 664868.0753989946

Query ID 12 (10.txt)
Total Response Time: 0.090764s
Average Response Time (Arithmetic): 0.00394626s
Total Runtime: 0.105969s
Average Runtime (Arithmetic): 0.0046073469999999995s
Average Runtime (Geometric): 0.004599825322552366s
Minimum Runtime: 0.004282s
Maximum Runtime: 0.005247s
Runtime Variance: 7.201535727788273E-17s
Runtime Standard Deviation: 2.6835677237193543E-4s
Queries per Second: 217.04464630078874
Queries per Hour: 781360.7266828394

Query ID 13 (11.txt)
Total Response Time: 0.11917100000000001s
Average Response Time (Arithmetic): 0.005181346999999999s
Total Runtime: 0.121181s
Average Runtime (Arithmetic): 0.005268739s
Average Runtime (Geometric): 0.005266089459925188s
Minimum Runtime: 0.004973s
Maximum Runtime: 0.005709s
Runtime Variance: 2.840636672967862E-17s
Runtime Standard Deviation: 1.6854188419997753E-4s
Queries per Second: 189.7987355228642
Queries per Hour: 683275.4478823112

Query ID 14 (12a.txt)
Total Response Time: 0.109749s
Average Response Time (Arithmetic): 0.004771695s
Total Runtime: 0.109749s
Average Runtime (Arithmetic): 0.004771695s
Average Runtime (Geometric): 0.004761346794689573s
Minimum Runtime: 0.0044859999999999995s
Maximum Runtime: 0.005816s
Runtime Variance: 1.0740212476370514E-16s
Runtime Standard Deviation: 3.2772263388985675E-4s
Queries per Second: 209.5691363341538
Queries per Hour: 754448.8908029536

Query ID 15 (12b.txt)
Total Response Time: 0.613168s
Average Response Time (Arithmetic): 0.026659478s
Total Runtime: 0.613168s
Average Runtime (Arithmetic): 0.026659478s
Average Runtime (Geometric): 0.02663218031705354s
Minimum Runtime: 0.025796s
Maximum Runtime: 0.032101s
Runtime Variance: 1.6066745103969738E-15s
Runtime Standard Deviation: 0.0012675466501856944s
Queries per Second: 37.51011178838535
Queries per Hour: 135036.40243818727

Query ID 16 (12c.txt)
Total Response Time: 0.07649299999999999s
Average Response Time (Arithmetic): 0.003325782s
Total Runtime: 0.07649299999999999s
Average Runtime (Arithmetic): 0.003325782s
Average Runtime (Geometric): 0.003323854812927347s
Minimum Runtime: 0.003191s
Maximum Runtime: 0.003697s
Runtime Variance: 1.3239126654064284E-17s
Runtime Standard Deviation: 1.1506140384188032E-4s
Queries per Second: 300.6811631069024
Queries per Hour: 1082452.1871848486

Query Mix Summary
-----------------

Ran Query Mix containing 17 queries a total of 25 times
Total Response Time: 5.378957000000001s
Average Response Time (Arithmetic): 0.233867695s
Total Runtime: 9.448872s
Average Runtime (Arithmetic): 0.410820521s
Average Runtime (Geometric): 4.1075159602123594E8s
Minimum Mix Runtime: 0.39837s
Maximum Mix Runtime: 0.425245s
Mix Runtime Variance: 56897.42590170131s
Mix Runtime Standard Deviation: 0.0075430382407688555s
Query Mixes per Hour: 8762.950767982693

Results for this run output to stardog_mem_10k.csv
